[I 2026-03-16 12:04:00,186] Trial 975 finished with value: 7.216512747702982 and parameters: {'n_estimators': 305, 'lambda': 0.0030222327631194423, 'subsample': 0.9158886189600655, 'colsample_bytree': 0.8451527975910093, 'learning_rate': 0.5841777634140781, 'max_depth': 3, 'min_child_weight': 6}. Best is trial 830 with value: 7.454100209461071.
[I 2026-03-16 12:04:13,326] Trial 976 finished with value: 7.110135423232025 and parameters: {'n_estimators': 324, 'lambda': 0.0034799072823857857, 'subsample': 0.9200847478740057, 'colsample_bytree': 0.8477515348720033, 'learning_rate': 0.5565337405745452, 'max_depth': 3, 'min_child_weight': 6}. Best is trial 830 with value: 7.454100209461071.
[I 2026-03-16 12:04:49,957] Trial 977 finished with value: 7.270381998366976 and parameters: {'n_estimators': 320, 'lambda': 0.0030393164607052763, 'subsample': 0.9225861919853429, 'colsample_bytree': 0.7934853127790862, 'learning_rate': 0.5858994263335193, 'max_depth': 3, 'min_child_weight': 6}. Best is trial 830 with value: 7.454100209461071.
[I 2026-03-16 12:05:10,177] Trial 978 finished with value: 7.180996610421452 and parameters: {'n_estimators': 323, 'lambda': 0.003430498700535228, 'subsample': 0.9279154814842611, 'colsample_bytree': 0.7862899196383305, 'learning_rate': 0.5999548722712843, 'max_depth': 3, 'min_child_weight': 6}. Best is trial 830 with value: 7.454100209461071.
[I 2026-03-16 12:05:29,278] Trial 981 finished with value: 7.154644661737473 and parameters: {'n_estimators': 290, 'lambda': 0.0033601575198244577, 'subsample': 0.925542151301349, 'colsample_bytree': 0.7943968010586524, 'learning_rate': 0.5375750429006588, 'max_depth': 3, 'min_child_weight': 6}. Best is trial 830 with value: 7.454100209461071.
[I 2026-03-16 12:05:31,631] Trial 980 finished with value: 7.301199224872116 and parameters: {'n_estimators': 293, 'lambda': 0.002817702713851172, 'subsample': 0.9294581414756246, 'colsample_bytree': 0.789596097195717, 'learning_rate': 0.5872619286877765, 'max_depth': 3, 'min_child_weight': 6}. Best is trial 830 with value: 7.454100209461071.
[I 2026-03-16 12:05:37,560] Trial 982 finished with value: 7.322809999970472 and parameters: {'n_estimators': 291, 'lambda': 0.0004851452181008653, 'subsample': 0.9331506197337268, 'colsample_bytree': 0.7891734585380582, 'learning_rate': 0.5354482560136506, 'max_depth': 3, 'min_child_weight': 6}. Best is trial 830 with value: 7.454100209461071.
[I 2026-03-16 12:05:54,999] Trial 983 finished with value: 7.221798430391622 and parameters: {'n_estimators': 290, 'lambda': 0.003865355002204054, 'subsample': 0.9376709354357939, 'colsample_bytree': 0.8851018974525278, 'learning_rate': 0.5304140505560974, 'max_depth': 3, 'min_child_weight': 6}. Best is trial 830 with value: 7.454100209461071.
[I 2026-03-16 12:06:02,120] Trial 979 finished with value: 7.319895483133692 and parameters: {'n_estimators': 341, 'lambda': 0.003442894208495734, 'subsample': 0.9995584730311983, 'colsample_bytree': 0.8854499788508243, 'learning_rate': 0.5980746170665457, 'max_depth': 3, 'min_child_weight': 6}. Best is trial 830 with value: 7.454100209461071.
[I 2026-03-16 12:06:07,181] Trial 984 finished with value: 7.284168935268745 and parameters: {'n_estimators': 233, 'lambda': 0.00048418965589359827, 'subsample': 0.935781899332352, 'colsample_bytree': 0.884478388553344, 'learning_rate': 0.6005302709180648, 'max_depth': 3, 'min_child_weight': 6}. Best is trial 830 with value: 7.454100209461071.
[I 2026-03-16 12:07:11,511] Trial 988 finished with value: 7.152990934055351 and parameters: {'n_estimators': 216, 'lambda': 0.0008617105912065705, 'subsample': 0.9634484454995202, 'colsample_bytree': 0.8621382179185356, 'learning_rate': 0.6015418298729734, 'max_depth': 3, 'min_child_weight': 6}. Best is trial 830 with value: 7.454100209461071.
[I 2026-03-16 12:07:13,674] Trial 985 finished with value: 7.302096872334467 and parameters: {'n_estimators': 234, 'lambda': 0.0005013687304930524, 'subsample': 0.9417437423355405, 'colsample_bytree': 0.8703989926957943, 'learning_rate': 0.5320697819009952, 'max_depth': 3, 'min_child_weight': 6}. Best is trial 830 with value: 7.454100209461071.
[I 2026-03-16 12:07:19,014] Trial 987 finished with value: 7.200255946990998 and parameters: {'n_estimators': 208, 'lambda': 0.0009396303979901918, 'subsample': 0.960924039900952, 'colsample_bytree': 0.8694264025923492, 'learning_rate': 0.6000562041258035, 'max_depth': 3, 'min_child_weight': 6}. Best is trial 830 with value: 7.454100209461071.
[I 2026-03-16 12:07:23,345] Trial 986 finished with value: 7.213763840875665 and parameters: {'n_estimators': 341, 'lambda': 0.0008566716600795279, 'subsample': 0.9610906752488385, 'colsample_bytree': 0.8706492829644594, 'learning_rate': 0.5531497998908016, 'max_depth': 3, 'min_child_weight': 6}. Best is trial 830 with value: 7.454100209461071.
[I 2026-03-16 12:07:23,355] Trial 990 finished with value: 7.182802695438401 and parameters: {'n_estimators': 270, 'lambda': 0.0009378981782871618, 'subsample': 0.9591407565847079, 'colsample_bytree': 0.8702128857455781, 'learning_rate': 0.5614301383680168, 'max_depth': 3, 'min_child_weight': 6}. Best is trial 830 with value: 7.454100209461071.
[I 2026-03-16 12:07:25,649] Trial 989 finished with value: 7.294651319171507 and parameters: {'n_estimators': 236, 'lambda': 0.0008288449196707283, 'subsample': 0.9603481304495781, 'colsample_bytree': 0.8648472369308831, 'learning_rate': 0.5555256497596442, 'max_depth': 3, 'min_child_weight': 6}. Best is trial 830 with value: 7.454100209461071.
[I 2026-03-16 12:08:18,635] Trial 993 finished with value: 7.176131767253796 and parameters: {'n_estimators': 268, 'lambda': 0.00201558504710635, 'subsample': 0.9882131430666483, 'colsample_bytree': 0.8248230244789798, 'learning_rate': 0.565042640582065, 'max_depth': 3, 'min_child_weight': 6}. Best is trial 830 with value: 7.454100209461071.
[I 2026-03-16 12:08:51,257] Trial 992 finished with value: 7.229892903021888 and parameters: {'n_estimators': 263, 'lambda': 0.006700204521947336, 'subsample': 0.9863760135300649, 'colsample_bytree': 0.8315483551635032, 'learning_rate': 0.561467929615731, 'max_depth': 3, 'min_child_weight': 6}. Best is trial 830 with value: 7.454100209461071.
[I 2026-03-16 12:08:52,761] Trial 991 finished with value: 7.178693183644315 and parameters: {'n_estimators': 266, 'lambda': 0.006663846521958164, 'subsample': 0.9836198726825258, 'colsample_bytree': 0.8233139443140598, 'learning_rate': 0.5605564773465634, 'max_depth': 3, 'min_child_weight': 6}. Best is trial 830 with value: 7.454100209461071.
[I 2026-03-16 12:08:57,494] Trial 994 finished with value: 7.2082418488928175 and parameters: {'n_estimators': 262, 'lambda': 0.0018117841957610292, 'subsample': 0.9869849164780189, 'colsample_bytree': 0.8249346909160092, 'learning_rate': 0.5686104417171625, 'max_depth': 3, 'min_child_weight': 6}. Best is trial 830 with value: 7.454100209461071.
[I 2026-03-16 12:09:12,283] Trial 996 finished with value: 7.3088904749323405 and parameters: {'n_estimators': 316, 'lambda': 0.001998851181710831, 'subsample': 0.9997990525379546, 'colsample_bytree': 0.823085333307772, 'learning_rate': 0.5738881336235919, 'max_depth': 3, 'min_child_weight': 6}. Best is trial 830 with value: 7.454100209461071.
[I 2026-03-16 12:09:12,335] Trial 995 finished with value: 7.395555571196473 and parameters: {'n_estimators': 321, 'lambda': 0.0019154041640332934, 'subsample': 0.9857845233525809, 'colsample_bytree': 0.8235455475050176, 'learning_rate': 0.57091335093553, 'max_depth': 3, 'min_child_weight': 6}. Best is trial 830 with value: 7.454100209461071.
[I 2026-03-16 12:09:46,796] Trial 997 finished with value: 7.338321219987732 and parameters: {'n_estimators': 317, 'lambda': 0.006385842540580709, 'subsample': 0.9839024994221, 'colsample_bytree': 0.825789385914959, 'learning_rate': 0.5764375948470212, 'max_depth': 3, 'min_child_weight': 6}. Best is trial 830 with value: 7.454100209461071.
[I 2026-03-16 12:10:16,907] Trial 998 finished with value: 7.215363193975616 and parameters: {'n_estimators': 306, 'lambda': 0.0017941557874547678, 'subsample': 0.9058870958064063, 'colsample_bytree': 0.8103691491849907, 'learning_rate': 0.5800968826497382, 'max_depth': 3, 'min_child_weight': 6}. Best is trial 830 with value: 7.454100209461071.
[I 2026-03-16 12:10:20,103] Trial 999 finished with value: 7.117020414920178 and parameters: {'n_estimators': 314, 'lambda': 0.0020177835009322813, 'subsample': 0.9470771767564874, 'colsample_bytree': 0.8059538467633776, 'learning_rate': 0.5793974045516876, 'max_depth': 3, 'min_child_weight': 6}. Best is trial 830 with value: 7.454100209461071.
[I 2026-03-16 12:10:27,408] Trial 1000 finished with value: 7.16996065077106 and parameters: {'n_estimators': 317, 'lambda': 0.00204025998864218, 'subsample': 0.9999921799403101, 'colsample_bytree': 0.8063164683512435, 'learning_rate': 0.5817795831079808, 'max_depth': 3, 'min_child_weight': 6}. Best is trial 830 with value: 7.454100209461071.
[I 2026-03-16 12:10:40,064] Trial 1001 finished with value: 7.268153715592611 and parameters: {'n_estimators': 299, 'lambda': 0.0019171673229055588, 'subsample': 0.945429230794794, 'colsample_bytree': 0.8075288026758873, 'learning_rate': 0.5450102018311749, 'max_depth': 3, 'min_child_weight': 6}. Best is trial 830 with value: 7.454100209461071.
[I 2026-03-16 12:10:41,764] Trial 1002 finished with value: 7.3019400783699515 and parameters: {'n_estimators': 305, 'lambda': 0.002177951281112718, 'subsample': 0.9470739467081549, 'colsample_bytree': 0.8145726864214771, 'learning_rate': 0.5468453949795038, 'max_depth': 3, 'min_child_weight': 6}. Best is trial 830 with value: 7.454100209461071.
[I 2026-03-16 12:11:11,254] Trial 1003 finished with value: 7.171371085865997 and parameters: {'n_estimators': 296, 'lambda': 0.0019846697311181665, 'subsample': 0.9045305469672459, 'colsample_bytree': 0.808074732122646, 'learning_rate': 0.5407047594035612, 'max_depth': 3, 'min_child_weight': 6}. Best is trial 830 with value: 7.454100209461071.
[I 2026-03-16 12:11:39,459] Trial 1004 finished with value: 7.272160768625796 and parameters: {'n_estimators': 296, 'lambda': 0.002256608202525798, 'subsample': 0.9427747846931501, 'colsample_bytree': 0.8015658064275013, 'learning_rate': 0.5498293312842719, 'max_depth': 3, 'min_child_weight': 6}. Best is trial 830 with value: 7.454100209461071.
[I 2026-03-16 12:11:43,664] Trial 1005 finished with value: 7.19277507113572 and parameters: {'n_estimators': 285, 'lambda': 0.0005693905715862368, 'subsample': 0.9703457437978704, 'colsample_bytree': 0.8400766732811122, 'learning_rate': 0.5462471136757024, 'max_depth': 3, 'min_child_weight': 6}. Best is trial 830 with value: 7.454100209461071.
[I 2026-03-16 12:11:49,681] Trial 1006 finished with value: 7.2245038417897085 and parameters: {'n_estimators': 297, 'lambda': 0.0005673616717780273, 'subsample': 0.9741338723368834, 'colsample_bytree': 0.835032625639669, 'learning_rate': 0.5563479931935967, 'max_depth': 3, 'min_child_weight': 6}. Best is trial 830 with value: 7.454100209461071.
[I 2026-03-16 12:12:02,509] Trial 1008 finished with value: 7.231791492613846 and parameters: {'n_estimators': 287, 'lambda': 0.0005747328174121955, 'subsample': 0.9690199466961468, 'colsample_bytree': 0.8415806958318152, 'learning_rate': 0.5417580547940649, 'max_depth': 3, 'min_child_weight': 6}. Best is trial 830 with value: 7.454100209461071.
[I 2026-03-16 12:12:03,446] Trial 1007 finished with value: 7.196415335624975 and parameters: {'n_estimators': 287, 'lambda': 0.0006097222331539125, 'subsample': 0.9703347363476383, 'colsample_bytree': 0.8413502693088614, 'learning_rate': 0.5467916205982636, 'max_depth': 3, 'min_child_weight': 6}. Best is trial 830 with value: 7.454100209461071.
[I 2026-03-16 12:12:34,040] Trial 1009 finished with value: 7.299892338268169 and parameters: {'n_estimators': 282, 'lambda': 0.0005874188992553418, 'subsample': 0.9711429709606916, 'colsample_bytree': 0.839035892913949, 'learning_rate': 0.618415614502556, 'max_depth': 3, 'min_child_weight': 6}. Best is trial 830 with value: 7.454100209461071.
[I 2026-03-16 12:13:15,134] Trial 1010 finished with value: 7.202340462654552 and parameters: {'n_estimators': 343, 'lambda': 0.0006027462050817893, 'subsample': 0.9702385955252592, 'colsample_bytree': 0.8331230431229716, 'learning_rate': 0.5694777880560751, 'max_depth': 3, 'min_child_weight': 6}. Best is trial 830 with value: 7.454100209461071.
[I 2026-03-16 12:13:18,101] Trial 1011 finished with value: 7.244966415473723 and parameters: {'n_estimators': 338, 'lambda': 0.00037047611486617675, 'subsample': 0.9695169385801374, 'colsample_bytree': 0.8378592462487269, 'learning_rate': 0.5647963369296923, 'max_depth': 3, 'min_child_weight': 6}. Best is trial 830 with value: 7.454100209461071.
[I 2026-03-16 12:13:22,965] Trial 1012 finished with value: 7.3295940536253 and parameters: {'n_estimators': 333, 'lambda': 0.00103070891861431, 'subsample': 0.9654748814405544, 'colsample_bytree': 0.8376959105169162, 'learning_rate': 0.6131733984473673, 'max_depth': 3, 'min_child_weight': 6}. Best is trial 830 with value: 7.454100209461071.
[I 2026-03-16 12:13:38,068] Trial 1014 finished with value: 7.408157032815752 and parameters: {'n_estimators': 341, 'lambda': 0.0009633960098846531, 'subsample': 0.9585097615383593, 'colsample_bytree': 0.8559870013982428, 'learning_rate': 0.6140269613630313, 'max_depth': 3, 'min_child_weight': 6}. Best is trial 830 with value: 7.454100209461071.
[I 2026-03-16 12:13:40,136] Trial 1013 finished with value: 7.239688844562154 and parameters: {'n_estimators': 340, 'lambda': 0.0012088270021080791, 'subsample': 0.9650793234710207, 'colsample_bytree': 0.8538799312942711, 'learning_rate': 0.6181756039101894, 'max_depth': 3, 'min_child_weight': 6}. Best is trial 830 with value: 7.454100209461071.
[I 2026-03-16 12:14:10,475] Trial 1015 finished with value: 7.20509135564355 and parameters: {'n_estimators': 337, 'lambda': 0.00032173440815177595, 'subsample': 0.955434144120859, 'colsample_bytree': 0.8591026319028269, 'learning_rate': 0.586777608289529, 'max_depth': 3, 'min_child_weight': 6}. Best is trial 830 with value: 7.454100209461071.
[I 2026-03-16 12:14:29,233] Trial 1017 finished with value: 7.227156589021768 and parameters: {'n_estimators': 244, 'lambda': 0.0010836962723788643, 'subsample': 0.9523480392580659, 'colsample_bytree': 0.8580753915199014, 'learning_rate': 0.5861922658972976, 'max_depth': 3, 'min_child_weight': 6}. Best is trial 830 with value: 7.454100209461071.
[I 2026-03-16 12:14:37,744] Trial 1018 finished with value: 7.18966307420458 and parameters: {'n_estimators': 252, 'lambda': 0.001215308255436995, 'subsample': 0.9530318163869315, 'colsample_bytree': 0.85890634023475, 'learning_rate': 0.5891657615803272, 'max_depth': 3, 'min_child_weight': 6}. Best is trial 830 with value: 7.454100209461071.
[I 2026-03-16 12:14:47,946] Trial 1016 finished with value: 7.194607249635654 and parameters: {'n_estimators': 333, 'lambda': 0.001058694232852563, 'subsample': 0.9548747901785796, 'colsample_bytree': 0.8570412631778447, 'learning_rate': 0.5883437802277308, 'max_depth': 3, 'min_child_weight': 6}. Best is trial 830 with value: 7.454100209461071.
[I 2026-03-16 12:15:12,363] Trial 1020 finished with value: 7.289964251204319 and parameters: {'n_estimators': 326, 'lambda': 0.0012530217017709597, 'subsample': 0.9348161459821472, 'colsample_bytree': 0.8570841684797952, 'learning_rate': 0.5842837308838681, 'max_depth': 3, 'min_child_weight': 6}. Best is trial 830 with value: 7.454100209461071.
[I 2026-03-16 12:15:15,635] Trial 1019 finished with value: 7.202828372250837 and parameters: {'n_estimators': 348, 'lambda': 0.001217069962745969, 'subsample': 0.9481027193468747, 'colsample_bytree': 0.8549597690102855, 'learning_rate': 0.5904398402657224, 'max_depth': 3, 'min_child_weight': 6}. Best is trial 830 with value: 7.454100209461071.
[I 2026-03-16 12:15:55,309] Trial 1021 finished with value: 7.251493933559255 and parameters: {'n_estimators': 372, 'lambda': 0.0009807172186283015, 'subsample': 0.9295465768647188, 'colsample_bytree': 0.8593176233437683, 'learning_rate': 0.5882498737981865, 'max_depth': 3, 'min_child_weight': 6}. Best is trial 830 with value: 7.454100209461071.
[I 2026-03-16 12:16:11,147] Trial 1022 finished with value: 7.27732149334695 and parameters: {'n_estimators': 369, 'lambda': 0.0009361189840381457, 'subsample': 0.9305248481171278, 'colsample_bytree': 0.8190712907146853, 'learning_rate': 0.5704828683321149, 'max_depth': 3, 'min_child_weight': 6}. Best is trial 830 with value: 7.454100209461071.
[I 2026-03-16 12:16:25,475] Trial 1023 finished with value: 7.178546403748415 and parameters: {'n_estimators': 374, 'lambda': 0.0009592097777927246, 'subsample': 0.9288693547623873, 'colsample_bytree': 0.8275184124503157, 'learning_rate': 0.5716095287589001, 'max_depth': 3, 'min_child_weight': 6}. Best is trial 830 with value: 7.454100209461071.
[I 2026-03-16 12:16:32,053] Trial 1024 finished with value: 7.2467585065368905 and parameters: {'n_estimators': 371, 'lambda': 0.0007999263658476021, 'subsample': 0.9327251394102114, 'colsample_bytree': 0.8176043429167603, 'learning_rate': 0.5693054459212873, 'max_depth': 3, 'min_child_weight': 6}. Best is trial 830 with value: 7.454100209461071.
[I 2026-03-16 12:16:59,317] Trial 1025 finished with value: 7.371638155098276 and parameters: {'n_estimators': 369, 'lambda': 0.0008410448509509995, 'subsample': 0.9137657314273173, 'colsample_bytree': 0.8153271227695621, 'learning_rate': 0.5640124893156423, 'max_depth': 3, 'min_child_weight': 6}. Best is trial 830 with value: 7.454100209461071.
[I 2026-03-16 12:17:02,188] Trial 1026 finished with value: 7.134841533333244 and parameters: {'n_estimators': 374, 'lambda': 0.0008445482410990015, 'subsample': 0.9204856221459237, 'colsample_bytree': 0.8175377162945353, 'learning_rate': 0.5665158362216983, 'max_depth': 3, 'min_child_weight': 6}. Best is trial 830 with value: 7.454100209461071.
[I 2026-03-16 12:17:25,721] Trial 1027 finished with value: 7.275716631390882 and parameters: {'n_estimators': 322, 'lambda': 0.0007926201265855034, 'subsample': 0.9054838014598638, 'colsample_bytree': 0.8238998839906044, 'learning_rate': 0.5682129213301238, 'max_depth': 3, 'min_child_weight': 6}. Best is trial 830 with value: 7.454100209461071.
[I 2026-03-16 12:17:46,314] Trial 1028 finished with value: 7.262628709570995 and parameters: {'n_estimators': 320, 'lambda': 0.0007733934974827545, 'subsample': 0.9092877161186452, 'colsample_bytree': 0.8201849998973866, 'learning_rate': 0.5612216112702368, 'max_depth': 3, 'min_child_weight': 6}. Best is trial 830 with value: 7.454100209461071.
[I 2026-03-16 12:18:08,814] Trial 1030 finished with value: 7.176046315489499 and parameters: {'n_estimators': 319, 'lambda': 0.00040673091115374274, 'subsample': 0.9058708356920696, 'colsample_bytree': 0.8409485004951316, 'learning_rate': 0.6038730015361454, 'max_depth': 3, 'min_child_weight': 7}. Best is trial 830 with value: 7.454100209461071.
[I 2026-03-16 12:18:09,115] Trial 1029 finished with value: 7.306094030920635 and parameters: {'n_estimators': 350, 'lambda': 0.00039779369824883583, 'subsample': 0.9072600758362496, 'colsample_bytree': 0.8213848823572384, 'learning_rate': 0.5609015800530703, 'max_depth': 3, 'min_child_weight': 6}. Best is trial 830 with value: 7.454100209461071.
[I 2026-03-16 12:18:31,746] Trial 1031 finished with value: 7.314858696873149 and parameters: {'n_estimators': 350, 'lambda': 0.00038618010268087635, 'subsample': 0.982850357577191, 'colsample_bytree': 0.7945571631365025, 'learning_rate': 0.557055871814469, 'max_depth': 3, 'min_child_weight': 7}. Best is trial 830 with value: 7.454100209461071.
[I 2026-03-16 12:18:35,883] Trial 1032 finished with value: 7.222691403153389 and parameters: {'n_estimators': 353, 'lambda': 0.0003470075181667022, 'subsample': 0.8988828255575111, 'colsample_bytree': 0.7931919307273528, 'learning_rate': 0.5558134421285238, 'max_depth': 3, 'min_child_weight': 6}. Best is trial 830 with value: 7.454100209461071.
[I 2026-03-16 12:18:51,477] Trial 1033 finished with value: 7.211769199712745 and parameters: {'n_estimators': 347, 'lambda': 0.00038302241628084113, 'subsample': 0.9136666380696722, 'colsample_bytree': 0.7975458711998415, 'learning_rate': 0.5351111931678589, 'max_depth': 3, 'min_child_weight': 6}. Best is trial 830 with value: 7.454100209461071.
[I 2026-03-16 12:19:20,861] Trial 1034 finished with value: 7.287925142455993 and parameters: {'n_estimators': 318, 'lambda': 0.00040395180873442464, 'subsample': 0.9854936419204755, 'colsample_bytree': 0.7990208772606006, 'learning_rate': 0.5545983294300009, 'max_depth': 3, 'min_child_weight': 7}. Best is trial 830 with value: 7.454100209461071.
[I 2026-03-16 12:19:45,141] Trial 1036 finished with value: 7.209297863996421 and parameters: {'n_estimators': 349, 'lambda': 0.004093914475411663, 'subsample': 0.9863590713196668, 'colsample_bytree': 0.7853030588242321, 'learning_rate': 0.5505751811768242, 'max_depth': 3, 'min_child_weight': 7}. Best is trial 830 with value: 7.454100209461071.
[I 2026-03-16 12:19:46,937] Trial 1035 finished with value: 7.226097293583405 and parameters: {'n_estimators': 350, 'lambda': 0.0035554841924684494, 'subsample': 0.9434330958447164, 'colsample_bytree': 0.7796672309171726, 'learning_rate': 0.5518704938254794, 'max_depth': 3, 'min_child_weight': 7}. Best is trial 830 with value: 7.454100209461071.
[I 2026-03-16 12:20:12,468] Trial 1037 finished with value: 7.215476515188017 and parameters: {'n_estimators': 345, 'lambda': 0.0017035708687049846, 'subsample': 0.9993244509028073, 'colsample_bytree': 0.796889849277511, 'learning_rate': 0.529439246876243, 'max_depth': 3, 'min_child_weight': 6}. Best is trial 830 with value: 7.454100209461071.
