[I 2026-03-16 12:20:12,482] Trial 1038 finished with value: 7.280389282082606 and parameters: {'n_estimators': 328, 'lambda': 0.001508271038290925, 'subsample': 0.9830494670169775, 'colsample_bytree': 0.8730650920800058, 'learning_rate': 0.5322711214138568, 'max_depth': 3, 'min_child_weight': 6}. Best is trial 830 with value: 7.454100209461071.
[I 2026-03-16 12:20:19,896] Trial 1039 finished with value: 7.201115710645701 and parameters: {'n_estimators': 326, 'lambda': 0.0036860263046893235, 'subsample': 0.9854306856565064, 'colsample_bytree': 0.8739572479104771, 'learning_rate': 0.5752303050729698, 'max_depth': 3, 'min_child_weight': 6}. Best is trial 830 with value: 7.454100209461071.
[I 2026-03-16 12:20:42,993] Trial 1040 finished with value: 7.31635912623323 and parameters: {'n_estimators': 304, 'lambda': 0.003895288942719483, 'subsample': 0.9398285642398064, 'colsample_bytree': 0.8416329555367192, 'learning_rate': 0.5396485499481787, 'max_depth': 3, 'min_child_weight': 6}. Best is trial 830 with value: 7.454100209461071.
[I 2026-03-16 12:21:21,146] Trial 1042 finished with value: 7.224723598630073 and parameters: {'n_estimators': 324, 'lambda': 0.0015979657528252579, 'subsample': 0.9418927698060862, 'colsample_bytree': 0.8727463737293142, 'learning_rate': 0.5767395032529736, 'max_depth': 3, 'min_child_weight': 6}. Best is trial 830 with value: 7.454100209461071.
[I 2026-03-16 12:21:23,284] Trial 1041 finished with value: 7.180548208529821 and parameters: {'n_estimators': 328, 'lambda': 0.001545195628998069, 'subsample': 0.9370029388739779, 'colsample_bytree': 0.8719150703410812, 'learning_rate': 0.5794336983713144, 'max_depth': 3, 'min_child_weight': 6}. Best is trial 830 with value: 7.454100209461071.
[I 2026-03-16 12:21:39,154] Trial 1044 finished with value: 7.190211761075995 and parameters: {'n_estimators': 308, 'lambda': 0.0015856703271682109, 'subsample': 0.9416739954646514, 'colsample_bytree': 0.8421694259865586, 'learning_rate': 0.5740161593605353, 'max_depth': 3, 'min_child_weight': 6}. Best is trial 830 with value: 7.454100209461071.
[I 2026-03-16 12:21:39,164] Trial 1043 finished with value: 7.283306375964296 and parameters: {'n_estimators': 305, 'lambda': 0.001616725583409804, 'subsample': 0.9493720067592231, 'colsample_bytree': 0.8494710241649093, 'learning_rate': 0.5760065794562573, 'max_depth': 3, 'min_child_weight': 6}. Best is trial 830 with value: 7.454100209461071.
[I 2026-03-16 12:21:42,936] Trial 1045 finished with value: 7.358310626751894 and parameters: {'n_estimators': 306, 'lambda': 0.0025036587485599516, 'subsample': 0.9393542300682723, 'colsample_bytree': 0.8476372664433229, 'learning_rate': 0.5755851574105423, 'max_depth': 3, 'min_child_weight': 6}. Best is trial 830 with value: 7.454100209461071.
[I 2026-03-16 12:22:06,979] Trial 1046 finished with value: 7.304113461839453 and parameters: {'n_estimators': 304, 'lambda': 0.0015930749303117212, 'subsample': 0.9443016703725202, 'colsample_bytree': 0.8458759074348721, 'learning_rate': 0.5735255893060978, 'max_depth': 3, 'min_child_weight': 6}. Best is trial 830 with value: 7.454100209461071.
[I 2026-03-16 12:22:51,786] Trial 1047 finished with value: 7.188238392551528 and parameters: {'n_estimators': 306, 'lambda': 0.0025247703688935155, 'subsample': 0.9526324956353812, 'colsample_bytree': 0.8481172350716947, 'learning_rate': 0.5761029688989625, 'max_depth': 3, 'min_child_weight': 6}. Best is trial 830 with value: 7.454100209461071.
[I 2026-03-16 12:23:03,698] Trial 1050 finished with value: 7.2779914368485095 and parameters: {'n_estimators': 284, 'lambda': 0.002744156369731548, 'subsample': 0.9999842992313841, 'colsample_bytree': 0.830929498678644, 'learning_rate': 0.5971389745093714, 'max_depth': 3, 'min_child_weight': 6}. Best is trial 830 with value: 7.454100209461071.
[I 2026-03-16 12:23:03,895] Trial 1049 finished with value: 7.332389856701738 and parameters: {'n_estimators': 287, 'lambda': 0.0027050985578322977, 'subsample': 0.9598553619935914, 'colsample_bytree': 0.852541382055584, 'learning_rate': 0.5950477670125037, 'max_depth': 3, 'min_child_weight': 6}. Best is trial 830 with value: 7.454100209461071.
[I 2026-03-16 12:23:03,897] Trial 1051 finished with value: 7.182059186032318 and parameters: {'n_estimators': 280, 'lambda': 0.0025579232606922396, 'subsample': 0.9201509022158612, 'colsample_bytree': 0.8530772657267304, 'learning_rate': 0.5960109476459855, 'max_depth': 3, 'min_child_weight': 6}. Best is trial 830 with value: 7.454100209461071.
[I 2026-03-16 12:23:06,589] Trial 1048 finished with value: 7.331093231143229 and parameters: {'n_estimators': 374, 'lambda': 0.00248679739480972, 'subsample': 0.9573811431477004, 'colsample_bytree': 0.8479546578211105, 'learning_rate': 0.5740083575824028, 'max_depth': 3, 'min_child_weight': 6}. Best is trial 830 with value: 7.454100209461071.
[I 2026-03-16 12:23:44,808] Trial 1052 finished with value: 7.260909154227644 and parameters: {'n_estimators': 374, 'lambda': 0.002662629603695684, 'subsample': 0.9157288737741278, 'colsample_bytree': 0.8897919069546388, 'learning_rate': 0.5986978335475958, 'max_depth': 3, 'min_child_weight': 6}. Best is trial 830 with value: 7.454100209461071.
[I 2026-03-16 12:24:07,075] Trial 1053 finished with value: 7.292434849594696 and parameters: {'n_estimators': 278, 'lambda': 0.0028048507535018237, 'subsample': 0.9207847246691867, 'colsample_bytree': 0.8882271619365109, 'learning_rate': 0.596347463080991, 'max_depth': 3, 'min_child_weight': 6}. Best is trial 830 with value: 7.454100209461071.
[I 2026-03-16 12:24:47,391] Trial 1056 finished with value: 7.112735214509154 and parameters: {'n_estimators': 374, 'lambda': 0.0046304791160703025, 'subsample': 0.921590079985289, 'colsample_bytree': 0.8899177046023126, 'learning_rate': 0.614398507047763, 'max_depth': 3, 'min_child_weight': 6}. Best is trial 830 with value: 7.454100209461071.
[I 2026-03-16 12:24:49,803] Trial 1057 finished with value: 7.231488579770696 and parameters: {'n_estimators': 343, 'lambda': 0.0002495567768690582, 'subsample': 0.9148657954932365, 'colsample_bytree': 0.8831359739013735, 'learning_rate': 0.6221346797456145, 'max_depth': 3, 'min_child_weight': 6}. Best is trial 830 with value: 7.454100209461071.
[I 2026-03-16 12:24:51,765] Trial 1055 finished with value: 7.093541126978 and parameters: {'n_estimators': 374, 'lambda': 0.003981755789963666, 'subsample': 0.9203433436392413, 'colsample_bytree': 0.8843090150483606, 'learning_rate': 0.6220652338190878, 'max_depth': 3, 'min_child_weight': 6}. Best is trial 830 with value: 7.454100209461071.
[I 2026-03-16 12:24:52,845] Trial 1054 finished with value: 7.123707341450788 and parameters: {'n_estimators': 371, 'lambda': 0.00024220644660366612, 'subsample': 0.9245192779213967, 'colsample_bytree': 0.8684122336278763, 'learning_rate': 0.6125631684574602, 'max_depth': 3, 'min_child_weight': 6}. Best is trial 830 with value: 7.454100209461071.
[I 2026-03-16 12:25:18,013] Trial 1058 finished with value: 7.216108226951901 and parameters: {'n_estimators': 335, 'lambda': 0.005424658019853608, 'subsample': 0.9267122809295407, 'colsample_bytree': 0.867082062476055, 'learning_rate': 0.6206013177768259, 'max_depth': 3, 'min_child_weight': 6}. Best is trial 830 with value: 7.454100209461071.
[I 2026-03-16 12:25:46,723] Trial 1059 finished with value: 7.168396044027594 and parameters: {'n_estimators': 335, 'lambda': 0.0002644346449140911, 'subsample': 0.9283729050512534, 'colsample_bytree': 0.8121270979936824, 'learning_rate': 0.6135639038447399, 'max_depth': 3, 'min_child_weight': 6}. Best is trial 830 with value: 7.454100209461071.
[I 2026-03-16 12:26:17,170] Trial 1060 finished with value: 7.2447642893001305 and parameters: {'n_estimators': 332, 'lambda': 0.0005990571914609443, 'subsample': 0.9789159828860965, 'colsample_bytree': 0.815269969051924, 'learning_rate': 0.5597576181343477, 'max_depth': 3, 'min_child_weight': 6}. Best is trial 830 with value: 7.454100209461071.
[I 2026-03-16 12:26:17,623] Trial 1061 finished with value: 7.388798114379464 and parameters: {'n_estimators': 330, 'lambda': 0.0005766866837001107, 'subsample': 0.9797471636489488, 'colsample_bytree': 0.8108288942606136, 'learning_rate': 0.587564462268189, 'max_depth': 3, 'min_child_weight': 6}. Best is trial 830 with value: 7.454100209461071.
[I 2026-03-16 12:26:24,632] Trial 1062 finished with value: 7.24021268146856 and parameters: {'n_estimators': 328, 'lambda': 0.0006554858785095538, 'subsample': 0.9751551858763098, 'colsample_bytree': 0.810107037957597, 'learning_rate': 0.5863682059038411, 'max_depth': 3, 'min_child_weight': 6}. Best is trial 830 with value: 7.454100209461071.
[I 2026-03-16 12:26:25,504] Trial 1063 finished with value: 7.271066671328683 and parameters: {'n_estimators': 326, 'lambda': 0.0007192583670336039, 'subsample': 0.9826664441406391, 'colsample_bytree': 0.8178295432809102, 'learning_rate': 0.584873198013206, 'max_depth': 3, 'min_child_weight': 6}. Best is trial 830 with value: 7.454100209461071.
[I 2026-03-16 12:26:42,283] Trial 1064 finished with value: 7.180473454712505 and parameters: {'n_estimators': 327, 'lambda': 0.0005886222545409624, 'subsample': 0.9779417625452007, 'colsample_bytree': 0.8113235064622398, 'learning_rate': 0.5851256458657152, 'max_depth': 3, 'min_child_weight': 6}. Best is trial 830 with value: 7.454100209461071.
[I 2026-03-16 12:27:12,851] Trial 1065 finished with value: 7.35381007239994 and parameters: {'n_estimators': 296, 'lambda': 0.0006315285437140797, 'subsample': 0.9764065573350746, 'colsample_bytree': 0.8263689778917714, 'learning_rate': 0.5618998557495899, 'max_depth': 3, 'min_child_weight': 6}. Best is trial 830 with value: 7.454100209461071.
[I 2026-03-16 12:27:39,224] Trial 1066 finished with value: 7.229974886113272 and parameters: {'n_estimators': 295, 'lambda': 0.0005327049973269796, 'subsample': 0.9577421971441507, 'colsample_bytree': 0.7843998625099421, 'learning_rate': 0.5887584948304676, 'max_depth': 3, 'min_child_weight': 6}. Best is trial 830 with value: 7.454100209461071.
[I 2026-03-16 12:27:47,058] Trial 1067 finished with value: 7.256432828088933 and parameters: {'n_estimators': 297, 'lambda': 0.0006744336606851306, 'subsample': 0.9992950876426527, 'colsample_bytree': 0.7760439311086764, 'learning_rate': 0.5857740536867178, 'max_depth': 3, 'min_child_weight': 6}. Best is trial 830 with value: 7.454100209461071.
[I 2026-03-16 12:27:53,365] Trial 1068 finished with value: 7.319508649929552 and parameters: {'n_estimators': 294, 'lambda': 0.0005681942836781866, 'subsample': 0.9574945180499534, 'colsample_bytree': 0.7874641620383419, 'learning_rate': 0.6030911576120567, 'max_depth': 3, 'min_child_weight': 6}. Best is trial 830 with value: 7.454100209461071.
[I 2026-03-16 12:27:53,678] Trial 1069 finished with value: 7.2043264810713765 and parameters: {'n_estimators': 298, 'lambda': 0.0005174357392959935, 'subsample': 0.9540276575119778, 'colsample_bytree': 0.781992554206356, 'learning_rate': 0.5880633932949997, 'max_depth': 3, 'min_child_weight': 6}. Best is trial 830 with value: 7.454100209461071.
[I 2026-03-16 12:28:05,735] Trial 1070 finished with value: 7.326762907110054 and parameters: {'n_estimators': 298, 'lambda': 0.0005299034803846118, 'subsample': 0.9995226985453145, 'colsample_bytree': 0.7823089318062115, 'learning_rate': 0.6037104702340952, 'max_depth': 3, 'min_child_weight': 6}. Best is trial 830 with value: 7.454100209461071.
[I 2026-03-16 12:28:49,485] Trial 1071 finished with value: 7.23008423390959 and parameters: {'n_estimators': 357, 'lambda': 0.00048691542261855634, 'subsample': 0.986871216818654, 'colsample_bytree': 0.7880213800734451, 'learning_rate': 0.5978304783063582, 'max_depth': 3, 'min_child_weight': 6}. Best is trial 830 with value: 7.454100209461071.
[I 2026-03-16 12:28:55,130] Trial 1072 finished with value: 7.320613884634394 and parameters: {'n_estimators': 271, 'lambda': 0.00031878915249825663, 'subsample': 0.9995662909580445, 'colsample_bytree': 0.8279956573603933, 'learning_rate': 0.6039028991877834, 'max_depth': 3, 'min_child_weight': 6}. Best is trial 830 with value: 7.454100209461071.
[I 2026-03-16 12:29:03,802] Trial 1073 finished with value: 7.283439002277286 and parameters: {'n_estimators': 270, 'lambda': 0.00044808136188154477, 'subsample': 0.9884899029882445, 'colsample_bytree': 0.8030129492614995, 'learning_rate': 0.6034032457733128, 'max_depth': 3, 'min_child_weight': 6}. Best is trial 830 with value: 7.454100209461071.
[I 2026-03-16 12:29:15,670] Trial 1075 finished with value: 7.289763980858867 and parameters: {'n_estimators': 268, 'lambda': 0.00028676433062043127, 'subsample': 0.9990225224711425, 'colsample_bytree': 0.8301892723046099, 'learning_rate': 0.5493595110465892, 'max_depth': 3, 'min_child_weight': 6}. Best is trial 830 with value: 7.454100209461071.
[I 2026-03-16 12:29:34,166] Trial 1074 finished with value: 7.341571280894108 and parameters: {'n_estimators': 356, 'lambda': 0.00041087992235489706, 'subsample': 0.9856062236807271, 'colsample_bytree': 0.8311604964389592, 'learning_rate': 0.5511658786354623, 'max_depth': 3, 'min_child_weight': 6}. Best is trial 830 with value: 7.454100209461071.
[I 2026-03-16 12:29:45,782] Trial 1076 finished with value: 7.211991142492764 and parameters: {'n_estimators': 357, 'lambda': 0.00030729283547281, 'subsample': 0.9836699394974184, 'colsample_bytree': 0.8251810316487309, 'learning_rate': 0.5499478534179354, 'max_depth': 3, 'min_child_weight': 6}. Best is trial 830 with value: 7.454100209461071.
[I 2026-03-16 12:30:02,258] Trial 1077 finished with value: 7.332916305322531 and parameters: {'n_estimators': 258, 'lambda': 0.00031866541920650104, 'subsample': 0.9730906540404151, 'colsample_bytree': 0.8307079673790898, 'learning_rate': 0.5516539362747268, 'max_depth': 3, 'min_child_weight': 6}. Best is trial 830 with value: 7.454100209461071.
[I 2026-03-16 12:30:35,403] Trial 1078 finished with value: 7.335505097210213 and parameters: {'n_estimators': 351, 'lambda': 0.005005493291985704, 'subsample': 0.9728438315938667, 'colsample_bytree': 0.826859602017594, 'learning_rate': 0.5510897248124019, 'max_depth': 3, 'min_child_weight': 6}. Best is trial 830 with value: 7.454100209461071.
[I 2026-03-16 12:30:41,372] Trial 1079 finished with value: 7.256518618640579 and parameters: {'n_estimators': 344, 'lambda': 0.004080884228065223, 'subsample': 0.9692784291118991, 'colsample_bytree': 0.8288577826173116, 'learning_rate': 0.5487300472356181, 'max_depth': 3, 'min_child_weight': 6}. Best is trial 830 with value: 7.454100209461071.
[I 2026-03-16 12:30:55,313] Trial 1080 finished with value: 7.229011435220737 and parameters: {'n_estimators': 354, 'lambda': 0.006271736745902148, 'subsample': 0.9701547653045773, 'colsample_bytree': 0.8630756409608435, 'learning_rate': 0.5615961207502919, 'max_depth': 3, 'min_child_weight': 6}. Best is trial 830 with value: 7.454100209461071.
[I 2026-03-16 12:31:03,653] Trial 1081 finished with value: 7.27083738605079 and parameters: {'n_estimators': 312, 'lambda': 0.0036618491901194727, 'subsample': 0.9704345631687075, 'colsample_bytree': 0.8645205910191087, 'learning_rate': 0.5667007677457221, 'max_depth': 3, 'min_child_weight': 6}. Best is trial 830 with value: 7.454100209461071.
[I 2026-03-16 12:31:14,921] Trial 1082 finished with value: 7.230213499855644 and parameters: {'n_estimators': 312, 'lambda': 0.004070018226626666, 'subsample': 0.9657253084635578, 'colsample_bytree': 0.8675107708459293, 'learning_rate': 0.5653590176945528, 'max_depth': 3, 'min_child_weight': 6}. Best is trial 830 with value: 7.454100209461071.
[I 2026-03-16 12:31:31,836] Trial 1083 finished with value: 7.280385149819576 and parameters: {'n_estimators': 316, 'lambda': 0.003916866260874826, 'subsample': 0.9387419511962721, 'colsample_bytree': 0.8567356763292204, 'learning_rate': 0.5676958002665462, 'max_depth': 3, 'min_child_weight': 6}. Best is trial 830 with value: 7.454100209461071.
[I 2026-03-16 12:32:04,903] Trial 1084 finished with value: 7.2598651855658645 and parameters: {'n_estimators': 315, 'lambda': 0.0038907016758286937, 'subsample': 0.9360151307197923, 'colsample_bytree': 0.8643640315721544, 'learning_rate': 0.5662097913067011, 'max_depth': 3, 'min_child_weight': 6}. Best is trial 830 with value: 7.454100209461071.
[I 2026-03-16 12:32:06,090] Trial 1085 finished with value: 7.361246858955138 and parameters: {'n_estimators': 313, 'lambda': 0.0022505431582088694, 'subsample': 0.941018676937504, 'colsample_bytree': 0.8606316791478495, 'learning_rate': 0.5662003081419783, 'max_depth': 3, 'min_child_weight': 6}. Best is trial 830 with value: 7.454100209461071.
[I 2026-03-16 12:32:25,052] Trial 1086 finished with value: 7.255669973600105 and parameters: {'n_estimators': 316, 'lambda': 0.001830663259887378, 'subsample': 0.944030440869912, 'colsample_bytree': 0.8089067911777459, 'learning_rate': 0.5698903010465978, 'max_depth': 3, 'min_child_weight': 6}. Best is trial 830 with value: 7.454100209461071.
[I 2026-03-16 12:32:33,908] Trial 1088 finished with value: 7.31152788302072 and parameters: {'n_estimators': 285, 'lambda': 0.002085748391316328, 'subsample': 0.940135463717798, 'colsample_bytree': 0.8090879314294862, 'learning_rate': 0.5828174852940962, 'max_depth': 3, 'min_child_weight': 6}. Best is trial 830 with value: 7.454100209461071.
[I 2026-03-16 12:32:38,625] Trial 1087 finished with value: 7.214397017776996 and parameters: {'n_estimators': 312, 'lambda': 0.0022018063510715878, 'subsample': 0.9398252169008215, 'colsample_bytree': 0.8065961368288064, 'learning_rate': 0.5770491700405198, 'max_depth': 3, 'min_child_weight': 6}. Best is trial 830 with value: 7.454100209461071.
[I 2026-03-16 12:32:56,745] Trial 1089 finished with value: 7.2819270353303605 and parameters: {'n_estimators': 279, 'lambda': 0.0017570134299583879, 'subsample': 0.9427278494417168, 'colsample_bytree': 0.8078217123947949, 'learning_rate': 0.5802465805452829, 'max_depth': 3, 'min_child_weight': 6}. Best is trial 830 with value: 7.454100209461071.
[I 2026-03-16 12:33:22,112] Trial 1090 finished with value: 7.243874745310086 and parameters: {'n_estimators': 282, 'lambda': 0.002195267909991646, 'subsample': 0.9460599141912182, 'colsample_bytree': 0.8100191803116371, 'learning_rate': 0.5334112817520762, 'max_depth': 3, 'min_child_weight': 6}. Best is trial 830 with value: 7.454100209461071.
[I 2026-03-16 12:33:56,570] Trial 1091 finished with value: 7.142420851069797 and parameters: {'n_estimators': 386, 'lambda': 0.001962207595711421, 'subsample': 0.8978088546595345, 'colsample_bytree': 0.9040082537714724, 'learning_rate': 0.5852632746536219, 'max_depth': 3, 'min_child_weight': 6}. Best is trial 830 with value: 7.454100209461071.
[I 2026-03-16 12:34:02,130] Trial 1092 finished with value: 7.208519088553333 and parameters: {'n_estimators': 339, 'lambda': 0.002045231297189541, 'subsample': 0.9007103459969557, 'colsample_bytree': 0.8843243821092451, 'learning_rate': 0.5816464593820794, 'max_depth': 3, 'min_child_weight': 6}. Best is trial 830 with value: 7.454100209461071.
[I 2026-03-16 12:34:06,628] Trial 1093 finished with value: 7.203610187199622 and parameters: {'n_estimators': 339, 'lambda': 0.0022340869618301955, 'subsample': 0.9019220524691114, 'colsample_bytree': 0.9016937723289357, 'learning_rate': 0.5812856593239752, 'max_depth': 3, 'min_child_weight': 6}. Best is trial 830 with value: 7.454100209461071.
[I 2026-03-16 12:34:13,991] Trial 1094 finished with value: 7.356910380849554 and parameters: {'n_estimators': 342, 'lambda': 0.0013689230879840094, 'subsample': 0.8944369959615937, 'colsample_bytree': 0.9072481863310478, 'learning_rate': 0.5912752945983119, 'max_depth': 3, 'min_child_weight': 6}. Best is trial 830 with value: 7.454100209461071.
[I 2026-03-16 12:34:31,469] Trial 1095 finished with value: 7.2588504550404505 and parameters: {'n_estimators': 336, 'lambda': 0.002608174063465457, 'subsample': 0.8888486083970539, 'colsample_bytree': 0.909852380548158, 'learning_rate': 0.5902071943191207, 'max_depth': 3, 'min_child_weight': 7}. Best is trial 830 with value: 7.454100209461071.
[I 2026-03-16 12:35:00,425] Trial 1096 finished with value: 7.110888093462585 and parameters: {'n_estimators': 341, 'lambda': 0.0011259127852275095, 'subsample': 0.8972047641464652, 'colsample_bytree': 0.8999027050081319, 'learning_rate': 0.5963533286196702, 'max_depth': 3, 'min_child_weight': 7}. Best is trial 830 with value: 7.454100209461071.
[I 2026-03-16 12:35:34,837] Trial 1097 finished with value: 7.1680698680705675 and parameters: {'n_estimators': 339, 'lambda': 0.0063609077067236066, 'subsample': 0.9601523146555467, 'colsample_bytree': 0.8829831719981908, 'learning_rate': 0.5961786055292639, 'max_depth': 3, 'min_child_weight': 6}. Best is trial 830 with value: 7.454100209461071.
[I 2026-03-16 12:35:38,131] Trial 1098 finished with value: 7.330067200555323 and parameters: {'n_estimators': 341, 'lambda': 0.0012304030992962057, 'subsample': 0.9581283810131489, 'colsample_bytree': 0.8519089823652616, 'learning_rate': 0.599343070148627, 'max_depth': 3, 'min_child_weight': 7}. Best is trial 830 with value: 7.454100209461071.
[I 2026-03-16 12:35:48,188] Trial 1099 finished with value: 7.168091896491532 and parameters: {'n_estimators': 363, 'lambda': 0.006857518617002133, 'subsample': 0.960615222787027, 'colsample_bytree': 0.8480408111427494, 'learning_rate': 0.5972279331495648, 'max_depth': 3, 'min_child_weight': 7}. Best is trial 830 with value: 7.454100209461071.
[I 2026-03-16 12:35:58,905] Trial 1100 finished with value: 7.031589949268982 and parameters: {'n_estimators': 366, 'lambda': 0.006537619041291577, 'subsample': 0.9157386917429713, 'colsample_bytree': 0.9060474177369608, 'learning_rate': 0.6050260439736489, 'max_depth': 3, 'min_child_weight': 7}. Best is trial 830 with value: 7.454100209461071.
