[I 2026-03-17 15:57:52,025] Trial 431 finished with value: 4.897957978784105 and parameters: {'n_estimators': 775, 'lambda': 0.07569046947653243, 'subsample': 0.9576231600482411, 'colsample_bytree': 0.6093133488428888, 'learning_rate': 0.07599666889022509, 'max_depth': 3, 'min_child_weight': 9}. Best is trial 350 with value: 4.999194949595861.
[I 2026-03-17 15:59:59,251] Trial 435 finished with value: 4.640495518946906 and parameters: {'n_estimators': 712, 'lambda': 0.02928683328733963, 'subsample': 0.9504748322493193, 'colsample_bytree': 0.6970986882795039, 'learning_rate': 0.13922016622135644, 'max_depth': 3, 'min_child_weight': 9}. Best is trial 350 with value: 4.999194949595861.
[I 2026-03-17 16:00:00,629] Trial 432 finished with value: 4.62343886777434 and parameters: {'n_estimators': 769, 'lambda': 0.08285222331055199, 'subsample': 0.939262033644051, 'colsample_bytree': 0.6123549106593791, 'learning_rate': 0.08472601292300647, 'max_depth': 5, 'min_child_weight': 9}. Best is trial 350 with value: 4.999194949595861.
[I 2026-03-17 16:00:17,261] Trial 433 finished with value: 4.890421624051424 and parameters: {'n_estimators': 763, 'lambda': 0.08171618468719444, 'subsample': 0.9538742926446528, 'colsample_bytree': 0.6959213894488481, 'learning_rate': 0.030536032393630307, 'max_depth': 5, 'min_child_weight': 9}. Best is trial 350 with value: 4.999194949595861.
[I 2026-03-17 16:00:57,145] Trial 436 finished with value: 4.882250356998764 and parameters: {'n_estimators': 714, 'lambda': 0.08624425370326062, 'subsample': 0.9454455032204372, 'colsample_bytree': 0.6915100700779512, 'learning_rate': 0.09945960827891534, 'max_depth': 3, 'min_child_weight': 9}. Best is trial 350 with value: 4.999194949595861.
[I 2026-03-17 16:01:12,372] Trial 437 finished with value: 4.887709759372273 and parameters: {'n_estimators': 714, 'lambda': 0.09061928508595885, 'subsample': 0.9332203414148406, 'colsample_bytree': 0.6957957634963403, 'learning_rate': 0.1023147050719227, 'max_depth': 3, 'min_child_weight': 9}. Best is trial 350 with value: 4.999194949595861.
[I 2026-03-17 16:01:16,518] Trial 434 finished with value: 4.5967712709279684 and parameters: {'n_estimators': 761, 'lambda': 0.10200636766558209, 'subsample': 0.9554639484648653, 'colsample_bytree': 0.6955205678213547, 'learning_rate': 0.10275887582037029, 'max_depth': 5, 'min_child_weight': 9}. Best is trial 350 with value: 4.999194949595861.
[I 2026-03-17 16:03:36,532] Trial 439 finished with value: 4.75173623543892 and parameters: {'n_estimators': 752, 'lambda': 0.09081991819124566, 'subsample': 0.5526616361920419, 'colsample_bytree': 0.6956637126337142, 'learning_rate': 0.10389111328631648, 'max_depth': 3, 'min_child_weight': 9}. Best is trial 350 with value: 4.999194949595861.
[I 2026-03-17 16:03:42,413] Trial 440 finished with value: 4.651386300172382 and parameters: {'n_estimators': 716, 'lambda': 0.13876577505616758, 'subsample': 0.8743586776931198, 'colsample_bytree': 0.6936929662267604, 'learning_rate': 0.10015929722780056, 'max_depth': 3, 'min_child_weight': 9}. Best is trial 350 with value: 4.999194949595861.
[I 2026-03-17 16:03:42,454] Trial 438 finished with value: 4.857694555543424 and parameters: {'n_estimators': 758, 'lambda': 0.09450199459251922, 'subsample': 0.9382412737813497, 'colsample_bytree': 0.697235206988907, 'learning_rate': 0.10150418269838482, 'max_depth': 3, 'min_child_weight': 9}. Best is trial 350 with value: 4.999194949595861.
[I 2026-03-17 16:04:25,436] Trial 441 finished with value: 4.903363772650537 and parameters: {'n_estimators': 748, 'lambda': 0.1401805048304423, 'subsample': 0.8744555299170993, 'colsample_bytree': 0.8528941365704182, 'learning_rate': 0.059067523995263736, 'max_depth': 3, 'min_child_weight': 9}. Best is trial 350 with value: 4.999194949595861.
[I 2026-03-17 16:04:36,449] Trial 444 finished with value: 0.0 and parameters: {'n_estimators': 191, 'lambda': 0.3770710517157524, 'subsample': 0.8698192982684816, 'colsample_bytree': 0.7676062497361597, 'learning_rate': 0.05585321856732686, 'max_depth': 3, 'min_child_weight': 9}. Best is trial 350 with value: 4.999194949595861.
[I 2026-03-17 16:04:39,450] Trial 442 finished with value: 4.898375725989029 and parameters: {'n_estimators': 742, 'lambda': 0.13476546069107775, 'subsample': 0.8732618526075705, 'colsample_bytree': 0.636395278335331, 'learning_rate': 0.05918183381752438, 'max_depth': 3, 'min_child_weight': 9}. Best is trial 350 with value: 4.999194949595861.
[I 2026-03-17 16:04:41,315] Trial 443 finished with value: 4.863641615867758 and parameters: {'n_estimators': 734, 'lambda': 0.14690200037266002, 'subsample': 0.8705622637210013, 'colsample_bytree': 0.7298285025616841, 'learning_rate': 0.06056115675283786, 'max_depth': 3, 'min_child_weight': 9}. Best is trial 350 with value: 4.999194949595861.
[I 2026-03-17 16:07:05,364] Trial 446 finished with value: 4.898298747148994 and parameters: {'n_estimators': 690, 'lambda': 0.1497970093388943, 'subsample': 0.8715148254170515, 'colsample_bytree': 0.6381564631260812, 'learning_rate': 0.05647880235502101, 'max_depth': 3, 'min_child_weight': 5}. Best is trial 350 with value: 4.999194949595861.
[I 2026-03-17 16:07:06,125] Trial 445 finished with value: 4.880439402237083 and parameters: {'n_estimators': 696, 'lambda': 2.104582462093095e-05, 'subsample': 0.9190545905502692, 'colsample_bytree': 0.639798184737026, 'learning_rate': 0.06175772305816477, 'max_depth': 3, 'min_child_weight': 9}. Best is trial 350 with value: 4.999194949595861.
[I 2026-03-17 16:07:39,778] Trial 447 finished with value: 4.853989970405026 and parameters: {'n_estimators': 689, 'lambda': 0.01064321192262222, 'subsample': 0.9174580497946109, 'colsample_bytree': 0.729177137191962, 'learning_rate': 0.04136534030538837, 'max_depth': 3, 'min_child_weight': 9}. Best is trial 350 with value: 4.999194949595861.
[I 2026-03-17 16:07:49,669] Trial 448 finished with value: 4.853733686823679 and parameters: {'n_estimators': 689, 'lambda': 0.1534326907362911, 'subsample': 0.9189849865290574, 'colsample_bytree': 0.3447064838224472, 'learning_rate': 0.043949088319847084, 'max_depth': 3, 'min_child_weight': 9}. Best is trial 350 with value: 4.999194949595861.
[I 2026-03-17 16:07:52,308] Trial 449 finished with value: 4.841199794170893 and parameters: {'n_estimators': 694, 'lambda': 0.008972125832920985, 'subsample': 0.6115539331225837, 'colsample_bytree': 0.6480953971382317, 'learning_rate': 0.04054040116859228, 'max_depth': 3, 'min_child_weight': 9}. Best is trial 350 with value: 4.999194949595861.
[I 2026-03-17 16:08:31,091] Trial 450 finished with value: 0.0 and parameters: {'n_estimators': 698, 'lambda': 0.00011768545767560882, 'subsample': 0.9196510963741803, 'colsample_bytree': 0.6489062976785237, 'learning_rate': 0.21965502989230787, 'max_depth': 4, 'min_child_weight': 9}. Best is trial 350 with value: 4.999194949595861.
[I 2026-03-17 16:10:21,489] Trial 455 finished with value: 4.63782339270273 and parameters: {'n_estimators': 491, 'lambda': 0.02288823399251229, 'subsample': 0.9309128852943961, 'colsample_bytree': 0.6815835609895186, 'learning_rate': 0.23022344546557255, 'max_depth': 3, 'min_child_weight': 10}. Best is trial 350 with value: 4.999194949595861.
[I 2026-03-17 16:10:25,646] Trial 451 finished with value: 4.865560146156087 and parameters: {'n_estimators': 697, 'lambda': 0.6425840516222376, 'subsample': 0.9178007262499739, 'colsample_bytree': 0.7290935163737229, 'learning_rate': 0.04327360467855179, 'max_depth': 3, 'min_child_weight': 9}. Best is trial 350 with value: 4.999194949595861.
[I 2026-03-17 16:10:27,747] Trial 452 finished with value: 4.857280444900624 and parameters: {'n_estimators': 701, 'lambda': 0.008693024622953278, 'subsample': 0.9193415022090003, 'colsample_bytree': 0.6195554200864801, 'learning_rate': 0.04061760333240303, 'max_depth': 3, 'min_child_weight': 9}. Best is trial 350 with value: 4.999194949595861.
[I 2026-03-17 16:10:56,480] Trial 453 finished with value: 4.869388969185563 and parameters: {'n_estimators': 701, 'lambda': 0.26541307598382347, 'subsample': 0.9245161816776287, 'colsample_bytree': 0.6221799261723804, 'learning_rate': 0.043150511714100136, 'max_depth': 3, 'min_child_weight': 9}. Best is trial 350 with value: 4.999194949595861.
[I 2026-03-17 16:11:07,405] Trial 454 finished with value: 4.831028072022643 and parameters: {'n_estimators': 710, 'lambda': 0.025390813067306034, 'subsample': 0.9321587429304325, 'colsample_bytree': 0.6541170365524782, 'learning_rate': 0.04115159131714786, 'max_depth': 3, 'min_child_weight': 10}. Best is trial 350 with value: 4.999194949595861.
[I 2026-03-17 16:11:51,939] Trial 456 finished with value: 4.467639783334645 and parameters: {'n_estimators': 718, 'lambda': 0.24959637203285773, 'subsample': 0.9333209637250901, 'colsample_bytree': 0.6819843747207666, 'learning_rate': 0.5310084211845141, 'max_depth': 3, 'min_child_weight': 4}. Best is trial 350 with value: 4.999194949595861.
[I 2026-03-17 16:13:46,757] Trial 457 finished with value: 4.8971350954269965 and parameters: {'n_estimators': 720, 'lambda': 0.2564760855148086, 'subsample': 0.8894680119563898, 'colsample_bytree': 0.6204692712814459, 'learning_rate': 0.06799707414803302, 'max_depth': 3, 'min_child_weight': 10}. Best is trial 350 with value: 4.999194949595861.
[I 2026-03-17 16:13:51,920] Trial 458 finished with value: 4.478003445348418 and parameters: {'n_estimators': 709, 'lambda': 0.2604478968770596, 'subsample': 0.8981087578920169, 'colsample_bytree': 0.7145575051000452, 'learning_rate': 0.5016148768367471, 'max_depth': 3, 'min_child_weight': 10}. Best is trial 350 with value: 4.999194949595861.
[I 2026-03-17 16:13:57,303] Trial 459 finished with value: 4.890398723898958 and parameters: {'n_estimators': 723, 'lambda': 0.26472891178459707, 'subsample': 0.8970529614454213, 'colsample_bytree': 0.7099215006497158, 'learning_rate': 0.07019165406732562, 'max_depth': 3, 'min_child_weight': 10}. Best is trial 350 with value: 4.999194949595861.
[I 2026-03-17 16:14:11,752] Trial 461 finished with value: 4.884196268041049 and parameters: {'n_estimators': 662, 'lambda': 0.34133274850566175, 'subsample': 0.8962530280932416, 'colsample_bytree': 0.4940092144503504, 'learning_rate': 0.06917055899163947, 'max_depth': 3, 'min_child_weight': 10}. Best is trial 350 with value: 4.999194949595861.
[I 2026-03-17 16:14:16,842] Trial 460 finished with value: 4.837455747875485 and parameters: {'n_estimators': 725, 'lambda': 0.33470622177938764, 'subsample': 0.8946027086250701, 'colsample_bytree': 0.5006878371543548, 'learning_rate': 0.07064818675390878, 'max_depth': 3, 'min_child_weight': 10}. Best is trial 350 with value: 4.999194949595861.
[I 2026-03-17 16:15:10,789] Trial 462 finished with value: 4.889625341954104 and parameters: {'n_estimators': 725, 'lambda': 0.3856978816222083, 'subsample': 0.8944403020824597, 'colsample_bytree': 0.7071176564138082, 'learning_rate': 0.06941777390488788, 'max_depth': 3, 'min_child_weight': 10}. Best is trial 350 with value: 4.999194949595861.
[I 2026-03-17 16:17:14,821] Trial 463 finished with value: 4.862824393248214 and parameters: {'n_estimators': 737, 'lambda': 0.00017553516332222087, 'subsample': 0.8993202392358519, 'colsample_bytree': 0.7054864240731126, 'learning_rate': 0.08625383030694969, 'max_depth': 3, 'min_child_weight': 10}. Best is trial 350 with value: 4.999194949595861.
[I 2026-03-17 16:17:30,040] Trial 467 finished with value: 4.8748267102307175 and parameters: {'n_estimators': 673, 'lambda': 0.0003386647021798465, 'subsample': 0.8562349923727209, 'colsample_bytree': 0.6643706057495912, 'learning_rate': 0.08520928061344889, 'max_depth': 3, 'min_child_weight': 10}. Best is trial 350 with value: 4.999194949595861.
[I 2026-03-17 16:17:33,383] Trial 464 finished with value: 4.8748464116048975 and parameters: {'n_estimators': 734, 'lambda': 0.4635538689605694, 'subsample': 0.9033213998827794, 'colsample_bytree': 0.6652704172005441, 'learning_rate': 0.08535578303420036, 'max_depth': 3, 'min_child_weight': 10}. Best is trial 350 with value: 4.999194949595861.
[I 2026-03-17 16:17:41,072] Trial 466 finished with value: 4.944136424088113 and parameters: {'n_estimators': 739, 'lambda': 0.4403681469794193, 'subsample': 0.8800846603574769, 'colsample_bytree': 0.6646189239430196, 'learning_rate': 0.08771753404118816, 'max_depth': 3, 'min_child_weight': 10}. Best is trial 350 with value: 4.999194949595861.
[I 2026-03-17 16:17:41,093] Trial 465 finished with value: 4.814067390447137 and parameters: {'n_estimators': 789, 'lambda': 0.3900337913444396, 'subsample': 0.8566231247646526, 'colsample_bytree': 0.73993337918753, 'learning_rate': 0.08444478228390571, 'max_depth': 3, 'min_child_weight': 10}. Best is trial 350 with value: 4.999194949595861.
[I 2026-03-17 16:18:47,067] Trial 468 finished with value: 4.377767918240023 and parameters: {'n_estimators': 785, 'lambda': 0.05898300568785181, 'subsample': 0.9650008207395395, 'colsample_bytree': 0.7465378543722015, 'learning_rate': 0.5937874889121344, 'max_depth': 3, 'min_child_weight': 5}. Best is trial 350 with value: 4.999194949595861.
[I 2026-03-17 16:20:11,844] Trial 470 finished with value: 4.851663759617939 and parameters: {'n_estimators': 570, 'lambda': 0.17567785639578717, 'subsample': 0.9457282867433889, 'colsample_bytree': 0.43496689281287654, 'learning_rate': 0.05367330248071875, 'max_depth': 3, 'min_child_weight': 5}. Best is trial 350 with value: 4.999194949595861.
[I 2026-03-17 16:20:22,813] Trial 469 finished with value: 4.6238858001146355 and parameters: {'n_estimators': 681, 'lambda': 0.05912738918675226, 'subsample': 0.8564459031267623, 'colsample_bytree': 0.6637448397674125, 'learning_rate': 0.08586196478683326, 'max_depth': 3, 'min_child_weight': 10}. Best is trial 350 with value: 4.999194949595861.
[I 2026-03-17 16:20:57,214] Trial 472 finished with value: 4.9257478804290376 and parameters: {'n_estimators': 662, 'lambda': 0.18234165775085714, 'subsample': 0.9634922733820477, 'colsample_bytree': 0.6752599010524187, 'learning_rate': 0.052573423657152285, 'max_depth': 3, 'min_child_weight': 10}. Best is trial 350 with value: 4.999194949595861.
[I 2026-03-17 16:20:57,218] Trial 473 finished with value: 4.878841451110701 and parameters: {'n_estimators': 659, 'lambda': 0.059112990898938636, 'subsample': 0.942883899005032, 'colsample_bytree': 0.6790106466899771, 'learning_rate': 0.053335626356432915, 'max_depth': 3, 'min_child_weight': 10}. Best is trial 350 with value: 4.999194949595861.
[I 2026-03-17 16:21:12,344] Trial 471 finished with value: 4.879652740840552 and parameters: {'n_estimators': 785, 'lambda': 0.06444373211346502, 'subsample': 0.9691980534664812, 'colsample_bytree': 0.435659960855298, 'learning_rate': 0.053775556025310346, 'max_depth': 3, 'min_child_weight': 10}. Best is trial 350 with value: 4.999194949595861.
[I 2026-03-17 16:22:03,954] Trial 474 finished with value: 4.8938585903690495 and parameters: {'n_estimators': 681, 'lambda': 0.17919831820396054, 'subsample': 0.9405997365416394, 'colsample_bytree': 0.6821376711611916, 'learning_rate': 0.05336687538723592, 'max_depth': 3, 'min_child_weight': 10}. Best is trial 350 with value: 4.999194949595861.
[I 2026-03-17 16:23:26,761] Trial 476 finished with value: 4.9166030210998874 and parameters: {'n_estimators': 656, 'lambda': 0.10671096494772936, 'subsample': 0.9695477508367236, 'colsample_bytree': 0.6806720370846268, 'learning_rate': 0.051081122319353044, 'max_depth': 3, 'min_child_weight': 10}. Best is trial 350 with value: 4.999194949595861.
[I 2026-03-17 16:23:50,298] Trial 478 finished with value: 4.790841959641929 and parameters: {'n_estimators': 599, 'lambda': 0.6623456389756937, 'subsample': 0.4886620746881937, 'colsample_bytree': 0.6435325383320075, 'learning_rate': 0.060161656516236985, 'max_depth': 3, 'min_child_weight': 9}. Best is trial 350 with value: 4.999194949595861.
[I 2026-03-17 16:23:52,172] Trial 475 finished with value: 0.0 and parameters: {'n_estimators': 662, 'lambda': 0.11742636707935328, 'subsample': 0.9746844003449666, 'colsample_bytree': 0.6802397891545044, 'learning_rate': 0.6541489882060993, 'max_depth': 4, 'min_child_weight': 10}. Best is trial 350 with value: 4.999194949595861.
[I 2026-03-17 16:24:10,019] Trial 477 finished with value: 4.642518751538834 and parameters: {'n_estimators': 679, 'lambda': 0.10817509325397914, 'subsample': 0.33087723738238767, 'colsample_bytree': 0.6465775923657502, 'learning_rate': 0.06461479184313762, 'max_depth': 3, 'min_child_weight': 9}. Best is trial 350 with value: 4.999194949595861.
[I 2026-03-17 16:24:30,965] Trial 479 finished with value: 4.928753866115514 and parameters: {'n_estimators': 598, 'lambda': 0.12016973138765868, 'subsample': 0.8790431889587504, 'colsample_bytree': 0.7221852152627534, 'learning_rate': 0.06943632037804925, 'max_depth': 4, 'min_child_weight': 9}. Best is trial 350 with value: 4.999194949595861.
[I 2026-03-17 16:25:25,840] Trial 480 finished with value: 4.929197266985421 and parameters: {'n_estimators': 595, 'lambda': 0.10611321266404966, 'subsample': 0.9112189791211154, 'colsample_bytree': 0.6342807791083975, 'learning_rate': 0.0680251979535297, 'max_depth': 4, 'min_child_weight': 9}. Best is trial 350 with value: 4.999194949595861.
[I 2026-03-17 16:26:49,830] Trial 482 finished with value: 4.869910603095222 and parameters: {'n_estimators': 626, 'lambda': 0.00033377611256726577, 'subsample': 0.8794472794753158, 'colsample_bytree': 0.6362395895065013, 'learning_rate': 0.06799013922529046, 'max_depth': 3, 'min_child_weight': 9}. Best is trial 350 with value: 4.999194949595861.
[I 2026-03-17 16:26:51,481] Trial 483 finished with value: 4.90081544473535 and parameters: {'n_estimators': 621, 'lambda': 0.00038261129412307896, 'subsample': 0.881683600969693, 'colsample_bytree': 0.6333418392372229, 'learning_rate': 0.06915434699477171, 'max_depth': 3, 'min_child_weight': 9}. Best is trial 350 with value: 4.999194949595861.
[I 2026-03-17 16:27:09,048] Trial 484 finished with value: 4.782897809475869 and parameters: {'n_estimators': 622, 'lambda': 0.22848368541810052, 'subsample': 0.8794712600856932, 'colsample_bytree': 0.7721443698068429, 'learning_rate': 0.03120674075538973, 'max_depth': 3, 'min_child_weight': 10}. Best is trial 350 with value: 4.999194949595861.
[I 2026-03-17 16:27:16,075] Trial 481 finished with value: 4.899313500756142 and parameters: {'n_estimators': 682, 'lambda': 0.12252267908809297, 'subsample': 0.9101697274271572, 'colsample_bytree': 0.6445258512286522, 'learning_rate': 0.030094534313734322, 'max_depth': 4, 'min_child_weight': 9}. Best is trial 350 with value: 4.999194949595861.
[I 2026-03-17 16:27:25,908] Trial 485 finished with value: 4.819365648516066 and parameters: {'n_estimators': 620, 'lambda': 0.0023828692051659195, 'subsample': 0.9106900543552774, 'colsample_bytree': 0.7013370460842837, 'learning_rate': 0.03285879990203157, 'max_depth': 3, 'min_child_weight': 10}. Best is trial 350 with value: 4.999194949595861.
[I 2026-03-17 16:28:30,547] Trial 486 finished with value: 4.781076491581431 and parameters: {'n_estimators': 628, 'lambda': 0.00029334242958329584, 'subsample': 0.911252642574403, 'colsample_bytree': 0.5997701161012527, 'learning_rate': 0.032581488746972656, 'max_depth': 3, 'min_child_weight': 10}. Best is trial 350 with value: 4.999194949595861.
[I 2026-03-17 16:30:06,924] Trial 487 finished with value: 4.920539645818149 and parameters: {'n_estimators': 685, 'lambda': 0.20915148358595137, 'subsample': 0.9100566615254719, 'colsample_bytree': 0.30698111337903594, 'learning_rate': 0.034048141507845756, 'max_depth': 3, 'min_child_weight': 10}. Best is trial 350 with value: 4.999194949595861.
[I 2026-03-17 16:30:09,002] Trial 488 finished with value: 4.779025748999858 and parameters: {'n_estimators': 685, 'lambda': 0.037386745410964074, 'subsample': 0.9072144796434987, 'colsample_bytree': 0.6041549625637862, 'learning_rate': 0.03258963152103607, 'max_depth': 3, 'min_child_weight': 10}. Best is trial 350 with value: 4.999194949595861.
[I 2026-03-17 16:30:37,445] Trial 490 finished with value: 4.888576119130261 and parameters: {'n_estimators': 703, 'lambda': 0.0024419786155048216, 'subsample': 0.9114256641181885, 'colsample_bytree': 0.6986087017678873, 'learning_rate': 0.04182953693025861, 'max_depth': 3, 'min_child_weight': 10}. Best is trial 350 with value: 4.999194949595861.
[I 2026-03-17 16:30:44,482] Trial 489 finished with value: 4.900624632776681 and parameters: {'n_estimators': 756, 'lambda': 0.035297376578631474, 'subsample': 0.9108473755323537, 'colsample_bytree': 0.5991157229132597, 'learning_rate': 0.03928969194972987, 'max_depth': 3, 'min_child_weight': 10}. Best is trial 350 with value: 4.999194949595861.
[I 2026-03-17 16:31:00,509] Trial 491 finished with value: 4.8594705685332285 and parameters: {'n_estimators': 752, 'lambda': 0.03795936346272434, 'subsample': 0.9276755955142321, 'colsample_bytree': 0.7228459240445868, 'learning_rate': 0.043049693586330075, 'max_depth': 3, 'min_child_weight': 10}. Best is trial 350 with value: 4.999194949595861.
[I 2026-03-17 16:32:03,068] Trial 492 finished with value: 4.94244226391128 and parameters: {'n_estimators': 751, 'lambda': 0.00017270788345817342, 'subsample': 0.9310110868998234, 'colsample_bytree': 0.726840690686508, 'learning_rate': 0.04919246763449528, 'max_depth': 3, 'min_child_weight': 10}. Best is trial 350 with value: 4.999194949595861.
[I 2026-03-17 16:33:08,823] Trial 494 finished with value: 4.901024396491577 and parameters: {'n_estimators': 649, 'lambda': 0.636494033357465, 'subsample': 0.9290059624976569, 'colsample_bytree': 0.7316306197213128, 'learning_rate': 0.05038313936443909, 'max_depth': 3, 'min_child_weight': 10}. Best is trial 350 with value: 4.999194949595861.
