[I 2026-03-17 17:10:30,970] Trial 558 finished with value: 4.826869354691933 and parameters: {'n_estimators': 700, 'lambda': 7.899147528382778e-07, 'subsample': 0.928460696268653, 'colsample_bytree': 0.7511339143932465, 'learning_rate': 0.03192862048445685, 'max_depth': 3, 'min_child_weight': 10}. Best is trial 350 with value: 4.999194949595861.
[I 2026-03-17 17:10:31,653] Trial 556 finished with value: 4.840170476502406 and parameters: {'n_estimators': 733, 'lambda': 0.2568858597685226, 'subsample': 0.9627294284110264, 'colsample_bytree': 0.7539930425360272, 'learning_rate': 0.03898993398382993, 'max_depth': 3, 'min_child_weight': 10}. Best is trial 350 with value: 4.999194949595861.
[I 2026-03-17 17:11:14,523] Trial 559 finished with value: 4.909486809527985 and parameters: {'n_estimators': 796, 'lambda': 1.3043481855898664e-05, 'subsample': 0.9577361830350294, 'colsample_bytree': 0.6852996625762989, 'learning_rate': 0.03825179909596493, 'max_depth': 3, 'min_child_weight': 10}. Best is trial 350 with value: 4.999194949595861.
[I 2026-03-17 17:12:04,068] Trial 561 finished with value: 4.905015289371773 and parameters: {'n_estimators': 727, 'lambda': 0.370433913728458, 'subsample': 0.929444170084893, 'colsample_bytree': 0.6987620780168105, 'learning_rate': 0.039897518602536534, 'max_depth': 3, 'min_child_weight': 10}. Best is trial 350 with value: 4.999194949595861.
[I 2026-03-17 17:12:08,927] Trial 560 finished with value: 4.94710426627965 and parameters: {'n_estimators': 798, 'lambda': 1.2366618594946391e-05, 'subsample': 0.9244051424332209, 'colsample_bytree': 0.7491774822393815, 'learning_rate': 0.04050972969076913, 'max_depth': 3, 'min_child_weight': 10}. Best is trial 350 with value: 4.999194949595861.
[I 2026-03-17 17:14:11,762] Trial 562 finished with value: 4.950062350692493 and parameters: {'n_estimators': 807, 'lambda': 1.3044645759134628e-05, 'subsample': 0.923988394008323, 'colsample_bytree': 0.6860377680809848, 'learning_rate': 0.054964703489355206, 'max_depth': 3, 'min_child_weight': 10}. Best is trial 350 with value: 4.999194949595861.
[I 2026-03-17 17:14:50,418] Trial 563 finished with value: 4.671653466634469 and parameters: {'n_estimators': 785, 'lambda': 1.8548480913295639e-06, 'subsample': 0.8863138389320062, 'colsample_bytree': 0.679210429984994, 'learning_rate': 0.05543748904193821, 'max_depth': 4, 'min_child_weight': 9}. Best is trial 350 with value: 4.999194949595861.
[I 2026-03-17 17:14:54,745] Trial 564 finished with value: 4.891304897844202 and parameters: {'n_estimators': 785, 'lambda': 0.3206222629621163, 'subsample': 0.44409748498535273, 'colsample_bytree': 0.6880977692625726, 'learning_rate': 0.05860755490785406, 'max_depth': 4, 'min_child_weight': 9}. Best is trial 350 with value: 4.999194949595861.
[I 2026-03-17 17:15:18,080] Trial 565 finished with value: 4.932465707561592 and parameters: {'n_estimators': 724, 'lambda': 1.1203553710635978e-05, 'subsample': 0.8840584252296113, 'colsample_bytree': 0.8671438083199792, 'learning_rate': 0.05606711201985758, 'max_depth': 4, 'min_child_weight': 9}. Best is trial 350 with value: 4.999194949595861.
[I 2026-03-17 17:15:31,295] Trial 566 finished with value: 4.325280807133138 and parameters: {'n_estimators': 724, 'lambda': 7.013997550898301e-06, 'subsample': 0.8831788910818051, 'colsample_bytree': 0.6940797411425423, 'learning_rate': 0.556733841897064, 'max_depth': 3, 'min_child_weight': 9}. Best is trial 350 with value: 4.999194949595861.
[I 2026-03-17 17:16:21,890] Trial 567 finished with value: 4.88611307323772 and parameters: {'n_estimators': 746, 'lambda': 3.574923611801932e-08, 'subsample': 0.885100828806068, 'colsample_bytree': 0.6852519881842309, 'learning_rate': 0.05867331007031476, 'max_depth': 4, 'min_child_weight': 9}. Best is trial 350 with value: 4.999194949595861.
[I 2026-03-17 17:17:56,750] Trial 569 finished with value: 4.814999780350909 and parameters: {'n_estimators': 659, 'lambda': 4.848818512109342e-06, 'subsample': 0.4194865502445076, 'colsample_bytree': 0.869245584746372, 'learning_rate': 0.1091066388421231, 'max_depth': 3, 'min_child_weight': 9}. Best is trial 350 with value: 4.999194949595861.
[I 2026-03-17 17:18:09,299] Trial 568 finished with value: 4.94351484068706 and parameters: {'n_estimators': 832, 'lambda': 4.050369752080124e-06, 'subsample': 0.9833190913933879, 'colsample_bytree': 0.6840372397276971, 'learning_rate': 0.057513654848568976, 'max_depth': 3, 'min_child_weight': 9}. Best is trial 350 with value: 4.999194949595861.
[I 2026-03-17 17:18:25,934] Trial 571 finished with value: 4.889393810155731 and parameters: {'n_estimators': 665, 'lambda': 4.329292537986617e-06, 'subsample': 0.9893382991155442, 'colsample_bytree': 0.6817507759760678, 'learning_rate': 0.10812943094108798, 'max_depth': 3, 'min_child_weight': 10}. Best is trial 350 with value: 4.999194949595861.
[I 2026-03-17 17:18:49,222] Trial 570 finished with value: 4.595075745473853 and parameters: {'n_estimators': 811, 'lambda': 5.226947522426131e-06, 'subsample': 0.41403318912586795, 'colsample_bytree': 0.687073563920383, 'learning_rate': 0.06651064189853041, 'max_depth': 3, 'min_child_weight': 10}. Best is trial 350 with value: 4.999194949595861.
[I 2026-03-17 17:19:22,029] Trial 572 finished with value: 4.672494500676912 and parameters: {'n_estimators': 816, 'lambda': 6.986487344313594e-06, 'subsample': 0.40856333079928675, 'colsample_bytree': 0.8975377859615146, 'learning_rate': 0.11342324232761747, 'max_depth': 3, 'min_child_weight': 10}. Best is trial 350 with value: 4.999194949595861.
[I 2026-03-17 17:19:35,047] Trial 573 finished with value: 4.939447017258194 and parameters: {'n_estimators': 664, 'lambda': 4.392140728875784e-06, 'subsample': 0.9287857878962721, 'colsample_bytree': 0.6771817634226889, 'learning_rate': 0.06950211174692827, 'max_depth': 3, 'min_child_weight': 10}. Best is trial 350 with value: 4.999194949595861.
[I 2026-03-17 17:21:15,522] Trial 575 finished with value: 4.928904359842188 and parameters: {'n_estimators': 666, 'lambda': 9.306373820225155e-06, 'subsample': 0.9274951160310467, 'colsample_bytree': 0.6610478332115532, 'learning_rate': 0.0685071760437695, 'max_depth': 3, 'min_child_weight': 10}. Best is trial 350 with value: 4.999194949595861.
[I 2026-03-17 17:21:43,948] Trial 576 finished with value: 4.7133461456396155 and parameters: {'n_estimators': 699, 'lambda': 5.980805223908826e-06, 'subsample': 0.24199231320622833, 'colsample_bytree': 0.8946248824842189, 'learning_rate': 0.0673033363619586, 'max_depth': 3, 'min_child_weight': 4}. Best is trial 350 with value: 4.999194949595861.
[I 2026-03-17 17:21:47,847] Trial 574 finished with value: 4.906221178306595 and parameters: {'n_estimators': 809, 'lambda': 0.0002616698960131385, 'subsample': 0.9857522024017076, 'colsample_bytree': 0.6582653064136258, 'learning_rate': 0.06864371699179309, 'max_depth': 3, 'min_child_weight': 10}. Best is trial 350 with value: 4.999194949595861.
[I 2026-03-17 17:22:37,584] Trial 577 finished with value: 4.8840561457553 and parameters: {'n_estimators': 813, 'lambda': 6.046161825506536e-06, 'subsample': 0.9275693200583919, 'colsample_bytree': 0.6545601150828901, 'learning_rate': 0.06880687124896583, 'max_depth': 3, 'min_child_weight': 4}. Best is trial 350 with value: 4.999194949595861.
[I 2026-03-17 17:22:41,647] Trial 578 finished with value: 4.900342553373414 and parameters: {'n_estimators': 699, 'lambda': 5.833277329598906e-06, 'subsample': 0.9281208282909734, 'colsample_bytree': 0.653966606740472, 'learning_rate': 0.06963100210378498, 'max_depth': 3, 'min_child_weight': 10}. Best is trial 350 with value: 4.999194949595861.
[I 2026-03-17 17:22:57,489] Trial 579 finished with value: 4.859532465265816 and parameters: {'n_estimators': 705, 'lambda': 2.082757016502455e-05, 'subsample': 0.5055024355354443, 'colsample_bytree': 0.6566253424609322, 'learning_rate': 0.06767235327177773, 'max_depth': 3, 'min_child_weight': 10}. Best is trial 350 with value: 4.999194949595861.
[I 2026-03-17 17:24:40,093] Trial 580 finished with value: 4.939810038774265 and parameters: {'n_estimators': 698, 'lambda': 0.00013059347591609004, 'subsample': 0.9106309848341855, 'colsample_bytree': 0.7043139092772068, 'learning_rate': 0.052807748370789914, 'max_depth': 3, 'min_child_weight': 10}. Best is trial 350 with value: 4.999194949595861.
[I 2026-03-17 17:24:52,614] Trial 582 finished with value: 4.87639516132403 and parameters: {'n_estimators': 648, 'lambda': 2.194285744019248e-05, 'subsample': 0.9079688495013757, 'colsample_bytree': 0.7057769856852967, 'learning_rate': 0.052639756470663074, 'max_depth': 3, 'min_child_weight': 10}. Best is trial 350 with value: 4.999194949595861.
[I 2026-03-17 17:25:41,615] Trial 581 finished with value: 4.6261218858750635 and parameters: {'n_estimators': 841, 'lambda': 9.071011776430603e-06, 'subsample': 0.3723514702101023, 'colsample_bytree': 0.7033527797638993, 'learning_rate': 0.049384743640396564, 'max_depth': 3, 'min_child_weight': 10}. Best is trial 350 with value: 4.999194949595861.
[I 2026-03-17 17:25:41,652] Trial 583 finished with value: 4.620492387007159 and parameters: {'n_estimators': 649, 'lambda': 1.5543397616441068e-05, 'subsample': 0.9036779062852225, 'colsample_bytree': 0.7030297171932428, 'learning_rate': 0.2972344687434271, 'max_depth': 3, 'min_child_weight': 10}. Best is trial 350 with value: 4.999194949595861.
[I 2026-03-17 17:25:45,275] Trial 584 finished with value: 4.452178834992536 and parameters: {'n_estimators': 644, 'lambda': 2.185995080608978e-05, 'subsample': 0.906498812030685, 'colsample_bytree': 0.7031944165003932, 'learning_rate': 0.20614314685499255, 'max_depth': 3, 'min_child_weight': 10}. Best is trial 350 with value: 4.999194949595861.
[I 2026-03-17 17:26:01,372] Trial 585 finished with value: 4.932044304009453 and parameters: {'n_estimators': 654, 'lambda': 0.020971815663706015, 'subsample': 0.9072505841258018, 'colsample_bytree': 0.7005496412466679, 'learning_rate': 0.05196055177804436, 'max_depth': 3, 'min_child_weight': 10}. Best is trial 350 with value: 4.999194949595861.
[I 2026-03-17 17:26:46,379] Trial 591 finished with value: 4.268789705496936 and parameters: {'n_estimators': 150, 'lambda': 0.00018635591635635958, 'subsample': 0.9659691521866164, 'colsample_bytree': 0.7304833498537642, 'learning_rate': 0.04187507425850968, 'max_depth': 3, 'min_child_weight': 10}. Best is trial 350 with value: 4.999194949595861.
[I 2026-03-17 17:27:39,962] Trial 586 finished with value: 4.9234536781588165 and parameters: {'n_estimators': 634, 'lambda': 0.00017115213887611166, 'subsample': 0.9012812179004346, 'colsample_bytree': 0.7216497873047331, 'learning_rate': 0.04881718867084427, 'max_depth': 3, 'min_child_weight': 10}. Best is trial 350 with value: 4.999194949595861.
[I 2026-03-17 17:27:55,848] Trial 587 finished with value: 4.747220027859202 and parameters: {'n_estimators': 646, 'lambda': 3.263200592367309e-06, 'subsample': 0.38050997842023776, 'colsample_bytree': 0.7314983399914519, 'learning_rate': 0.04346880953412865, 'max_depth': 3, 'min_child_weight': 10}. Best is trial 350 with value: 4.999194949595861.
[I 2026-03-17 17:28:57,557] Trial 590 finished with value: 4.862840147463201 and parameters: {'n_estimators': 673, 'lambda': 3.061484209298702e-06, 'subsample': 0.9683451640833558, 'colsample_bytree': 0.7316716658824964, 'learning_rate': 0.0411102314725828, 'max_depth': 3, 'min_child_weight': 10}. Best is trial 350 with value: 4.999194949595861.
[I 2026-03-17 17:29:46,310] Trial 588 finished with value: 4.870390299272312 and parameters: {'n_estimators': 851, 'lambda': 0.23393965994885996, 'subsample': 0.9691718036863738, 'colsample_bytree': 0.5206351109186407, 'learning_rate': 0.030249534001554754, 'max_depth': 3, 'min_child_weight': 10}. Best is trial 350 with value: 4.999194949595861.
[I 2026-03-17 17:29:49,093] Trial 589 finished with value: 4.889913272414916 and parameters: {'n_estimators': 853, 'lambda': 0.020753192582459147, 'subsample': 0.953051139832158, 'colsample_bytree': 0.520134783353026, 'learning_rate': 0.0311288951480564, 'max_depth': 3, 'min_child_weight': 10}. Best is trial 350 with value: 4.999194949595861.
[I 2026-03-17 17:29:56,201] Trial 592 finished with value: 4.879920649005928 and parameters: {'n_estimators': 670, 'lambda': 0.00014259246689772456, 'subsample': 0.955002786759684, 'colsample_bytree': 0.7216445445243203, 'learning_rate': 0.08416988982583234, 'max_depth': 3, 'min_child_weight': 10}. Best is trial 350 with value: 4.999194949595861.
[I 2026-03-17 17:30:53,663] Trial 593 finished with value: 4.885365063381779 and parameters: {'n_estimators': 674, 'lambda': 0.2874609699535565, 'subsample': 0.9543040890055616, 'colsample_bytree': 0.7306695812623794, 'learning_rate': 0.08527271395082914, 'max_depth': 3, 'min_child_weight': 10}. Best is trial 350 with value: 4.999194949595861.
[I 2026-03-17 17:31:05,296] Trial 594 finished with value: 4.808402759847553 and parameters: {'n_estimators': 674, 'lambda': 0.0003142656002751387, 'subsample': 0.953061482778572, 'colsample_bytree': 0.6805935692297264, 'learning_rate': 0.08463962910201374, 'max_depth': 3, 'min_child_weight': 10}. Best is trial 350 with value: 4.999194949595861.
[I 2026-03-17 17:32:19,017] Trial 595 finished with value: 4.875900820431784 and parameters: {'n_estimators': 701, 'lambda': 0.4006902370097604, 'subsample': 0.8899430553382058, 'colsample_bytree': 0.7863403015738746, 'learning_rate': 0.07991929629212957, 'max_depth': 3, 'min_child_weight': 10}. Best is trial 350 with value: 4.999194949595861.
[I 2026-03-17 17:33:07,276] Trial 596 finished with value: 4.893969139811024 and parameters: {'n_estimators': 710, 'lambda': 0.04545881996914137, 'subsample': 0.8724429196064947, 'colsample_bytree': 0.6735766839079922, 'learning_rate': 0.08434874053652658, 'max_depth': 3, 'min_child_weight': 2}. Best is trial 350 with value: 4.999194949595861.
[I 2026-03-17 17:33:12,452] Trial 597 finished with value: 4.63224790901784 and parameters: {'n_estimators': 710, 'lambda': 0.0002596074106465624, 'subsample': 0.8732894766158565, 'colsample_bytree': 0.6751803759539216, 'learning_rate': 0.08815162185593178, 'max_depth': 3, 'min_child_weight': 9}. Best is trial 350 with value: 4.999194949595861.
[I 2026-03-17 17:33:18,807] Trial 598 finished with value: 4.860883664669115 and parameters: {'n_estimators': 716, 'lambda': 0.4586979909967425, 'subsample': 0.8896253272274718, 'colsample_bytree': 0.675117149892417, 'learning_rate': 0.0977135932099045, 'max_depth': 3, 'min_child_weight': 9}. Best is trial 350 with value: 4.999194949595861.
[I 2026-03-17 17:33:48,439] Trial 604 finished with value: 4.285952695009223 and parameters: {'n_estimators': 96, 'lambda': 0.1602876135613417, 'subsample': 0.9189749662061368, 'colsample_bytree': 0.6578726039390471, 'learning_rate': 0.05915615179808033, 'max_depth': 3, 'min_child_weight': 10}. Best is trial 350 with value: 4.999194949595861.
[I 2026-03-17 17:34:20,332] Trial 599 finished with value: 4.932477911852412 and parameters: {'n_estimators': 717, 'lambda': 0.00026672626101868513, 'subsample': 0.8869127182827059, 'colsample_bytree': 0.6731525597658509, 'learning_rate': 0.07866447199834245, 'max_depth': 3, 'min_child_weight': 9}. Best is trial 350 with value: 4.999194949595861.
[I 2026-03-17 17:34:25,343] Trial 600 finished with value: 4.869760271216896 and parameters: {'n_estimators': 715, 'lambda': 0.05355709393678399, 'subsample': 0.8909368777154432, 'colsample_bytree': 0.6706332703526636, 'learning_rate': 0.0965639157693975, 'max_depth': 3, 'min_child_weight': 9}. Best is trial 350 with value: 4.999194949595861.
[I 2026-03-17 17:36:31,682] Trial 602 finished with value: 4.918626303606164 and parameters: {'n_estimators': 713, 'lambda': 0.15476804679486442, 'subsample': 0.9172703636183706, 'colsample_bytree': 0.6403915937124995, 'learning_rate': 0.0586839922013002, 'max_depth': 3, 'min_child_weight': 9}. Best is trial 350 with value: 4.999194949595861.
[I 2026-03-17 17:36:31,787] Trial 601 finished with value: 4.9382620867776055 and parameters: {'n_estimators': 873, 'lambda': 0.15453622705061104, 'subsample': 0.865521981700767, 'colsample_bytree': 0.6393822428536079, 'learning_rate': 0.05970399408919678, 'max_depth': 3, 'min_child_weight': 9}. Best is trial 350 with value: 4.999194949595861.
[I 2026-03-17 17:36:35,896] Trial 603 finished with value: 4.882701829749349 and parameters: {'n_estimators': 727, 'lambda': 0.15970219978528133, 'subsample': 0.9191662988455408, 'colsample_bytree': 0.6117496355935955, 'learning_rate': 0.05717099233172046, 'max_depth': 3, 'min_child_weight': 10}. Best is trial 350 with value: 4.999194949595861.
[I 2026-03-17 17:37:10,939] Trial 605 finished with value: 4.951035644423424 and parameters: {'n_estimators': 731, 'lambda': 0.07399457703736147, 'subsample': 0.9333577929840675, 'colsample_bytree': 0.6090066450472646, 'learning_rate': 0.0567230556043765, 'max_depth': 3, 'min_child_weight': 10}. Best is trial 350 with value: 4.999194949595861.
[I 2026-03-17 17:37:45,350] Trial 606 finished with value: 4.8710841365511275 and parameters: {'n_estimators': 743, 'lambda': 0.08274510468547676, 'subsample': 0.931372585944363, 'colsample_bytree': 0.6428430740731109, 'learning_rate': 0.05662162087633017, 'max_depth': 3, 'min_child_weight': 10}. Best is trial 350 with value: 4.999194949595861.
[I 2026-03-17 17:40:05,760] Trial 609 finished with value: 4.9331766538962025 and parameters: {'n_estimators': 746, 'lambda': 0.012752093476578557, 'subsample': 0.9343347215175126, 'colsample_bytree': 0.6134281379596217, 'learning_rate': 0.049410514314389246, 'max_depth': 3, 'min_child_weight': 10}. Best is trial 350 with value: 4.999194949595861.
[I 2026-03-17 17:40:17,597] Trial 610 finished with value: 4.9205166674836445 and parameters: {'n_estimators': 754, 'lambda': 0.07577771388190235, 'subsample': 0.9400939585362986, 'colsample_bytree': 0.6932212396460062, 'learning_rate': 0.06923368263569196, 'max_depth': 3, 'min_child_weight': 10}. Best is trial 350 with value: 4.999194949595861.
[I 2026-03-17 17:40:38,605] Trial 608 finished with value: 4.925622620994635 and parameters: {'n_estimators': 877, 'lambda': 0.9861904347434024, 'subsample': 0.931772179430797, 'colsample_bytree': 0.6106294468427804, 'learning_rate': 0.04780323700257227, 'max_depth': 3, 'min_child_weight': 10}. Best is trial 350 with value: 4.999194949595861.
[I 2026-03-17 17:41:17,475] Trial 612 finished with value: 4.904511610661585 and parameters: {'n_estimators': 747, 'lambda': 1.200300654018459e-06, 'subsample': 0.9361791248239505, 'colsample_bytree': 0.6037849543189531, 'learning_rate': 0.071047913530625, 'max_depth': 3, 'min_child_weight': 10}. Best is trial 350 with value: 4.999194949595861.
[I 2026-03-17 17:41:17,477] Trial 607 finished with value: 4.644638407002365 and parameters: {'n_estimators': 748, 'lambda': 0.15429398131556202, 'subsample': 0.9321953520703822, 'colsample_bytree': 0.6100083508342932, 'learning_rate': 0.05505279331696504, 'max_depth': 7, 'min_child_weight': 10}. Best is trial 350 with value: 4.999194949595861.
[I 2026-03-17 17:43:32,243] Trial 613 finished with value: 4.932869421955665 and parameters: {'n_estimators': 757, 'lambda': 0.06255307496051922, 'subsample': 0.940127017261898, 'colsample_bytree': 0.583680879420622, 'learning_rate': 0.07158412058089232, 'max_depth': 3, 'min_child_weight': 10}. Best is trial 350 with value: 4.999194949595861.
[I 2026-03-17 17:43:52,304] Trial 615 finished with value: 4.381385592418463 and parameters: {'n_estimators': 691, 'lambda': 1.7413045762230328e-07, 'subsample': 0.8533081442557185, 'colsample_bytree': 0.5819209403183835, 'learning_rate': 0.39039073624470144, 'max_depth': 3, 'min_child_weight': 6}. Best is trial 350 with value: 4.999194949595861.
[I 2026-03-17 17:43:56,973] Trial 611 finished with value: 4.672681188790262 and parameters: {'n_estimators': 751, 'lambda': 0.06538481848136309, 'subsample': 0.9396717647019394, 'colsample_bytree': 0.5960496027962678, 'learning_rate': 0.07411732100294165, 'max_depth': 7, 'min_child_weight': 10}. Best is trial 350 with value: 4.999194949595861.
[I 2026-03-17 17:44:26,749] Trial 617 finished with value: 4.894692858527499 and parameters: {'n_estimators': 688, 'lambda': 4.4231081066956813e-07, 'subsample': 0.9001735148515374, 'colsample_bytree': 0.5900176378252129, 'learning_rate': 0.07394515801764337, 'max_depth': 3, 'min_child_weight': 6}. Best is trial 350 with value: 4.999194949595861.
[I 2026-03-17 17:44:30,513] Trial 616 finished with value: 4.877945464391866 and parameters: {'n_estimators': 690, 'lambda': 0.029888415560003156, 'subsample': 0.9035843448084586, 'colsample_bytree': 0.6259811325845369, 'learning_rate': 0.07226502609515693, 'max_depth': 3, 'min_child_weight': 10}. Best is trial 350 with value: 4.999194949595861.
[I 2026-03-17 17:46:48,962] Trial 618 finished with value: 4.858431942784234 and parameters: {'n_estimators': 691, 'lambda': 4.980829434060501e-07, 'subsample': 0.9000683804617696, 'colsample_bytree': 0.5547314665854218, 'learning_rate': 0.03987590720138144, 'max_depth': 3, 'min_child_weight': 10}. Best is trial 350 with value: 4.999194949595861.
[I 2026-03-17 17:47:13,683] Trial 614 finished with value: 3.985307178321363 and parameters: {'n_estimators': 736, 'lambda': 0.027214839351886174, 'subsample': 0.9016939079063998, 'colsample_bytree': 0.6053179355633462, 'learning_rate': 0.46723641462699433, 'max_depth': 7, 'min_child_weight': 10}. Best is trial 350 with value: 4.999194949595861.
[I 2026-03-17 17:47:17,076] Trial 619 finished with value: 4.918458765731639 and parameters: {'n_estimators': 727, 'lambda': 0.03474984884390973, 'subsample': 0.8978043324509054, 'colsample_bytree': 0.626786097249329, 'learning_rate': 0.0462944471146822, 'max_depth': 3, 'min_child_weight': 10}. Best is trial 350 with value: 4.999194949595861.
