[I 2026-03-16 12:36:14,094] Trial 1101 finished with value: 7.238180051726413 and parameters: {'n_estimators': 368, 'lambda': 0.006816696508465946, 'subsample': 0.8841213459892322, 'colsample_bytree': 0.9129269872139342, 'learning_rate': 0.610821714016578, 'max_depth': 3, 'min_child_weight': 6}. Best is trial 830 with value: 7.454100209461071.
[I 2026-03-16 12:36:42,721] Trial 1102 finished with value: 7.374794133096265 and parameters: {'n_estimators': 363, 'lambda': 0.0060570600846374485, 'subsample': 0.9121475931344181, 'colsample_bytree': 0.88075175557289, 'learning_rate': 0.611755104651549, 'max_depth': 3, 'min_child_weight': 6}. Best is trial 830 with value: 7.454100209461071.
[I 2026-03-16 12:37:20,192] Trial 1103 finished with value: 7.231220004783836 and parameters: {'n_estimators': 371, 'lambda': 0.0028624817825671054, 'subsample': 0.9854784508336942, 'colsample_bytree': 0.9100546970501175, 'learning_rate': 0.6147297211508498, 'max_depth': 3, 'min_child_weight': 6}. Best is trial 830 with value: 7.454100209461071.
[I 2026-03-16 12:37:34,751] Trial 1105 finished with value: 7.128997896914717 and parameters: {'n_estimators': 364, 'lambda': 0.0030643650828223617, 'subsample': 0.9128056631479723, 'colsample_bytree': 0.9155484887241656, 'learning_rate': 0.6118170507507689, 'max_depth': 3, 'min_child_weight': 6}. Best is trial 830 with value: 7.454100209461071.
[I 2026-03-16 12:37:35,487] Trial 1104 finished with value: 7.209910333127111 and parameters: {'n_estimators': 377, 'lambda': 0.003578865491615914, 'subsample': 0.9131816785360226, 'colsample_bytree': 0.9075087060390267, 'learning_rate': 0.6167594111962301, 'max_depth': 3, 'min_child_weight': 6}. Best is trial 830 with value: 7.454100209461071.
[I 2026-03-16 12:37:35,521] Trial 1106 finished with value: 7.355788660741634 and parameters: {'n_estimators': 377, 'lambda': 0.00303867533167652, 'subsample': 0.9851771380850163, 'colsample_bytree': 0.8743988608686677, 'learning_rate': 0.624343214699379, 'max_depth': 3, 'min_child_weight': 6}. Best is trial 830 with value: 7.454100209461071.
[I 2026-03-16 12:37:50,478] Trial 1107 finished with value: 7.2259925622018795 and parameters: {'n_estimators': 396, 'lambda': 0.0028354537791799067, 'subsample': 0.981492675926957, 'colsample_bytree': 0.8742301528722919, 'learning_rate': 0.6207755257174002, 'max_depth': 3, 'min_child_weight': 6}. Best is trial 830 with value: 7.454100209461071.
[I 2026-03-16 12:38:25,492] Trial 1108 finished with value: 7.178717634060543 and parameters: {'n_estimators': 388, 'lambda': 0.009868986671323125, 'subsample': 0.9042322541418669, 'colsample_bytree': 0.8821429924922715, 'learning_rate': 0.6112531499447301, 'max_depth': 3, 'min_child_weight': 6}. Best is trial 830 with value: 7.454100209461071.
[I 2026-03-16 12:39:08,417] Trial 1109 finished with value: 7.1091983938582235 and parameters: {'n_estimators': 371, 'lambda': 0.011149783095813173, 'subsample': 0.8872311781327368, 'colsample_bytree': 0.8888548272076843, 'learning_rate': 0.6274633204963169, 'max_depth': 3, 'min_child_weight': 6}. Best is trial 830 with value: 7.454100209461071.
[I 2026-03-16 12:39:16,821] Trial 1111 finished with value: 7.240856148513275 and parameters: {'n_estimators': 353, 'lambda': 0.00519599171356165, 'subsample': 0.8869018565859061, 'colsample_bytree': 0.8818264536128871, 'learning_rate': 0.6164789105553239, 'max_depth': 3, 'min_child_weight': 6}. Best is trial 830 with value: 7.454100209461071.
[I 2026-03-16 12:39:30,643] Trial 1112 finished with value: 7.243852206681547 and parameters: {'n_estimators': 392, 'lambda': 0.0049281953303414285, 'subsample': 0.8980680702349924, 'colsample_bytree': 0.8886625970694201, 'learning_rate': 0.626632722753632, 'max_depth': 3, 'min_child_weight': 6}. Best is trial 830 with value: 7.454100209461071.
[I 2026-03-16 12:39:33,999] Trial 1110 finished with value: 7.1843304568633375 and parameters: {'n_estimators': 396, 'lambda': 0.011634868954313343, 'subsample': 0.8798711809737457, 'colsample_bytree': 0.8875869303227699, 'learning_rate': 0.6307097917757012, 'max_depth': 3, 'min_child_weight': 6}. Best is trial 830 with value: 7.454100209461071.
[I 2026-03-16 12:39:40,680] Trial 1113 finished with value: 7.289233039212469 and parameters: {'n_estimators': 399, 'lambda': 0.012928341964651384, 'subsample': 0.9019647280087033, 'colsample_bytree': 0.8865953801896398, 'learning_rate': 0.6315963477450038, 'max_depth': 3, 'min_child_weight': 6}. Best is trial 830 with value: 7.454100209461071.
[I 2026-03-16 12:40:17,759] Trial 1114 finished with value: 7.1600578662695575 and parameters: {'n_estimators': 391, 'lambda': 0.0038619174472060177, 'subsample': 0.8858694293630291, 'colsample_bytree': 0.8812392906434369, 'learning_rate': 0.6263288258951158, 'max_depth': 3, 'min_child_weight': 6}. Best is trial 830 with value: 7.454100209461071.
[I 2026-03-16 12:40:48,692] Trial 1115 finished with value: 7.218584379663738 and parameters: {'n_estimators': 351, 'lambda': 0.004694239143273188, 'subsample': 0.9328174803738589, 'colsample_bytree': 0.8694487795300428, 'learning_rate': 0.6257818383080788, 'max_depth': 3, 'min_child_weight': 6}. Best is trial 830 with value: 7.454100209461071.
[I 2026-03-16 12:41:00,823] Trial 1116 finished with value: 7.297997139805899 and parameters: {'n_estimators': 350, 'lambda': 0.004913761079518597, 'subsample': 0.9196377175494332, 'colsample_bytree': 0.8918503272209349, 'learning_rate': 0.6299980097983232, 'max_depth': 3, 'min_child_weight': 6}. Best is trial 830 with value: 7.454100209461071.
[I 2026-03-16 12:41:01,025] Trial 1117 finished with value: 7.215325871444157 and parameters: {'n_estimators': 326, 'lambda': 0.004193219771338557, 'subsample': 0.9259154416079679, 'colsample_bytree': 0.8699726777395221, 'learning_rate': 0.6006064852791109, 'max_depth': 3, 'min_child_weight': 6}. Best is trial 830 with value: 7.454100209461071.
[I 2026-03-16 12:41:13,246] Trial 1118 finished with value: 7.075899033704932 and parameters: {'n_estimators': 352, 'lambda': 0.001526256435640977, 'subsample': 0.9276429846034006, 'colsample_bytree': 0.8671749179299738, 'learning_rate': 0.6042264739692919, 'max_depth': 3, 'min_child_weight': 6}. Best is trial 830 with value: 7.454100209461071.
[I 2026-03-16 12:41:21,073] Trial 1119 finished with value: 7.196709088751238 and parameters: {'n_estimators': 350, 'lambda': 0.004512003509335614, 'subsample': 0.9234451854439599, 'colsample_bytree': 0.8646640772680799, 'learning_rate': 0.5985320422530788, 'max_depth': 3, 'min_child_weight': 6}. Best is trial 830 with value: 7.454100209461071.
[I 2026-03-16 12:41:54,919] Trial 1120 finished with value: 7.156386952971449 and parameters: {'n_estimators': 351, 'lambda': 0.0013776924750761872, 'subsample': 0.9230548390924562, 'colsample_bytree': 0.8679770659209036, 'learning_rate': 0.6008503933769584, 'max_depth': 3, 'min_child_weight': 6}. Best is trial 830 with value: 7.454100209461071.
[I 2026-03-16 12:42:20,101] Trial 1121 finished with value: 7.233684464748657 and parameters: {'n_estimators': 329, 'lambda': 0.0015183557957446612, 'subsample': 0.9257593409732248, 'colsample_bytree': 0.8675834406049987, 'learning_rate': 0.6012940455241361, 'max_depth': 3, 'min_child_weight': 6}. Best is trial 830 with value: 7.454100209461071.
[I 2026-03-16 12:42:31,278] Trial 1122 finished with value: 7.13245573352552 and parameters: {'n_estimators': 325, 'lambda': 0.0014362411228744383, 'subsample': 0.9268511681272446, 'colsample_bytree': 0.8524297608586132, 'learning_rate': 0.5918601194604717, 'max_depth': 3, 'min_child_weight': 6}. Best is trial 830 with value: 7.454100209461071.
[I 2026-03-16 12:42:36,077] Trial 1123 finished with value: 7.19220236426297 and parameters: {'n_estimators': 326, 'lambda': 0.001478110624580661, 'subsample': 0.9307338607443756, 'colsample_bytree': 0.8527477163626834, 'learning_rate': 0.591075678358784, 'max_depth': 3, 'min_child_weight': 6}. Best is trial 830 with value: 7.454100209461071.
[I 2026-03-16 12:42:49,232] Trial 1124 finished with value: 7.254582166925864 and parameters: {'n_estimators': 329, 'lambda': 0.0014311257635317347, 'subsample': 0.9269854359655475, 'colsample_bytree': 0.8502909790218837, 'learning_rate': 0.5903739949194389, 'max_depth': 3, 'min_child_weight': 6}. Best is trial 830 with value: 7.454100209461071.
[I 2026-03-16 12:42:55,118] Trial 1125 finished with value: 7.153970096204727 and parameters: {'n_estimators': 324, 'lambda': 0.0014623842314072525, 'subsample': 0.9337918683899611, 'colsample_bytree': 0.9247175291713071, 'learning_rate': 0.5890885685003581, 'max_depth': 3, 'min_child_weight': 6}. Best is trial 830 with value: 7.454100209461071.
[I 2026-03-16 12:43:37,728] Trial 1126 finished with value: 7.158630513819656 and parameters: {'n_estimators': 325, 'lambda': 0.008071036523484008, 'subsample': 0.9581806619755294, 'colsample_bytree': 0.8462242535026927, 'learning_rate': 0.5895121546558619, 'max_depth': 3, 'min_child_weight': 6}. Best is trial 830 with value: 7.454100209461071.
[I 2026-03-16 12:43:49,566] Trial 1127 finished with value: 7.327014120290206 and parameters: {'n_estimators': 325, 'lambda': 0.007869200157105658, 'subsample': 0.9996214777867272, 'colsample_bytree': 0.8513918886617655, 'learning_rate': 0.5863972354568215, 'max_depth': 3, 'min_child_weight': 6}. Best is trial 830 with value: 7.454100209461071.
[I 2026-03-16 12:43:59,959] Trial 1128 finished with value: 7.333379897631827 and parameters: {'n_estimators': 326, 'lambda': 0.006983241599903567, 'subsample': 0.9523342472278739, 'colsample_bytree': 0.8457385965564079, 'learning_rate': 0.5827909049907629, 'max_depth': 3, 'min_child_weight': 6}. Best is trial 830 with value: 7.454100209461071.
[I 2026-03-16 12:44:02,964] Trial 1129 finished with value: 7.195756243697744 and parameters: {'n_estimators': 319, 'lambda': 0.008219486854898726, 'subsample': 0.9585612576634989, 'colsample_bytree': 0.8435076405644315, 'learning_rate': 0.5818442171948661, 'max_depth': 3, 'min_child_weight': 6}. Best is trial 830 with value: 7.454100209461071.
[I 2026-03-16 12:44:14,444] Trial 1130 finished with value: 7.277691074824268 and parameters: {'n_estimators': 315, 'lambda': 0.007700936952195711, 'subsample': 0.966566224616151, 'colsample_bytree': 0.8415264175604732, 'learning_rate': 0.579411049031979, 'max_depth': 3, 'min_child_weight': 6}. Best is trial 830 with value: 7.454100209461071.
[I 2026-03-16 12:44:20,336] Trial 1131 finished with value: 7.275635622656542 and parameters: {'n_estimators': 313, 'lambda': 0.008937225078923264, 'subsample': 0.9588693010977873, 'colsample_bytree': 0.8419690360452048, 'learning_rate': 0.5824399554089804, 'max_depth': 3, 'min_child_weight': 6}. Best is trial 830 with value: 7.454100209461071.
[I 2026-03-16 12:45:11,585] Trial 1132 finished with value: 7.242721097577322 and parameters: {'n_estimators': 310, 'lambda': 0.002698232045866374, 'subsample': 0.9577803670709355, 'colsample_bytree': 0.8971042889731268, 'learning_rate': 0.5768323889569765, 'max_depth': 3, 'min_child_weight': 5}. Best is trial 830 with value: 7.454100209461071.
[I 2026-03-16 12:45:35,562] Trial 1133 finished with value: 7.1462872812197284 and parameters: {'n_estimators': 368, 'lambda': 0.002427953196199127, 'subsample': 0.9581934926534527, 'colsample_bytree': 0.84070460380786, 'learning_rate': 0.5747651778440194, 'max_depth': 3, 'min_child_weight': 5}. Best is trial 830 with value: 7.454100209461071.
[I 2026-03-16 12:45:52,076] Trial 1134 finished with value: 7.193304220576057 and parameters: {'n_estimators': 366, 'lambda': 0.002569886234321177, 'subsample': 0.9639317758050591, 'colsample_bytree': 0.8379730239684434, 'learning_rate': 0.5742559615136168, 'max_depth': 3, 'min_child_weight': 5}. Best is trial 830 with value: 7.454100209461071.
[I 2026-03-16 12:45:52,088] Trial 1135 finished with value: 7.260800983058795 and parameters: {'n_estimators': 366, 'lambda': 0.002708738237914467, 'subsample': 0.999795073771325, 'colsample_bytree': 0.9019902660092746, 'learning_rate': 0.6110015489940038, 'max_depth': 3, 'min_child_weight': 5}. Best is trial 830 with value: 7.454100209461071.
[I 2026-03-16 12:45:58,822] Trial 1136 finished with value: 7.1258520761934445 and parameters: {'n_estimators': 366, 'lambda': 0.002695539627155133, 'subsample': 0.9102203460635656, 'colsample_bytree': 0.9021198814785153, 'learning_rate': 0.5729276734340369, 'max_depth': 3, 'min_child_weight': 6}. Best is trial 830 with value: 7.454100209461071.
[I 2026-03-16 12:46:01,400] Trial 1137 finished with value: 7.316729126555197 and parameters: {'n_estimators': 366, 'lambda': 0.0027534720355056243, 'subsample': 0.9992417763752439, 'colsample_bytree': 0.9089272355736204, 'learning_rate': 0.6071638731672867, 'max_depth': 3, 'min_child_weight': 5}. Best is trial 830 with value: 7.454100209461071.
[I 2026-03-16 12:46:15,530] Trial 1138 finished with value: 7.307892351447732 and parameters: {'n_estimators': 370, 'lambda': 0.0009288046358712986, 'subsample': 0.98573818303165, 'colsample_bytree': 0.904045155443607, 'learning_rate': 0.6092636081689807, 'max_depth': 3, 'min_child_weight': 6}. Best is trial 830 with value: 7.454100209461071.
[I 2026-03-16 12:46:48,063] Trial 1139 finished with value: 7.323328319180112 and parameters: {'n_estimators': 349, 'lambda': 0.00330511605738579, 'subsample': 0.9075077899631858, 'colsample_bytree': 0.8667112492654011, 'learning_rate': 0.6101590314874726, 'max_depth': 3, 'min_child_weight': 6}. Best is trial 830 with value: 7.454100209461071.
[I 2026-03-16 12:47:34,445] Trial 1140 finished with value: 7.291374782305473 and parameters: {'n_estimators': 345, 'lambda': 0.0019813976218937914, 'subsample': 0.9086763679293046, 'colsample_bytree': 0.8666988800568489, 'learning_rate': 0.6074607431855497, 'max_depth': 3, 'min_child_weight': 6}. Best is trial 830 with value: 7.454100209461071.
[I 2026-03-16 12:47:50,801] Trial 1143 finished with value: 7.242627861170089 and parameters: {'n_estimators': 346, 'lambda': 0.0008291622223927093, 'subsample': 0.9816812938304829, 'colsample_bytree': 0.8710737943604536, 'learning_rate': 0.6120816498079659, 'max_depth': 3, 'min_child_weight': 6}. Best is trial 830 with value: 7.454100209461071.
[I 2026-03-16 12:47:54,565] Trial 1141 finished with value: 7.237923713571549 and parameters: {'n_estimators': 344, 'lambda': 0.003536917561572229, 'subsample': 0.9065416653046848, 'colsample_bytree': 0.868721504654205, 'learning_rate': 0.6056839863688583, 'max_depth': 3, 'min_child_weight': 6}. Best is trial 830 with value: 7.454100209461071.
[I 2026-03-16 12:47:54,585] Trial 1142 finished with value: 7.293769949015601 and parameters: {'n_estimators': 347, 'lambda': 0.0010014193940975824, 'subsample': 0.982257731931884, 'colsample_bytree': 0.8551099146458453, 'learning_rate': 0.6056671937910517, 'max_depth': 3, 'min_child_weight': 6}. Best is trial 830 with value: 7.454100209461071.
[I 2026-03-16 12:47:57,266] Trial 1145 finished with value: 7.210411132166688 and parameters: {'n_estimators': 248, 'lambda': 0.0007929983842783842, 'subsample': 0.9426377687516244, 'colsample_bytree': 0.86560743365457, 'learning_rate': 0.5666687736228452, 'max_depth': 3, 'min_child_weight': 6}. Best is trial 830 with value: 7.454100209461071.
[I 2026-03-16 12:47:59,356] Trial 1144 finished with value: 7.243761888533793 and parameters: {'n_estimators': 343, 'lambda': 0.0009035172316668755, 'subsample': 0.941328782630254, 'colsample_bytree': 0.8663906256087239, 'learning_rate': 0.5643782984292661, 'max_depth': 3, 'min_child_weight': 6}. Best is trial 830 with value: 7.454100209461071.
[I 2026-03-16 12:48:20,233] Trial 1146 finished with value: 7.191677408230831 and parameters: {'n_estimators': 251, 'lambda': 0.0009283249086016939, 'subsample': 0.9420862748538397, 'colsample_bytree': 0.8782827343385742, 'learning_rate': 0.5651101343458631, 'max_depth': 3, 'min_child_weight': 6}. Best is trial 830 with value: 7.454100209461071.
[I 2026-03-16 12:49:15,401] Trial 1147 finished with value: 7.195301604200621 and parameters: {'n_estimators': 302, 'lambda': 0.00021736515834463413, 'subsample': 0.9405860708889765, 'colsample_bytree': 0.828788704319351, 'learning_rate': 0.5658613067531872, 'max_depth': 3, 'min_child_weight': 6}. Best is trial 830 with value: 7.454100209461071.
[I 2026-03-16 12:49:23,019] Trial 1149 finished with value: 7.271023576076125 and parameters: {'n_estimators': 295, 'lambda': 0.0052360857691661775, 'subsample': 0.9688212799076348, 'colsample_bytree': 0.8257969194132525, 'learning_rate': 0.5898722977424331, 'max_depth': 3, 'min_child_weight': 6}. Best is trial 830 with value: 7.454100209461071.
[I 2026-03-16 12:49:28,040] Trial 1150 finished with value: 7.255517025297843 and parameters: {'n_estimators': 297, 'lambda': 0.0018327473947501991, 'subsample': 0.9721087227776661, 'colsample_bytree': 0.8278622591441877, 'learning_rate': 0.5911596196320212, 'max_depth': 3, 'min_child_weight': 6}. Best is trial 830 with value: 7.454100209461071.
[I 2026-03-16 12:49:33,716] Trial 1151 finished with value: 7.365385700257496 and parameters: {'n_estimators': 307, 'lambda': 0.00021678353043994453, 'subsample': 0.9782652017518941, 'colsample_bytree': 0.9243871395284506, 'learning_rate': 0.5898427370031123, 'max_depth': 3, 'min_child_weight': 6}. Best is trial 830 with value: 7.454100209461071.
[I 2026-03-16 12:49:36,132] Trial 1152 finished with value: 7.25326826351418 and parameters: {'n_estimators': 299, 'lambda': 0.00021300361194802534, 'subsample': 0.968669522090424, 'colsample_bytree': 0.9233354288559303, 'learning_rate': 0.5922682584581898, 'max_depth': 3, 'min_child_weight': 6}. Best is trial 830 with value: 7.454100209461071.
[I 2026-03-16 12:49:37,271] Trial 1148 finished with value: 7.316514029157345 and parameters: {'n_estimators': 297, 'lambda': 0.0019403174468707602, 'subsample': 0.9728904148739987, 'colsample_bytree': 0.8271338600616157, 'learning_rate': 0.5921035675727776, 'max_depth': 3, 'min_child_weight': 6}. Best is trial 830 with value: 7.454100209461071.
[I 2026-03-16 12:49:58,652] Trial 1153 finished with value: 7.184659551548922 and parameters: {'n_estimators': 298, 'lambda': 0.0018328329873447502, 'subsample': 0.9728099203082661, 'colsample_bytree': 0.8327427205822175, 'learning_rate': 0.5891042469588883, 'max_depth': 3, 'min_child_weight': 6}. Best is trial 830 with value: 7.454100209461071.
[I 2026-03-16 12:50:35,422] Trial 1155 finished with value: 7.346962700107675 and parameters: {'n_estimators': 216, 'lambda': 0.0013061684397161605, 'subsample': 0.9770170102291412, 'colsample_bytree': 0.8901888004010473, 'learning_rate': 0.577966643116594, 'max_depth': 3, 'min_child_weight': 6}. Best is trial 830 with value: 7.454100209461071.
[I 2026-03-16 12:51:06,829] Trial 1156 finished with value: 7.2325271730886875 and parameters: {'n_estimators': 274, 'lambda': 0.00025122932683300294, 'subsample': 0.9824390598745477, 'colsample_bytree': 0.8491931151276927, 'learning_rate': 0.5791004573855596, 'max_depth': 3, 'min_child_weight': 6}. Best is trial 830 with value: 7.454100209461071.
[I 2026-03-16 12:51:06,838] Trial 1157 finished with value: 7.197458832196947 and parameters: {'n_estimators': 268, 'lambda': 0.0002419051269256486, 'subsample': 0.9863830618655592, 'colsample_bytree': 0.8530430664959948, 'learning_rate': 0.5758732846010842, 'max_depth': 3, 'min_child_weight': 6}. Best is trial 830 with value: 7.454100209461071.
[I 2026-03-16 12:51:20,669] Trial 1159 finished with value: 7.259248735110264 and parameters: {'n_estimators': 263, 'lambda': 0.00039546848489228523, 'subsample': 0.9873890170468945, 'colsample_bytree': 0.851607852329685, 'learning_rate': 0.5726494699586252, 'max_depth': 3, 'min_child_weight': 6}. Best is trial 830 with value: 7.454100209461071.
[I 2026-03-16 12:51:26,079] Trial 1154 finished with value: 7.2192664133850375 and parameters: {'n_estimators': 306, 'lambda': 0.001987875687268519, 'subsample': 0.9743613576833411, 'colsample_bytree': 0.9253060951713747, 'learning_rate': 0.5959869675932186, 'max_depth': 3, 'min_child_weight': 6}. Best is trial 830 with value: 7.454100209461071.
[I 2026-03-16 12:51:27,728] Trial 1158 finished with value: 7.180372970170687 and parameters: {'n_estimators': 277, 'lambda': 0.00023840621430185885, 'subsample': 0.9877081232557887, 'colsample_bytree': 0.852987803161272, 'learning_rate': 0.5688084460921863, 'max_depth': 3, 'min_child_weight': 6}. Best is trial 830 with value: 7.454100209461071.
[I 2026-03-16 12:51:28,092] Trial 1160 finished with value: 7.345175644707327 and parameters: {'n_estimators': 272, 'lambda': 0.00024239690555938887, 'subsample': 0.9885660145960897, 'colsample_bytree': 0.8550514430797309, 'learning_rate': 0.5727876403205229, 'max_depth': 3, 'min_child_weight': 6}. Best is trial 830 with value: 7.454100209461071.
[I 2026-03-16 12:52:38,375] Trial 1162 finished with value: 7.2576396073235845 and parameters: {'n_estimators': 284, 'lambda': 0.00017566121191837575, 'subsample': 0.9988461621591828, 'colsample_bytree': 0.8390647759607623, 'learning_rate': 0.5610636955687003, 'max_depth': 3, 'min_child_weight': 6}. Best is trial 830 with value: 7.454100209461071.
[I 2026-03-16 12:52:48,698] Trial 1161 finished with value: 7.259029454082604 and parameters: {'n_estimators': 279, 'lambda': 0.00016962375441974777, 'subsample': 0.9875656761045275, 'colsample_bytree': 0.8378665080978629, 'learning_rate': 0.5609336454002901, 'max_depth': 3, 'min_child_weight': 6}. Best is trial 830 with value: 7.454100209461071.
[I 2026-03-16 12:52:56,924] Trial 1166 finished with value: 7.317839049513907 and parameters: {'n_estimators': 245, 'lambda': 0.0003661833344591054, 'subsample': 0.9528681381557377, 'colsample_bytree': 0.8368163543930344, 'learning_rate': 0.5562413886680696, 'max_depth': 3, 'min_child_weight': 7}. Best is trial 830 with value: 7.454100209461071.
