[I 2026-03-18 18:39:01,770] Trial 389 finished with value: 2.1426867744173306 and parameters: {'n_estimators': 151, 'lambda': 0.1291563701744656, 'subsample': 0.9865715381989528, 'colsample_bytree': 0.763668513566327, 'learning_rate': 0.05716515008597959, 'max_depth': 9, 'min_child_weight': 4}. Best is trial 284 with value: 2.255607787625958.
[I 2026-03-18 18:39:44,907] Trial 384 finished with value: 1.7469492642508118 and parameters: {'n_estimators': 579, 'lambda': 0.30348018600740057, 'subsample': 0.9544277344666107, 'colsample_bytree': 0.7833468553224879, 'learning_rate': 0.47801964153922816, 'max_depth': 9, 'min_child_weight': 4}. Best is trial 284 with value: 2.255607787625958.
[I 2026-03-18 18:41:07,801] Trial 386 finished with value: 2.1034662914353843 and parameters: {'n_estimators': 588, 'lambda': 9.502449023998354e-05, 'subsample': 0.9825714735029514, 'colsample_bytree': 0.7627281950897481, 'learning_rate': 0.11595251853603139, 'max_depth': 9, 'min_child_weight': 4}. Best is trial 284 with value: 2.255607787625958.
[I 2026-03-18 18:41:49,071] Trial 387 finished with value: 2.2420738052312563 and parameters: {'n_estimators': 585, 'lambda': 0.11562801388185709, 'subsample': 0.9558651644949264, 'colsample_bytree': 0.7663314804201157, 'learning_rate': 0.05676818320459573, 'max_depth': 9, 'min_child_weight': 4}. Best is trial 284 with value: 2.255607787625958.
[I 2026-03-18 18:42:02,490] Trial 385 finished with value: 2.2347419592608078 and parameters: {'n_estimators': 757, 'lambda': 0.25401792875575363, 'subsample': 0.9549662354232948, 'colsample_bytree': 0.7823666768488197, 'learning_rate': 0.06468862422931178, 'max_depth': 9, 'min_child_weight': 4}. Best is trial 284 with value: 2.255607787625958.
[I 2026-03-18 18:43:44,182] Trial 388 finished with value: 1.6851145644662875 and parameters: {'n_estimators': 756, 'lambda': 0.13241786023725716, 'subsample': 0.9823995462543756, 'colsample_bytree': 0.8849029955782468, 'learning_rate': 0.6460851777255416, 'max_depth': 9, 'min_child_weight': 4}. Best is trial 284 with value: 2.255607787625958.
[I 2026-03-18 18:44:44,293] Trial 390 finished with value: 2.209173743696148 and parameters: {'n_estimators': 620, 'lambda': 0.5932185597797871, 'subsample': 0.955149464494149, 'colsample_bytree': 0.5719236384591457, 'learning_rate': 0.03140295031415705, 'max_depth': 9, 'min_child_weight': 4}. Best is trial 284 with value: 2.255607787625958.
[I 2026-03-18 18:45:29,195] Trial 391 finished with value: 2.2406026220771027 and parameters: {'n_estimators': 625, 'lambda': 1.896587865530423e-05, 'subsample': 0.9842445775658779, 'colsample_bytree': 0.6298654375729797, 'learning_rate': 0.05517774400837796, 'max_depth': 9, 'min_child_weight': 4}. Best is trial 284 with value: 2.255607787625958.
[I 2026-03-18 18:47:24,915] Trial 392 finished with value: 2.252092360785963 and parameters: {'n_estimators': 697, 'lambda': 0.6582066419810242, 'subsample': 0.9556280655647199, 'colsample_bytree': 0.8863801760542729, 'learning_rate': 0.05613459539946342, 'max_depth': 9, 'min_child_weight': 4}. Best is trial 284 with value: 2.255607787625958.
[I 2026-03-18 18:47:45,961] Trial 393 finished with value: 2.2015392854392166 and parameters: {'n_estimators': 630, 'lambda': 0.7375369848194565, 'subsample': 0.9828878253365259, 'colsample_bytree': 0.6582707089493216, 'learning_rate': 0.03002575479409101, 'max_depth': 9, 'min_child_weight': 4}. Best is trial 284 with value: 2.255607787625958.
[I 2026-03-18 18:47:52,123] Trial 394 finished with value: 2.238408432037328 and parameters: {'n_estimators': 628, 'lambda': 0.6447639338331778, 'subsample': 0.5776397169299066, 'colsample_bytree': 0.632050026377253, 'learning_rate': 0.03997272927490784, 'max_depth': 9, 'min_child_weight': 4}. Best is trial 284 with value: 2.255607787625958.
[I 2026-03-18 18:49:31,551] Trial 395 finished with value: 2.2025042817997544 and parameters: {'n_estimators': 627, 'lambda': 0.9029976047327924, 'subsample': 0.9976975544240934, 'colsample_bytree': 0.6598054409294867, 'learning_rate': 0.0321622325313392, 'max_depth': 9, 'min_child_weight': 3}. Best is trial 284 with value: 2.255607787625958.
[I 2026-03-18 18:50:24,749] Trial 396 finished with value: 2.2208694030470935 and parameters: {'n_estimators': 629, 'lambda': 0.6802402639044273, 'subsample': 0.9962336477324871, 'colsample_bytree': 0.6312950425141096, 'learning_rate': 0.04562603435608873, 'max_depth': 9, 'min_child_weight': 3}. Best is trial 284 with value: 2.255607787625958.
[I 2026-03-18 18:51:41,601] Trial 397 finished with value: 2.2247785765420804 and parameters: {'n_estimators': 696, 'lambda': 0.955661672861576, 'subsample': 0.9380184857063483, 'colsample_bytree': 0.7167440409988206, 'learning_rate': 0.07239750629291407, 'max_depth': 9, 'min_child_weight': 3}. Best is trial 284 with value: 2.255607787625958.
[I 2026-03-18 18:53:46,240] Trial 398 finished with value: 2.1836933855374943 and parameters: {'n_estimators': 708, 'lambda': 0.9240668871191051, 'subsample': 0.9329745362828697, 'colsample_bytree': 0.9581378296592089, 'learning_rate': 0.0743654900372793, 'max_depth': 9, 'min_child_weight': 3}. Best is trial 284 with value: 2.255607787625958.
[I 2026-03-18 18:54:12,694] Trial 399 finished with value: 2.1958048191259527 and parameters: {'n_estimators': 710, 'lambda': 0.9210626067776482, 'subsample': 0.9398261299575943, 'colsample_bytree': 0.9106942844333523, 'learning_rate': 0.072594471151789, 'max_depth': 9, 'min_child_weight': 3}. Best is trial 284 with value: 2.255607787625958.
[I 2026-03-18 18:54:16,972] Trial 400 finished with value: 2.2026289386826576 and parameters: {'n_estimators': 701, 'lambda': 0.9838600586097834, 'subsample': 0.9389583555713659, 'colsample_bytree': 0.95657695226944, 'learning_rate': 0.07366896746203534, 'max_depth': 9, 'min_child_weight': 3}. Best is trial 284 with value: 2.255607787625958.
[I 2026-03-18 18:55:39,815] Trial 401 finished with value: 2.230251621508252 and parameters: {'n_estimators': 703, 'lambda': 0.0003895406754249184, 'subsample': 0.9271685224374719, 'colsample_bytree': 0.6794694703394586, 'learning_rate': 0.07195168934283112, 'max_depth': 9, 'min_child_weight': 6}. Best is trial 284 with value: 2.255607787625958.
[I 2026-03-18 18:56:29,025] Trial 402 finished with value: 2.232719317663859 and parameters: {'n_estimators': 701, 'lambda': 0.9720637685067424, 'subsample': 0.9395230161832797, 'colsample_bytree': 0.8465209261927246, 'learning_rate': 0.07247783099881003, 'max_depth': 9, 'min_child_weight': 6}. Best is trial 284 with value: 2.255607787625958.
[I 2026-03-18 18:57:47,691] Trial 403 finished with value: 2.217631587305248 and parameters: {'n_estimators': 698, 'lambda': 0.9979398138486559, 'subsample': 0.9440775001404405, 'colsample_bytree': 0.9317648231792084, 'learning_rate': 0.07239006067931737, 'max_depth': 9, 'min_child_weight': 5}. Best is trial 284 with value: 2.255607787625958.
[I 2026-03-18 19:00:10,787] Trial 404 finished with value: 2.2475007980851895 and parameters: {'n_estimators': 728, 'lambda': 0.5272658035123206, 'subsample': 0.947699410167621, 'colsample_bytree': 0.8416209628961904, 'learning_rate': 0.05040641785577222, 'max_depth': 9, 'min_child_weight': 6}. Best is trial 284 with value: 2.255607787625958.
[I 2026-03-18 19:00:32,875] Trial 406 finished with value: 2.241949037504498 and parameters: {'n_estimators': 683, 'lambda': 0.0003626317544855885, 'subsample': 0.9595802474763483, 'colsample_bytree': 0.9250070571658915, 'learning_rate': 0.04672747451337299, 'max_depth': 9, 'min_child_weight': 4}. Best is trial 284 with value: 2.255607787625958.
[I 2026-03-18 19:00:47,586] Trial 405 finished with value: 2.2550513256853106 and parameters: {'n_estimators': 730, 'lambda': 0.5322463580667417, 'subsample': 0.9555913746582808, 'colsample_bytree': 0.8216474725434701, 'learning_rate': 0.05065153948873871, 'max_depth': 9, 'min_child_weight': 4}. Best is trial 284 with value: 2.255607787625958.
[I 2026-03-18 19:02:12,544] Trial 407 finished with value: 2.252403758263912 and parameters: {'n_estimators': 728, 'lambda': 0.4967690740259912, 'subsample': 0.9563402165131578, 'colsample_bytree': 0.8404965743592646, 'learning_rate': 0.05246404744958864, 'max_depth': 9, 'min_child_weight': 4}. Best is trial 284 with value: 2.255607787625958.
[I 2026-03-18 19:03:00,217] Trial 408 finished with value: 2.250859461427415 and parameters: {'n_estimators': 728, 'lambda': 0.5210478127486828, 'subsample': 0.959099519761054, 'colsample_bytree': 0.9316175684397339, 'learning_rate': 0.05006664973950034, 'max_depth': 9, 'min_child_weight': 4}. Best is trial 284 with value: 2.255607787625958.
[I 2026-03-18 19:04:22,159] Trial 409 finished with value: 2.255154102897434 and parameters: {'n_estimators': 736, 'lambda': 0.5104513566503666, 'subsample': 0.9615268614626844, 'colsample_bytree': 0.8956061219761029, 'learning_rate': 0.05267491933741382, 'max_depth': 9, 'min_child_weight': 4}. Best is trial 284 with value: 2.255607787625958.
[I 2026-03-18 19:06:17,278] Trial 410 finished with value: 2.250341356113129 and parameters: {'n_estimators': 673, 'lambda': 0.22587102617691476, 'subsample': 0.9631637606066842, 'colsample_bytree': 0.707548147417025, 'learning_rate': 0.04966134487544267, 'max_depth': 9, 'min_child_weight': 4}. Best is trial 284 with value: 2.255607787625958.
[I 2026-03-18 19:07:03,488] Trial 411 finished with value: 2.1007263260125715 and parameters: {'n_estimators': 733, 'lambda': 0.21603579525949063, 'subsample': 0.9661119280492884, 'colsample_bytree': 0.7061069059198714, 'learning_rate': 0.0900664781536151, 'max_depth': 9, 'min_child_weight': 4}. Best is trial 284 with value: 2.255607787625958.
[I 2026-03-18 19:07:14,265] Trial 412 finished with value: 2.1049674252295434 and parameters: {'n_estimators': 733, 'lambda': 0.24363776935271497, 'subsample': 0.9705851492991967, 'colsample_bytree': 0.8149959576981558, 'learning_rate': 0.09433121512939271, 'max_depth': 9, 'min_child_weight': 4}. Best is trial 284 with value: 2.255607787625958.
[I 2026-03-18 19:08:51,704] Trial 413 finished with value: 2.246628215825483 and parameters: {'n_estimators': 735, 'lambda': 0.26143586385279766, 'subsample': 0.9725280747683429, 'colsample_bytree': 0.8187959915209577, 'learning_rate': 0.04763400572926875, 'max_depth': 9, 'min_child_weight': 4}. Best is trial 284 with value: 2.255607787625958.
[I 2026-03-18 19:09:35,705] Trial 414 finished with value: 2.245209500794718 and parameters: {'n_estimators': 731, 'lambda': 0.20726687150889692, 'subsample': 0.9728630561370296, 'colsample_bytree': 0.8005903746948796, 'learning_rate': 0.04146218060311062, 'max_depth': 9, 'min_child_weight': 4}. Best is trial 284 with value: 2.255607787625958.
[I 2026-03-18 19:11:05,504] Trial 415 finished with value: 2.214895855000852 and parameters: {'n_estimators': 734, 'lambda': 0.39717755139859573, 'subsample': 0.9745646465890174, 'colsample_bytree': 0.8294920289032998, 'learning_rate': 0.030120505897681227, 'max_depth': 9, 'min_child_weight': 4}. Best is trial 284 with value: 2.255607787625958.
[I 2026-03-18 19:13:00,540] Trial 416 finished with value: 2.239131884644722 and parameters: {'n_estimators': 725, 'lambda': 0.42540001962980345, 'subsample': 0.5127031745411241, 'colsample_bytree': 0.8753840383146717, 'learning_rate': 0.0418544868488861, 'max_depth': 9, 'min_child_weight': 4}. Best is trial 284 with value: 2.255607787625958.
[I 2026-03-18 19:13:42,404] Trial 417 finished with value: 2.248988225185861 and parameters: {'n_estimators': 721, 'lambda': 0.44467932860297704, 'subsample': 0.9128326523348751, 'colsample_bytree': 0.8812461292922168, 'learning_rate': 0.04137709589175351, 'max_depth': 9, 'min_child_weight': 4}. Best is trial 284 with value: 2.255607787625958.
[I 2026-03-18 19:13:51,271] Trial 418 finished with value: 2.2393779138543652 and parameters: {'n_estimators': 733, 'lambda': 0.42261945161124037, 'subsample': 0.979458328624626, 'colsample_bytree': 0.8784227842865674, 'learning_rate': 0.04270491426224942, 'max_depth': 9, 'min_child_weight': 4}. Best is trial 284 with value: 2.255607787625958.
[I 2026-03-18 19:15:20,224] Trial 419 finished with value: 2.236083696251911 and parameters: {'n_estimators': 724, 'lambda': 0.4718883309447698, 'subsample': 0.9770477843506008, 'colsample_bytree': 0.8835589564878551, 'learning_rate': 0.04026456897593285, 'max_depth': 9, 'min_child_weight': 4}. Best is trial 284 with value: 2.255607787625958.
[I 2026-03-18 19:16:25,458] Trial 420 finished with value: 2.2298477820732034 and parameters: {'n_estimators': 763, 'lambda': 0.46852029072684237, 'subsample': 0.9276398932104863, 'colsample_bytree': 0.896954191654149, 'learning_rate': 0.030583088227655774, 'max_depth': 9, 'min_child_weight': 4}. Best is trial 284 with value: 2.255607787625958.
[I 2026-03-18 19:17:15,330] Trial 424 finished with value: 2.1711049617232634 and parameters: {'n_estimators': 753, 'lambda': 0.5966469400675259, 'subsample': 0.9269840372655614, 'colsample_bytree': 0.910838013097342, 'learning_rate': 0.05598941511435276, 'max_depth': 6, 'min_child_weight': 4}. Best is trial 284 with value: 2.255607787625958.
[I 2026-03-18 19:17:47,091] Trial 421 finished with value: 2.251093372311348 and parameters: {'n_estimators': 753, 'lambda': 0.4696465314499169, 'subsample': 0.9125687452368114, 'colsample_bytree': 0.8917047927125278, 'learning_rate': 0.042841629872646156, 'max_depth': 9, 'min_child_weight': 4}. Best is trial 284 with value: 2.255607787625958.
[I 2026-03-18 19:19:45,342] Trial 422 finished with value: 2.2597913539274477 and parameters: {'n_estimators': 766, 'lambda': 0.5431397468703957, 'subsample': 0.9107556053472131, 'colsample_bytree': 0.905032244038362, 'learning_rate': 0.04908655811577202, 'max_depth': 9, 'min_child_weight': 5}. Best is trial 422 with value: 2.2597913539274477.
[I 2026-03-18 19:20:22,441] Trial 423 finished with value: 2.2393207181877743 and parameters: {'n_estimators': 753, 'lambda': 0.5863521483957543, 'subsample': 0.9268592082393646, 'colsample_bytree': 0.8827269996965367, 'learning_rate': 0.05733305297387931, 'max_depth': 9, 'min_child_weight': 4}. Best is trial 422 with value: 2.2597913539274477.
[I 2026-03-18 19:22:01,948] Trial 425 finished with value: 2.2541987873819695 and parameters: {'n_estimators': 756, 'lambda': 0.5514711932941316, 'subsample': 0.9273125886831144, 'colsample_bytree': 0.901484225832075, 'learning_rate': 0.05757555913353556, 'max_depth': 9, 'min_child_weight': 4}. Best is trial 422 with value: 2.2597913539274477.
[I 2026-03-18 19:22:30,022] Trial 426 finished with value: 2.2413593544797665 and parameters: {'n_estimators': 687, 'lambda': 0.5857954695725159, 'subsample': 0.9508747556898511, 'colsample_bytree': 0.9715715613074174, 'learning_rate': 0.056191783261797294, 'max_depth': 9, 'min_child_weight': 4}. Best is trial 422 with value: 2.2597913539274477.
[I 2026-03-18 19:23:54,940] Trial 427 finished with value: 2.2492435648246216 and parameters: {'n_estimators': 754, 'lambda': 0.6334601128461993, 'subsample': 0.9558564060109619, 'colsample_bytree': 0.8640656474147884, 'learning_rate': 0.05726248922729641, 'max_depth': 9, 'min_child_weight': 4}. Best is trial 422 with value: 2.2597913539274477.
[I 2026-03-18 19:24:31,617] Trial 428 finished with value: 2.2501090708922815 and parameters: {'n_estimators': 755, 'lambda': 0.33949824065452583, 'subsample': 0.9105935711985752, 'colsample_bytree': 0.8953790793970086, 'learning_rate': 0.05527456877185722, 'max_depth': 9, 'min_child_weight': 4}. Best is trial 422 with value: 2.2597913539274477.
[I 2026-03-18 19:26:20,222] Trial 429 finished with value: 1.8174787213810637 and parameters: {'n_estimators': 768, 'lambda': 0.3582966677913976, 'subsample': 0.9040049624503442, 'colsample_bytree': 0.8636199617138163, 'learning_rate': 0.24217286948004652, 'max_depth': 9, 'min_child_weight': 4}. Best is trial 422 with value: 2.2597913539274477.
[I 2026-03-18 19:27:17,140] Trial 430 finished with value: 2.2533817985819122 and parameters: {'n_estimators': 775, 'lambda': 0.3780139115897787, 'subsample': 0.905108078860676, 'colsample_bytree': 0.9031814535102466, 'learning_rate': 0.05655458562192232, 'max_depth': 9, 'min_child_weight': 5}. Best is trial 422 with value: 2.2597913539274477.
[I 2026-03-18 19:28:50,269] Trial 431 finished with value: 2.2532012292266552 and parameters: {'n_estimators': 766, 'lambda': 0.3421606068694864, 'subsample': 0.9018127395907465, 'colsample_bytree': 0.9162089184398873, 'learning_rate': 0.055035834790488625, 'max_depth': 9, 'min_child_weight': 5}. Best is trial 422 with value: 2.2597913539274477.
[I 2026-03-18 19:29:31,248] Trial 432 finished with value: 2.2370274371063994 and parameters: {'n_estimators': 772, 'lambda': 0.30262857507696794, 'subsample': 0.8676739359007561, 'colsample_bytree': 0.8996032562600047, 'learning_rate': 0.03076427096451539, 'max_depth': 9, 'min_child_weight': 5}. Best is trial 422 with value: 2.2597913539274477.
[I 2026-03-18 19:30:45,989] Trial 433 finished with value: 2.2549427975649863 and parameters: {'n_estimators': 765, 'lambda': 0.3211570150014629, 'subsample': 0.9065674930422758, 'colsample_bytree': 0.9010424815170507, 'learning_rate': 0.044961734578071136, 'max_depth': 9, 'min_child_weight': 5}. Best is trial 422 with value: 2.2597913539274477.
[I 2026-03-18 19:31:33,987] Trial 434 finished with value: 2.248000288900182 and parameters: {'n_estimators': 775, 'lambda': 1.1106744926693036e-07, 'subsample': 0.9036824757500345, 'colsample_bytree': 0.9040948609824468, 'learning_rate': 0.03830065912184108, 'max_depth': 9, 'min_child_weight': 5}. Best is trial 422 with value: 2.2597913539274477.
[I 2026-03-18 19:33:20,650] Trial 435 finished with value: 2.253095291372744 and parameters: {'n_estimators': 777, 'lambda': 4.936423010697107e-08, 'subsample': 0.9042197786525932, 'colsample_bytree': 0.8964737656615602, 'learning_rate': 0.04147667406772537, 'max_depth': 9, 'min_child_weight': 5}. Best is trial 422 with value: 2.2597913539274477.
[I 2026-03-18 19:34:12,448] Trial 436 finished with value: 1.7745955136764318 and parameters: {'n_estimators': 816, 'lambda': 0.27270887712438824, 'subsample': 0.8810192762046217, 'colsample_bytree': 0.9141089269712911, 'learning_rate': 0.29789467447478024, 'max_depth': 9, 'min_child_weight': 5}. Best is trial 422 with value: 2.2597913539274477.
[I 2026-03-18 19:35:52,973] Trial 437 finished with value: 2.2499629867438493 and parameters: {'n_estimators': 784, 'lambda': 0.30048221532647246, 'subsample': 0.8716121979978283, 'colsample_bytree': 0.9234538890136132, 'learning_rate': 0.038602320845795846, 'max_depth': 9, 'min_child_weight': 5}. Best is trial 422 with value: 2.2597913539274477.
[I 2026-03-18 19:36:10,610] Trial 438 finished with value: 1.875297115165167 and parameters: {'n_estimators': 780, 'lambda': 0.2766345374628558, 'subsample': 0.9163843353179744, 'colsample_bytree': 0.9110849909298728, 'learning_rate': 0.18393701718756764, 'max_depth': 9, 'min_child_weight': 5}. Best is trial 422 with value: 2.2597913539274477.
[I 2026-03-18 19:37:21,966] Trial 439 finished with value: 1.7795958221045616 and parameters: {'n_estimators': 778, 'lambda': 0.2856971962385229, 'subsample': 0.8782967436464237, 'colsample_bytree': 0.9120259563812049, 'learning_rate': 0.30045588594978995, 'max_depth': 9, 'min_child_weight': 5}. Best is trial 422 with value: 2.2597913539274477.
[I 2026-03-18 19:38:54,574] Trial 440 finished with value: 2.2527225157642725 and parameters: {'n_estimators': 815, 'lambda': 1.0553062412399362e-08, 'subsample': 0.8983912322395521, 'colsample_bytree': 0.9215076719642187, 'learning_rate': 0.04840570636890278, 'max_depth': 9, 'min_child_weight': 5}. Best is trial 422 with value: 2.2597913539274477.
[I 2026-03-18 19:40:31,364] Trial 441 finished with value: 2.2394641493104848 and parameters: {'n_estimators': 806, 'lambda': 0.309070217515635, 'subsample': 0.8723991428120739, 'colsample_bytree': 0.9243830298781582, 'learning_rate': 0.030716489440462152, 'max_depth': 9, 'min_child_weight': 5}. Best is trial 422 with value: 2.2597913539274477.
[I 2026-03-18 19:40:39,103] Trial 442 finished with value: 1.7293333529574504 and parameters: {'n_estimators': 776, 'lambda': 1.0833137281811537e-08, 'subsample': 0.8862185329949243, 'colsample_bytree': 0.9202577611564764, 'learning_rate': 0.42433691528276907, 'max_depth': 9, 'min_child_weight': 5}. Best is trial 422 with value: 2.2597913539274477.
[I 2026-03-18 19:41:30,190] Trial 446 finished with value: 2.095220735433042 and parameters: {'n_estimators': 796, 'lambda': 2.000152118105861e-08, 'subsample': 0.89495855052324, 'colsample_bytree': 0.9207705469417484, 'learning_rate': 0.03022702345403635, 'max_depth': 4, 'min_child_weight': 5}. Best is trial 422 with value: 2.2597913539274477.
[I 2026-03-18 19:41:32,961] Trial 445 finished with value: 2.2079137034355023 and parameters: {'n_estimators': 811, 'lambda': 0.0010828460472484315, 'subsample': 0.8898501597852987, 'colsample_bytree': 0.9379944698201494, 'learning_rate': 0.047630160154006576, 'max_depth': 7, 'min_child_weight': 5}. Best is trial 422 with value: 2.2597913539274477.
[I 2026-03-18 19:42:52,380] Trial 443 finished with value: 2.2338261349825714 and parameters: {'n_estimators': 777, 'lambda': 5.2730673678643865e-08, 'subsample': 0.9064297280863588, 'colsample_bytree': 0.9443773857082621, 'learning_rate': 0.03032804324393482, 'max_depth': 9, 'min_child_weight': 5}. Best is trial 422 with value: 2.2597913539274477.
[I 2026-03-18 19:43:24,062] Trial 444 finished with value: 2.235282505061701 and parameters: {'n_estimators': 810, 'lambda': 0.15544756421790845, 'subsample': 0.8901514225502208, 'colsample_bytree': 0.8693456105114815, 'learning_rate': 0.030278074670524437, 'max_depth': 9, 'min_child_weight': 5}. Best is trial 422 with value: 2.2597913539274477.
