[I 2026-03-18 17:36:12,169] Trial 321 finished with value: 2.2342369468605616 and parameters: {'n_estimators': 639, 'lambda': 0.14604363591776637, 'subsample': 0.9274940258497641, 'colsample_bytree': 0.7312527918203936, 'learning_rate': 0.04195250500577516, 'max_depth': 9, 'min_child_weight': 4}. Best is trial 284 with value: 2.255607787625958.
[I 2026-03-18 17:37:26,938] Trial 322 finished with value: 2.236639844742436 and parameters: {'n_estimators': 642, 'lambda': 0.16251037216099087, 'subsample': 0.9279853381205789, 'colsample_bytree': 0.7301964996744522, 'learning_rate': 0.041272770609544776, 'max_depth': 9, 'min_child_weight': 4}. Best is trial 284 with value: 2.255607787625958.
[I 2026-03-18 17:39:38,924] Trial 323 finished with value: 2.2392978008466766 and parameters: {'n_estimators': 648, 'lambda': 0.6367818440843941, 'subsample': 0.9196579144139031, 'colsample_bytree': 0.7268164362938614, 'learning_rate': 0.043204626188219075, 'max_depth': 9, 'min_child_weight': 4}. Best is trial 284 with value: 2.255607787625958.
[I 2026-03-18 17:40:24,760] Trial 324 finished with value: 0.0 and parameters: {'n_estimators': 717, 'lambda': 0.481931479931495, 'subsample': 0.9044008064296446, 'colsample_bytree': 0.7078108911172227, 'learning_rate': 0.08415032687418418, 'max_depth': 9, 'min_child_weight': 4}. Best is trial 284 with value: 2.255607787625958.
[I 2026-03-18 17:41:33,980] Trial 325 finished with value: 2.1071436996526014 and parameters: {'n_estimators': 724, 'lambda': 0.0030591091251275875, 'subsample': 0.9025857297505447, 'colsample_bytree': 0.9962593115193761, 'learning_rate': 0.08524983613423501, 'max_depth': 9, 'min_child_weight': 4}. Best is trial 284 with value: 2.255607787625958.
[I 2026-03-18 17:41:57,384] Trial 326 finished with value: 2.127823818560823 and parameters: {'n_estimators': 722, 'lambda': 0.5844696669722093, 'subsample': 0.9037810134311342, 'colsample_bytree': 0.7515272250478794, 'learning_rate': 0.08296919227019832, 'max_depth': 9, 'min_child_weight': 4}. Best is trial 284 with value: 2.255607787625958.
[I 2026-03-18 17:42:36,676] Trial 327 finished with value: 2.021840922449423 and parameters: {'n_estimators': 708, 'lambda': 0.0030506411441335963, 'subsample': 0.40426162470005733, 'colsample_bytree': 0.7071361210590145, 'learning_rate': 0.08170261366898021, 'max_depth': 9, 'min_child_weight': 4}. Best is trial 284 with value: 2.255607787625958.
[I 2026-03-18 17:43:49,463] Trial 328 finished with value: 2.164199909477126 and parameters: {'n_estimators': 712, 'lambda': 0.0025116721037536857, 'subsample': 0.9036655878292055, 'colsample_bytree': 0.7058232108268885, 'learning_rate': 0.08133607214613772, 'max_depth': 9, 'min_child_weight': 4}. Best is trial 284 with value: 2.255607787625958.
[I 2026-03-18 17:45:59,749] Trial 329 finished with value: 2.149842504080068 and parameters: {'n_estimators': 724, 'lambda': 0.48696377242418853, 'subsample': 0.9645604975137113, 'colsample_bytree': 0.7065583256610903, 'learning_rate': 0.0820021659261981, 'max_depth': 9, 'min_child_weight': 4}. Best is trial 284 with value: 2.255607787625958.
[I 2026-03-18 17:46:24,283] Trial 330 finished with value: 1.7010650520864155 and parameters: {'n_estimators': 731, 'lambda': 0.002751870226849295, 'subsample': 0.9658234210812329, 'colsample_bytree': 0.756383049440048, 'learning_rate': 0.5925385374064924, 'max_depth': 9, 'min_child_weight': 4}. Best is trial 284 with value: 2.255607787625958.
[I 2026-03-18 17:47:37,065] Trial 332 finished with value: 1.76653779912627 and parameters: {'n_estimators': 665, 'lambda': 0.2869959016521713, 'subsample': 0.9660872423758851, 'colsample_bytree': 0.7012403091450311, 'learning_rate': 0.37887008371517206, 'max_depth': 9, 'min_child_weight': 4}. Best is trial 284 with value: 2.255607787625958.
[I 2026-03-18 17:47:46,887] Trial 331 finished with value: 2.1934263717594655 and parameters: {'n_estimators': 706, 'lambda': 0.28426570591927647, 'subsample': 0.9696907020234155, 'colsample_bytree': 0.7610528157498402, 'learning_rate': 0.07374281003571898, 'max_depth': 9, 'min_child_weight': 4}. Best is trial 284 with value: 2.255607787625958.
[I 2026-03-18 17:48:43,021] Trial 333 finished with value: 1.7378528712543917 and parameters: {'n_estimators': 737, 'lambda': 0.2986998817835324, 'subsample': 0.9657932618363732, 'colsample_bytree': 0.7482554054629743, 'learning_rate': 0.4485921664202731, 'max_depth': 9, 'min_child_weight': 4}. Best is trial 284 with value: 2.255607787625958.
[I 2026-03-18 17:49:38,188] Trial 334 finished with value: 1.770659707983505 and parameters: {'n_estimators': 663, 'lambda': 0.29659129154361596, 'subsample': 0.9646895381448446, 'colsample_bytree': 0.7480305696339511, 'learning_rate': 0.3788101197827849, 'max_depth': 9, 'min_child_weight': 4}. Best is trial 284 with value: 2.255607787625958.
[I 2026-03-18 17:51:55,529] Trial 335 finished with value: 2.2516181934120176 and parameters: {'n_estimators': 660, 'lambda': 0.0002854368408753102, 'subsample': 0.9662359351127888, 'colsample_bytree': 0.7468819920509984, 'learning_rate': 0.05390148767577092, 'max_depth': 9, 'min_child_weight': 4}. Best is trial 284 with value: 2.255607787625958.
[I 2026-03-18 17:52:22,236] Trial 336 finished with value: 2.246499897714533 and parameters: {'n_estimators': 663, 'lambda': 0.020731044493137302, 'subsample': 0.968358894061335, 'colsample_bytree': 0.688143045664735, 'learning_rate': 0.05627880846917307, 'max_depth': 9, 'min_child_weight': 4}. Best is trial 284 with value: 2.255607787625958.
[I 2026-03-18 17:53:27,236] Trial 338 finished with value: 2.2470721793390416 and parameters: {'n_estimators': 622, 'lambda': 0.000809736903775712, 'subsample': 0.9318971714735201, 'colsample_bytree': 0.6873536659206917, 'learning_rate': 0.05293383603581482, 'max_depth': 9, 'min_child_weight': 4}. Best is trial 284 with value: 2.255607787625958.
[I 2026-03-18 17:54:05,753] Trial 339 finished with value: 2.158213552795277 and parameters: {'n_estimators': 622, 'lambda': 3.149123187980164e-05, 'subsample': 0.9992083088328314, 'colsample_bytree': 0.6849159344467461, 'learning_rate': 0.09848332711967236, 'max_depth': 9, 'min_child_weight': 4}. Best is trial 284 with value: 2.255607787625958.
[I 2026-03-18 17:54:25,584] Trial 337 finished with value: 2.2399227307900142 and parameters: {'n_estimators': 764, 'lambda': 0.3257203959942814, 'subsample': 0.9337140786762009, 'colsample_bytree': 0.7765119879910211, 'learning_rate': 0.05557957875759858, 'max_depth': 9, 'min_child_weight': 4}. Best is trial 284 with value: 2.255607787625958.
[I 2026-03-18 17:56:36,984] Trial 340 finished with value: 2.2437175257531274 and parameters: {'n_estimators': 775, 'lambda': 0.020703728620179947, 'subsample': 0.9324923460350414, 'colsample_bytree': 0.6837893343330171, 'learning_rate': 0.05068035757299248, 'max_depth': 9, 'min_child_weight': 4}. Best is trial 284 with value: 2.255607787625958.
[I 2026-03-18 17:58:05,073] Trial 342 finished with value: 2.2220472619295615 and parameters: {'n_estimators': 616, 'lambda': 0.0003501149888405898, 'subsample': 0.9996179244782678, 'colsample_bytree': 0.7775478700458004, 'learning_rate': 0.05309310260840823, 'max_depth': 9, 'min_child_weight': 4}. Best is trial 284 with value: 2.255607787625958.
[I 2026-03-18 17:58:43,518] Trial 341 finished with value: 2.2423374815622656 and parameters: {'n_estimators': 767, 'lambda': 0.0002462829804781959, 'subsample': 0.9995705644580757, 'colsample_bytree': 0.6904516966613923, 'learning_rate': 0.05654637399493837, 'max_depth': 9, 'min_child_weight': 4}. Best is trial 284 with value: 2.255607787625958.
[I 2026-03-18 18:00:15,604] Trial 344 finished with value: 2.2115012583916935 and parameters: {'n_estimators': 685, 'lambda': 0.005936516577404154, 'subsample': 0.9832873751259169, 'colsample_bytree': 0.7751842689309526, 'learning_rate': 0.03071478649487004, 'max_depth': 9, 'min_child_weight': 6}. Best is trial 284 with value: 2.255607787625958.
[I 2026-03-18 18:00:23,806] Trial 343 finished with value: 2.2422133670773037 and parameters: {'n_estimators': 770, 'lambda': 0.04622667136661898, 'subsample': 0.9871570967999705, 'colsample_bytree': 0.7725897940061546, 'learning_rate': 0.05124192359776339, 'max_depth': 9, 'min_child_weight': 4}. Best is trial 284 with value: 2.255607787625958.
[I 2026-03-18 18:00:35,378] Trial 345 finished with value: 2.2398035157605127 and parameters: {'n_estimators': 690, 'lambda': 0.0005133900024154993, 'subsample': 0.982691174212382, 'colsample_bytree': 0.666047658299571, 'learning_rate': 0.05176233723890789, 'max_depth': 9, 'min_child_weight': 5}. Best is trial 284 with value: 2.255607787625958.
[I 2026-03-18 18:02:54,506] Trial 346 finished with value: 2.24801328317084 and parameters: {'n_estimators': 678, 'lambda': 2.1779838376313103e-08, 'subsample': 0.9826083135422825, 'colsample_bytree': 0.6680315528424277, 'learning_rate': 0.06872679190589209, 'max_depth': 9, 'min_child_weight': 5}. Best is trial 284 with value: 2.255607787625958.
[I 2026-03-18 18:04:31,507] Trial 347 finished with value: 2.217426446641298 and parameters: {'n_estimators': 697, 'lambda': 0.0002645347280042071, 'subsample': 0.977665894266283, 'colsample_bytree': 0.6644915470672622, 'learning_rate': 0.03204713231210546, 'max_depth': 9, 'min_child_weight': 5}. Best is trial 284 with value: 2.255607787625958.
[I 2026-03-18 18:06:13,868] Trial 348 finished with value: 2.228282327679407 and parameters: {'n_estimators': 826, 'lambda': 0.00016384415083604877, 'subsample': 0.9834674542233527, 'colsample_bytree': 0.6684735009520584, 'learning_rate': 0.03333066406727225, 'max_depth': 9, 'min_child_weight': 5}. Best is trial 284 with value: 2.255607787625958.
[I 2026-03-18 18:06:32,117] Trial 349 finished with value: 2.207696751418014 and parameters: {'n_estimators': 697, 'lambda': 0.0007232880324667979, 'subsample': 0.9447477363328275, 'colsample_bytree': 0.7140110479254681, 'learning_rate': 0.07089095611415824, 'max_depth': 9, 'min_child_weight': 5}. Best is trial 284 with value: 2.255607787625958.
[I 2026-03-18 18:06:37,880] Trial 350 finished with value: 2.2404952680553434 and parameters: {'n_estimators': 698, 'lambda': 0.0006531775868368248, 'subsample': 0.9485645821210991, 'colsample_bytree': 0.7161228989204524, 'learning_rate': 0.06867422085760391, 'max_depth': 9, 'min_child_weight': 5}. Best is trial 284 with value: 2.255607787625958.
[I 2026-03-18 18:06:45,855] Trial 351 finished with value: 2.229033184110526 and parameters: {'n_estimators': 676, 'lambda': 0.00016369847252300528, 'subsample': 0.9440602850675744, 'colsample_bytree': 0.7171678202987578, 'learning_rate': 0.06885690821730837, 'max_depth': 9, 'min_child_weight': 3}. Best is trial 284 with value: 2.255607787625958.
[I 2026-03-18 18:07:51,314] Trial 354 finished with value: 1.7724901918272393 and parameters: {'n_estimators': 245, 'lambda': 0.002101055000198422, 'subsample': 0.9449371714610257, 'colsample_bytree': 0.7188790272059533, 'learning_rate': 0.6949322475417203, 'max_depth': 8, 'min_child_weight': 3}. Best is trial 284 with value: 2.255607787625958.
[I 2026-03-18 18:09:05,436] Trial 352 finished with value: 2.1983575048448074 and parameters: {'n_estimators': 698, 'lambda': 0.0009810810869892847, 'subsample': 0.9454239291960724, 'colsample_bytree': 0.7150774740711634, 'learning_rate': 0.06819511787728869, 'max_depth': 9, 'min_child_weight': 3}. Best is trial 284 with value: 2.255607787625958.
[I 2026-03-18 18:09:12,235] Trial 357 finished with value: 2.1299954083397323 and parameters: {'n_estimators': 801, 'lambda': 0.6617055347843597, 'subsample': 0.9588789460465903, 'colsample_bytree': 0.7400201711549935, 'learning_rate': 0.09725063076315132, 'max_depth': 4, 'min_child_weight': 4}. Best is trial 284 with value: 2.255607787625958.
[I 2026-03-18 18:09:56,123] Trial 353 finished with value: 2.238558502556444 and parameters: {'n_estimators': 828, 'lambda': 0.0017532272260530203, 'subsample': 0.9457622285409115, 'colsample_bytree': 0.7162567914498397, 'learning_rate': 0.07058027977746703, 'max_depth': 8, 'min_child_weight': 3}. Best is trial 284 with value: 2.255607787625958.
[I 2026-03-18 18:11:00,821] Trial 358 finished with value: 2.203328453389478 and parameters: {'n_estimators': 742, 'lambda': 0.16021087055650415, 'subsample': 0.9220703377708208, 'colsample_bytree': 0.8119796868917112, 'learning_rate': 0.09817514487136395, 'max_depth': 6, 'min_child_weight': 4}. Best is trial 284 with value: 2.255607787625958.
[I 2026-03-18 18:11:24,659] Trial 355 finished with value: 2.2358407988111706 and parameters: {'n_estimators': 742, 'lambda': 0.0016865737063563432, 'subsample': 0.9494675148243289, 'colsample_bytree': 0.717741577987414, 'learning_rate': 0.06836815630935433, 'max_depth': 8, 'min_child_weight': 3}. Best is trial 284 with value: 2.255607787625958.
[I 2026-03-18 18:11:27,024] Trial 356 finished with value: 2.2043489431123935 and parameters: {'n_estimators': 746, 'lambda': 0.19323450873908513, 'subsample': 0.957966966522472, 'colsample_bytree': 0.7407645127165349, 'learning_rate': 0.0993505800185942, 'max_depth': 8, 'min_child_weight': 3}. Best is trial 284 with value: 2.255607787625958.
[I 2026-03-18 18:15:34,805] Trial 359 finished with value: 2.0478173550961376 and parameters: {'n_estimators': 740, 'lambda': 0.19128742938421614, 'subsample': 0.913365435195986, 'colsample_bytree': 0.7497402147105793, 'learning_rate': 0.09699530042015399, 'max_depth': 9, 'min_child_weight': 4}. Best is trial 284 with value: 2.255607787625958.
[I 2026-03-18 18:15:58,893] Trial 360 finished with value: 2.2481543160052695 and parameters: {'n_estimators': 742, 'lambda': 0.1851475283956083, 'subsample': 0.9186144250149655, 'colsample_bytree': 0.700638771183534, 'learning_rate': 0.04135728036313517, 'max_depth': 9, 'min_child_weight': 4}. Best is trial 284 with value: 2.255607787625958.
[I 2026-03-18 18:16:39,691] Trial 361 finished with value: 2.2387284787358013 and parameters: {'n_estimators': 734, 'lambda': 0.2021132869096251, 'subsample': 0.9214785819291741, 'colsample_bytree': 0.6984718830253848, 'learning_rate': 0.04004982503477485, 'max_depth': 9, 'min_child_weight': 4}. Best is trial 284 with value: 2.255607787625958.
[I 2026-03-18 18:17:13,965] Trial 362 finished with value: 2.2411173386918763 and parameters: {'n_estimators': 665, 'lambda': 0.0043776469511567755, 'subsample': 0.9155911169542846, 'colsample_bytree': 0.7467932441974933, 'learning_rate': 0.04332581054007911, 'max_depth': 9, 'min_child_weight': 4}. Best is trial 284 with value: 2.255607787625958.
[I 2026-03-18 18:17:25,036] Trial 363 finished with value: 2.239802220013078 and parameters: {'n_estimators': 658, 'lambda': 0.7533005010393979, 'subsample': 0.9205929941301197, 'colsample_bytree': 0.7427780152799798, 'learning_rate': 0.0451553321680828, 'max_depth': 9, 'min_child_weight': 4}. Best is trial 284 with value: 2.255607787625958.
[I 2026-03-18 18:17:27,334] Trial 364 finished with value: 2.237335303134345 and parameters: {'n_estimators': 656, 'lambda': 0.7442238326234809, 'subsample': 0.9169939379781319, 'colsample_bytree': 0.6971653113501859, 'learning_rate': 0.040235332420074946, 'max_depth': 9, 'min_child_weight': 4}. Best is trial 284 with value: 2.255607787625958.
[I 2026-03-18 18:21:36,516] Trial 365 finished with value: 2.237099861100658 and parameters: {'n_estimators': 660, 'lambda': 0.004488133145368125, 'subsample': 0.9684434118286918, 'colsample_bytree': 0.6953647591435106, 'learning_rate': 0.04644049781576963, 'max_depth': 9, 'min_child_weight': 4}. Best is trial 284 with value: 2.255607787625958.
[I 2026-03-18 18:21:54,002] Trial 366 finished with value: 2.2357135742185967 and parameters: {'n_estimators': 655, 'lambda': 0.9801001594811343, 'subsample': 0.9670237094618298, 'colsample_bytree': 0.6966825024886318, 'learning_rate': 0.043884603399334435, 'max_depth': 9, 'min_child_weight': 4}. Best is trial 284 with value: 2.255607787625958.
[I 2026-03-18 18:22:35,540] Trial 367 finished with value: 2.244391865601105 and parameters: {'n_estimators': 663, 'lambda': 0.7592815184970559, 'subsample': 0.9680467907049736, 'colsample_bytree': 0.7576403896420425, 'learning_rate': 0.05558169447793794, 'max_depth': 9, 'min_child_weight': 4}. Best is trial 284 with value: 2.255607787625958.
[I 2026-03-18 18:23:15,757] Trial 368 finished with value: 2.2441282976054255 and parameters: {'n_estimators': 660, 'lambda': 0.7155800422399948, 'subsample': 0.9707448758229219, 'colsample_bytree': 0.6975223518240021, 'learning_rate': 0.056585379385274776, 'max_depth': 9, 'min_child_weight': 4}. Best is trial 284 with value: 2.255607787625958.
[I 2026-03-18 18:23:17,081] Trial 369 finished with value: 2.2479131861240935 and parameters: {'n_estimators': 652, 'lambda': 0.5152817878111737, 'subsample': 0.9658145552152515, 'colsample_bytree': 0.7958763805780465, 'learning_rate': 0.057291087172454444, 'max_depth': 9, 'min_child_weight': 4}. Best is trial 284 with value: 2.255607787625958.
[I 2026-03-18 18:23:56,974] Trial 370 finished with value: 2.2494071856890825 and parameters: {'n_estimators': 717, 'lambda': 0.012457033308045344, 'subsample': 0.9706021229084276, 'colsample_bytree': 0.7587686073146868, 'learning_rate': 0.056388654917575644, 'max_depth': 9, 'min_child_weight': 4}. Best is trial 284 with value: 2.255607787625958.
[I 2026-03-18 18:26:02,628] Trial 374 finished with value: 2.1524222393069032 and parameters: {'n_estimators': 715, 'lambda': 0.4748999584607075, 'subsample': 0.9362535485109247, 'colsample_bytree': 0.793373298570109, 'learning_rate': 0.07670998525073071, 'max_depth': 5, 'min_child_weight': 3}. Best is trial 284 with value: 2.255607787625958.
[I 2026-03-18 18:27:49,600] Trial 371 finished with value: 2.2515838199568585 and parameters: {'n_estimators': 719, 'lambda': 0.4783248361760862, 'subsample': 0.9686064981437607, 'colsample_bytree': 0.7649340839296063, 'learning_rate': 0.05828186998498557, 'max_depth': 9, 'min_child_weight': 4}. Best is trial 284 with value: 2.255607787625958.
[I 2026-03-18 18:28:09,001] Trial 372 finished with value: 2.1786324320479635 and parameters: {'n_estimators': 722, 'lambda': 0.06974197513902468, 'subsample': 0.9722712963751423, 'colsample_bytree': 0.7655890487256365, 'learning_rate': 0.08335081198946025, 'max_depth': 9, 'min_child_weight': 4}. Best is trial 284 with value: 2.255607787625958.
[I 2026-03-18 18:28:54,999] Trial 373 finished with value: 2.1480443870980266 and parameters: {'n_estimators': 717, 'lambda': 0.5061688112707758, 'subsample': 0.9351949868773306, 'colsample_bytree': 0.7951815374805059, 'learning_rate': 0.0824759944961422, 'max_depth': 9, 'min_child_weight': 3}. Best is trial 284 with value: 2.255607787625958.
[I 2026-03-18 18:29:33,485] Trial 375 finished with value: 2.1406784841293662 and parameters: {'n_estimators': 713, 'lambda': 0.44536378753046, 'subsample': 0.9340718349133365, 'colsample_bytree': 0.6755472853558484, 'learning_rate': 0.08464170913805558, 'max_depth': 9, 'min_child_weight': 3}. Best is trial 284 with value: 2.255607787625958.
[I 2026-03-18 18:30:44,345] Trial 376 finished with value: 1.788446372657654 and parameters: {'n_estimators': 791, 'lambda': 0.4458936740327645, 'subsample': 0.9352614858083594, 'colsample_bytree': 0.6776658618853901, 'learning_rate': 0.281267484630503, 'max_depth': 9, 'min_child_weight': 3}. Best is trial 284 with value: 2.255607787625958.
[I 2026-03-18 18:32:07,108] Trial 377 finished with value: 2.1569684948365664 and parameters: {'n_estimators': 680, 'lambda': 0.07983547867581992, 'subsample': 0.8908271122287013, 'colsample_bytree': 0.7256478778022061, 'learning_rate': 0.08443840081051247, 'max_depth': 9, 'min_child_weight': 4}. Best is trial 284 with value: 2.255607787625958.
[I 2026-03-18 18:34:50,679] Trial 378 finished with value: 2.0882521872335857 and parameters: {'n_estimators': 791, 'lambda': 0.3966253594618957, 'subsample': 0.9338575249620247, 'colsample_bytree': 0.7336695292656782, 'learning_rate': 0.08570206435973768, 'max_depth': 9, 'min_child_weight': 3}. Best is trial 284 with value: 2.255607787625958.
[I 2026-03-18 18:35:18,499] Trial 379 finished with value: 2.1076646713054057 and parameters: {'n_estimators': 793, 'lambda': 0.3629601227449989, 'subsample': 0.8916671883445592, 'colsample_bytree': 0.7320861996842642, 'learning_rate': 0.08327638150802681, 'max_depth': 9, 'min_child_weight': 3}. Best is trial 284 with value: 2.255607787625958.
[I 2026-03-18 18:35:55,396] Trial 380 finished with value: 2.205100957663063 and parameters: {'n_estimators': 794, 'lambda': 0.3397507329559211, 'subsample': 0.953923196923911, 'colsample_bytree': 0.7296076819303601, 'learning_rate': 0.06774192838257204, 'max_depth': 9, 'min_child_weight': 4}. Best is trial 284 with value: 2.255607787625958.
[I 2026-03-18 18:36:30,769] Trial 381 finished with value: 1.9557265088177156 and parameters: {'n_estimators': 788, 'lambda': 0.3214566268024025, 'subsample': 0.8900695876869206, 'colsample_bytree': 0.7311864386282058, 'learning_rate': 0.12391222114427158, 'max_depth': 9, 'min_child_weight': 4}. Best is trial 284 with value: 2.255607787625958.
[I 2026-03-18 18:37:28,264] Trial 383 finished with value: 2.242988240854959 and parameters: {'n_estimators': 584, 'lambda': 8.294788824024049e-05, 'subsample': 0.9567983428199838, 'colsample_bytree': 0.5508161134141674, 'learning_rate': 0.06619525006362968, 'max_depth': 9, 'min_child_weight': 4}. Best is trial 284 with value: 2.255607787625958.
[I 2026-03-18 18:37:31,219] Trial 382 finished with value: 2.195084976315861 and parameters: {'n_estimators': 759, 'lambda': 0.2784671265378696, 'subsample': 0.8848547885566844, 'colsample_bytree': 0.7331008674278506, 'learning_rate': 0.06534619786574013, 'max_depth': 9, 'min_child_weight': 4}. Best is trial 284 with value: 2.255607787625958.
