[I 2026-03-16 13:52:56,600] Trial 1414 finished with value: 7.216898342336731 and parameters: {'n_estimators': 234, 'lambda': 0.0014926825308129903, 'subsample': 0.9849405258880659, 'colsample_bytree': 0.8939976435983723, 'learning_rate': 0.6030715581472933, 'max_depth': 3, 'min_child_weight': 6}. Best is trial 1273 with value: 7.5236404426698495.
[I 2026-03-16 13:53:11,540] Trial 1416 finished with value: 7.21228066973858 and parameters: {'n_estimators': 235, 'lambda': 0.0018658591516425875, 'subsample': 0.9848625012048584, 'colsample_bytree': 0.8179088604791931, 'learning_rate': 0.6199243064415868, 'max_depth': 3, 'min_child_weight': 6}. Best is trial 1273 with value: 7.5236404426698495.
[I 2026-03-16 13:53:29,236] Trial 1415 finished with value: 7.231129210245612 and parameters: {'n_estimators': 322, 'lambda': 0.00051756112780915, 'subsample': 0.9840898471271528, 'colsample_bytree': 0.8191885855199781, 'learning_rate': 0.6023791960502362, 'max_depth': 3, 'min_child_weight': 6}. Best is trial 1273 with value: 7.5236404426698495.
[I 2026-03-16 13:54:02,526] Trial 1417 finished with value: 7.208863219564186 and parameters: {'n_estimators': 380, 'lambda': 0.000469852968291238, 'subsample': 0.973585347752048, 'colsample_bytree': 0.8191175798440249, 'learning_rate': 0.6234012178355921, 'max_depth': 3, 'min_child_weight': 6}. Best is trial 1273 with value: 7.5236404426698495.
[I 2026-03-16 13:54:02,532] Trial 1418 finished with value: 7.193146815359455 and parameters: {'n_estimators': 375, 'lambda': 0.0005166240934091868, 'subsample': 0.9855910814991306, 'colsample_bytree': 0.8176264392706686, 'learning_rate': 0.6214527776357569, 'max_depth': 3, 'min_child_weight': 6}. Best is trial 1273 with value: 7.5236404426698495.
[I 2026-03-16 13:54:12,873] Trial 1419 finished with value: 7.306325629100916 and parameters: {'n_estimators': 320, 'lambda': 0.000531247834939957, 'subsample': 0.9711825628810936, 'colsample_bytree': 0.8204905102657672, 'learning_rate': 0.6182586634012143, 'max_depth': 3, 'min_child_weight': 7}. Best is trial 1273 with value: 7.5236404426698495.
[I 2026-03-16 13:54:19,829] Trial 1420 finished with value: 7.249065360216313 and parameters: {'n_estimators': 326, 'lambda': 0.0004990618374669615, 'subsample': 0.9663686628773046, 'colsample_bytree': 0.8132291423472383, 'learning_rate': 0.5545084301417694, 'max_depth': 3, 'min_child_weight': 7}. Best is trial 1273 with value: 7.5236404426698495.
[I 2026-03-16 13:54:29,229] Trial 1421 finished with value: 7.272339627843348 and parameters: {'n_estimators': 310, 'lambda': 0.0005768212926813452, 'subsample': 0.9697563649540247, 'colsample_bytree': 0.8372830878441921, 'learning_rate': 0.6208133561618798, 'max_depth': 3, 'min_child_weight': 7}. Best is trial 1273 with value: 7.5236404426698495.
[I 2026-03-16 13:54:44,387] Trial 1422 finished with value: 7.2549572713755675 and parameters: {'n_estimators': 320, 'lambda': 0.0005537613611986381, 'subsample': 0.9670046880163812, 'colsample_bytree': 0.8409292579477525, 'learning_rate': 0.5575225803397502, 'max_depth': 3, 'min_child_weight': 7}. Best is trial 1273 with value: 7.5236404426698495.
[I 2026-03-16 13:55:42,567] Trial 1423 finished with value: 7.149463900078506 and parameters: {'n_estimators': 323, 'lambda': 0.0006976883678376999, 'subsample': 0.9998901766360979, 'colsample_bytree': 0.8409956402162972, 'learning_rate': 0.5514901387338753, 'max_depth': 3, 'min_child_weight': 6}. Best is trial 1273 with value: 7.5236404426698495.
[I 2026-03-16 13:55:44,343] Trial 1424 finished with value: 7.275186198728665 and parameters: {'n_estimators': 321, 'lambda': 0.0006233656296556735, 'subsample': 0.9637298555624455, 'colsample_bytree': 0.840005136239703, 'learning_rate': 0.5535159235175344, 'max_depth': 3, 'min_child_weight': 6}. Best is trial 1273 with value: 7.5236404426698495.
[I 2026-03-16 13:55:44,348] Trial 1425 finished with value: 7.268574395525485 and parameters: {'n_estimators': 302, 'lambda': 0.0006808014488755958, 'subsample': 0.9555362138644172, 'colsample_bytree': 0.8392276467299334, 'learning_rate': 0.5537777303661892, 'max_depth': 3, 'min_child_weight': 7}. Best is trial 1273 with value: 7.5236404426698495.
[I 2026-03-16 13:55:50,736] Trial 1427 finished with value: 7.3080862095122185 and parameters: {'n_estimators': 288, 'lambda': 0.00031280817395631255, 'subsample': 0.9530690746082198, 'colsample_bytree': 0.859673028656858, 'learning_rate': 0.576706591714418, 'max_depth': 3, 'min_child_weight': 6}. Best is trial 1273 with value: 7.5236404426698495.
[I 2026-03-16 13:55:51,283] Trial 1426 finished with value: 7.2460188972187405 and parameters: {'n_estimators': 302, 'lambda': 0.00031551020679453166, 'subsample': 0.951538494696553, 'colsample_bytree': 0.838784885955093, 'learning_rate': 0.5755515332487986, 'max_depth': 3, 'min_child_weight': 6}. Best is trial 1273 with value: 7.5236404426698495.
[I 2026-03-16 13:55:54,061] Trial 1428 finished with value: 7.2423951727060345 and parameters: {'n_estimators': 296, 'lambda': 0.0010254529993152458, 'subsample': 0.9503972830979501, 'colsample_bytree': 0.8530086203746554, 'learning_rate': 0.5761385560304331, 'max_depth': 3, 'min_child_weight': 6}. Best is trial 1273 with value: 7.5236404426698495.
[I 2026-03-16 13:56:42,824] Trial 1429 finished with value: 7.229580267493484 and parameters: {'n_estimators': 287, 'lambda': 0.0035344574995499786, 'subsample': 0.9457869273921946, 'colsample_bytree': 0.8596861391269921, 'learning_rate': 0.5751268385882994, 'max_depth': 3, 'min_child_weight': 6}. Best is trial 1273 with value: 7.5236404426698495.
[I 2026-03-16 13:57:13,337] Trial 1430 finished with value: 7.261092937387488 and parameters: {'n_estimators': 291, 'lambda': 0.0003409697390822543, 'subsample': 0.8995718363067537, 'colsample_bytree': 0.8549732446537353, 'learning_rate': 0.5792138732887784, 'max_depth': 3, 'min_child_weight': 6}. Best is trial 1273 with value: 7.5236404426698495.
[I 2026-03-16 13:57:41,757] Trial 1433 finished with value: 7.094795059659917 and parameters: {'n_estimators': 350, 'lambda': 0.0010947080886659498, 'subsample': 0.8996508501998347, 'colsample_bytree': 0.8984769747505066, 'learning_rate': 0.6098048492647211, 'max_depth': 3, 'min_child_weight': 6}. Best is trial 1273 with value: 7.5236404426698495.
[I 2026-03-16 13:57:42,163] Trial 1435 finished with value: 7.180257374303901 and parameters: {'n_estimators': 210, 'lambda': 0.00010829208829813574, 'subsample': 0.9128802544998852, 'colsample_bytree': 0.8954374040252383, 'learning_rate': 0.6090831984696278, 'max_depth': 3, 'min_child_weight': 6}. Best is trial 1273 with value: 7.5236404426698495.
[I 2026-03-16 13:57:42,738] Trial 1434 finished with value: 7.21602342192274 and parameters: {'n_estimators': 351, 'lambda': 0.0037133162344927177, 'subsample': 0.8934234740576643, 'colsample_bytree': 0.8613834997792555, 'learning_rate': 0.6579675328234651, 'max_depth': 3, 'min_child_weight': 6}. Best is trial 1273 with value: 7.5236404426698495.
[I 2026-03-16 13:57:45,159] Trial 1431 finished with value: 7.284472100506582 and parameters: {'n_estimators': 353, 'lambda': 0.00032028033606432626, 'subsample': 0.9439777040866002, 'colsample_bytree': 0.8563608122568371, 'learning_rate': 0.5781540926406908, 'max_depth': 3, 'min_child_weight': 6}. Best is trial 1273 with value: 7.5236404426698495.
[I 2026-03-16 13:57:45,196] Trial 1432 finished with value: 7.310315554728183 and parameters: {'n_estimators': 420, 'lambda': 0.003284554473892277, 'subsample': 0.9007377808391375, 'colsample_bytree': 0.9023029423279487, 'learning_rate': 0.5866598751740205, 'max_depth': 3, 'min_child_weight': 6}. Best is trial 1273 with value: 7.5236404426698495.
[I 2026-03-16 13:58:16,095] Trial 1436 finished with value: 7.236977242979461 and parameters: {'n_estimators': 420, 'lambda': 0.003425813569915708, 'subsample': 0.9865233751268844, 'colsample_bytree': 0.8973868023988157, 'learning_rate': 0.6052610912212956, 'max_depth': 3, 'min_child_weight': 6}. Best is trial 1273 with value: 7.5236404426698495.
[I 2026-03-16 13:58:49,159] Trial 1440 finished with value: 7.239234464582118 and parameters: {'n_estimators': 164, 'lambda': 0.0010190324858690208, 'subsample': 0.9996673734514342, 'colsample_bytree': 0.8840747560445471, 'learning_rate': 0.5284220639965346, 'max_depth': 3, 'min_child_weight': 6}. Best is trial 1273 with value: 7.5236404426698495.
[I 2026-03-16 13:58:53,852] Trial 1437 finished with value: 7.228190821567853 and parameters: {'n_estimators': 260, 'lambda': 0.0065472294185369454, 'subsample': 0.9746970763426321, 'colsample_bytree': 0.8928984570907839, 'learning_rate': 0.63128593815008, 'max_depth': 3, 'min_child_weight': 6}. Best is trial 1273 with value: 7.5236404426698495.
[I 2026-03-16 13:58:57,213] Trial 1439 finished with value: 7.3008265332040265 and parameters: {'n_estimators': 264, 'lambda': 0.0012312236466838968, 'subsample': 0.999382977447642, 'colsample_bytree': 0.8810541847817931, 'learning_rate': 0.5953580228945472, 'max_depth': 3, 'min_child_weight': 6}. Best is trial 1273 with value: 7.5236404426698495.
[I 2026-03-16 13:59:01,777] Trial 1438 finished with value: 7.324596369392576 and parameters: {'n_estimators': 263, 'lambda': 0.0011374279716364042, 'subsample': 0.974548958938528, 'colsample_bytree': 0.8853959295383148, 'learning_rate': 0.6303621429732262, 'max_depth': 3, 'min_child_weight': 6}. Best is trial 1273 with value: 7.5236404426698495.
[I 2026-03-16 13:59:09,381] Trial 1441 finished with value: 7.270123051584175 and parameters: {'n_estimators': 259, 'lambda': 0.0012978391941045142, 'subsample': 0.9741902167143914, 'colsample_bytree': 0.8904522390128919, 'learning_rate': 0.634874680099676, 'max_depth': 3, 'min_child_weight': 6}. Best is trial 1273 with value: 7.5236404426698495.
[I 2026-03-16 13:59:27,861] Trial 1442 finished with value: 7.139683477689336 and parameters: {'n_estimators': 253, 'lambda': 0.0069903868101602986, 'subsample': 0.9729838645338267, 'colsample_bytree': 0.8790771077208459, 'learning_rate': 0.6378577970096644, 'max_depth': 3, 'min_child_weight': 6}. Best is trial 1273 with value: 7.5236404426698495.
[I 2026-03-16 14:00:10,459] Trial 1444 finished with value: 7.278231807507873 and parameters: {'n_estimators': 262, 'lambda': 0.0015235992097717343, 'subsample': 0.9332296214781386, 'colsample_bytree': 0.8699474853620457, 'learning_rate': 0.5915019356350446, 'max_depth': 3, 'min_child_weight': 6}. Best is trial 1273 with value: 7.5236404426698495.
[I 2026-03-16 14:00:10,467] Trial 1443 finished with value: 7.293471753084587 and parameters: {'n_estimators': 266, 'lambda': 0.0016916305481602183, 'subsample': 0.9716287588618846, 'colsample_bytree': 0.8690256252209242, 'learning_rate': 0.6368662891947027, 'max_depth': 3, 'min_child_weight': 6}. Best is trial 1273 with value: 7.5236404426698495.
[I 2026-03-16 14:00:41,945] Trial 1445 finished with value: 7.111887377791917 and parameters: {'n_estimators': 378, 'lambda': 0.001775993255274402, 'subsample': 0.9354702082783445, 'colsample_bytree': 0.8659862688599776, 'learning_rate': 0.6365798264275234, 'max_depth': 3, 'min_child_weight': 5}. Best is trial 1273 with value: 7.5236404426698495.
[I 2026-03-16 14:00:44,559] Trial 1446 finished with value: 7.203001019324272 and parameters: {'n_estimators': 374, 'lambda': 0.0019404391994400682, 'subsample': 0.9339964524516297, 'colsample_bytree': 0.8662241793014889, 'learning_rate': 0.5642624485632636, 'max_depth': 3, 'min_child_weight': 6}. Best is trial 1273 with value: 7.5236404426698495.
[I 2026-03-16 14:00:54,484] Trial 1447 finished with value: 7.355904571672521 and parameters: {'n_estimators': 380, 'lambda': 0.00043431123354676314, 'subsample': 0.9301085200569141, 'colsample_bytree': 0.8656349244683871, 'learning_rate': 0.5670101954499142, 'max_depth': 3, 'min_child_weight': 5}. Best is trial 1273 with value: 7.5236404426698495.
[I 2026-03-16 14:01:00,682] Trial 1448 finished with value: 7.190756294440485 and parameters: {'n_estimators': 335, 'lambda': 0.0004138816014558845, 'subsample': 0.9326265445296248, 'colsample_bytree': 0.86164677295851, 'learning_rate': 0.5884604868587726, 'max_depth': 3, 'min_child_weight': 5}. Best is trial 1273 with value: 7.5236404426698495.
[I 2026-03-16 14:01:53,225] Trial 1449 finished with value: 7.225772536717403 and parameters: {'n_estimators': 337, 'lambda': 0.0007887868665910701, 'subsample': 0.954846798378438, 'colsample_bytree': 0.834368801014698, 'learning_rate': 0.5642486496844089, 'max_depth': 3, 'min_child_weight': 5}. Best is trial 1273 with value: 7.5236404426698495.
[I 2026-03-16 14:02:00,807] Trial 1450 finished with value: 7.306144249365403 and parameters: {'n_estimators': 375, 'lambda': 0.0007712110138761784, 'subsample': 0.955433084880416, 'colsample_bytree': 0.8312918198204488, 'learning_rate': 0.5672052159504042, 'max_depth': 3, 'min_child_weight': 5}. Best is trial 1273 with value: 7.5236404426698495.
[I 2026-03-16 14:02:21,361] Trial 1451 finished with value: 7.249779159634768 and parameters: {'n_estimators': 337, 'lambda': 0.0007308106195984305, 'subsample': 0.9527189140354057, 'colsample_bytree': 0.8319718175132537, 'learning_rate': 0.565309426677143, 'max_depth': 3, 'min_child_weight': 6}. Best is trial 1273 with value: 7.5236404426698495.
[I 2026-03-16 14:02:21,366] Trial 1452 finished with value: 7.271539257092579 and parameters: {'n_estimators': 334, 'lambda': 0.0004473940031050154, 'subsample': 0.9581522219550465, 'colsample_bytree': 0.831546924089753, 'learning_rate': 0.6127019153512293, 'max_depth': 3, 'min_child_weight': 6}. Best is trial 1273 with value: 7.5236404426698495.
[I 2026-03-16 14:02:28,171] Trial 1453 finished with value: 7.2008206763110225 and parameters: {'n_estimators': 336, 'lambda': 0.0007250297769980194, 'subsample': 0.9566020080269302, 'colsample_bytree': 0.8335268975626867, 'learning_rate': 0.6166529722020963, 'max_depth': 3, 'min_child_weight': 6}. Best is trial 1273 with value: 7.5236404426698495.
[I 2026-03-16 14:02:32,754] Trial 1454 finished with value: 7.257739056552217 and parameters: {'n_estimators': 347, 'lambda': 0.0006725739395244261, 'subsample': 0.9538920294601876, 'colsample_bytree': 0.8366985555600983, 'learning_rate': 0.6125467627682989, 'max_depth': 3, 'min_child_weight': 6}. Best is trial 1273 with value: 7.5236404426698495.
[I 2026-03-16 14:03:01,365] Trial 1455 finished with value: 7.300629750255492 and parameters: {'n_estimators': 221, 'lambda': 0.00013426731147157093, 'subsample': 0.9998473626276717, 'colsample_bytree': 0.922724326547913, 'learning_rate': 0.6113629266766774, 'max_depth': 3, 'min_child_weight': 6}. Best is trial 1273 with value: 7.5236404426698495.
[I 2026-03-16 14:03:21,203] Trial 1459 finished with value: 7.191455841629482 and parameters: {'n_estimators': 188, 'lambda': 0.017598217910229457, 'subsample': 0.9856839866524031, 'colsample_bytree': 0.9103380190016864, 'learning_rate': 0.6577663722013622, 'max_depth': 3, 'min_child_weight': 6}. Best is trial 1273 with value: 7.5236404426698495.
[I 2026-03-16 14:03:25,686] Trial 1456 finished with value: 7.239732548307344 and parameters: {'n_estimators': 305, 'lambda': 0.0007137677829865363, 'subsample': 0.9835387910028236, 'colsample_bytree': 0.9187493958847139, 'learning_rate': 0.6129267537293216, 'max_depth': 3, 'min_child_weight': 6}. Best is trial 1273 with value: 7.5236404426698495.
[I 2026-03-16 14:03:28,572] Trial 1457 finished with value: 7.300573083073562 and parameters: {'n_estimators': 224, 'lambda': 0.00014459073530533387, 'subsample': 0.9834414793734756, 'colsample_bytree': 0.9165042014920012, 'learning_rate': 0.651571522707441, 'max_depth': 3, 'min_child_weight': 6}. Best is trial 1273 with value: 7.5236404426698495.
[I 2026-03-16 14:03:29,808] Trial 1460 finished with value: 7.235222116989373 and parameters: {'n_estimators': 199, 'lambda': 0.00013975245762972032, 'subsample': 0.9855648222612317, 'colsample_bytree': 0.9301231147924319, 'learning_rate': 0.5959450467317382, 'max_depth': 3, 'min_child_weight': 6}. Best is trial 1273 with value: 7.5236404426698495.
[I 2026-03-16 14:03:42,845] Trial 1458 finished with value: 7.170305568695766 and parameters: {'n_estimators': 302, 'lambda': 0.0002955722110445353, 'subsample': 0.989834441942825, 'colsample_bytree': 0.9211583583800993, 'learning_rate': 0.6012681342119335, 'max_depth': 3, 'min_child_weight': 6}. Best is trial 1273 with value: 7.5236404426698495.
[I 2026-03-16 14:03:48,502] Trial 1461 finished with value: 7.18498015623852 and parameters: {'n_estimators': 183, 'lambda': 0.0003052226824217041, 'subsample': 0.9809124624248609, 'colsample_bytree': 0.8019376073723606, 'learning_rate': 0.5971581244270038, 'max_depth': 3, 'min_child_weight': 6}. Best is trial 1273 with value: 7.5236404426698495.
[I 2026-03-16 14:04:47,510] Trial 1462 finished with value: 7.254596354011864 and parameters: {'n_estimators': 302, 'lambda': 0.0003030018490747716, 'subsample': 0.9171102351277296, 'colsample_bytree': 0.8023888351842864, 'learning_rate': 0.6000231855628687, 'max_depth': 3, 'min_child_weight': 6}. Best is trial 1273 with value: 7.5236404426698495.
[I 2026-03-16 14:04:55,235] Trial 1463 finished with value: 7.373316246309727 and parameters: {'n_estimators': 313, 'lambda': 0.0002876497436794131, 'subsample': 0.9150984776636358, 'colsample_bytree': 0.8070771568502488, 'learning_rate': 0.5947315892005011, 'max_depth': 3, 'min_child_weight': 6}. Best is trial 1273 with value: 7.5236404426698495.
[I 2026-03-16 14:05:01,147] Trial 1464 finished with value: 7.275609281312917 and parameters: {'n_estimators': 307, 'lambda': 0.0002946946154090844, 'subsample': 0.9195156258948566, 'colsample_bytree': 0.801495621738663, 'learning_rate': 0.5856809767491189, 'max_depth': 3, 'min_child_weight': 6}. Best is trial 1273 with value: 7.5236404426698495.
[I 2026-03-16 14:05:04,549] Trial 1465 finished with value: 7.14969242123629 and parameters: {'n_estimators': 315, 'lambda': 0.0002719365240944334, 'subsample': 0.9690948436825192, 'colsample_bytree': 0.8115402938386642, 'learning_rate': 0.5417771321229695, 'max_depth': 3, 'min_child_weight': 6}. Best is trial 1273 with value: 7.5236404426698495.
[I 2026-03-16 14:05:08,993] Trial 1466 finished with value: 7.349354172448228 and parameters: {'n_estimators': 311, 'lambda': 0.0028162948023471098, 'subsample': 0.9173093908966787, 'colsample_bytree': 0.802861756904351, 'learning_rate': 0.5881908405514263, 'max_depth': 3, 'min_child_weight': 6}. Best is trial 1273 with value: 7.5236404426698495.
[I 2026-03-16 14:05:13,564] Trial 1467 finished with value: 7.204001890563153 and parameters: {'n_estimators': 312, 'lambda': 0.002454312482225261, 'subsample': 0.9154430515244791, 'colsample_bytree': 0.8502407079796688, 'learning_rate': 0.5382934729765977, 'max_depth': 3, 'min_child_weight': 6}. Best is trial 1273 with value: 7.5236404426698495.
[I 2026-03-16 14:06:12,719] Trial 1468 finished with value: 7.231217126951165 and parameters: {'n_estimators': 316, 'lambda': 0.002640944412693596, 'subsample': 0.999745002337634, 'colsample_bytree': 0.8527473659001047, 'learning_rate': 0.5845104126059327, 'max_depth': 3, 'min_child_weight': 6}. Best is trial 1273 with value: 7.5236404426698495.
[I 2026-03-16 14:06:14,270] Trial 1469 finished with value: 7.272408032908675 and parameters: {'n_estimators': 285, 'lambda': 0.00020086212203529797, 'subsample': 0.8703602574408345, 'colsample_bytree': 0.7871187663050074, 'learning_rate': 0.6234041612044909, 'max_depth': 3, 'min_child_weight': 6}. Best is trial 1273 with value: 7.5236404426698495.
[I 2026-03-16 14:06:27,751] Trial 1471 finished with value: 7.370877005579397 and parameters: {'n_estimators': 285, 'lambda': 0.00020243416531817918, 'subsample': 0.9056898947304504, 'colsample_bytree': 0.7730358923562397, 'learning_rate': 0.6240559670697544, 'max_depth': 3, 'min_child_weight': 6}. Best is trial 1273 with value: 7.5236404426698495.
[I 2026-03-16 14:06:29,821] Trial 1472 finished with value: 7.3345591861861354 and parameters: {'n_estimators': 287, 'lambda': 0.00020540765981474817, 'subsample': 0.9036047860527348, 'colsample_bytree': 0.7840778751764117, 'learning_rate': 0.6209099100407736, 'max_depth': 3, 'min_child_weight': 6}. Best is trial 1273 with value: 7.5236404426698495.
[I 2026-03-16 14:06:30,054] Trial 1470 finished with value: 7.235882279414563 and parameters: {'n_estimators': 289, 'lambda': 0.00020303425083320254, 'subsample': 0.8862508708198604, 'colsample_bytree': 0.7564115891857319, 'learning_rate': 0.6139482229884261, 'max_depth': 3, 'min_child_weight': 6}. Best is trial 1273 with value: 7.5236404426698495.
[I 2026-03-16 14:06:37,088] Trial 1473 finished with value: 7.4552506888701755 and parameters: {'n_estimators': 285, 'lambda': 0.0002347816245571615, 'subsample': 0.9066466361044868, 'colsample_bytree': 0.7721151218353653, 'learning_rate': 0.6241665612148881, 'max_depth': 3, 'min_child_weight': 6}. Best is trial 1273 with value: 7.5236404426698495.
[I 2026-03-16 14:07:30,342] Trial 1475 finished with value: 7.190847242397374 and parameters: {'n_estimators': 283, 'lambda': 0.00045063426069050943, 'subsample': 0.8949858719076984, 'colsample_bytree': 0.7694038298366085, 'learning_rate': 0.623046326048478, 'max_depth': 3, 'min_child_weight': 7}. Best is trial 1273 with value: 7.5236404426698495.
[I 2026-03-16 14:07:33,458] Trial 1474 finished with value: 7.1341021349688365 and parameters: {'n_estimators': 283, 'lambda': 0.00015590746743916067, 'subsample': 0.9070884003109938, 'colsample_bytree': 0.8297748291623112, 'learning_rate': 0.6246857606471988, 'max_depth': 3, 'min_child_weight': 6}. Best is trial 1273 with value: 7.5236404426698495.
