[I 2026-03-17 14:14:52,193] Trial 243 finished with value: 4.894456238107518 and parameters: {'n_estimators': 669, 'lambda': 0.11450861652956856, 'subsample': 0.918876244296276, 'colsample_bytree': 0.6386157631339733, 'learning_rate': 0.048045094341431144, 'max_depth': 3, 'min_child_weight': 10}. Best is trial 182 with value: 4.983573420941456.
[I 2026-03-17 14:14:55,929] Trial 242 finished with value: 4.874176622275064 and parameters: {'n_estimators': 675, 'lambda': 0.11877610208503195, 'subsample': 0.9208373733662859, 'colsample_bytree': 0.6753080764336357, 'learning_rate': 0.048062200445358194, 'max_depth': 3, 'min_child_weight': 10}. Best is trial 182 with value: 4.983573420941456.
[I 2026-03-17 14:15:10,573] Trial 244 finished with value: 4.886133774333084 and parameters: {'n_estimators': 674, 'lambda': 0.12408242543161002, 'subsample': 0.9126422238636368, 'colsample_bytree': 0.6275296824069254, 'learning_rate': 0.04323907443646777, 'max_depth': 3, 'min_child_weight': 10}. Best is trial 182 with value: 4.983573420941456.
[I 2026-03-17 14:15:56,053] Trial 245 finished with value: 4.840012004217602 and parameters: {'n_estimators': 675, 'lambda': 0.12351308616697955, 'subsample': 0.9168149890460826, 'colsample_bytree': 0.635399917933094, 'learning_rate': 0.041846451181054525, 'max_depth': 3, 'min_child_weight': 10}. Best is trial 182 with value: 4.983573420941456.
[I 2026-03-17 14:17:16,519] Trial 246 finished with value: 4.731938481943859 and parameters: {'n_estimators': 675, 'lambda': 0.10783595195537041, 'subsample': 0.9137702635230497, 'colsample_bytree': 0.6112668282330072, 'learning_rate': 0.03077864521917031, 'max_depth': 3, 'min_child_weight': 10}. Best is trial 182 with value: 4.983573420941456.
[I 2026-03-17 14:17:58,204] Trial 249 finished with value: 4.681433804115603 and parameters: {'n_estimators': 620, 'lambda': 0.2905762355171359, 'subsample': 0.9113501550934985, 'colsample_bytree': 0.6451404720124725, 'learning_rate': 0.030678310061990843, 'max_depth': 3, 'min_child_weight': 10}. Best is trial 182 with value: 4.983573420941456.
[I 2026-03-17 14:17:59,269] Trial 247 finished with value: 4.9035740775260095 and parameters: {'n_estimators': 677, 'lambda': 0.1057397301212369, 'subsample': 0.9095531708166863, 'colsample_bytree': 0.6378219914554393, 'learning_rate': 0.04173162808379882, 'max_depth': 3, 'min_child_weight': 10}. Best is trial 182 with value: 4.983573420941456.
[I 2026-03-17 14:18:01,645] Trial 248 finished with value: 4.7119712380365595 and parameters: {'n_estimators': 676, 'lambda': 0.10362126389428758, 'subsample': 0.9206676817643465, 'colsample_bytree': 0.6163232180677984, 'learning_rate': 0.030610892554678776, 'max_depth': 3, 'min_child_weight': 10}. Best is trial 182 with value: 4.983573420941456.
[I 2026-03-17 14:18:12,019] Trial 250 finished with value: 4.685845057847169 and parameters: {'n_estimators': 624, 'lambda': 0.08440666693433586, 'subsample': 0.8826431732119568, 'colsample_bytree': 0.6099924176877553, 'learning_rate': 0.03129806827055177, 'max_depth': 3, 'min_child_weight': 10}. Best is trial 182 with value: 4.983573420941456.
[I 2026-03-17 14:18:54,446] Trial 251 finished with value: 4.757031012755352 and parameters: {'n_estimators': 624, 'lambda': 0.2531312588222285, 'subsample': 0.8881603559979464, 'colsample_bytree': 0.668243029545679, 'learning_rate': 0.03272131418287562, 'max_depth': 3, 'min_child_weight': 10}. Best is trial 182 with value: 4.983573420941456.
[I 2026-03-17 14:20:16,973] Trial 252 finished with value: 4.8785031657704705 and parameters: {'n_estimators': 622, 'lambda': 0.2862137153778801, 'subsample': 0.8862655206669683, 'colsample_bytree': 0.6461738931784498, 'learning_rate': 0.058675380823031885, 'max_depth': 3, 'min_child_weight': 10}. Best is trial 182 with value: 4.983573420941456.
[I 2026-03-17 14:21:04,675] Trial 254 finished with value: 4.990105485699975 and parameters: {'n_estimators': 637, 'lambda': 0.0005017136296561413, 'subsample': 0.8848734574530233, 'colsample_bytree': 0.6598531525522966, 'learning_rate': 0.05886132662714445, 'max_depth': 3, 'min_child_weight': 10}. Best is trial 254 with value: 4.990105485699975.
[I 2026-03-17 14:21:05,476] Trial 253 finished with value: 4.9907630322303635 and parameters: {'n_estimators': 635, 'lambda': 0.19163015358732197, 'subsample': 0.8882827835350147, 'colsample_bytree': 0.6574385589746722, 'learning_rate': 0.058946566378885124, 'max_depth': 3, 'min_child_weight': 10}. Best is trial 253 with value: 4.9907630322303635.
[I 2026-03-17 14:21:06,592] Trial 255 finished with value: 4.940676284234657 and parameters: {'n_estimators': 635, 'lambda': 0.211335284989764, 'subsample': 0.8846752842647589, 'colsample_bytree': 0.6589263627815808, 'learning_rate': 0.06146405804153229, 'max_depth': 3, 'min_child_weight': 10}. Best is trial 253 with value: 4.9907630322303635.
[I 2026-03-17 14:21:12,210] Trial 256 finished with value: 4.919762148285049 and parameters: {'n_estimators': 635, 'lambda': 0.19348078412963898, 'subsample': 0.8655180365761875, 'colsample_bytree': 0.6632667882631365, 'learning_rate': 0.05930732451849085, 'max_depth': 3, 'min_child_weight': 10}. Best is trial 253 with value: 4.9907630322303635.
[I 2026-03-17 14:21:47,502] Trial 257 finished with value: 4.92675297295979 and parameters: {'n_estimators': 648, 'lambda': 0.1894194817868522, 'subsample': 0.9382848522400921, 'colsample_bytree': 0.6631411942297492, 'learning_rate': 0.05930957989758821, 'max_depth': 3, 'min_child_weight': 10}. Best is trial 253 with value: 4.9907630322303635.
[I 2026-03-17 14:23:12,599] Trial 258 finished with value: 4.946204375432126 and parameters: {'n_estimators': 644, 'lambda': 0.0005527675730398021, 'subsample': 0.86079727836663, 'colsample_bytree': 0.6584941131597084, 'learning_rate': 0.06118413351852802, 'max_depth': 3, 'min_child_weight': 10}. Best is trial 253 with value: 4.9907630322303635.
[I 2026-03-17 14:24:07,506] Trial 259 finished with value: 4.911154508101509 and parameters: {'n_estimators': 645, 'lambda': 0.30933549307547986, 'subsample': 0.866275677267625, 'colsample_bytree': 0.6649693608209523, 'learning_rate': 0.05554383080876652, 'max_depth': 3, 'min_child_weight': 10}. Best is trial 253 with value: 4.9907630322303635.
[I 2026-03-17 14:24:11,373] Trial 260 finished with value: 4.864750843600092 and parameters: {'n_estimators': 639, 'lambda': 0.18956108000775293, 'subsample': 0.8621403808081713, 'colsample_bytree': 0.6613954352962568, 'learning_rate': 0.055060100585669736, 'max_depth': 3, 'min_child_weight': 10}. Best is trial 253 with value: 4.9907630322303635.
[I 2026-03-17 14:24:16,880] Trial 261 finished with value: 4.959768020795175 and parameters: {'n_estimators': 657, 'lambda': 0.00028392839706331937, 'subsample': 0.8632424404570446, 'colsample_bytree': 0.6609966347258349, 'learning_rate': 0.055896936441086856, 'max_depth': 3, 'min_child_weight': 10}. Best is trial 253 with value: 4.9907630322303635.
[I 2026-03-17 14:24:18,144] Trial 262 finished with value: 4.380717094645148 and parameters: {'n_estimators': 640, 'lambda': 0.21519255058208805, 'subsample': 0.8463171054436911, 'colsample_bytree': 0.6939724151806761, 'learning_rate': 0.41131318620475177, 'max_depth': 3, 'min_child_weight': 10}. Best is trial 253 with value: 4.9907630322303635.
[I 2026-03-17 14:24:54,759] Trial 263 finished with value: 4.910859348316482 and parameters: {'n_estimators': 640, 'lambda': 0.0002621877795114782, 'subsample': 0.9367994177219278, 'colsample_bytree': 0.6803592341129058, 'learning_rate': 0.052032943179416896, 'max_depth': 3, 'min_child_weight': 10}. Best is trial 253 with value: 4.9907630322303635.
[I 2026-03-17 14:26:10,810] Trial 264 finished with value: 4.951097373115694 and parameters: {'n_estimators': 609, 'lambda': 0.0003097633812392986, 'subsample': 0.9421197411709104, 'colsample_bytree': 0.6778966116634565, 'learning_rate': 0.05183159134768864, 'max_depth': 3, 'min_child_weight': 10}. Best is trial 253 with value: 4.9907630322303635.
[I 2026-03-17 14:27:03,795] Trial 266 finished with value: 4.872673593459044 and parameters: {'n_estimators': 598, 'lambda': 0.001064925291380111, 'subsample': 0.9405570952487482, 'colsample_bytree': 0.6777138710382749, 'learning_rate': 0.0809779419173563, 'max_depth': 3, 'min_child_weight': 9}. Best is trial 253 with value: 4.9907630322303635.
[I 2026-03-17 14:27:06,711] Trial 265 finished with value: 4.90802007765771 and parameters: {'n_estimators': 598, 'lambda': 0.0006734825613156325, 'subsample': 0.9306573362571808, 'colsample_bytree': 0.6802606290998934, 'learning_rate': 0.053333059688871955, 'max_depth': 3, 'min_child_weight': 9}. Best is trial 253 with value: 4.9907630322303635.
[I 2026-03-17 14:27:09,826] Trial 267 finished with value: 4.577235797234669 and parameters: {'n_estimators': 610, 'lambda': 0.0006968434112930571, 'subsample': 0.9371488510407957, 'colsample_bytree': 0.6824188753272982, 'learning_rate': 0.4688467597273742, 'max_depth': 3, 'min_child_weight': 9}. Best is trial 253 with value: 4.9907630322303635.
[I 2026-03-17 14:27:11,914] Trial 268 finished with value: 4.894523827309332 and parameters: {'n_estimators': 657, 'lambda': 0.0006549121381407679, 'subsample': 0.9372318991213315, 'colsample_bytree': 0.6782095050430291, 'learning_rate': 0.08281770020798215, 'max_depth': 3, 'min_child_weight': 9}. Best is trial 253 with value: 4.9907630322303635.
[I 2026-03-17 14:27:39,135] Trial 269 finished with value: 4.897858019593927 and parameters: {'n_estimators': 605, 'lambda': 0.0004951938278226264, 'subsample': 0.938067971333344, 'colsample_bytree': 0.6774038899794688, 'learning_rate': 0.08466323525612957, 'max_depth': 3, 'min_child_weight': 10}. Best is trial 253 with value: 4.9907630322303635.
[I 2026-03-17 14:28:55,965] Trial 270 finished with value: 4.8943593239906455 and parameters: {'n_estimators': 603, 'lambda': 0.00012880142585558571, 'subsample': 0.8851450066745846, 'colsample_bytree': 0.6798737752290349, 'learning_rate': 0.08035207363671797, 'max_depth': 3, 'min_child_weight': 9}. Best is trial 253 with value: 4.9907630322303635.
[I 2026-03-17 14:30:03,856] Trial 272 finished with value: 4.78234874689225 and parameters: {'n_estimators': 610, 'lambda': 0.00032658163946920485, 'subsample': 0.8873698104447942, 'colsample_bytree': 0.6351479017936553, 'learning_rate': 0.045136927504652695, 'max_depth': 3, 'min_child_weight': 10}. Best is trial 253 with value: 4.9907630322303635.
[I 2026-03-17 14:30:06,610] Trial 271 finished with value: 4.870219600820491 and parameters: {'n_estimators': 608, 'lambda': 0.0001579432377019061, 'subsample': 0.8834192344694914, 'colsample_bytree': 0.6502986474759255, 'learning_rate': 0.04478625773923313, 'max_depth': 3, 'min_child_weight': 10}. Best is trial 253 with value: 4.9907630322303635.
[I 2026-03-17 14:30:08,438] Trial 274 finished with value: 4.875141269190878 and parameters: {'n_estimators': 615, 'lambda': 0.00010960243458531398, 'subsample': 0.8823208450152727, 'colsample_bytree': 0.6287873622046539, 'learning_rate': 0.04391479850566226, 'max_depth': 3, 'min_child_weight': 10}. Best is trial 253 with value: 4.9907630322303635.
[I 2026-03-17 14:30:21,737] Trial 273 finished with value: 4.859775172832881 and parameters: {'n_estimators': 661, 'lambda': 0.00030513010415141604, 'subsample': 0.8836632652001621, 'colsample_bytree': 0.6310512106106572, 'learning_rate': 0.08157663145321235, 'max_depth': 3, 'min_child_weight': 10}. Best is trial 253 with value: 4.9907630322303635.
[I 2026-03-17 14:30:29,433] Trial 275 finished with value: 4.779488005896387 and parameters: {'n_estimators': 616, 'lambda': 0.0003037236642315981, 'subsample': 0.8817084277353444, 'colsample_bytree': 0.6520049303303963, 'learning_rate': 0.04522572593727639, 'max_depth': 3, 'min_child_weight': 10}. Best is trial 253 with value: 4.9907630322303635.
[I 2026-03-17 14:32:07,069] Trial 276 finished with value: 4.861483891801926 and parameters: {'n_estimators': 657, 'lambda': 0.00033172534885962413, 'subsample': 0.8416840325004622, 'colsample_bytree': 0.6332245522295024, 'learning_rate': 0.04404831719293652, 'max_depth': 3, 'min_child_weight': 10}. Best is trial 253 with value: 4.9907630322303635.
[I 2026-03-17 14:33:11,764] Trial 277 finished with value: 4.826745570026555 and parameters: {'n_estimators': 659, 'lambda': 0.00023246139026239786, 'subsample': 0.8474494197664124, 'colsample_bytree': 0.6515148099116873, 'learning_rate': 0.04338438730742921, 'max_depth': 3, 'min_child_weight': 10}. Best is trial 253 with value: 4.9907630322303635.
[I 2026-03-17 14:33:16,080] Trial 278 finished with value: 4.9263320167235385 and parameters: {'n_estimators': 661, 'lambda': 0.07442467423869212, 'subsample': 0.8424619162551062, 'colsample_bytree': 0.6972351633009234, 'learning_rate': 0.06589519873804478, 'max_depth': 3, 'min_child_weight': 10}. Best is trial 253 with value: 4.9907630322303635.
[I 2026-03-17 14:33:18,131] Trial 279 finished with value: 4.917195448934484 and parameters: {'n_estimators': 667, 'lambda': 0.0002651949695774418, 'subsample': 0.8433196464312918, 'colsample_bytree': 0.7012292198221366, 'learning_rate': 0.06524196029491458, 'max_depth': 3, 'min_child_weight': 10}. Best is trial 253 with value: 4.9907630322303635.
[I 2026-03-17 14:33:58,573] Trial 280 finished with value: 4.930756107357251 and parameters: {'n_estimators': 706, 'lambda': 0.0002922000542943714, 'subsample': 0.8508041241656423, 'colsample_bytree': 0.6997382768765308, 'learning_rate': 0.0686815866117949, 'max_depth': 3, 'min_child_weight': 10}. Best is trial 253 with value: 4.9907630322303635.
[I 2026-03-17 14:33:58,796] Trial 281 finished with value: 4.896821750739054 and parameters: {'n_estimators': 710, 'lambda': 0.0004502414492192999, 'subsample': 0.8424165770681846, 'colsample_bytree': 0.6971494231162947, 'learning_rate': 0.06368869349052235, 'max_depth': 3, 'min_child_weight': 10}. Best is trial 253 with value: 4.9907630322303635.
[I 2026-03-17 14:33:58,810] Trial 282 finished with value: 4.736109309094654 and parameters: {'n_estimators': 366, 'lambda': 0.00020885787105386135, 'subsample': 0.8532898962492431, 'colsample_bytree': 0.6976367339919994, 'learning_rate': 0.06475740126216815, 'max_depth': 3, 'min_child_weight': 10}. Best is trial 253 with value: 4.9907630322303635.
[I 2026-03-17 14:36:17,902] Trial 283 finished with value: 4.96058733110103 and parameters: {'n_estimators': 711, 'lambda': 0.001387537512871143, 'subsample': 0.9030005810489719, 'colsample_bytree': 0.7000943237374762, 'learning_rate': 0.06661780897348246, 'max_depth': 3, 'min_child_weight': 10}. Best is trial 253 with value: 4.9907630322303635.
[I 2026-03-17 14:36:23,428] Trial 284 finished with value: 4.919125792183429 and parameters: {'n_estimators': 705, 'lambda': 0.0016688637646204818, 'subsample': 0.9031572505221317, 'colsample_bytree': 0.7010903335015344, 'learning_rate': 0.062101655172524556, 'max_depth': 3, 'min_child_weight': 10}. Best is trial 253 with value: 4.9907630322303635.
[I 2026-03-17 14:36:28,119] Trial 285 finished with value: 4.863835261239885 and parameters: {'n_estimators': 711, 'lambda': 0.0004943981787854451, 'subsample': 0.8966895731088156, 'colsample_bytree': 0.6648406388947558, 'learning_rate': 0.09829407959517619, 'max_depth': 3, 'min_child_weight': 10}. Best is trial 253 with value: 4.9907630322303635.
[I 2026-03-17 14:37:12,593] Trial 287 finished with value: 4.603682528886263 and parameters: {'n_estimators': 693, 'lambda': 0.00074160748355593, 'subsample': 0.5354539889328341, 'colsample_bytree': 0.6676536306975384, 'learning_rate': 0.09506024211187053, 'max_depth': 3, 'min_child_weight': 10}. Best is trial 253 with value: 4.9907630322303635.
[I 2026-03-17 14:39:40,819] Trial 289 finished with value: 4.922473951903735 and parameters: {'n_estimators': 727, 'lambda': 0.00017180462539021592, 'subsample': 0.8675050809875836, 'colsample_bytree': 0.7005360687426342, 'learning_rate': 0.07580536146350808, 'max_depth': 3, 'min_child_weight': 10}. Best is trial 253 with value: 4.9907630322303635.
[I 2026-03-17 14:39:46,418] Trial 290 finished with value: 4.87399498863212 and parameters: {'n_estimators': 725, 'lambda': 0.00042788949234078596, 'subsample': 0.8610526066609288, 'colsample_bytree': 0.6678151901348355, 'learning_rate': 0.0894377156704331, 'max_depth': 3, 'min_child_weight': 10}. Best is trial 253 with value: 4.9907630322303635.
[I 2026-03-17 14:40:17,692] Trial 288 finished with value: 4.472515835748514 and parameters: {'n_estimators': 688, 'lambda': 0.0004442939139105957, 'subsample': 0.8665706146715704, 'colsample_bytree': 0.6652732540451527, 'learning_rate': 0.09606834705444343, 'max_depth': 7, 'min_child_weight': 10}. Best is trial 253 with value: 4.9907630322303635.
[I 2026-03-17 14:40:36,588] Trial 292 finished with value: 4.8989163939752505 and parameters: {'n_estimators': 726, 'lambda': 0.0010930361096141315, 'subsample': 0.8629364014106813, 'colsample_bytree': 0.6912546065694443, 'learning_rate': 0.07756488111748511, 'max_depth': 3, 'min_child_weight': 10}. Best is trial 253 with value: 4.9907630322303635.
[I 2026-03-17 14:40:39,880] Trial 286 finished with value: 4.376963060427937 and parameters: {'n_estimators': 726, 'lambda': 0.00021206399523178353, 'subsample': 0.8675915707468795, 'colsample_bytree': 0.6676444879145077, 'learning_rate': 0.09650797862638097, 'max_depth': 7, 'min_child_weight': 10}. Best is trial 253 with value: 4.9907630322303635.
[I 2026-03-17 14:41:12,097] Trial 291 finished with value: 0.0 and parameters: {'n_estimators': 734, 'lambda': 0.00044580311539654837, 'subsample': 0.865158605062254, 'colsample_bytree': 0.6899210269252551, 'learning_rate': 0.0927655144978217, 'max_depth': 5, 'min_child_weight': 10}. Best is trial 253 with value: 4.9907630322303635.
[I 2026-03-17 14:43:07,525] Trial 293 finished with value: 4.923646682675354 and parameters: {'n_estimators': 736, 'lambda': 0.007105316342965397, 'subsample': 0.8690765037547897, 'colsample_bytree': 0.6911035311690853, 'learning_rate': 0.07926998602614975, 'max_depth': 3, 'min_child_weight': 10}. Best is trial 253 with value: 4.9907630322303635.
[I 2026-03-17 14:43:29,448] Trial 295 finished with value: 4.663025358135917 and parameters: {'n_estimators': 682, 'lambda': 0.0009855526350706651, 'subsample': 0.40781345046278306, 'colsample_bytree': 0.6847164388908442, 'learning_rate': 0.05311029812878409, 'max_depth': 3, 'min_child_weight': 10}. Best is trial 253 with value: 4.9907630322303635.
[I 2026-03-17 14:44:05,913] Trial 296 finished with value: 4.949390187185845 and parameters: {'n_estimators': 739, 'lambda': 0.25418727280862385, 'subsample': 0.8989836954348566, 'colsample_bytree': 0.7118515740493864, 'learning_rate': 0.052759018845084875, 'max_depth': 3, 'min_child_weight': 10}. Best is trial 253 with value: 4.9907630322303635.
[I 2026-03-17 14:44:30,106] Trial 298 finished with value: 4.454382732283969 and parameters: {'n_estimators': 687, 'lambda': 0.0017501875066258496, 'subsample': 0.8980413844373851, 'colsample_bytree': 0.7130223764198785, 'learning_rate': 0.19741872483029022, 'max_depth': 3, 'min_child_weight': 10}. Best is trial 253 with value: 4.9907630322303635.
[I 2026-03-17 14:45:08,760] Trial 297 finished with value: 4.912973768808824 and parameters: {'n_estimators': 688, 'lambda': 0.0008374704567848438, 'subsample': 0.8993393602018642, 'colsample_bytree': 0.7144963131244475, 'learning_rate': 0.052239168811357366, 'max_depth': 5, 'min_child_weight': 10}. Best is trial 253 with value: 4.9907630322303635.
[I 2026-03-17 14:46:10,088] Trial 294 finished with value: 4.609311951891634 and parameters: {'n_estimators': 685, 'lambda': 0.0010840950009541506, 'subsample': 0.9002759111814304, 'colsample_bytree': 0.7106099859144016, 'learning_rate': 0.0508488316784622, 'max_depth': 7, 'min_child_weight': 10}. Best is trial 253 with value: 4.9907630322303635.
[I 2026-03-17 14:46:18,890] Trial 299 finished with value: 4.897982901447305 and parameters: {'n_estimators': 686, 'lambda': 0.003046144896960957, 'subsample': 0.9065102448419896, 'colsample_bytree': 0.7148136578818469, 'learning_rate': 0.05081198637224228, 'max_depth': 3, 'min_child_weight': 10}. Best is trial 253 with value: 4.9907630322303635.
[I 2026-03-17 14:46:44,922] Trial 300 finished with value: 0.0 and parameters: {'n_estimators': 699, 'lambda': 7.723311643508776e-05, 'subsample': 0.9020010149010256, 'colsample_bytree': 0.7152628251526563, 'learning_rate': 0.5257150768087383, 'max_depth': 3, 'min_child_weight': 10}. Best is trial 253 with value: 4.9907630322303635.
[I 2026-03-17 14:47:25,436] Trial 301 finished with value: 4.6558950521412354 and parameters: {'n_estimators': 701, 'lambda': 0.002214242521434373, 'subsample': 0.8966740019050389, 'colsample_bytree': 0.7109774258589627, 'learning_rate': 0.195145621339683, 'max_depth': 3, 'min_child_weight': 10}. Best is trial 253 with value: 4.9907630322303635.
[I 2026-03-17 14:47:48,771] Trial 302 finished with value: 4.766530464534013 and parameters: {'n_estimators': 710, 'lambda': 0.29983730435357125, 'subsample': 0.9007178071031977, 'colsample_bytree': 0.7138197075773051, 'learning_rate': 0.030447113483374852, 'max_depth': 3, 'min_child_weight': 10}. Best is trial 253 with value: 4.9907630322303635.
[I 2026-03-17 14:48:27,577] Trial 303 finished with value: 4.749281265099403 and parameters: {'n_estimators': 697, 'lambda': 8.003047937072827e-05, 'subsample': 0.9010754205808774, 'colsample_bytree': 0.7120580489142532, 'learning_rate': 0.030451218325269657, 'max_depth': 3, 'min_child_weight': 10}. Best is trial 253 with value: 4.9907630322303635.
[I 2026-03-17 14:49:34,287] Trial 304 finished with value: 4.779927996133443 and parameters: {'n_estimators': 706, 'lambda': 0.002388525749077034, 'subsample': 0.8794777212028537, 'colsample_bytree': 0.7046166762713272, 'learning_rate': 0.030083422725218162, 'max_depth': 3, 'min_child_weight': 10}. Best is trial 253 with value: 4.9907630322303635.
