[I 2026-03-17 18:58:56,381] Trial 744 finished with value: 4.85290452598362 and parameters: {'n_estimators': 736, 'lambda': 0.003117833094736256, 'subsample': 0.842014288924891, 'colsample_bytree': 0.6540077048073673, 'learning_rate': 0.051903241541579354, 'max_depth': 4, 'min_child_weight': 10}. Best is trial 350 with value: 4.999194949595861.
[I 2026-03-17 19:00:15,079] Trial 747 finished with value: 4.987237012196234 and parameters: {'n_estimators': 693, 'lambda': 0.19317399149294076, 'subsample': 0.8341043517544665, 'colsample_bytree': 0.6552237545061008, 'learning_rate': 0.05418336523111135, 'max_depth': 3, 'min_child_weight': 10}. Best is trial 350 with value: 4.999194949595861.
[I 2026-03-17 19:00:32,442] Trial 748 finished with value: 4.910630704771308 and parameters: {'n_estimators': 696, 'lambda': 0.222269485125403, 'subsample': 0.8405390562536619, 'colsample_bytree': 0.6582061874523071, 'learning_rate': 0.04940035204270897, 'max_depth': 3, 'min_child_weight': 10}. Best is trial 350 with value: 4.999194949595861.
[I 2026-03-17 19:01:14,148] Trial 749 finished with value: 4.801500596080606 and parameters: {'n_estimators': 694, 'lambda': 0.21672580146806963, 'subsample': 0.8319622517624957, 'colsample_bytree': 0.6598153322014143, 'learning_rate': 0.03023882819975826, 'max_depth': 3, 'min_child_weight': 3}. Best is trial 350 with value: 4.999194949595861.
[I 2026-03-17 19:01:45,247] Trial 750 finished with value: 4.867041127026857 and parameters: {'n_estimators': 697, 'lambda': 0.21271374153124997, 'subsample': 0.8937427122885713, 'colsample_bytree': 0.6864196864697311, 'learning_rate': 0.039733232008361055, 'max_depth': 3, 'min_child_weight': 3}. Best is trial 350 with value: 4.999194949595861.
[I 2026-03-17 19:02:02,553] Trial 751 finished with value: 4.63251640693224 and parameters: {'n_estimators': 699, 'lambda': 0.04035108434283208, 'subsample': 0.9300104178808548, 'colsample_bytree': 0.7308663739684097, 'learning_rate': 0.09497177730316234, 'max_depth': 3, 'min_child_weight': 10}. Best is trial 350 with value: 4.999194949595861.
[I 2026-03-17 19:02:15,877] Trial 752 finished with value: 4.515772442806587 and parameters: {'n_estimators': 695, 'lambda': 0.22264512197393102, 'subsample': 0.893948681355496, 'colsample_bytree': 0.6904999753237242, 'learning_rate': 0.5044319067953079, 'max_depth': 3, 'min_child_weight': 10}. Best is trial 350 with value: 4.999194949595861.
[I 2026-03-17 19:03:34,141] Trial 753 finished with value: 4.738493728481907 and parameters: {'n_estimators': 694, 'lambda': 0.1927547675007033, 'subsample': 0.8105848226739144, 'colsample_bytree': 0.7566120528178217, 'learning_rate': 0.0301280951270529, 'max_depth': 3, 'min_child_weight': 10}. Best is trial 350 with value: 4.999194949595861.
[I 2026-03-17 19:03:54,608] Trial 754 finished with value: 4.798151806547059 and parameters: {'n_estimators': 694, 'lambda': 0.20135825778469893, 'subsample': 0.7929416759912638, 'colsample_bytree': 0.758805917456559, 'learning_rate': 0.031014732509907727, 'max_depth': 3, 'min_child_weight': 10}. Best is trial 350 with value: 4.999194949595861.
[I 2026-03-17 19:04:12,806] Trial 755 finished with value: 4.798503474043031 and parameters: {'n_estimators': 624, 'lambda': 0.11784780720987363, 'subsample': 0.8288669105640971, 'colsample_bytree': 0.7461801381695697, 'learning_rate': 0.03997916108582615, 'max_depth': 3, 'min_child_weight': 10}. Best is trial 350 with value: 4.999194949595861.
[I 2026-03-17 19:04:47,407] Trial 756 finished with value: 4.7543535890984145 and parameters: {'n_estimators': 624, 'lambda': 0.10623898925293854, 'subsample': 0.8121700606657506, 'colsample_bytree': 0.7592293950774891, 'learning_rate': 0.030573674030008272, 'max_depth': 3, 'min_child_weight': 10}. Best is trial 350 with value: 4.999194949595861.
[I 2026-03-17 19:04:59,758] Trial 757 finished with value: 4.79619209906763 and parameters: {'n_estimators': 632, 'lambda': 0.12019507400828519, 'subsample': 0.8203667147145, 'colsample_bytree': 0.7613266001828092, 'learning_rate': 0.030691449532578418, 'max_depth': 3, 'min_child_weight': 10}. Best is trial 350 with value: 4.999194949595861.
[I 2026-03-17 19:05:17,159] Trial 758 finished with value: 4.800950752044724 and parameters: {'n_estimators': 625, 'lambda': 0.12673945966086914, 'subsample': 0.8256577380493989, 'colsample_bytree': 0.7405589561200107, 'learning_rate': 0.03847105669210157, 'max_depth': 3, 'min_child_weight': 10}. Best is trial 350 with value: 4.999194949595861.
[I 2026-03-17 19:06:31,127] Trial 759 finished with value: 4.900511628305526 and parameters: {'n_estimators': 628, 'lambda': 0.11124945037655662, 'subsample': 0.8056185517180042, 'colsample_bytree': 0.7427002801350727, 'learning_rate': 0.061857750149341535, 'max_depth': 3, 'min_child_weight': 10}. Best is trial 350 with value: 4.999194949595861.
[I 2026-03-17 19:06:58,311] Trial 760 finished with value: 4.832035299819035 and parameters: {'n_estimators': 632, 'lambda': 0.11656128044994793, 'subsample': 0.823516403266012, 'colsample_bytree': 0.743392230721837, 'learning_rate': 0.06305473973533761, 'max_depth': 3, 'min_child_weight': 10}. Best is trial 350 with value: 4.999194949595861.
[I 2026-03-17 19:07:15,311] Trial 761 finished with value: 4.349427330924753 and parameters: {'n_estimators': 639, 'lambda': 0.11537963873327636, 'subsample': 0.7970664974898543, 'colsample_bytree': 0.7317018248345455, 'learning_rate': 0.6548017543663455, 'max_depth': 3, 'min_child_weight': 10}. Best is trial 350 with value: 4.999194949595861.
[I 2026-03-17 19:07:51,056] Trial 762 finished with value: 4.940367024173749 and parameters: {'n_estimators': 642, 'lambda': 0.4568896038515873, 'subsample': 0.7890322707629963, 'colsample_bytree': 0.7323895679351834, 'learning_rate': 0.06268670036127569, 'max_depth': 3, 'min_child_weight': 10}. Best is trial 350 with value: 4.999194949595861.
[I 2026-03-17 19:08:13,955] Trial 763 finished with value: 4.626970911374286 and parameters: {'n_estimators': 670, 'lambda': 0.464556341018594, 'subsample': 0.8587888010826606, 'colsample_bytree': 0.6244736947136709, 'learning_rate': 0.06081976978984605, 'max_depth': 3, 'min_child_weight': 10}. Best is trial 350 with value: 4.999194949595861.
[I 2026-03-17 19:08:24,116] Trial 764 finished with value: 4.940267331964725 and parameters: {'n_estimators': 674, 'lambda': 0.3956753711236166, 'subsample': 0.8589014992436836, 'colsample_bytree': 0.6174730512543302, 'learning_rate': 0.06170882198385308, 'max_depth': 3, 'min_child_weight': 10}. Best is trial 350 with value: 4.999194949595861.
[I 2026-03-17 19:09:44,287] Trial 765 finished with value: 4.868380144570466 and parameters: {'n_estimators': 670, 'lambda': 0.3910700341256626, 'subsample': 0.8643859549168273, 'colsample_bytree': 0.6271410046554514, 'learning_rate': 0.06445430578785763, 'max_depth': 3, 'min_child_weight': 10}. Best is trial 350 with value: 4.999194949595861.
[I 2026-03-17 19:10:09,368] Trial 766 finished with value: 4.925061844352366 and parameters: {'n_estimators': 672, 'lambda': 0.3794183403055727, 'subsample': 0.9479083653719315, 'colsample_bytree': 0.6166078445970878, 'learning_rate': 0.058501446470467344, 'max_depth': 3, 'min_child_weight': 10}. Best is trial 350 with value: 4.999194949595861.
[I 2026-03-17 19:10:27,113] Trial 767 finished with value: 4.894617247161655 and parameters: {'n_estimators': 671, 'lambda': 0.3841432323527269, 'subsample': 0.8577652232047754, 'colsample_bytree': 0.622708637151096, 'learning_rate': 0.0635109674236005, 'max_depth': 3, 'min_child_weight': 10}. Best is trial 350 with value: 4.999194949595861.
[I 2026-03-17 19:11:04,261] Trial 768 finished with value: 4.890481488812307 and parameters: {'n_estimators': 674, 'lambda': 0.3412617805660408, 'subsample': 0.8525043955878766, 'colsample_bytree': 0.6195784491195045, 'learning_rate': 0.04987149725209239, 'max_depth': 3, 'min_child_weight': 10}. Best is trial 350 with value: 4.999194949595861.
[I 2026-03-17 19:11:27,850] Trial 769 finished with value: 4.701434027763823 and parameters: {'n_estimators': 672, 'lambda': 0.3362069433845165, 'subsample': 0.20626245562013168, 'colsample_bytree': 0.7113422232825536, 'learning_rate': 0.04503403002534121, 'max_depth': 3, 'min_child_weight': 10}. Best is trial 350 with value: 4.999194949595861.
[I 2026-03-17 19:11:45,827] Trial 770 finished with value: 4.910715255884929 and parameters: {'n_estimators': 717, 'lambda': 0.31167076300822805, 'subsample': 0.9476132551797182, 'colsample_bytree': 0.6419077778594175, 'learning_rate': 0.04683983354718993, 'max_depth': 3, 'min_child_weight': 10}. Best is trial 350 with value: 4.999194949595861.
[I 2026-03-17 19:13:12,775] Trial 771 finished with value: 4.965967352316817 and parameters: {'n_estimators': 722, 'lambda': 0.3402622429054944, 'subsample': 0.9495003663633664, 'colsample_bytree': 0.7139383575594773, 'learning_rate': 0.050840181752629686, 'max_depth': 3, 'min_child_weight': 9}. Best is trial 350 with value: 4.999194949595861.
[I 2026-03-17 19:13:30,333] Trial 772 finished with value: 4.880461491707697 and parameters: {'n_estimators': 711, 'lambda': 0.6138520540954852, 'subsample': 0.9341995932197713, 'colsample_bytree': 0.7151080806536855, 'learning_rate': 0.04537421158606669, 'max_depth': 3, 'min_child_weight': 9}. Best is trial 350 with value: 4.999194949595861.
[I 2026-03-17 19:13:52,311] Trial 773 finished with value: 4.432417850050031 and parameters: {'n_estimators': 719, 'lambda': 0.6844457873843701, 'subsample': 0.7599685968600527, 'colsample_bytree': 0.7135493796609793, 'learning_rate': 0.28416531062372835, 'max_depth': 3, 'min_child_weight': 9}. Best is trial 350 with value: 4.999194949595861.
[I 2026-03-17 19:14:53,696] Trial 775 finished with value: 4.883605063584245 and parameters: {'n_estimators': 714, 'lambda': 0.9957144340136024, 'subsample': 0.9435548806542712, 'colsample_bytree': 0.6753717621893036, 'learning_rate': 0.08284680255286009, 'max_depth': 3, 'min_child_weight': 9}. Best is trial 350 with value: 4.999194949595861.
[I 2026-03-17 19:15:12,392] Trial 776 finished with value: 4.629347610345784 and parameters: {'n_estimators': 721, 'lambda': 0.6767059062313012, 'subsample': 0.9283305886972059, 'colsample_bytree': 0.6740177824417339, 'learning_rate': 0.0840315884714414, 'max_depth': 3, 'min_child_weight': 9}. Best is trial 350 with value: 4.999194949595861.
[I 2026-03-17 19:15:44,560] Trial 774 finished with value: 4.629426530721357 and parameters: {'n_estimators': 718, 'lambda': 0.7585637624366692, 'subsample': 0.9294287335127023, 'colsample_bytree': 0.7078136972648366, 'learning_rate': 0.08287435301552387, 'max_depth': 5, 'min_child_weight': 9}. Best is trial 350 with value: 4.999194949595861.
[I 2026-03-17 19:16:38,223] Trial 777 finished with value: 4.861315481290282 and parameters: {'n_estimators': 727, 'lambda': 0.6662804499454311, 'subsample': 0.9617373970202485, 'colsample_bytree': 0.7160392064135888, 'learning_rate': 0.08494031072881648, 'max_depth': 3, 'min_child_weight': 9}. Best is trial 350 with value: 4.999194949595861.
[I 2026-03-17 19:16:58,952] Trial 778 finished with value: 4.899870936859126 and parameters: {'n_estimators': 722, 'lambda': 0.9469260996995428, 'subsample': 0.9538746939375541, 'colsample_bytree': 0.7106607194056854, 'learning_rate': 0.08313540131564429, 'max_depth': 3, 'min_child_weight': 9}. Best is trial 350 with value: 4.999194949595861.
[I 2026-03-17 19:17:15,975] Trial 779 finished with value: 4.903669296571224 and parameters: {'n_estimators': 728, 'lambda': 0.5813634021562436, 'subsample': 0.9541890185545894, 'colsample_bytree': 0.7255484327287663, 'learning_rate': 0.08715762170497401, 'max_depth': 3, 'min_child_weight': 9}. Best is trial 350 with value: 4.999194949595861.
[I 2026-03-17 19:18:16,570] Trial 780 finished with value: 4.911372532742919 and parameters: {'n_estimators': 725, 'lambda': 0.5698369445320863, 'subsample': 0.9541491052538802, 'colsample_bytree': 0.7262274864792793, 'learning_rate': 0.08371752381433625, 'max_depth': 3, 'min_child_weight': 9}. Best is trial 350 with value: 4.999194949595861.
[I 2026-03-17 19:18:49,464] Trial 781 finished with value: 4.948864366252698 and parameters: {'n_estimators': 747, 'lambda': 0.9810428352785834, 'subsample': 0.957927076447879, 'colsample_bytree': 0.7263124784575746, 'learning_rate': 0.04306399852742459, 'max_depth': 3, 'min_child_weight': 9}. Best is trial 350 with value: 4.999194949595861.
[I 2026-03-17 19:19:10,245] Trial 782 finished with value: 4.881629630679596 and parameters: {'n_estimators': 728, 'lambda': 0.5197853450798856, 'subsample': 0.9570868698108147, 'colsample_bytree': 0.7030177770383123, 'learning_rate': 0.043559969996495536, 'max_depth': 3, 'min_child_weight': 9}. Best is trial 350 with value: 4.999194949595861.
[I 2026-03-17 19:20:10,447] Trial 783 finished with value: 4.952106942628035 and parameters: {'n_estimators': 748, 'lambda': 0.0007635429166583124, 'subsample': 0.9455117433371535, 'colsample_bytree': 0.7257391817249518, 'learning_rate': 0.04161076741590073, 'max_depth': 3, 'min_child_weight': 9}. Best is trial 350 with value: 4.999194949595861.
[I 2026-03-17 19:20:31,846] Trial 784 finished with value: 4.879958007585055 and parameters: {'n_estimators': 754, 'lambda': 0.2648375565672681, 'subsample': 0.9550984376671422, 'colsample_bytree': 0.7300078397744083, 'learning_rate': 0.04409287765434467, 'max_depth': 3, 'min_child_weight': 9}. Best is trial 350 with value: 4.999194949595861.
[I 2026-03-17 19:20:47,764] Trial 785 finished with value: 4.934706907034658 and parameters: {'n_estimators': 751, 'lambda': 0.00011890379416472524, 'subsample': 0.8353606432507578, 'colsample_bytree': 0.7312660067891682, 'learning_rate': 0.049656387944295104, 'max_depth': 3, 'min_child_weight': 8}. Best is trial 350 with value: 4.999194949595861.
[I 2026-03-17 19:21:32,517] Trial 789 finished with value: 4.700956446749676 and parameters: {'n_estimators': 287, 'lambda': 0.2634267603334012, 'subsample': 0.8370336665620209, 'colsample_bytree': 0.6905933955256741, 'learning_rate': 0.06312981536725457, 'max_depth': 3, 'min_child_weight': 9}. Best is trial 350 with value: 4.999194949595861.
[I 2026-03-17 19:21:58,487] Trial 786 finished with value: 4.877830640044166 and parameters: {'n_estimators': 777, 'lambda': 0.26099523300953226, 'subsample': 0.835801861933581, 'colsample_bytree': 0.6942104511046381, 'learning_rate': 0.042860363934058954, 'max_depth': 3, 'min_child_weight': 8}. Best is trial 350 with value: 4.999194949595861.
[I 2026-03-17 19:22:28,152] Trial 787 finished with value: 4.898489462820577 and parameters: {'n_estimators': 754, 'lambda': 0.2434679219560307, 'subsample': 0.8336909845718112, 'colsample_bytree': 0.6970571071370091, 'learning_rate': 0.06772921980121205, 'max_depth': 3, 'min_child_weight': 9}. Best is trial 350 with value: 4.999194949595861.
[I 2026-03-17 19:22:54,372] Trial 788 finished with value: 4.897948633971975 and parameters: {'n_estimators': 781, 'lambda': 0.2756776077275375, 'subsample': 0.8384685913976478, 'colsample_bytree': 0.6921012513887227, 'learning_rate': 0.07022005230550657, 'max_depth': 3, 'min_child_weight': 8}. Best is trial 350 with value: 4.999194949595861.
[I 2026-03-17 19:23:49,190] Trial 790 finished with value: 4.945013605388887 and parameters: {'n_estimators': 693, 'lambda': 0.18500516751555013, 'subsample': 0.9237042990732309, 'colsample_bytree': 0.6939358365290651, 'learning_rate': 0.06836726927709354, 'max_depth': 3, 'min_child_weight': 9}. Best is trial 350 with value: 4.999194949595861.
[I 2026-03-17 19:24:06,725] Trial 791 finished with value: 4.911319150412202 and parameters: {'n_estimators': 694, 'lambda': 0.1801831535811558, 'subsample': 0.9230612123427004, 'colsample_bytree': 0.6899889943236347, 'learning_rate': 0.0705459048599058, 'max_depth': 3, 'min_child_weight': 9}. Best is trial 350 with value: 4.999194949595861.
[I 2026-03-17 19:24:50,023] Trial 792 finished with value: 4.873124171984221 and parameters: {'n_estimators': 693, 'lambda': 0.2561215108620399, 'subsample': 0.597400108050737, 'colsample_bytree': 0.6912472278518106, 'learning_rate': 0.0688727138573955, 'max_depth': 3, 'min_child_weight': 9}. Best is trial 350 with value: 4.999194949595861.
[I 2026-03-17 19:25:16,297] Trial 793 finished with value: 4.927215123420771 and parameters: {'n_estimators': 698, 'lambda': 0.18771415416787718, 'subsample': 0.9237427641803085, 'colsample_bytree': 0.6877747785373128, 'learning_rate': 0.06884008443136239, 'max_depth': 3, 'min_child_weight': 9}. Best is trial 350 with value: 4.999194949595861.
[I 2026-03-17 19:25:44,705] Trial 794 finished with value: 4.942668885546912 and parameters: {'n_estimators': 690, 'lambda': 0.1692118172767607, 'subsample': 0.9271260979643262, 'colsample_bytree': 0.7648255707197124, 'learning_rate': 0.06992215186056745, 'max_depth': 3, 'min_child_weight': 6}. Best is trial 350 with value: 4.999194949595861.
[I 2026-03-17 19:26:20,619] Trial 795 finished with value: 4.903849372241108 and parameters: {'n_estimators': 694, 'lambda': 0.17368591993920593, 'subsample': 0.8731175975696398, 'colsample_bytree': 0.7616625295828252, 'learning_rate': 0.05482836313334216, 'max_depth': 3, 'min_child_weight': 9}. Best is trial 350 with value: 4.999194949595861.
[I 2026-03-17 19:27:09,094] Trial 796 finished with value: 4.891290435242938 and parameters: {'n_estimators': 700, 'lambda': 0.4475325660670793, 'subsample': 0.8715044041983466, 'colsample_bytree': 0.767787606277331, 'learning_rate': 0.05495001610540453, 'max_depth': 3, 'min_child_weight': 9}. Best is trial 350 with value: 4.999194949595861.
[I 2026-03-17 19:27:14,937] Trial 797 finished with value: 4.88326544926908 and parameters: {'n_estimators': 652, 'lambda': 0.00018414557522103894, 'subsample': 0.8721090545398041, 'colsample_bytree': 0.667322056697039, 'learning_rate': 0.054005140734992026, 'max_depth': 3, 'min_child_weight': 10}. Best is trial 350 with value: 4.999194949595861.
[I 2026-03-17 19:27:46,069] Trial 798 finished with value: 4.872581275695865 and parameters: {'n_estimators': 650, 'lambda': 0.4736322562295876, 'subsample': 0.8711902666562127, 'colsample_bytree': 0.7587052774522425, 'learning_rate': 0.0520135721438762, 'max_depth': 3, 'min_child_weight': 10}. Best is trial 350 with value: 4.999194949595861.
[I 2026-03-17 19:28:05,153] Trial 799 finished with value: 4.936821780264086 and parameters: {'n_estimators': 643, 'lambda': 0.4626193715777641, 'subsample': 0.8753313692123282, 'colsample_bytree': 0.7639131173849141, 'learning_rate': 0.05198379009602592, 'max_depth': 3, 'min_child_weight': 10}. Best is trial 350 with value: 4.999194949595861.
[I 2026-03-17 19:28:14,274] Trial 800 finished with value: 4.828106825488048 and parameters: {'n_estimators': 608, 'lambda': 0.46904898779967913, 'subsample': 0.874423843276216, 'colsample_bytree': 0.7532081035453074, 'learning_rate': 0.0545155609995573, 'max_depth': 3, 'min_child_weight': 10}. Best is trial 350 with value: 4.999194949595861.
[I 2026-03-17 19:28:30,160] Trial 801 finished with value: 4.866561794716636 and parameters: {'n_estimators': 649, 'lambda': 0.0001782609378886563, 'subsample': 0.904206715595191, 'colsample_bytree': 0.7512235997742086, 'learning_rate': 0.09983684193495886, 'max_depth': 3, 'min_child_weight': 10}. Best is trial 350 with value: 4.999194949595861.
[I 2026-03-17 19:28:37,744] Trial 802 finished with value: 4.956372039483954 and parameters: {'n_estimators': 654, 'lambda': 0.4560915272162956, 'subsample': 0.9086208942604546, 'colsample_bytree': 0.7466173628206205, 'learning_rate': 0.10088496646748721, 'max_depth': 3, 'min_child_weight': 10}. Best is trial 350 with value: 4.999194949595861.
