[I 2026-03-17 17:47:20,259] Trial 620 finished with value: 4.779188497808625 and parameters: {'n_estimators': 732, 'lambda': 0.033007916150017816, 'subsample': 0.8993681095022239, 'colsample_bytree': 0.6290746798169802, 'learning_rate': 0.030135567397522732, 'max_depth': 3, 'min_child_weight': 10}. Best is trial 350 with value: 4.999194949595861.
[I 2026-03-17 17:47:46,197] Trial 621 finished with value: 4.8349280533369505 and parameters: {'n_estimators': 724, 'lambda': 0.03723815814840247, 'subsample': 0.8993228074885472, 'colsample_bytree': 0.6244852205215926, 'learning_rate': 0.039170012112469024, 'max_depth': 3, 'min_child_weight': 10}. Best is trial 350 with value: 4.999194949595861.
[I 2026-03-17 17:47:49,481] Trial 622 finished with value: 4.500043626126793 and parameters: {'n_estimators': 727, 'lambda': 0.0951861515085862, 'subsample': 0.875274978975536, 'colsample_bytree': 0.6259895902498839, 'learning_rate': 0.4692619031832096, 'max_depth': 3, 'min_child_weight': 10}. Best is trial 350 with value: 4.999194949595861.
[I 2026-03-17 17:50:15,425] Trial 626 finished with value: 4.715074903068838 and parameters: {'n_estimators': 636, 'lambda': 0.09415361278153069, 'subsample': 0.8756222141906944, 'colsample_bytree': 0.649077979969466, 'learning_rate': 0.18418614493821367, 'max_depth': 3, 'min_child_weight': 10}. Best is trial 350 with value: 4.999194949595861.
[I 2026-03-17 17:50:20,846] Trial 623 finished with value: 4.762096491215564 and parameters: {'n_estimators': 731, 'lambda': 0.09808082182129028, 'subsample': 0.8714112528753801, 'colsample_bytree': 0.6338990805639578, 'learning_rate': 0.03128201046027494, 'max_depth': 3, 'min_child_weight': 10}. Best is trial 350 with value: 4.999194949595861.
[I 2026-03-17 17:50:21,916] Trial 624 finished with value: 4.799789558636169 and parameters: {'n_estimators': 634, 'lambda': 0.26696132484353424, 'subsample': 0.8756007488129612, 'colsample_bytree': 0.6279301916518928, 'learning_rate': 0.03904988618134696, 'max_depth': 3, 'min_child_weight': 10}. Best is trial 350 with value: 4.999194949595861.
[I 2026-03-17 17:50:22,174] Trial 625 finished with value: 4.359818502302227 and parameters: {'n_estimators': 637, 'lambda': 0.0863575927719489, 'subsample': 0.8758027271077228, 'colsample_bytree': 0.633589914963688, 'learning_rate': 0.6993184046898413, 'max_depth': 3, 'min_child_weight': 10}. Best is trial 350 with value: 4.999194949595861.
[I 2026-03-17 17:50:41,260] Trial 627 finished with value: 4.869516332923489 and parameters: {'n_estimators': 634, 'lambda': 0.10615850949902197, 'subsample': 0.8761475885129092, 'colsample_bytree': 0.6476062778507327, 'learning_rate': 0.09680014929360396, 'max_depth': 3, 'min_child_weight': 10}. Best is trial 350 with value: 4.999194949595861.
[I 2026-03-17 17:50:47,633] Trial 628 finished with value: 4.64447898397669 and parameters: {'n_estimators': 635, 'lambda': 0.2925814534346755, 'subsample': 0.9802824416788433, 'colsample_bytree': 0.6477135160691292, 'learning_rate': 0.10274388924860574, 'max_depth': 3, 'min_child_weight': 9}. Best is trial 350 with value: 4.999194949595861.
[I 2026-03-17 17:53:15,666] Trial 629 finished with value: 4.667137756811581 and parameters: {'n_estimators': 635, 'lambda': 0.2463981869520648, 'subsample': 0.9748710981809622, 'colsample_bytree': 0.7590568747246028, 'learning_rate': 0.1010639147516047, 'max_depth': 3, 'min_child_weight': 9}. Best is trial 350 with value: 4.999194949595861.
[I 2026-03-17 17:53:27,832] Trial 631 finished with value: 4.904948675983704 and parameters: {'n_estimators': 669, 'lambda': 0.2223750515957342, 'subsample': 0.915993021598539, 'colsample_bytree': 0.7386693399825387, 'learning_rate': 0.10532347740773315, 'max_depth': 3, 'min_child_weight': 9}. Best is trial 350 with value: 4.999194949595861.
[I 2026-03-17 17:53:33,289] Trial 632 finished with value: 4.827495487073404 and parameters: {'n_estimators': 667, 'lambda': 0.23598036433268854, 'subsample': 0.9171848999006816, 'colsample_bytree': 0.7140287726871414, 'learning_rate': 0.1049856049371899, 'max_depth': 3, 'min_child_weight': 9}. Best is trial 350 with value: 4.999194949595861.
[I 2026-03-17 17:53:51,322] Trial 633 finished with value: 4.646539358913648 and parameters: {'n_estimators': 672, 'lambda': 0.238078310375891, 'subsample': 0.9776885353923994, 'colsample_bytree': 0.7411030362965781, 'learning_rate': 0.06239720423661929, 'max_depth': 3, 'min_child_weight': 9}. Best is trial 350 with value: 4.999194949595861.
[I 2026-03-17 17:54:02,649] Trial 634 finished with value: 4.874896345937852 and parameters: {'n_estimators': 665, 'lambda': 0.05419841122044715, 'subsample': 0.9199796282418171, 'colsample_bytree': 0.719009720166007, 'learning_rate': 0.0621073715539888, 'max_depth': 3, 'min_child_weight': 9}. Best is trial 350 with value: 4.999194949595861.
[I 2026-03-17 17:54:02,833] Trial 630 finished with value: 4.890942766560039 and parameters: {'n_estimators': 775, 'lambda': 0.23112335924998115, 'subsample': 0.9799132954321672, 'colsample_bytree': 0.7398603692341723, 'learning_rate': 0.10268785225751056, 'max_depth': 3, 'min_child_weight': 9}. Best is trial 350 with value: 4.999194949595861.
[I 2026-03-17 17:56:26,118] Trial 635 finished with value: 4.953055710993288 and parameters: {'n_estimators': 673, 'lambda': 0.4665337333321732, 'subsample': 0.9190357750746854, 'colsample_bytree': 0.7369015747592585, 'learning_rate': 0.06269121138766699, 'max_depth': 3, 'min_child_weight': 10}. Best is trial 350 with value: 4.999194949595861.
[I 2026-03-17 17:56:45,615] Trial 636 finished with value: 4.938933700067018 and parameters: {'n_estimators': 698, 'lambda': 0.006165666588586226, 'subsample': 0.9169141800315913, 'colsample_bytree': 0.7163867129865503, 'learning_rate': 0.06355761236545804, 'max_depth': 3, 'min_child_weight': 10}. Best is trial 350 with value: 4.999194949595861.
[I 2026-03-17 17:57:21,503] Trial 640 finished with value: 4.881037469115963 and parameters: {'n_estimators': 706, 'lambda': 0.4168567192517913, 'subsample': 0.8565892105544264, 'colsample_bytree': 0.46781151753346345, 'learning_rate': 0.048861392554359666, 'max_depth': 3, 'min_child_weight': 10}. Best is trial 350 with value: 4.999194949595861.
[I 2026-03-17 17:57:22,122] Trial 639 finished with value: 4.972212412406333 and parameters: {'n_estimators': 704, 'lambda': 0.4003103781266463, 'subsample': 0.85190252701381, 'colsample_bytree': 0.6595840311865782, 'learning_rate': 0.05095983410454738, 'max_depth': 3, 'min_child_weight': 10}. Best is trial 350 with value: 4.999194949595861.
[I 2026-03-17 17:58:54,721] Trial 637 finished with value: 0.0 and parameters: {'n_estimators': 699, 'lambda': 0.4585993381845906, 'subsample': 0.6365487139818173, 'colsample_bytree': 0.7172374409300472, 'learning_rate': 0.05900011159757972, 'max_depth': 6, 'min_child_weight': 3}. Best is trial 350 with value: 4.999194949595861.
[I 2026-03-17 17:59:18,212] Trial 638 finished with value: 0.0 and parameters: {'n_estimators': 710, 'lambda': 0.05326005666767418, 'subsample': 0.8541404014635892, 'colsample_bytree': 0.7179924465680306, 'learning_rate': 0.15043580929589093, 'max_depth': 6, 'min_child_weight': 10}. Best is trial 350 with value: 4.999194949595861.
[I 2026-03-17 17:59:43,503] Trial 641 finished with value: 4.5388283813655255 and parameters: {'n_estimators': 700, 'lambda': 0.5462813780720837, 'subsample': 0.9110081960770205, 'colsample_bytree': 0.7173002421161591, 'learning_rate': 0.37360500306771616, 'max_depth': 3, 'min_child_weight': 10}. Best is trial 350 with value: 4.999194949595861.
[I 2026-03-17 18:00:00,135] Trial 642 finished with value: 4.836190270296363 and parameters: {'n_estimators': 704, 'lambda': 0.6181457105702176, 'subsample': 0.8891392661779792, 'colsample_bytree': 0.7649661712191083, 'learning_rate': 0.07900914567740355, 'max_depth': 3, 'min_child_weight': 10}. Best is trial 350 with value: 4.999194949595861.
[I 2026-03-17 18:00:27,770] Trial 643 finished with value: 4.884723467478899 and parameters: {'n_estimators': 654, 'lambda': 0.5079751361963322, 'subsample': 0.8481337283253582, 'colsample_bytree': 0.7770035559475448, 'learning_rate': 0.0785133867613368, 'max_depth': 3, 'min_child_weight': 8}. Best is trial 350 with value: 4.999194949595861.
[I 2026-03-17 18:00:31,964] Trial 644 finished with value: 4.892622245868586 and parameters: {'n_estimators': 665, 'lambda': 0.5498336170368384, 'subsample': 0.8457989006729157, 'colsample_bytree': 0.7706811932979326, 'learning_rate': 0.07967453672912284, 'max_depth': 3, 'min_child_weight': 8}. Best is trial 350 with value: 4.999194949595861.
[I 2026-03-17 18:02:03,932] Trial 645 finished with value: 4.865552054633284 and parameters: {'n_estimators': 657, 'lambda': 0.617657558378501, 'subsample': 0.8430026214216804, 'colsample_bytree': 0.76854414821404, 'learning_rate': 0.07902517031167625, 'max_depth': 3, 'min_child_weight': 10}. Best is trial 350 with value: 4.999194949595861.
[I 2026-03-17 18:02:27,480] Trial 646 finished with value: 4.537957760560255 and parameters: {'n_estimators': 655, 'lambda': 0.7958780183194301, 'subsample': 0.8505595157074621, 'colsample_bytree': 0.7690042015120585, 'learning_rate': 0.323832601170396, 'max_depth': 3, 'min_child_weight': 8}. Best is trial 350 with value: 4.999194949595861.
[I 2026-03-17 18:02:48,284] Trial 647 finished with value: 4.877271133505429 and parameters: {'n_estimators': 655, 'lambda': 0.6888871640364712, 'subsample': 0.8454962466553031, 'colsample_bytree': 0.7628390469826088, 'learning_rate': 0.07777252113747224, 'max_depth': 3, 'min_child_weight': 8}. Best is trial 350 with value: 4.999194949595861.
[I 2026-03-17 18:03:05,460] Trial 648 finished with value: 4.938963458969605 and parameters: {'n_estimators': 655, 'lambda': 0.3527053231052656, 'subsample': 0.8642911068533914, 'colsample_bytree': 0.7894533278370978, 'learning_rate': 0.0781439731311512, 'max_depth': 3, 'min_child_weight': 10}. Best is trial 350 with value: 4.999194949595861.
[I 2026-03-17 18:03:34,207] Trial 649 finished with value: 4.953111600099458 and parameters: {'n_estimators': 655, 'lambda': 0.350938457405201, 'subsample': 0.826289953099592, 'colsample_bytree': 0.747213912171719, 'learning_rate': 0.07602905504469548, 'max_depth': 3, 'min_child_weight': 10}. Best is trial 350 with value: 4.999194949595861.
[I 2026-03-17 18:03:48,040] Trial 650 finished with value: 4.965006734836337 and parameters: {'n_estimators': 676, 'lambda': 0.9011796008494342, 'subsample': 0.8101966174625861, 'colsample_bytree': 0.2962316103945345, 'learning_rate': 0.06623479810437871, 'max_depth': 3, 'min_child_weight': 10}. Best is trial 350 with value: 4.999194949595861.
[I 2026-03-17 18:04:28,047] Trial 651 finished with value: 4.820335112703463 and parameters: {'n_estimators': 514, 'lambda': 0.33999970777085575, 'subsample': 0.811244005401294, 'colsample_bytree': 0.6642422170441837, 'learning_rate': 0.044794113920073694, 'max_depth': 3, 'min_child_weight': 10}. Best is trial 350 with value: 4.999194949595861.
[I 2026-03-17 18:05:37,179] Trial 652 finished with value: 4.911258710151824 and parameters: {'n_estimators': 682, 'lambda': 0.9969967142491019, 'subsample': 0.9162522489667232, 'colsample_bytree': 0.7444503212109148, 'learning_rate': 0.04464381985037023, 'max_depth': 3, 'min_child_weight': 10}. Best is trial 350 with value: 4.999194949595861.
[I 2026-03-17 18:06:07,709] Trial 653 finished with value: 4.850548366313749 and parameters: {'n_estimators': 683, 'lambda': 6.9706022608204e-08, 'subsample': 0.822854435873181, 'colsample_bytree': 0.7364066793750699, 'learning_rate': 0.04340297775480462, 'max_depth': 3, 'min_child_weight': 10}. Best is trial 350 with value: 4.999194949595861.
[I 2026-03-17 18:06:18,710] Trial 654 finished with value: 4.877179289322482 and parameters: {'n_estimators': 674, 'lambda': 0.13266057816891363, 'subsample': 0.9164173950098263, 'colsample_bytree': 0.823687366593428, 'learning_rate': 0.04427093686682995, 'max_depth': 3, 'min_child_weight': 10}. Best is trial 350 with value: 4.999194949595861.
[I 2026-03-17 18:06:32,572] Trial 655 finished with value: 4.799005386158628 and parameters: {'n_estimators': 609, 'lambda': 0.9869378926637163, 'subsample': 0.834392665609085, 'colsample_bytree': 0.8127593344294377, 'learning_rate': 0.11766190762273918, 'max_depth': 3, 'min_child_weight': 10}. Best is trial 350 with value: 4.999194949595861.
[I 2026-03-17 18:07:10,343] Trial 656 finished with value: 4.67489412170047 and parameters: {'n_estimators': 611, 'lambda': 0.3538596152846232, 'subsample': 0.80892597391888, 'colsample_bytree': 0.3680315025186861, 'learning_rate': 0.04446712011300384, 'max_depth': 4, 'min_child_weight': 10}. Best is trial 350 with value: 4.999194949595861.
[I 2026-03-17 18:07:27,828] Trial 657 finished with value: 4.913117693846805 and parameters: {'n_estimators': 626, 'lambda': 0.7989369494787023, 'subsample': 0.8238205411156959, 'colsample_bytree': 0.657227370916702, 'learning_rate': 0.08948676051728657, 'max_depth': 3, 'min_child_weight': 10}. Best is trial 350 with value: 4.999194949595861.
[I 2026-03-17 18:09:00,277] Trial 658 finished with value: 4.825418183294863 and parameters: {'n_estimators': 626, 'lambda': 0.8645302718415443, 'subsample': 0.8399591220416891, 'colsample_bytree': 0.75550891915455, 'learning_rate': 0.09226598431500241, 'max_depth': 4, 'min_child_weight': 10}. Best is trial 350 with value: 4.999194949595861.
[I 2026-03-17 18:09:02,342] Trial 659 finished with value: 4.843930888802403 and parameters: {'n_estimators': 617, 'lambda': 0.921846906812183, 'subsample': 0.805938704713847, 'colsample_bytree': 0.4480594834298215, 'learning_rate': 0.11837458853871768, 'max_depth': 3, 'min_child_weight': 10}. Best is trial 350 with value: 4.999194949595861.
[I 2026-03-17 18:09:38,107] Trial 660 finished with value: 4.819313076857999 and parameters: {'n_estimators': 622, 'lambda': 0.8309790613742173, 'subsample': 0.8263585381973954, 'colsample_bytree': 0.337600947747945, 'learning_rate': 0.09095691723706296, 'max_depth': 4, 'min_child_weight': 10}. Best is trial 350 with value: 4.999194949595861.
[I 2026-03-17 18:10:04,084] Trial 662 finished with value: 4.904683250062831 and parameters: {'n_estimators': 625, 'lambda': 0.7177329562783415, 'subsample': 0.8211364696357469, 'colsample_bytree': 0.26846590752566296, 'learning_rate': 0.06543496862633087, 'max_depth': 3, 'min_child_weight': 10}. Best is trial 350 with value: 4.999194949595861.
[I 2026-03-17 18:10:27,559] Trial 663 finished with value: 4.850646806261555 and parameters: {'n_estimators': 646, 'lambda': 0.430056403070617, 'subsample': 0.7921488748998127, 'colsample_bytree': 0.745541483597393, 'learning_rate': 0.06680484996591084, 'max_depth': 3, 'min_child_weight': 10}. Best is trial 350 with value: 4.999194949595861.
[I 2026-03-17 18:11:59,411] Trial 665 finished with value: 4.930170487528908 and parameters: {'n_estimators': 645, 'lambda': 0.5282505723156284, 'subsample': 0.7834764826921848, 'colsample_bytree': 0.34914263610338353, 'learning_rate': 0.06616175867023336, 'max_depth': 3, 'min_child_weight': 10}. Best is trial 350 with value: 4.999194949595861.
[I 2026-03-17 18:12:00,354] Trial 664 finished with value: 4.51586960958895 and parameters: {'n_estimators': 644, 'lambda': 0.4338298764643468, 'subsample': 0.8258870790981542, 'colsample_bytree': 0.48239865642915863, 'learning_rate': 0.03002336752706318, 'max_depth': 3, 'min_child_weight': 10}. Best is trial 350 with value: 4.999194949595861.
[I 2026-03-17 18:12:40,574] Trial 666 finished with value: 4.839152180646378 and parameters: {'n_estimators': 662, 'lambda': 0.4382317282352462, 'subsample': 0.8224030168657025, 'colsample_bytree': 0.6596355124168445, 'learning_rate': 0.06480714176419523, 'max_depth': 3, 'min_child_weight': 10}. Best is trial 350 with value: 4.999194949595861.
[I 2026-03-17 18:13:01,904] Trial 671 finished with value: 0.0 and parameters: {'n_estimators': 66, 'lambda': 0.3277799112771985, 'subsample': 0.8590379614972747, 'colsample_bytree': 0.6646573380134386, 'learning_rate': 0.058310023116890576, 'max_depth': 3, 'min_child_weight': 10}. Best is trial 350 with value: 4.999194949595861.
[I 2026-03-17 18:13:32,675] Trial 668 finished with value: 4.90019946104716 and parameters: {'n_estimators': 671, 'lambda': 0.3545071163605359, 'subsample': 0.8162719658128914, 'colsample_bytree': 0.4814534063738474, 'learning_rate': 0.06272556156356072, 'max_depth': 3, 'min_child_weight': 10}. Best is trial 350 with value: 4.999194949595861.
[I 2026-03-17 18:14:07,737] Trial 670 finished with value: 4.820684783562459 and parameters: {'n_estimators': 472, 'lambda': 0.4182735275562993, 'subsample': 0.8601022999103394, 'colsample_bytree': 0.29151005523969814, 'learning_rate': 0.05717071629508629, 'max_depth': 3, 'min_child_weight': 10}. Best is trial 350 with value: 4.999194949595861.
[I 2026-03-17 18:15:04,166] Trial 669 finished with value: 4.957671129864001 and parameters: {'n_estimators': 670, 'lambda': 0.32123750197724177, 'subsample': 0.8320016993418254, 'colsample_bytree': 0.6593692312465518, 'learning_rate': 0.05755078969625975, 'max_depth': 3, 'min_child_weight': 10}. Best is trial 350 with value: 4.999194949595861.
[I 2026-03-17 18:15:25,901] Trial 661 finished with value: 4.001493365517748 and parameters: {'n_estimators': 632, 'lambda': 0.37663895024366567, 'subsample': 0.858849128852941, 'colsample_bytree': 0.36718117667498507, 'learning_rate': 0.4322138670539352, 'max_depth': 9, 'min_child_weight': 10}. Best is trial 350 with value: 4.999194949595861.
[I 2026-03-17 18:16:08,706] Trial 672 finished with value: 4.890395343667741 and parameters: {'n_estimators': 684, 'lambda': 0.2779464521397373, 'subsample': 0.8385098993663238, 'colsample_bytree': 0.9909357331341194, 'learning_rate': 0.05495099068672643, 'max_depth': 3, 'min_child_weight': 10}. Best is trial 350 with value: 4.999194949595861.
[I 2026-03-17 18:16:40,679] Trial 673 finished with value: 4.896552229095737 and parameters: {'n_estimators': 680, 'lambda': 0.18743252157800125, 'subsample': 0.8396191680742106, 'colsample_bytree': 0.571042917165518, 'learning_rate': 0.05107905740218712, 'max_depth': 3, 'min_child_weight': 10}. Best is trial 350 with value: 4.999194949595861.
[I 2026-03-17 18:17:19,621] Trial 674 finished with value: 4.777031928147581 and parameters: {'n_estimators': 691, 'lambda': 0.1878226157072825, 'subsample': 0.8565746062175902, 'colsample_bytree': 0.6157464613137978, 'learning_rate': 0.030216474798828174, 'max_depth': 3, 'min_child_weight': 10}. Best is trial 350 with value: 4.999194949595861.
[I 2026-03-17 18:18:04,017] Trial 676 finished with value: 4.845588007359883 and parameters: {'n_estimators': 585, 'lambda': 0.27440439623366, 'subsample': 0.7989638980031335, 'colsample_bytree': 0.669160900477664, 'learning_rate': 0.08733990343365827, 'max_depth': 3, 'min_child_weight': 7}. Best is trial 350 with value: 4.999194949595861.
[I 2026-03-17 18:19:11,997] Trial 677 finished with value: 4.9168996129382325 and parameters: {'n_estimators': 673, 'lambda': 0.6341964848550351, 'subsample': 0.8380290289385377, 'colsample_bytree': 0.6695573582053189, 'learning_rate': 0.08927006052233585, 'max_depth': 3, 'min_child_weight': 10}. Best is trial 350 with value: 4.999194949595861.
[I 2026-03-17 18:19:21,847] Trial 667 finished with value: 0.0 and parameters: {'n_estimators': 648, 'lambda': 0.45349194834834705, 'subsample': 0.8327879546115, 'colsample_bytree': 0.9845419328300854, 'learning_rate': 0.06586103936266335, 'max_depth': 9, 'min_child_weight': 10}. Best is trial 350 with value: 4.999194949595861.
[I 2026-03-17 18:19:37,784] Trial 678 finished with value: 4.922760144200579 and parameters: {'n_estimators': 658, 'lambda': 0.6010771479920552, 'subsample': 0.8412891831534052, 'colsample_bytree': 0.6677465828618201, 'learning_rate': 0.07549416225787312, 'max_depth': 3, 'min_child_weight': 10}. Best is trial 350 with value: 4.999194949595861.
[I 2026-03-17 18:20:20,144] Trial 679 finished with value: 4.842466495511351 and parameters: {'n_estimators': 653, 'lambda': 0.5450698374509905, 'subsample': 0.8409669221977931, 'colsample_bytree': 0.39328843173033134, 'learning_rate': 0.08943038455489347, 'max_depth': 3, 'min_child_weight': 10}. Best is trial 350 with value: 4.999194949595861.
[I 2026-03-17 18:21:06,990] Trial 680 finished with value: 4.655277886077227 and parameters: {'n_estimators': 659, 'lambda': 0.6570751460753401, 'subsample': 0.8209524703656559, 'colsample_bytree': 0.9230443454657078, 'learning_rate': 0.07185518232393887, 'max_depth': 3, 'min_child_weight': 10}. Best is trial 350 with value: 4.999194949595861.
[I 2026-03-17 18:22:12,215] Trial 681 finished with value: 4.900810336326456 and parameters: {'n_estimators': 651, 'lambda': 0.530426948993941, 'subsample': 0.8153372564662897, 'colsample_bytree': 0.23207772487430062, 'learning_rate': 0.07517287078087452, 'max_depth': 3, 'min_child_weight': 10}. Best is trial 350 with value: 4.999194949595861.
[I 2026-03-17 18:22:22,901] Trial 682 finished with value: 4.914561154515976 and parameters: {'n_estimators': 655, 'lambda': 0.2944485469722545, 'subsample': 0.8138196561307082, 'colsample_bytree': 0.6516014712154267, 'learning_rate': 0.07440179675531744, 'max_depth': 3, 'min_child_weight': 10}. Best is trial 350 with value: 4.999194949595861.
[I 2026-03-17 18:22:38,574] Trial 683 finished with value: 4.834128856862371 and parameters: {'n_estimators': 661, 'lambda': 0.28509036382958186, 'subsample': 0.8685128105250834, 'colsample_bytree': 0.6546986706735641, 'learning_rate': 0.04032927541257239, 'max_depth': 3, 'min_child_weight': 10}. Best is trial 350 with value: 4.999194949595861.
