[I 2026-03-16 11:16:28,736] Using an existing study with name 'qqH_tuning' instead of creating a new one.
[I 2026-03-16 11:18:17,330] Trial 786 finished with value: 7.098129381398175 and parameters: {'n_estimators': 356, 'lambda': 1.509654021310014e-07, 'subsample': 0.49658581561046544, 'colsample_bytree': 0.4162254807410485, 'learning_rate': 0.6086877733889821, 'max_depth': 3, 'min_child_weight': 6}. Best is trial 786 with value: 7.098129381398175.
[I 2026-03-16 11:18:28,465] Trial 790 finished with value: 6.950535766108059 and parameters: {'n_estimators': 398, 'lambda': 0.006158229900119157, 'subsample': 0.6457465479734442, 'colsample_bytree': 0.8761344996344945, 'learning_rate': 0.6030287620994877, 'max_depth': 3, 'min_child_weight': 6}. Best is trial 786 with value: 7.098129381398175.
[I 2026-03-16 11:18:28,550] Trial 791 finished with value: 7.14290016877343 and parameters: {'n_estimators': 397, 'lambda': 1.0297641419403196e-08, 'subsample': 0.9994128675413384, 'colsample_bytree': 0.20025075580094595, 'learning_rate': 0.49819907529942364, 'max_depth': 3, 'min_child_weight': 6}. Best is trial 791 with value: 7.14290016877343.
[I 2026-03-16 11:18:30,845] Trial 789 finished with value: 6.94368685298166 and parameters: {'n_estimators': 398, 'lambda': 0.02674967827541993, 'subsample': 0.2733568173596412, 'colsample_bytree': 0.4139492732262076, 'learning_rate': 0.4789840046295898, 'max_depth': 3, 'min_child_weight': 6}. Best is trial 791 with value: 7.14290016877343.
[I 2026-03-16 11:19:11,187] Trial 787 finished with value: 7.179298939752053 and parameters: {'n_estimators': 554, 'lambda': 0.00447986984800932, 'subsample': 0.20118969699511577, 'colsample_bytree': 0.4178385160013005, 'learning_rate': 0.22100604303962249, 'max_depth': 3, 'min_child_weight': 6}. Best is trial 787 with value: 7.179298939752053.
[I 2026-03-16 11:20:05,382] Trial 792 finished with value: 7.247504890271525 and parameters: {'n_estimators': 388, 'lambda': 0.002356882854389679, 'subsample': 0.4786968528079133, 'colsample_bytree': 0.42223087288054995, 'learning_rate': 0.6034045898485446, 'max_depth': 3, 'min_child_weight': 6}. Best is trial 792 with value: 7.247504890271525.
[I 2026-03-16 11:20:13,946] Trial 793 finished with value: 7.192432216671349 and parameters: {'n_estimators': 364, 'lambda': 1.0919490361649631e-08, 'subsample': 0.9870721303650404, 'colsample_bytree': 0.8777244381391883, 'learning_rate': 0.6263320685329513, 'max_depth': 3, 'min_child_weight': 6}. Best is trial 792 with value: 7.247504890271525.
[I 2026-03-16 11:20:21,354] Trial 794 finished with value: 7.053984379576708 and parameters: {'n_estimators': 390, 'lambda': 0.023596609019418804, 'subsample': 0.6505502170191898, 'colsample_bytree': 0.8919092369812357, 'learning_rate': 0.5991068843518152, 'max_depth': 3, 'min_child_weight': 6}. Best is trial 792 with value: 7.247504890271525.
[I 2026-03-16 11:20:32,404] Trial 795 finished with value: 7.132502940584658 and parameters: {'n_estimators': 412, 'lambda': 0.02696747011321962, 'subsample': 0.511974409746745, 'colsample_bytree': 0.8788702626988795, 'learning_rate': 0.5952875770741111, 'max_depth': 3, 'min_child_weight': 6}. Best is trial 792 with value: 7.247504890271525.
[I 2026-03-16 11:21:02,819] Trial 796 finished with value: 6.999666870335976 and parameters: {'n_estimators': 386, 'lambda': 0.004040030051922907, 'subsample': 0.5003556927137817, 'colsample_bytree': 0.8814116496307964, 'learning_rate': 0.5945266279568643, 'max_depth': 3, 'min_child_weight': 6}. Best is trial 792 with value: 7.247504890271525.
[I 2026-03-16 11:21:12,299] Trial 788 finished with value: 7.317560299287829 and parameters: {'n_estimators': 1000, 'lambda': 0.0004851208994902538, 'subsample': 0.6537972541185991, 'colsample_bytree': 0.40979891649906386, 'learning_rate': 0.22199627198165262, 'max_depth': 3, 'min_child_weight': 6}. Best is trial 788 with value: 7.317560299287829.
[I 2026-03-16 11:21:50,379] Trial 797 finished with value: 7.1223050002214645 and parameters: {'n_estimators': 384, 'lambda': 0.0046501172680606705, 'subsample': 0.4856290578368021, 'colsample_bytree': 0.8768536443083419, 'learning_rate': 0.5931016309709545, 'max_depth': 3, 'min_child_weight': 6}. Best is trial 788 with value: 7.317560299287829.
[I 2026-03-16 11:22:01,162] Trial 798 finished with value: 7.166462755258784 and parameters: {'n_estimators': 382, 'lambda': 0.003323758399423952, 'subsample': 0.9849042123467984, 'colsample_bytree': 0.8794859935072956, 'learning_rate': 0.6161805638019107, 'max_depth': 3, 'min_child_weight': 6}. Best is trial 788 with value: 7.317560299287829.
[I 2026-03-16 11:22:09,833] Trial 799 finished with value: 7.214732408747446 and parameters: {'n_estimators': 378, 'lambda': 0.005879227288291116, 'subsample': 0.9985755864895104, 'colsample_bytree': 0.8810959638456237, 'learning_rate': 0.5940048684369884, 'max_depth': 3, 'min_child_weight': 6}. Best is trial 788 with value: 7.317560299287829.
[I 2026-03-16 11:22:15,641] Trial 800 finished with value: 7.28242429610275 and parameters: {'n_estimators': 367, 'lambda': 0.005612484145827566, 'subsample': 0.9684895608608061, 'colsample_bytree': 0.8817805653740571, 'learning_rate': 0.6042168462941773, 'max_depth': 3, 'min_child_weight': 6}. Best is trial 788 with value: 7.317560299287829.
[I 2026-03-16 11:22:40,247] Trial 801 finished with value: 7.340121714993661 and parameters: {'n_estimators': 362, 'lambda': 0.022155678615454016, 'subsample': 0.9898573595505756, 'colsample_bytree': 0.8829202168108652, 'learning_rate': 0.5923898469879766, 'max_depth': 3, 'min_child_weight': 6}. Best is trial 801 with value: 7.340121714993661.
[I 2026-03-16 11:22:59,580] Trial 802 finished with value: 7.299632207866342 and parameters: {'n_estimators': 358, 'lambda': 0.002495540378077745, 'subsample': 0.9949010297758709, 'colsample_bytree': 0.8719838487207744, 'learning_rate': 0.5954459811098384, 'max_depth': 3, 'min_child_weight': 6}. Best is trial 801 with value: 7.340121714993661.
[I 2026-03-16 11:23:34,412] Trial 803 finished with value: 7.063532645982649 and parameters: {'n_estimators': 383, 'lambda': 0.0050700723723536125, 'subsample': 0.49271949887201605, 'colsample_bytree': 0.8807867894828384, 'learning_rate': 0.5915410814459768, 'max_depth': 3, 'min_child_weight': 6}. Best is trial 801 with value: 7.340121714993661.
[I 2026-03-16 11:23:53,129] Trial 805 finished with value: 7.236023875428206 and parameters: {'n_estimators': 360, 'lambda': 0.00522814468485038, 'subsample': 0.9927965417695326, 'colsample_bytree': 0.8799653866804188, 'learning_rate': 0.5925730856702148, 'max_depth': 3, 'min_child_weight': 6}. Best is trial 801 with value: 7.340121714993661.
[I 2026-03-16 11:23:54,120] Trial 804 finished with value: 7.1435630756004524 and parameters: {'n_estimators': 360, 'lambda': 0.00526337866912961, 'subsample': 0.4910599847649728, 'colsample_bytree': 0.8739394903822562, 'learning_rate': 0.5938232830059536, 'max_depth': 3, 'min_child_weight': 6}. Best is trial 801 with value: 7.340121714993661.
[I 2026-03-16 11:23:58,495] Trial 806 finished with value: 7.232070873101481 and parameters: {'n_estimators': 366, 'lambda': 0.004595497316616937, 'subsample': 0.9976389817922569, 'colsample_bytree': 0.877909941127208, 'learning_rate': 0.589926745549811, 'max_depth': 3, 'min_child_weight': 6}. Best is trial 801 with value: 7.340121714993661.
[I 2026-03-16 11:24:21,302] Trial 807 finished with value: 7.198225697916698 and parameters: {'n_estimators': 358, 'lambda': 0.005412828933793912, 'subsample': 0.9982979822718142, 'colsample_bytree': 0.8812547780563041, 'learning_rate': 0.5911829015490516, 'max_depth': 3, 'min_child_weight': 6}. Best is trial 801 with value: 7.340121714993661.
[I 2026-03-16 11:24:49,177] Trial 808 finished with value: 7.36299128074409 and parameters: {'n_estimators': 366, 'lambda': 0.004144418692590127, 'subsample': 0.9973450184087586, 'colsample_bytree': 0.8695835780391677, 'learning_rate': 0.5938789793219403, 'max_depth': 3, 'min_child_weight': 6}. Best is trial 808 with value: 7.36299128074409.
[I 2026-03-16 11:25:14,080] Trial 809 finished with value: 7.3823635288612675 and parameters: {'n_estimators': 358, 'lambda': 0.004769430339427535, 'subsample': 0.9909658809387014, 'colsample_bytree': 0.8923420360007707, 'learning_rate': 0.5891677295873562, 'max_depth': 3, 'min_child_weight': 6}. Best is trial 809 with value: 7.3823635288612675.
[I 2026-03-16 11:25:40,231] Trial 811 finished with value: 7.224817904369325 and parameters: {'n_estimators': 365, 'lambda': 0.0052234886201279265, 'subsample': 0.9989810633713614, 'colsample_bytree': 0.8770862274579722, 'learning_rate': 0.5919472744915484, 'max_depth': 3, 'min_child_weight': 6}. Best is trial 809 with value: 7.3823635288612675.
[I 2026-03-16 11:25:40,242] Trial 812 finished with value: 7.282547680390426 and parameters: {'n_estimators': 357, 'lambda': 0.0055000485689821604, 'subsample': 0.9977708891987472, 'colsample_bytree': 0.8751677574135448, 'learning_rate': 0.5909739234910226, 'max_depth': 3, 'min_child_weight': 6}. Best is trial 809 with value: 7.3823635288612675.
[I 2026-03-16 11:25:41,137] Trial 810 finished with value: 7.295223000555524 and parameters: {'n_estimators': 362, 'lambda': 0.004146277994234101, 'subsample': 0.9967713861002159, 'colsample_bytree': 0.8823989889052574, 'learning_rate': 0.5976518001084511, 'max_depth': 3, 'min_child_weight': 6}. Best is trial 809 with value: 7.3823635288612675.
[I 2026-03-16 11:25:57,056] Trial 813 finished with value: 7.17544538686319 and parameters: {'n_estimators': 364, 'lambda': 0.005270168466232831, 'subsample': 0.998975687330966, 'colsample_bytree': 0.8781287015845022, 'learning_rate': 0.5897241925196407, 'max_depth': 3, 'min_child_weight': 6}. Best is trial 809 with value: 7.3823635288612675.
[I 2026-03-16 11:26:22,495] Trial 814 finished with value: 7.371031639650406 and parameters: {'n_estimators': 357, 'lambda': 0.004834460468293352, 'subsample': 0.9918453453362395, 'colsample_bytree': 0.8772994789871686, 'learning_rate': 0.5837658336827434, 'max_depth': 3, 'min_child_weight': 6}. Best is trial 809 with value: 7.3823635288612675.
[I 2026-03-16 11:27:00,272] Trial 815 finished with value: 7.200010996828144 and parameters: {'n_estimators': 355, 'lambda': 0.005060337733746483, 'subsample': 0.9951583379531139, 'colsample_bytree': 0.8778625627725537, 'learning_rate': 0.5897673633055006, 'max_depth': 3, 'min_child_weight': 6}. Best is trial 809 with value: 7.3823635288612675.
[I 2026-03-16 11:27:22,145] Trial 816 finished with value: 7.216784430107123 and parameters: {'n_estimators': 358, 'lambda': 0.004359365001261136, 'subsample': 0.9999079567483893, 'colsample_bytree': 0.8784880307676006, 'learning_rate': 0.5909640173951126, 'max_depth': 3, 'min_child_weight': 6}. Best is trial 809 with value: 7.3823635288612675.
[I 2026-03-16 11:27:23,270] Trial 818 finished with value: 7.329897001787037 and parameters: {'n_estimators': 356, 'lambda': 0.003820530098474179, 'subsample': 0.9951292028785786, 'colsample_bytree': 0.876172639794454, 'learning_rate': 0.589729398137352, 'max_depth': 3, 'min_child_weight': 6}. Best is trial 809 with value: 7.3823635288612675.
[I 2026-03-16 11:27:23,688] Trial 817 finished with value: 7.279806430083948 and parameters: {'n_estimators': 356, 'lambda': 0.004250696375715328, 'subsample': 0.9990165283404552, 'colsample_bytree': 0.8754547666705399, 'learning_rate': 0.5853007603361339, 'max_depth': 3, 'min_child_weight': 6}. Best is trial 809 with value: 7.3823635288612675.
[I 2026-03-16 11:27:34,501] Trial 819 finished with value: 7.295099013651734 and parameters: {'n_estimators': 359, 'lambda': 0.0048475046608259685, 'subsample': 0.9982622060603527, 'colsample_bytree': 0.8728654860880253, 'learning_rate': 0.5874501564440066, 'max_depth': 3, 'min_child_weight': 6}. Best is trial 809 with value: 7.3823635288612675.
[I 2026-03-16 11:27:58,992] Trial 820 finished with value: 7.293716778275302 and parameters: {'n_estimators': 356, 'lambda': 0.004769570061323939, 'subsample': 0.9890459066678305, 'colsample_bytree': 0.8723896956321722, 'learning_rate': 0.5885229863995155, 'max_depth': 3, 'min_child_weight': 6}. Best is trial 809 with value: 7.3823635288612675.
[I 2026-03-16 11:28:36,616] Trial 821 finished with value: 7.247332006220313 and parameters: {'n_estimators': 350, 'lambda': 0.003162707996641138, 'subsample': 0.9925365975773018, 'colsample_bytree': 0.871837749346658, 'learning_rate': 0.5834110175503994, 'max_depth': 3, 'min_child_weight': 6}. Best is trial 809 with value: 7.3823635288612675.
[I 2026-03-16 11:29:01,724] Trial 824 finished with value: 7.213549368512178 and parameters: {'n_estimators': 350, 'lambda': 0.0027337581124944584, 'subsample': 0.9956443451702227, 'colsample_bytree': 0.8599123998586861, 'learning_rate': 0.5834560137927649, 'max_depth': 3, 'min_child_weight': 6}. Best is trial 809 with value: 7.3823635288612675.
[I 2026-03-16 11:29:08,231] Trial 823 finished with value: 7.158162445185422 and parameters: {'n_estimators': 348, 'lambda': 0.0025514992471514647, 'subsample': 0.996706133625647, 'colsample_bytree': 0.8649621068702759, 'learning_rate': 0.5784873231668076, 'max_depth': 3, 'min_child_weight': 6}. Best is trial 809 with value: 7.3823635288612675.
[I 2026-03-16 11:29:08,736] Trial 822 finished with value: 7.2915049496512 and parameters: {'n_estimators': 349, 'lambda': 0.0026029560347975112, 'subsample': 0.9993384761975204, 'colsample_bytree': 0.8558238207279305, 'learning_rate': 0.5797263566251127, 'max_depth': 3, 'min_child_weight': 6}. Best is trial 809 with value: 7.3823635288612675.
[I 2026-03-16 11:29:11,953] Trial 825 finished with value: 7.3157979950435985 and parameters: {'n_estimators': 349, 'lambda': 0.0023965630415537873, 'subsample': 0.9872260272664216, 'colsample_bytree': 0.8531268771949867, 'learning_rate': 0.582628811913047, 'max_depth': 3, 'min_child_weight': 6}. Best is trial 809 with value: 7.3823635288612675.
[I 2026-03-16 11:29:25,047] Trial 826 finished with value: 7.318186996337379 and parameters: {'n_estimators': 345, 'lambda': 0.0026798271556763382, 'subsample': 0.9985325475140727, 'colsample_bytree': 0.8556611741363417, 'learning_rate': 0.5771754104485446, 'max_depth': 3, 'min_child_weight': 6}. Best is trial 809 with value: 7.3823635288612675.
[I 2026-03-16 11:30:03,923] Trial 827 finished with value: 7.161564278037902 and parameters: {'n_estimators': 345, 'lambda': 0.002678643027000739, 'subsample': 0.9998911529444992, 'colsample_bytree': 0.860737112168993, 'learning_rate': 0.5801296310561761, 'max_depth': 3, 'min_child_weight': 6}. Best is trial 809 with value: 7.3823635288612675.
[I 2026-03-16 11:30:41,710] Trial 828 finished with value: 7.252059880341697 and parameters: {'n_estimators': 331, 'lambda': 0.002424351013949902, 'subsample': 0.9777602073465842, 'colsample_bytree': 0.8547412903690473, 'learning_rate': 0.5779555505136469, 'max_depth': 3, 'min_child_weight': 6}. Best is trial 809 with value: 7.3823635288612675.
[I 2026-03-16 11:30:45,418] Trial 830 finished with value: 7.454100209461071 and parameters: {'n_estimators': 330, 'lambda': 0.00257614986168628, 'subsample': 0.9758154381198569, 'colsample_bytree': 0.8496120536366403, 'learning_rate': 0.573018545095194, 'max_depth': 3, 'min_child_weight': 6}. Best is trial 830 with value: 7.454100209461071.
[I 2026-03-16 11:30:45,466] Trial 829 finished with value: 7.298402551768801 and parameters: {'n_estimators': 332, 'lambda': 0.0023275948879940274, 'subsample': 0.9797944098846768, 'colsample_bytree': 0.8491095632531765, 'learning_rate': 0.5707626365074662, 'max_depth': 3, 'min_child_weight': 6}. Best is trial 809 with value: 7.3823635288612675.
[I 2026-03-16 11:30:48,406] Trial 831 finished with value: 7.27440188390109 and parameters: {'n_estimators': 331, 'lambda': 0.002405538163446261, 'subsample': 0.9767823635467967, 'colsample_bytree': 0.8484615722566882, 'learning_rate': 0.5729128178006868, 'max_depth': 3, 'min_child_weight': 6}. Best is trial 830 with value: 7.454100209461071.
[I 2026-03-16 11:31:00,370] Trial 832 finished with value: 7.340014450311022 and parameters: {'n_estimators': 337, 'lambda': 0.002381381374338826, 'subsample': 0.9727317562244656, 'colsample_bytree': 0.8494652046363389, 'learning_rate': 0.5723621760994012, 'max_depth': 3, 'min_child_weight': 6}. Best is trial 830 with value: 7.454100209461071.
[I 2026-03-16 11:31:35,425] Trial 833 finished with value: 7.222588173939553 and parameters: {'n_estimators': 329, 'lambda': 0.002615639023366694, 'subsample': 0.9774321818139017, 'colsample_bytree': 0.8574220013269382, 'learning_rate': 0.5709694576137192, 'max_depth': 3, 'min_child_weight': 6}. Best is trial 830 with value: 7.454100209461071.
[I 2026-03-16 11:32:11,759] Trial 834 finished with value: 7.293210462621228 and parameters: {'n_estimators': 328, 'lambda': 0.0020662322855840953, 'subsample': 0.9761196919995047, 'colsample_bytree': 0.8637938021372985, 'learning_rate': 0.565773394289677, 'max_depth': 3, 'min_child_weight': 6}. Best is trial 830 with value: 7.454100209461071.
[I 2026-03-16 11:32:14,794] Trial 835 finished with value: 7.304721918097837 and parameters: {'n_estimators': 322, 'lambda': 0.0020652698120259163, 'subsample': 0.9747497431864457, 'colsample_bytree': 0.849208997229908, 'learning_rate': 0.5687288852713185, 'max_depth': 3, 'min_child_weight': 6}. Best is trial 830 with value: 7.454100209461071.
[I 2026-03-16 11:32:20,175] Trial 836 finished with value: 7.205868094038979 and parameters: {'n_estimators': 327, 'lambda': 0.0019190543662828627, 'subsample': 0.9746766587202987, 'colsample_bytree': 0.8527716345188461, 'learning_rate': 0.5700155197759341, 'max_depth': 3, 'min_child_weight': 6}. Best is trial 830 with value: 7.454100209461071.
[I 2026-03-16 11:32:27,344] Trial 837 finished with value: 7.3195462611606015 and parameters: {'n_estimators': 326, 'lambda': 0.0021205080638817255, 'subsample': 0.9733374600953728, 'colsample_bytree': 0.8551024797531499, 'learning_rate': 0.5685093029612737, 'max_depth': 3, 'min_child_weight': 6}. Best is trial 830 with value: 7.454100209461071.
[I 2026-03-16 11:32:37,724] Trial 838 finished with value: 7.248619704678935 and parameters: {'n_estimators': 330, 'lambda': 0.0020776248333552777, 'subsample': 0.9735547870502425, 'colsample_bytree': 0.8503868207616676, 'learning_rate': 0.5715465603514194, 'max_depth': 3, 'min_child_weight': 6}. Best is trial 830 with value: 7.454100209461071.
[I 2026-03-16 11:33:05,176] Trial 839 finished with value: 7.275545889946465 and parameters: {'n_estimators': 331, 'lambda': 0.0017957612953103867, 'subsample': 0.9733053986820339, 'colsample_bytree': 0.8427896273889218, 'learning_rate': 0.5637179328624944, 'max_depth': 3, 'min_child_weight': 6}. Best is trial 830 with value: 7.454100209461071.
[I 2026-03-16 11:33:32,288] Trial 840 finished with value: 7.360059254825429 and parameters: {'n_estimators': 319, 'lambda': 0.0019444917646105862, 'subsample': 0.9735196990178309, 'colsample_bytree': 0.8411060306844794, 'learning_rate': 0.5650821999744243, 'max_depth': 3, 'min_child_weight': 6}. Best is trial 830 with value: 7.454100209461071.
[I 2026-03-16 11:33:46,683] Trial 841 finished with value: 7.243344711358298 and parameters: {'n_estimators': 327, 'lambda': 0.0017130329603863043, 'subsample': 0.9729002612942471, 'colsample_bytree': 0.8469180231469509, 'learning_rate': 0.5668025116071348, 'max_depth': 3, 'min_child_weight': 6}. Best is trial 830 with value: 7.454100209461071.
[I 2026-03-16 11:33:50,768] Trial 842 finished with value: 7.302857098653286 and parameters: {'n_estimators': 318, 'lambda': 0.002016939080089881, 'subsample': 0.9737799422625579, 'colsample_bytree': 0.842951946723039, 'learning_rate': 0.5651499520898046, 'max_depth': 3, 'min_child_weight': 6}. Best is trial 830 with value: 7.454100209461071.
[I 2026-03-16 11:33:56,904] Trial 843 finished with value: 7.2594843233085005 and parameters: {'n_estimators': 311, 'lambda': 0.0016598074928448252, 'subsample': 0.9726414215197211, 'colsample_bytree': 0.8486582643070447, 'learning_rate': 0.5631386842590353, 'max_depth': 3, 'min_child_weight': 6}. Best is trial 830 with value: 7.454100209461071.
[I 2026-03-16 11:34:12,471] Trial 844 finished with value: 7.30115333620326 and parameters: {'n_estimators': 310, 'lambda': 0.0016463197436973611, 'subsample': 0.9707638559727977, 'colsample_bytree': 0.8472251194974099, 'learning_rate': 0.5671811254220697, 'max_depth': 3, 'min_child_weight': 6}. Best is trial 830 with value: 7.454100209461071.
[I 2026-03-16 11:34:33,974] Trial 845 finished with value: 7.34848718672253 and parameters: {'n_estimators': 309, 'lambda': 0.001188015989394738, 'subsample': 0.9690880705747428, 'colsample_bytree': 0.8413593982547888, 'learning_rate': 0.5624134021437746, 'max_depth': 3, 'min_child_weight': 6}. Best is trial 830 with value: 7.454100209461071.
[I 2026-03-16 11:34:58,619] Trial 846 finished with value: 7.302728770897559 and parameters: {'n_estimators': 310, 'lambda': 0.00142126253348137, 'subsample': 0.9652185214121296, 'colsample_bytree': 0.8427667109380392, 'learning_rate': 0.5649412641067482, 'max_depth': 3, 'min_child_weight': 6}. Best is trial 830 with value: 7.454100209461071.
[I 2026-03-16 11:35:13,511] Trial 847 finished with value: 7.296686336565644 and parameters: {'n_estimators': 309, 'lambda': 0.0013453484333182917, 'subsample': 0.9636295200322565, 'colsample_bytree': 0.8375712273398802, 'learning_rate': 0.5597518193361536, 'max_depth': 3, 'min_child_weight': 6}. Best is trial 830 with value: 7.454100209461071.
[I 2026-03-16 11:35:17,862] Trial 848 finished with value: 7.324553692120199 and parameters: {'n_estimators': 305, 'lambda': 0.0012851774062526587, 'subsample': 0.9643621536173193, 'colsample_bytree': 0.8268525367115228, 'learning_rate': 0.5629139234453142, 'max_depth': 3, 'min_child_weight': 6}. Best is trial 830 with value: 7.454100209461071.
