[I 2026-03-17 16:33:56,117] Trial 497 finished with value: 4.833451218551304 and parameters: {'n_estimators': 649, 'lambda': 0.19604763819276927, 'subsample': 0.525640718647763, 'colsample_bytree': 0.6583441309280409, 'learning_rate': 0.07985611328369661, 'max_depth': 3, 'min_child_weight': 10}. Best is trial 350 with value: 4.999194949595861.
[I 2026-03-17 16:34:01,371] Trial 495 finished with value: 4.966703400016197 and parameters: {'n_estimators': 749, 'lambda': 0.00018580828033776668, 'subsample': 0.9314429332053342, 'colsample_bytree': 0.7212719082616554, 'learning_rate': 0.05514885884818974, 'max_depth': 3, 'min_child_weight': 10}. Best is trial 350 with value: 4.999194949595861.
[I 2026-03-17 16:35:01,203] Trial 498 finished with value: 4.943162304549137 and parameters: {'n_estimators': 650, 'lambda': 0.0012641917639807775, 'subsample': 0.9449576472813644, 'colsample_bytree': 0.6585282631497371, 'learning_rate': 0.07284095010189162, 'max_depth': 3, 'min_child_weight': 10}. Best is trial 350 with value: 4.999194949595861.
[I 2026-03-17 16:37:15,252] Trial 500 finished with value: 4.931501537925549 and parameters: {'n_estimators': 719, 'lambda': 0.0010398844505161537, 'subsample': 0.9484176499314952, 'colsample_bytree': 0.6890525048433637, 'learning_rate': 0.060857883440303136, 'max_depth': 3, 'min_child_weight': 3}. Best is trial 350 with value: 4.999194949595861.
[I 2026-03-17 16:37:20,011] Trial 501 finished with value: 4.922909326616395 and parameters: {'n_estimators': 713, 'lambda': 0.000140144601536225, 'subsample': 0.9451653726851479, 'colsample_bytree': 0.7497431391297706, 'learning_rate': 0.09327937749485403, 'max_depth': 3, 'min_child_weight': 10}. Best is trial 350 with value: 4.999194949595861.
[I 2026-03-17 16:37:35,236] Trial 499 finished with value: 4.914021269828629 and parameters: {'n_estimators': 974, 'lambda': 0.0012063794901471052, 'subsample': 0.9488739680581697, 'colsample_bytree': 0.6899188412417085, 'learning_rate': 0.07894760193112149, 'max_depth': 3, 'min_child_weight': 8}. Best is trial 350 with value: 4.999194949595861.
[I 2026-03-17 16:38:06,574] Trial 496 finished with value: 4.63540779620535 and parameters: {'n_estimators': 649, 'lambda': 0.00019067396293479327, 'subsample': 0.9311673866488246, 'colsample_bytree': 0.7302746676882682, 'learning_rate': 0.0559135220789965, 'max_depth': 8, 'min_child_weight': 10}. Best is trial 350 with value: 4.999194949595861.
[I 2026-03-17 16:38:15,618] Trial 502 finished with value: 4.824564268379603 and parameters: {'n_estimators': 709, 'lambda': 0.00010833163084024471, 'subsample': 0.6558583801376661, 'colsample_bytree': 0.686529312327898, 'learning_rate': 0.09204496223092637, 'max_depth': 3, 'min_child_weight': 10}. Best is trial 350 with value: 4.999194949595861.
[I 2026-03-17 16:40:20,453] Trial 504 finished with value: 4.891553586262281 and parameters: {'n_estimators': 666, 'lambda': 0.0005051056483528719, 'subsample': 0.8849437910515916, 'colsample_bytree': 0.6221823853220533, 'learning_rate': 0.0778697623750142, 'max_depth': 3, 'min_child_weight': 10}. Best is trial 350 with value: 4.999194949595861.
[I 2026-03-17 16:40:39,201] Trial 505 finished with value: 4.868551094213956 and parameters: {'n_estimators': 664, 'lambda': 0.0001264803063685772, 'subsample': 0.6591241982941369, 'colsample_bytree': 0.7050567369001964, 'learning_rate': 0.06036037922846689, 'max_depth': 3, 'min_child_weight': 10}. Best is trial 350 with value: 4.999194949595861.
[I 2026-03-17 16:41:10,268] Trial 493 finished with value: 4.775034509858864 and parameters: {'n_estimators': 749, 'lambda': 0.6839373174509094, 'subsample': 0.9315749473986956, 'colsample_bytree': 0.7261195374786849, 'learning_rate': 0.05383645631019979, 'max_depth': 9, 'min_child_weight': 10}. Best is trial 350 with value: 4.999194949595861.
[I 2026-03-17 16:41:25,550] Trial 506 finished with value: 4.874170339676644 and parameters: {'n_estimators': 700, 'lambda': 0.00022930688959832955, 'subsample': 0.859671639579527, 'colsample_bytree': 0.6245582289867316, 'learning_rate': 0.0642144632772518, 'max_depth': 3, 'min_child_weight': 10}. Best is trial 350 with value: 4.999194949595861.
[I 2026-03-17 16:41:25,556] Trial 507 finished with value: 4.907156827786604 and parameters: {'n_estimators': 673, 'lambda': 0.00026117815317871216, 'subsample': 0.8608810493191592, 'colsample_bytree': 0.6195492049509971, 'learning_rate': 0.06353974661249212, 'max_depth': 3, 'min_child_weight': 10}. Best is trial 350 with value: 4.999194949595861.
[I 2026-03-17 16:41:46,424] Trial 503 finished with value: 4.662049674668623 and parameters: {'n_estimators': 994, 'lambda': 9.205513458396582e-05, 'subsample': 0.866850189333378, 'colsample_bytree': 0.7538739447573493, 'learning_rate': 0.08867114326311086, 'max_depth': 3, 'min_child_weight': 10}. Best is trial 350 with value: 4.999194949595861.
[I 2026-03-17 16:42:55,888] Trial 508 finished with value: 4.891103544228805 and parameters: {'n_estimators': 555, 'lambda': 0.00022074719123084695, 'subsample': 0.8616309355724348, 'colsample_bytree': 0.7112933071115796, 'learning_rate': 0.061829859469580646, 'max_depth': 3, 'min_child_weight': 10}. Best is trial 350 with value: 4.999194949595861.
[I 2026-03-17 16:43:22,554] Trial 512 finished with value: 4.813142989993668 and parameters: {'n_estimators': 388, 'lambda': 0.00036585894827330037, 'subsample': 0.8892495913303134, 'colsample_bytree': 0.6656656446007243, 'learning_rate': 0.07453435968976727, 'max_depth': 3, 'min_child_weight': 10}. Best is trial 350 with value: 4.999194949595861.
[I 2026-03-17 16:43:51,330] Trial 510 finished with value: 4.942851807991303 and parameters: {'n_estimators': 559, 'lambda': 0.00021264763337607741, 'subsample': 0.8642009344645493, 'colsample_bytree': 0.6680508544885009, 'learning_rate': 0.06800652882249465, 'max_depth': 3, 'min_child_weight': 10}. Best is trial 350 with value: 4.999194949595861.
[I 2026-03-17 16:44:00,726] Trial 509 finished with value: 4.918800715693068 and parameters: {'n_estimators': 732, 'lambda': 2.614486504643288e-07, 'subsample': 0.8606109187656763, 'colsample_bytree': 0.6679017331138793, 'learning_rate': 0.12711803056619142, 'max_depth': 3, 'min_child_weight': 10}. Best is trial 350 with value: 4.999194949595861.
[I 2026-03-17 16:44:54,519] Trial 511 finished with value: 4.851945895072218 and parameters: {'n_estimators': 728, 'lambda': 6.685262993252704e-05, 'subsample': 0.8899856463940633, 'colsample_bytree': 0.6679088435216145, 'learning_rate': 0.07782582131493555, 'max_depth': 3, 'min_child_weight': 10}. Best is trial 350 with value: 4.999194949595861.
[I 2026-03-17 16:45:16,714] Trial 513 finished with value: 4.6188943146632475 and parameters: {'n_estimators': 733, 'lambda': 0.0004176361974726493, 'subsample': 0.8927321470324877, 'colsample_bytree': 0.666837237705554, 'learning_rate': 0.12826827496208912, 'max_depth': 3, 'min_child_weight': 10}. Best is trial 350 with value: 4.999194949595861.
[I 2026-03-17 16:46:23,535] Trial 514 finished with value: 4.913825547623184 and parameters: {'n_estimators': 732, 'lambda': 0.000482655245924547, 'subsample': 0.8900526886117072, 'colsample_bytree': 0.6664373940394892, 'learning_rate': 0.07875838891581605, 'max_depth': 3, 'min_child_weight': 10}. Best is trial 350 with value: 4.999194949595861.
[I 2026-03-17 16:46:46,072] Trial 515 finished with value: 4.643052345605536 and parameters: {'n_estimators': 730, 'lambda': 0.31425940203108194, 'subsample': 0.8936282743387598, 'colsample_bytree': 0.6500437197902563, 'learning_rate': 0.17105991290829398, 'max_depth': 3, 'min_child_weight': 10}. Best is trial 350 with value: 4.999194949595861.
[I 2026-03-17 16:47:16,877] Trial 516 finished with value: 4.881896803240754 and parameters: {'n_estimators': 731, 'lambda': 0.3978585982146928, 'subsample': 0.8902630907420704, 'colsample_bytree': 0.6485733161044956, 'learning_rate': 0.05049100580031344, 'max_depth': 3, 'min_child_weight': 10}. Best is trial 350 with value: 4.999194949595861.
[I 2026-03-17 16:47:26,285] Trial 517 finished with value: 4.950122132781445 and parameters: {'n_estimators': 725, 'lambda': 5.80252703638412e-05, 'subsample': 0.8898206352749324, 'colsample_bytree': 0.6477012698485036, 'learning_rate': 0.05343945327802904, 'max_depth': 3, 'min_child_weight': 10}. Best is trial 350 with value: 4.999194949595861.
[I 2026-03-17 16:48:06,188] Trial 518 finished with value: 4.587403981036643 and parameters: {'n_estimators': 693, 'lambda': 0.0005663529690164232, 'subsample': 0.8944315397353803, 'colsample_bytree': 0.649896180137415, 'learning_rate': 0.2493952988254941, 'max_depth': 3, 'min_child_weight': 10}. Best is trial 350 with value: 4.999194949595861.
[I 2026-03-17 16:48:37,442] Trial 519 finished with value: 4.544002847390962 and parameters: {'n_estimators': 696, 'lambda': 0.3520193487394189, 'subsample': 0.9639987391619195, 'colsample_bytree': 0.6441662006930172, 'learning_rate': 0.245711389461766, 'max_depth': 3, 'min_child_weight': 10}. Best is trial 350 with value: 4.999194949595861.
[I 2026-03-17 16:49:39,178] Trial 520 finished with value: 4.9329492721202355 and parameters: {'n_estimators': 688, 'lambda': 0.35109155176215845, 'subsample': 0.9847883370402786, 'colsample_bytree': 0.6429786029250784, 'learning_rate': 0.0508638271501827, 'max_depth': 3, 'min_child_weight': 10}. Best is trial 350 with value: 4.999194949595861.
[I 2026-03-17 16:50:03,590] Trial 521 finished with value: 4.950100750971906 and parameters: {'n_estimators': 690, 'lambda': 0.44145695512562694, 'subsample': 0.9745916947609985, 'colsample_bytree': 0.7008831995088504, 'learning_rate': 0.05348652352143882, 'max_depth': 3, 'min_child_weight': 10}. Best is trial 350 with value: 4.999194949595861.
[I 2026-03-17 16:50:26,686] Trial 523 finished with value: 4.899134343506196 and parameters: {'n_estimators': 608, 'lambda': 9.259671718121047e-07, 'subsample': 0.8789470652463471, 'colsample_bytree': 0.6311243386648107, 'learning_rate': 0.05727968376559162, 'max_depth': 3, 'min_child_weight': 10}. Best is trial 350 with value: 4.999194949595861.
[I 2026-03-17 16:50:32,185] Trial 522 finished with value: 4.60552180369831 and parameters: {'n_estimators': 692, 'lambda': 0.1664345031223331, 'subsample': 0.9795040637206969, 'colsample_bytree': 0.6978643082765923, 'learning_rate': 0.2741837512807663, 'max_depth': 3, 'min_child_weight': 10}. Best is trial 350 with value: 4.999194949595861.
[I 2026-03-17 16:51:38,032] Trial 525 finished with value: 4.857283066993672 and parameters: {'n_estimators': 610, 'lambda': 3.632362249173413e-05, 'subsample': 0.9064990211869064, 'colsample_bytree': 0.5671337532741894, 'learning_rate': 0.09023305429710993, 'max_depth': 3, 'min_child_weight': 10}. Best is trial 350 with value: 4.999194949595861.
[I 2026-03-17 16:51:48,670] Trial 524 finished with value: 4.672424160275307 and parameters: {'n_estimators': 774, 'lambda': 9.262475085655411e-05, 'subsample': 0.8766309182421014, 'colsample_bytree': 0.6338538702457317, 'learning_rate': 0.09408493914510066, 'max_depth': 3, 'min_child_weight': 10}. Best is trial 350 with value: 4.999194949595861.
[I 2026-03-17 16:53:38,615] Trial 527 finished with value: 4.818853136907167 and parameters: {'n_estimators': 763, 'lambda': 5.8072355379600384e-05, 'subsample': 0.9976930456504144, 'colsample_bytree': 0.7039681708196769, 'learning_rate': 0.09830426277557514, 'max_depth': 3, 'min_child_weight': 10}. Best is trial 350 with value: 4.999194949595861.
[I 2026-03-17 16:53:40,302] Trial 528 finished with value: 4.92500347704263 and parameters: {'n_estimators': 674, 'lambda': 4.126052301636442e-05, 'subsample': 0.904693373742023, 'colsample_bytree': 0.6979900512671553, 'learning_rate': 0.09194526719750284, 'max_depth': 3, 'min_child_weight': 10}. Best is trial 350 with value: 4.999194949595861.
[I 2026-03-17 16:53:56,440] Trial 529 finished with value: 4.6845281131352605 and parameters: {'n_estimators': 765, 'lambda': 7.423648324512931e-05, 'subsample': 0.8431759864604985, 'colsample_bytree': 0.7104667876243338, 'learning_rate': 0.09387992637646436, 'max_depth': 3, 'min_child_weight': 10}. Best is trial 350 with value: 4.999194949595861.
[I 2026-03-17 16:54:12,396] Trial 526 finished with value: 4.565804565531667 and parameters: {'n_estimators': 608, 'lambda': 1.846369397791601e-05, 'subsample': 0.8739934317522562, 'colsample_bytree': 0.5832900783530542, 'learning_rate': 0.09526526730821337, 'max_depth': 6, 'min_child_weight': 10}. Best is trial 350 with value: 4.999194949595861.
[I 2026-03-17 16:55:07,574] Trial 530 finished with value: 4.859418645858733 and parameters: {'n_estimators': 766, 'lambda': 8.199592460160634e-05, 'subsample': 0.8760467824110911, 'colsample_bytree': 0.7124404459736833, 'learning_rate': 0.07436658124527629, 'max_depth': 3, 'min_child_weight': 10}. Best is trial 350 with value: 4.999194949595861.
[I 2026-03-17 16:55:10,580] Trial 531 finished with value: 4.897496193271737 and parameters: {'n_estimators': 758, 'lambda': 6.766055843937772e-05, 'subsample': 0.8740197372510675, 'colsample_bytree': 0.7084909914941121, 'learning_rate': 0.07187351638930158, 'max_depth': 3, 'min_child_weight': 10}. Best is trial 350 with value: 4.999194949595861.
[I 2026-03-17 16:57:06,124] Trial 533 finished with value: 4.90207791063774 and parameters: {'n_estimators': 710, 'lambda': 0.6192142982455999, 'subsample': 0.8437516040966425, 'colsample_bytree': 0.7377890339600168, 'learning_rate': 0.07047918332126342, 'max_depth': 3, 'min_child_weight': 10}. Best is trial 350 with value: 4.999194949595861.
[I 2026-03-17 16:57:07,523] Trial 532 finished with value: 4.902088423304597 and parameters: {'n_estimators': 714, 'lambda': 3.080460217163462e-05, 'subsample': 0.8508064312255319, 'colsample_bytree': 0.7495184259357042, 'learning_rate': 0.0731087172213994, 'max_depth': 3, 'min_child_weight': 10}. Best is trial 350 with value: 4.999194949595861.
[I 2026-03-17 16:57:08,278] Trial 534 finished with value: 4.669775381206897 and parameters: {'n_estimators': 326, 'lambda': 4.880238354883737e-05, 'subsample': 0.8785465566881946, 'colsample_bytree': 0.7380185686684849, 'learning_rate': 0.07246042394039295, 'max_depth': 7, 'min_child_weight': 10}. Best is trial 350 with value: 4.999194949595861.
[I 2026-03-17 16:57:34,877] Trial 535 finished with value: 4.965066167726059 and parameters: {'n_estimators': 712, 'lambda': 0.952947912199678, 'subsample': 0.9196483690817744, 'colsample_bytree': 0.7389163576771044, 'learning_rate': 0.06897457710901098, 'max_depth': 3, 'min_child_weight': 10}. Best is trial 350 with value: 4.999194949595861.
[I 2026-03-17 16:58:26,027] Trial 536 finished with value: 4.858790721592918 and parameters: {'n_estimators': 712, 'lambda': 0.5341338407369993, 'subsample': 0.9171554964635543, 'colsample_bytree': 0.7423085831480568, 'learning_rate': 0.04388507431392569, 'max_depth': 3, 'min_child_weight': 10}. Best is trial 350 with value: 4.999194949595861.
[I 2026-03-17 16:58:36,159] Trial 537 finished with value: 4.901385295284905 and parameters: {'n_estimators': 708, 'lambda': 2.668495583189293e-05, 'subsample': 0.9152064632842117, 'colsample_bytree': 0.7426259295769317, 'learning_rate': 0.04859222687210287, 'max_depth': 3, 'min_child_weight': 10}. Best is trial 350 with value: 4.999194949595861.
[I 2026-03-17 17:00:18,292] Trial 540 finished with value: 4.895493434505671 and parameters: {'n_estimators': 661, 'lambda': 0.00015586554914595138, 'subsample': 0.9211156429044275, 'colsample_bytree': 0.6888157121739381, 'learning_rate': 0.04471912539186789, 'max_depth': 3, 'min_child_weight': 10}. Best is trial 350 with value: 4.999194949595861.
[I 2026-03-17 17:00:20,940] Trial 538 finished with value: 4.635081094802615 and parameters: {'n_estimators': 714, 'lambda': 0.9074714038185865, 'subsample': 0.5859176514536204, 'colsample_bytree': 0.9646388690821016, 'learning_rate': 0.04696461605468717, 'max_depth': 3, 'min_child_weight': 10}. Best is trial 350 with value: 4.999194949595861.
[I 2026-03-17 17:00:22,793] Trial 539 finished with value: 4.825684160876701 and parameters: {'n_estimators': 662, 'lambda': 2.6448942912229094e-06, 'subsample': 0.9166288483051928, 'colsample_bytree': 0.7697897076545096, 'learning_rate': 0.04276273641165059, 'max_depth': 3, 'min_child_weight': 10}. Best is trial 350 with value: 4.999194949595861.
[I 2026-03-17 17:00:57,406] Trial 541 finished with value: 4.881746809925229 and parameters: {'n_estimators': 709, 'lambda': 0.8360548351839181, 'subsample': 0.9148548989404609, 'colsample_bytree': 0.7716920670402282, 'learning_rate': 0.048109594645300444, 'max_depth': 3, 'min_child_weight': 10}. Best is trial 350 with value: 4.999194949595861.
[I 2026-03-17 17:01:53,778] Trial 542 finished with value: 4.910271086109416 and parameters: {'n_estimators': 716, 'lambda': 0.8716268382380733, 'subsample': 0.9163763046540035, 'colsample_bytree': 0.7154769171818582, 'learning_rate': 0.05204932493578858, 'max_depth': 3, 'min_child_weight': 10}. Best is trial 350 with value: 4.999194949595861.
[I 2026-03-17 17:02:12,960] Trial 543 finished with value: 4.912594181791013 and parameters: {'n_estimators': 744, 'lambda': 0.5108680057207688, 'subsample': 0.9220725239824367, 'colsample_bytree': 0.9707196993126685, 'learning_rate': 0.06097349685598837, 'max_depth': 3, 'min_child_weight': 10}. Best is trial 350 with value: 4.999194949595861.
[I 2026-03-17 17:03:45,054] Trial 544 finished with value: 4.875715763558974 and parameters: {'n_estimators': 717, 'lambda': 0.9815100388746689, 'subsample': 0.9006923517014892, 'colsample_bytree': 0.7656446663081993, 'learning_rate': 0.06106291824309032, 'max_depth': 3, 'min_child_weight': 10}. Best is trial 350 with value: 4.999194949595861.
[I 2026-03-17 17:03:51,949] Trial 546 finished with value: 4.884164636313008 and parameters: {'n_estimators': 739, 'lambda': 0.8149147008892376, 'subsample': 0.9012522421153275, 'colsample_bytree': 0.7228590947485454, 'learning_rate': 0.06295434999719542, 'max_depth': 3, 'min_child_weight': 10}. Best is trial 350 with value: 4.999194949595861.
[I 2026-03-17 17:03:54,277] Trial 545 finished with value: 4.851112888479628 and parameters: {'n_estimators': 749, 'lambda': 0.7871523405122262, 'subsample': 0.9017129437352908, 'colsample_bytree': 0.7713585617369955, 'learning_rate': 0.06422372399401365, 'max_depth': 3, 'min_child_weight': 10}. Best is trial 350 with value: 4.999194949595861.
[I 2026-03-17 17:04:08,664] Trial 547 finished with value: 4.891188153885228 and parameters: {'n_estimators': 686, 'lambda': 0.6976323416979584, 'subsample': 0.8999256126755469, 'colsample_bytree': 0.7167362171237868, 'learning_rate': 0.06297470502496695, 'max_depth': 3, 'min_child_weight': 10}. Best is trial 350 with value: 4.999194949595861.
[I 2026-03-17 17:05:03,572] Trial 548 finished with value: 4.950798134741257 and parameters: {'n_estimators': 682, 'lambda': 6.569655840326593e-06, 'subsample': 0.9016916771454193, 'colsample_bytree': 0.7230067739961784, 'learning_rate': 0.06235989495606539, 'max_depth': 3, 'min_child_weight': 10}. Best is trial 350 with value: 4.999194949595861.
[I 2026-03-17 17:05:23,172] Trial 549 finished with value: 4.903413148075362 and parameters: {'n_estimators': 680, 'lambda': 0.6362960552662806, 'subsample': 0.9044068417155858, 'colsample_bytree': 0.7272574748700965, 'learning_rate': 0.08229459172786563, 'max_depth': 3, 'min_child_weight': 10}. Best is trial 350 with value: 4.999194949595861.
[I 2026-03-17 17:07:05,481] Trial 550 finished with value: 4.656533680584818 and parameters: {'n_estimators': 681, 'lambda': 0.6164780984268885, 'subsample': 0.9424236281677675, 'colsample_bytree': 0.7154948815075773, 'learning_rate': 0.08085127721265468, 'max_depth': 3, 'min_child_weight': 10}. Best is trial 350 with value: 4.999194949595861.
[I 2026-03-17 17:07:06,590] Trial 551 finished with value: 4.910235676971359 and parameters: {'n_estimators': 684, 'lambda': 0.5387274918704467, 'subsample': 0.943892738404901, 'colsample_bytree': 0.726522346255075, 'learning_rate': 0.08494279490029537, 'max_depth': 3, 'min_child_weight': 10}. Best is trial 350 with value: 4.999194949595861.
[I 2026-03-17 17:07:11,383] Trial 552 finished with value: 4.914714803168499 and parameters: {'n_estimators': 688, 'lambda': 0.57642262282764, 'subsample': 0.9413825777295863, 'colsample_bytree': 0.9423228079719361, 'learning_rate': 0.07867575277529071, 'max_depth': 3, 'min_child_weight': 10}. Best is trial 350 with value: 4.999194949595861.
[I 2026-03-17 17:07:25,533] Trial 553 finished with value: 4.9085853581175325 and parameters: {'n_estimators': 681, 'lambda': 0.4980158054739306, 'subsample': 0.9403078980787933, 'colsample_bytree': 0.9120829119092868, 'learning_rate': 0.08451247651064805, 'max_depth': 3, 'min_child_weight': 10}. Best is trial 350 with value: 4.999194949595861.
[I 2026-03-17 17:08:18,296] Trial 554 finished with value: 4.9254132861131446 and parameters: {'n_estimators': 682, 'lambda': 1.4302719656086903e-06, 'subsample': 0.9494717693954073, 'colsample_bytree': 0.8366767932410559, 'learning_rate': 0.08120801280244433, 'max_depth': 3, 'min_child_weight': 10}. Best is trial 350 with value: 4.999194949595861.
[I 2026-03-17 17:08:36,303] Trial 555 finished with value: 4.895709858796376 and parameters: {'n_estimators': 684, 'lambda': 7.975103242510682e-06, 'subsample': 0.9425697039694502, 'colsample_bytree': 0.7420882344578867, 'learning_rate': 0.08339088014238227, 'max_depth': 3, 'min_child_weight': 10}. Best is trial 350 with value: 4.999194949595861.
[I 2026-03-17 17:10:24,799] Trial 557 finished with value: 4.780226827082462 and parameters: {'n_estimators': 695, 'lambda': 0.4481177746451279, 'subsample': 0.9571460765155649, 'colsample_bytree': 0.7506766810194642, 'learning_rate': 0.03217981111776841, 'max_depth': 3, 'min_child_weight': 10}. Best is trial 350 with value: 4.999194949595861.
