[I 2026-03-16 22:57:43,730] Trial 249 finished with value: 5.073584425204651 and parameters: {'n_estimators': 633, 'lambda': 0.0005957570396593273, 'subsample': 0.873397744255465, 'colsample_bytree': 0.22703375679558924, 'learning_rate': 0.031281972799373135, 'max_depth': 6, 'min_child_weight': 10}. Best is trial 249 with value: 5.073584425204651.
[I 2026-03-16 22:57:54,735] Trial 252 finished with value: 5.016422024599859 and parameters: {'n_estimators': 608, 'lambda': 0.0006257764792916586, 'subsample': 0.9425420730114782, 'colsample_bytree': 0.2199369128913916, 'learning_rate': 0.03009934267073773, 'max_depth': 6, 'min_child_weight': 10}. Best is trial 249 with value: 5.073584425204651.
[I 2026-03-16 22:58:53,961] Trial 253 finished with value: 5.020904631355463 and parameters: {'n_estimators': 617, 'lambda': 0.000557739549975127, 'subsample': 0.8715701578842118, 'colsample_bytree': 0.21947129330163967, 'learning_rate': 0.03267787434115139, 'max_depth': 6, 'min_child_weight': 10}. Best is trial 249 with value: 5.073584425204651.
[I 2026-03-16 22:59:33,145] Trial 254 finished with value: 4.942560473442548 and parameters: {'n_estimators': 627, 'lambda': 0.0012102417560615854, 'subsample': 0.8635105328137567, 'colsample_bytree': 0.21564315213186375, 'learning_rate': 0.0301566167462937, 'max_depth': 6, 'min_child_weight': 10}. Best is trial 249 with value: 5.073584425204651.
[I 2026-03-16 23:00:11,684] Trial 255 finished with value: 4.746235988976709 and parameters: {'n_estimators': 614, 'lambda': 0.001361805931423815, 'subsample': 0.9626011507534996, 'colsample_bytree': 0.24980404216316468, 'learning_rate': 0.03179848781414005, 'max_depth': 6, 'min_child_weight': 10}. Best is trial 249 with value: 5.073584425204651.
[I 2026-03-16 23:00:19,563] Trial 257 finished with value: 5.059838441564642 and parameters: {'n_estimators': 615, 'lambda': 0.0010200706362335477, 'subsample': 0.868066224205839, 'colsample_bytree': 0.2223414343773649, 'learning_rate': 0.030928350645201032, 'max_depth': 6, 'min_child_weight': 10}. Best is trial 249 with value: 5.073584425204651.
[I 2026-03-16 23:00:27,956] Trial 256 finished with value: 4.724844735699153 and parameters: {'n_estimators': 642, 'lambda': 0.0007120966966951918, 'subsample': 0.8736989001251974, 'colsample_bytree': 0.22264237964769878, 'learning_rate': 0.03068882476332125, 'max_depth': 6, 'min_child_weight': 10}. Best is trial 249 with value: 5.073584425204651.
[I 2026-03-16 23:00:28,721] Trial 258 finished with value: 5.0055143858842825 and parameters: {'n_estimators': 619, 'lambda': 0.0013883572934683481, 'subsample': 0.8750043306159527, 'colsample_bytree': 0.2205647415836976, 'learning_rate': 0.03121855059733921, 'max_depth': 6, 'min_child_weight': 10}. Best is trial 249 with value: 5.073584425204651.
[I 2026-03-16 23:01:34,778] Trial 259 finished with value: 5.055039554212122 and parameters: {'n_estimators': 648, 'lambda': 0.0011297516724429579, 'subsample': 0.8662499583087133, 'colsample_bytree': 0.22588813269536037, 'learning_rate': 0.030023333071197793, 'max_depth': 6, 'min_child_weight': 10}. Best is trial 249 with value: 5.073584425204651.
[I 2026-03-16 23:02:12,263] Trial 260 finished with value: 5.062811783583582 and parameters: {'n_estimators': 611, 'lambda': 0.0006835797265318293, 'subsample': 0.8710889941530995, 'colsample_bytree': 0.22618545299255394, 'learning_rate': 0.03081558317629598, 'max_depth': 6, 'min_child_weight': 10}. Best is trial 249 with value: 5.073584425204651.
[I 2026-03-16 23:02:54,901] Trial 261 finished with value: 5.063796278138826 and parameters: {'n_estimators': 657, 'lambda': 0.0007848845873877591, 'subsample': 0.8714153226825773, 'colsample_bytree': 0.22486260474253422, 'learning_rate': 0.030139723820506795, 'max_depth': 6, 'min_child_weight': 10}. Best is trial 249 with value: 5.073584425204651.
[I 2026-03-16 23:02:59,001] Trial 262 finished with value: 4.9877902386111685 and parameters: {'n_estimators': 641, 'lambda': 0.0007755104231011729, 'subsample': 0.8466837943498575, 'colsample_bytree': 0.2200846700364024, 'learning_rate': 0.03129399740418494, 'max_depth': 6, 'min_child_weight': 10}. Best is trial 249 with value: 5.073584425204651.
[I 2026-03-16 23:03:02,224] Trial 264 finished with value: 4.945225529314205 and parameters: {'n_estimators': 614, 'lambda': 0.001645034650991558, 'subsample': 0.8385465063960147, 'colsample_bytree': 0.21703371251835066, 'learning_rate': 0.03071565947315467, 'max_depth': 6, 'min_child_weight': 10}. Best is trial 249 with value: 5.073584425204651.
[I 2026-03-16 23:03:03,708] Trial 263 finished with value: 5.016040236441974 and parameters: {'n_estimators': 613, 'lambda': 0.0007050698358396021, 'subsample': 0.8518147516853369, 'colsample_bytree': 0.22513082970731269, 'learning_rate': 0.034070046496504865, 'max_depth': 6, 'min_child_weight': 10}. Best is trial 249 with value: 5.073584425204651.
[I 2026-03-16 23:04:08,640] Trial 265 finished with value: 4.915457559337425 and parameters: {'n_estimators': 614, 'lambda': 0.0009367753441658344, 'subsample': 0.8383974409305716, 'colsample_bytree': 0.21556094010337482, 'learning_rate': 0.030005141591166767, 'max_depth': 6, 'min_child_weight': 10}. Best is trial 249 with value: 5.073584425204651.
[I 2026-03-16 23:04:43,910] Trial 266 finished with value: 4.932733820566427 and parameters: {'n_estimators': 609, 'lambda': 0.0008167088163186555, 'subsample': 0.8372386247890333, 'colsample_bytree': 0.21516040230984607, 'learning_rate': 0.03006196405676656, 'max_depth': 6, 'min_child_weight': 10}. Best is trial 249 with value: 5.073584425204651.
[I 2026-03-16 23:05:26,689] Trial 267 finished with value: 4.903774119922581 and parameters: {'n_estimators': 609, 'lambda': 0.0016937257633893043, 'subsample': 0.8399171877295475, 'colsample_bytree': 0.21466622242511493, 'learning_rate': 0.03231414304693197, 'max_depth': 6, 'min_child_weight': 10}. Best is trial 249 with value: 5.073584425204651.
[I 2026-03-16 23:05:33,284] Trial 268 finished with value: 4.895953284683211 and parameters: {'n_estimators': 612, 'lambda': 0.0010731766522080984, 'subsample': 0.8342738901174442, 'colsample_bytree': 0.21342087336550744, 'learning_rate': 0.04086226336636371, 'max_depth': 6, 'min_child_weight': 10}. Best is trial 249 with value: 5.073584425204651.
[I 2026-03-16 23:05:46,964] Trial 269 finished with value: 5.013845345669983 and parameters: {'n_estimators': 662, 'lambda': 0.0012062449544363856, 'subsample': 0.8665375861049553, 'colsample_bytree': 0.2197218070365828, 'learning_rate': 0.03120430467376214, 'max_depth': 6, 'min_child_weight': 10}. Best is trial 249 with value: 5.073584425204651.
[I 2026-03-16 23:05:54,423] Trial 270 finished with value: 4.73863110836629 and parameters: {'n_estimators': 679, 'lambda': 0.0009631477112256824, 'subsample': 0.8664050704007876, 'colsample_bytree': 0.21328633150020399, 'learning_rate': 0.04159160791278087, 'max_depth': 6, 'min_child_weight': 10}. Best is trial 249 with value: 5.073584425204651.
[I 2026-03-16 23:06:46,527] Trial 271 finished with value: 5.047168302806613 and parameters: {'n_estimators': 654, 'lambda': 0.000979625668307461, 'subsample': 0.8645916991310583, 'colsample_bytree': 0.22854162074549061, 'learning_rate': 0.04300184447393982, 'max_depth': 6, 'min_child_weight': 10}. Best is trial 249 with value: 5.073584425204651.
[I 2026-03-16 23:07:29,094] Trial 272 finished with value: 4.901630303988924 and parameters: {'n_estimators': 680, 'lambda': 0.001077310618967913, 'subsample': 0.8622286491993107, 'colsample_bytree': 0.2311680882509009, 'learning_rate': 0.04295282884117643, 'max_depth': 6, 'min_child_weight': 10}. Best is trial 249 with value: 5.073584425204651.
[I 2026-03-16 23:08:03,006] Trial 273 finished with value: 4.94823138123657 and parameters: {'n_estimators': 658, 'lambda': 0.001115333100912895, 'subsample': 0.8621666184046712, 'colsample_bytree': 0.23085842594675235, 'learning_rate': 0.042953203295204585, 'max_depth': 6, 'min_child_weight': 10}. Best is trial 249 with value: 5.073584425204651.
[I 2026-03-16 23:08:17,515] Trial 274 finished with value: 4.28100105576606 and parameters: {'n_estimators': 652, 'lambda': 0.0011666416056286056, 'subsample': 0.8653800264483169, 'colsample_bytree': 0.2318971557280089, 'learning_rate': 0.345289481856714, 'max_depth': 6, 'min_child_weight': 10}. Best is trial 249 with value: 5.073584425204651.
[I 2026-03-16 23:08:31,046] Trial 275 finished with value: 4.73855536263437 and parameters: {'n_estimators': 679, 'lambda': 0.0011475540263228884, 'subsample': 0.8647415867519423, 'colsample_bytree': 0.20259150577178775, 'learning_rate': 0.043432573147947656, 'max_depth': 6, 'min_child_weight': 10}. Best is trial 249 with value: 5.073584425204651.
[I 2026-03-16 23:08:34,816] Trial 276 finished with value: 4.930600132086031 and parameters: {'n_estimators': 655, 'lambda': 0.0017973911073084603, 'subsample': 0.8640194568088367, 'colsample_bytree': 0.2271803986317991, 'learning_rate': 0.043795790169824315, 'max_depth': 6, 'min_child_weight': 10}. Best is trial 249 with value: 5.073584425204651.
[I 2026-03-16 23:09:24,216] Trial 277 finished with value: 4.943322100929675 and parameters: {'n_estimators': 653, 'lambda': 0.0005845560450259227, 'subsample': 0.8588646549389071, 'colsample_bytree': 0.2360120539639485, 'learning_rate': 0.045018783127303376, 'max_depth': 6, 'min_child_weight': 10}. Best is trial 249 with value: 5.073584425204651.
[I 2026-03-16 23:10:15,105] Trial 278 finished with value: 4.354577147810917 and parameters: {'n_estimators': 656, 'lambda': 0.0005941496634876634, 'subsample': 0.8535665892355102, 'colsample_bytree': 0.2012599240830456, 'learning_rate': 0.3617959816281123, 'max_depth': 6, 'min_child_weight': 10}. Best is trial 249 with value: 5.073584425204651.
[I 2026-03-16 23:10:38,791] Trial 279 finished with value: 4.966179998800451 and parameters: {'n_estimators': 656, 'lambda': 0.000585476700152683, 'subsample': 0.8717770301743599, 'colsample_bytree': 0.20189559764300746, 'learning_rate': 0.044381676924062016, 'max_depth': 6, 'min_child_weight': 10}. Best is trial 249 with value: 5.073584425204651.
[I 2026-03-16 23:10:54,188] Trial 280 finished with value: 4.688740106579441 and parameters: {'n_estimators': 639, 'lambda': 0.0006706845611658681, 'subsample': 0.8160585713837281, 'colsample_bytree': 0.20257150721260905, 'learning_rate': 0.04328361570294667, 'max_depth': 6, 'min_child_weight': 10}. Best is trial 249 with value: 5.073584425204651.
[I 2026-03-16 23:10:56,739] Trial 282 finished with value: 4.96841139806593 and parameters: {'n_estimators': 577, 'lambda': 0.0006400735583357164, 'subsample': 0.811024704627887, 'colsample_bytree': 0.2451410546826274, 'learning_rate': 0.0457025755588254, 'max_depth': 6, 'min_child_weight': 10}. Best is trial 249 with value: 5.073584425204651.
[I 2026-03-16 23:11:11,283] Trial 281 finished with value: 4.920991703695198 and parameters: {'n_estimators': 657, 'lambda': 0.0006730719615602058, 'subsample': 0.8198635068880934, 'colsample_bytree': 0.24871978414747545, 'learning_rate': 0.04653222560007199, 'max_depth': 6, 'min_child_weight': 10}. Best is trial 249 with value: 5.073584425204651.
[I 2026-03-16 23:11:44,000] Trial 283 finished with value: 4.9733364186691436 and parameters: {'n_estimators': 575, 'lambda': 0.0006302731638098733, 'subsample': 0.8777757412294313, 'colsample_bytree': 0.24846828279681973, 'learning_rate': 0.04375171227323581, 'max_depth': 6, 'min_child_weight': 10}. Best is trial 249 with value: 5.073584425204651.
[I 2026-03-16 23:12:41,217] Trial 284 finished with value: 4.729862864968786 and parameters: {'n_estimators': 578, 'lambda': 0.0006908812395523791, 'subsample': 0.880704595187017, 'colsample_bytree': 0.2470941155214867, 'learning_rate': 0.03008514637815642, 'max_depth': 6, 'min_child_weight': 10}. Best is trial 249 with value: 5.073584425204651.
[I 2026-03-16 23:13:03,035] Trial 285 finished with value: 4.97894346793052 and parameters: {'n_estimators': 579, 'lambda': 0.002656726170341036, 'subsample': 0.8845064366389406, 'colsample_bytree': 0.24771224181516144, 'learning_rate': 0.04356454976761502, 'max_depth': 6, 'min_child_weight': 10}. Best is trial 249 with value: 5.073584425204651.
[I 2026-03-16 23:13:21,748] Trial 286 finished with value: 5.045454025561185 and parameters: {'n_estimators': 580, 'lambda': 0.002577290141632684, 'subsample': 0.8807961647053305, 'colsample_bytree': 0.24935247121287457, 'learning_rate': 0.030685500179530756, 'max_depth': 6, 'min_child_weight': 10}. Best is trial 249 with value: 5.073584425204651.
[I 2026-03-16 23:13:35,703] Trial 287 finished with value: 5.021819020472573 and parameters: {'n_estimators': 634, 'lambda': 0.002338631358901968, 'subsample': 0.880469614614408, 'colsample_bytree': 0.25520183928341195, 'learning_rate': 0.0316208026905905, 'max_depth': 6, 'min_child_weight': 10}. Best is trial 249 with value: 5.073584425204651.
[I 2026-03-16 23:13:48,171] Trial 288 finished with value: 4.738093184020203 and parameters: {'n_estimators': 633, 'lambda': 0.002459818223799113, 'subsample': 0.8841060941918973, 'colsample_bytree': 0.25281946730388305, 'learning_rate': 0.030197235388112295, 'max_depth': 6, 'min_child_weight': 10}. Best is trial 249 with value: 5.073584425204651.
[I 2026-03-16 23:14:17,347] Trial 289 finished with value: 4.761149475876225 and parameters: {'n_estimators': 629, 'lambda': 0.002166395092892201, 'subsample': 0.8766948737683625, 'colsample_bytree': 0.24917521391022604, 'learning_rate': 0.03113222659023106, 'max_depth': 6, 'min_child_weight': 10}. Best is trial 249 with value: 5.073584425204651.
[I 2026-03-16 23:15:10,043] Trial 290 finished with value: 5.035568278720683 and parameters: {'n_estimators': 594, 'lambda': 0.0003304549551196689, 'subsample': 0.8478198412467839, 'colsample_bytree': 0.2264735054164813, 'learning_rate': 0.03133609543147301, 'max_depth': 6, 'min_child_weight': 10}. Best is trial 249 with value: 5.073584425204651.
[I 2026-03-16 23:15:35,927] Trial 291 finished with value: 5.02615360902608 and parameters: {'n_estimators': 633, 'lambda': 0.0017422666685845448, 'subsample': 0.8451719667349292, 'colsample_bytree': 0.22848994318618007, 'learning_rate': 0.030182498854361865, 'max_depth': 6, 'min_child_weight': 10}. Best is trial 249 with value: 5.073584425204651.
[I 2026-03-16 23:16:06,124] Trial 292 finished with value: 5.033590095848585 and parameters: {'n_estimators': 632, 'lambda': 0.003247822202381138, 'subsample': 0.8505049538419345, 'colsample_bytree': 0.22588408660201975, 'learning_rate': 0.030259421864584343, 'max_depth': 6, 'min_child_weight': 10}. Best is trial 249 with value: 5.073584425204651.
[I 2026-03-16 23:16:14,439] Trial 293 finished with value: 5.027061368494276 and parameters: {'n_estimators': 633, 'lambda': 0.002095242862372548, 'subsample': 0.8509475083370467, 'colsample_bytree': 0.22570303062821578, 'learning_rate': 0.030568939973374423, 'max_depth': 6, 'min_child_weight': 10}. Best is trial 249 with value: 5.073584425204651.
[I 2026-03-16 23:16:24,641] Trial 294 finished with value: 4.160831030391331 and parameters: {'n_estimators': 630, 'lambda': 0.002050149716393124, 'subsample': 0.8509696672114091, 'colsample_bytree': 0.22621574406819758, 'learning_rate': 0.5775841983808434, 'max_depth': 6, 'min_child_weight': 10}. Best is trial 249 with value: 5.073584425204651.
[I 2026-03-16 23:16:43,043] Trial 295 finished with value: 4.92027712533228 and parameters: {'n_estimators': 606, 'lambda': 0.0017893152031845322, 'subsample': 0.846250760622288, 'colsample_bytree': 0.2244626863361081, 'learning_rate': 0.055905796954576994, 'max_depth': 6, 'min_child_weight': 10}. Best is trial 249 with value: 5.073584425204651.
[I 2026-03-16 23:17:37,637] Trial 296 finished with value: 4.876880859975325 and parameters: {'n_estimators': 601, 'lambda': 0.0017083550305963368, 'subsample': 0.8465400869591876, 'colsample_bytree': 0.22909178584137296, 'learning_rate': 0.05576607188309857, 'max_depth': 6, 'min_child_weight': 10}. Best is trial 249 with value: 5.073584425204651.
[I 2026-03-16 23:17:56,308] Trial 297 finished with value: 4.872555501412615 and parameters: {'n_estimators': 597, 'lambda': 0.0020930815785910393, 'subsample': 0.8500974927505928, 'colsample_bytree': 0.22682925838822007, 'learning_rate': 0.056789927476572494, 'max_depth': 6, 'min_child_weight': 10}. Best is trial 249 with value: 5.073584425204651.
[I 2026-03-16 23:18:30,138] Trial 298 finished with value: 4.947322633711451 and parameters: {'n_estimators': 595, 'lambda': 0.003990111772949578, 'subsample': 0.8517402056501598, 'colsample_bytree': 0.23047903997950706, 'learning_rate': 0.059041623091841314, 'max_depth': 6, 'min_child_weight': 10}. Best is trial 249 with value: 5.073584425204651.
[I 2026-03-16 23:18:40,108] Trial 299 finished with value: 5.011946579883952 and parameters: {'n_estimators': 590, 'lambda': 0.0031715529575424392, 'subsample': 0.8493719070002035, 'colsample_bytree': 0.26329559313360446, 'learning_rate': 0.058504384390087386, 'max_depth': 6, 'min_child_weight': 10}. Best is trial 249 with value: 5.073584425204651.
[I 2026-03-16 23:18:50,466] Trial 300 finished with value: 4.6670191316294645 and parameters: {'n_estimators': 593, 'lambda': 0.0034549979681648257, 'subsample': 0.8504520557417967, 'colsample_bytree': 0.262804677816387, 'learning_rate': 0.05593889215771998, 'max_depth': 6, 'min_child_weight': 10}. Best is trial 249 with value: 5.073584425204651.
[I 2026-03-16 23:19:29,006] Trial 301 finished with value: 4.481452218477473 and parameters: {'n_estimators': 697, 'lambda': 0.0035362132662428106, 'subsample': 0.8354247508485401, 'colsample_bytree': 0.26433364654121344, 'learning_rate': 0.058852318193976905, 'max_depth': 6, 'min_child_weight': 10}. Best is trial 249 with value: 5.073584425204651.
[I 2026-03-16 23:20:24,403] Trial 302 finished with value: 4.894149522401975 and parameters: {'n_estimators': 690, 'lambda': 0.002869024856994488, 'subsample': 0.8893422026593075, 'colsample_bytree': 0.264033790119314, 'learning_rate': 0.05798251391634961, 'max_depth': 6, 'min_child_weight': 10}. Best is trial 249 with value: 5.073584425204651.
[I 2026-03-16 23:20:28,586] Trial 303 finished with value: 4.693788379019958 and parameters: {'n_estimators': 634, 'lambda': 0.0023416049626677807, 'subsample': 0.8310358868105879, 'colsample_bytree': 0.2620911219562442, 'learning_rate': 0.058915199447479055, 'max_depth': 6, 'min_child_weight': 10}. Best is trial 249 with value: 5.073584425204651.
[I 2026-03-16 23:21:18,188] Trial 304 finished with value: 4.613109378382285 and parameters: {'n_estimators': 557, 'lambda': 0.0033484465994127834, 'subsample': 0.8875307409607307, 'colsample_bytree': 0.8326084082476031, 'learning_rate': 0.04477767050494748, 'max_depth': 7, 'min_child_weight': 10}. Best is trial 249 with value: 5.073584425204651.
[I 2026-03-16 23:21:27,577] Trial 306 finished with value: 4.9692668127522 and parameters: {'n_estimators': 638, 'lambda': 0.0030880765530614937, 'subsample': 0.8196404955611111, 'colsample_bytree': 0.2628318644517278, 'learning_rate': 0.044060085840489066, 'max_depth': 6, 'min_child_weight': 10}. Best is trial 249 with value: 5.073584425204651.
[I 2026-03-16 23:21:31,113] Trial 305 finished with value: 4.934020102169519 and parameters: {'n_estimators': 693, 'lambda': 0.004510266327666381, 'subsample': 0.8901863148685273, 'colsample_bytree': 0.26082760649085984, 'learning_rate': 0.04477831857460283, 'max_depth': 6, 'min_child_weight': 10}. Best is trial 249 with value: 5.073584425204651.
[I 2026-03-16 23:21:39,602] Trial 307 finished with value: 4.978129318065486 and parameters: {'n_estimators': 561, 'lambda': 0.001477477530207087, 'subsample': 0.8290586738310016, 'colsample_bytree': 0.24624169637427, 'learning_rate': 0.04591698481010116, 'max_depth': 6, 'min_child_weight': 10}. Best is trial 249 with value: 5.073584425204651.
[I 2026-03-16 23:22:46,888] Trial 309 finished with value: 4.952703993238181 and parameters: {'n_estimators': 555, 'lambda': 0.00027422127381720134, 'subsample': 0.893087898486826, 'colsample_bytree': 0.2390943247318294, 'learning_rate': 0.04386364728521013, 'max_depth': 6, 'min_child_weight': 10}. Best is trial 249 with value: 5.073584425204651.
[I 2026-03-16 23:23:18,698] Trial 308 finished with value: 4.760331246251457 and parameters: {'n_estimators': 564, 'lambda': 0.0014143041225983927, 'subsample': 0.8254006655939443, 'colsample_bytree': 0.2389668667441029, 'learning_rate': 0.04375709062314284, 'max_depth': 7, 'min_child_weight': 10}. Best is trial 249 with value: 5.073584425204651.
[I 2026-03-16 23:23:48,285] Trial 311 finished with value: 5.101188394588651 and parameters: {'n_estimators': 570, 'lambda': 0.00030966369855148224, 'subsample': 0.8754543420047626, 'colsample_bytree': 0.24147264719028905, 'learning_rate': 0.030561286712412088, 'max_depth': 6, 'min_child_weight': 10}. Best is trial 311 with value: 5.101188394588651.
[I 2026-03-16 23:23:56,963] Trial 310 finished with value: 5.015926573946203 and parameters: {'n_estimators': 639, 'lambda': 0.0014290299963144102, 'subsample': 0.8203007667890223, 'colsample_bytree': 0.2410138220888609, 'learning_rate': 0.030080949922928233, 'max_depth': 6, 'min_child_weight': 10}. Best is trial 311 with value: 5.101188394588651.
[I 2026-03-16 23:23:56,971] Trial 312 finished with value: 5.084558467236668 and parameters: {'n_estimators': 578, 'lambda': 0.0014543658765054134, 'subsample': 0.8757508586501006, 'colsample_bytree': 0.24296209311262004, 'learning_rate': 0.0300215416247702, 'max_depth': 6, 'min_child_weight': 10}. Best is trial 311 with value: 5.101188394588651.
