[I 2026-03-16 11:49:55,540] Trial 914 finished with value: 7.204520572934611 and parameters: {'n_estimators': 218, 'lambda': 0.00042265219627217975, 'subsample': 0.9825184107364004, 'colsample_bytree': 0.8169089182376605, 'learning_rate': 0.6060554332718916, 'max_depth': 3, 'min_child_weight': 6}. Best is trial 830 with value: 7.454100209461071.
[I 2026-03-16 11:49:58,506] Trial 915 finished with value: 7.222473225298785 and parameters: {'n_estimators': 225, 'lambda': 0.0008933326982615372, 'subsample': 0.9820493511501857, 'colsample_bytree': 0.8095521670668419, 'learning_rate': 0.5849785806654731, 'max_depth': 3, 'min_child_weight': 6}. Best is trial 830 with value: 7.454100209461071.
[I 2026-03-16 11:50:04,609] Trial 912 finished with value: 7.3060878404446346 and parameters: {'n_estimators': 281, 'lambda': 0.000979944875669372, 'subsample': 0.9668267055246376, 'colsample_bytree': 0.8137851346344674, 'learning_rate': 0.5819118836448736, 'max_depth': 3, 'min_child_weight': 6}. Best is trial 830 with value: 7.454100209461071.
[I 2026-03-16 11:50:08,306] Trial 913 finished with value: 7.308156540131721 and parameters: {'n_estimators': 282, 'lambda': 0.0008726083803685058, 'subsample': 0.9236862520645969, 'colsample_bytree': 0.8152889782328903, 'learning_rate': 0.5836514256882858, 'max_depth': 3, 'min_child_weight': 6}. Best is trial 830 with value: 7.454100209461071.
[I 2026-03-16 11:50:13,366] Trial 916 finished with value: 7.126068193119418 and parameters: {'n_estimators': 226, 'lambda': 0.0009808780755202568, 'subsample': 0.9826945278819986, 'colsample_bytree': 0.7996963362008508, 'learning_rate': 0.5823699031675204, 'max_depth': 3, 'min_child_weight': 6}. Best is trial 830 with value: 7.454100209461071.
[I 2026-03-16 11:51:03,557] Trial 917 finished with value: 7.298573766919201 and parameters: {'n_estimators': 275, 'lambda': 0.0010252330136247911, 'subsample': 0.9811664041545316, 'colsample_bytree': 0.7978925223110953, 'learning_rate': 0.5830272289536177, 'max_depth': 3, 'min_child_weight': 6}. Best is trial 830 with value: 7.454100209461071.
[I 2026-03-16 11:51:14,100] Trial 918 finished with value: 7.332424225954795 and parameters: {'n_estimators': 273, 'lambda': 0.000995109596080955, 'subsample': 0.985164728205528, 'colsample_bytree': 0.8014456832652298, 'learning_rate': 0.5825704211664735, 'max_depth': 3, 'min_child_weight': 6}. Best is trial 830 with value: 7.454100209461071.
[I 2026-03-16 11:51:16,307] Trial 919 finished with value: 7.247139135177749 and parameters: {'n_estimators': 272, 'lambda': 0.001048170281906542, 'subsample': 0.9650899476447692, 'colsample_bytree': 0.8978692423785058, 'learning_rate': 0.5824476656274477, 'max_depth': 3, 'min_child_weight': 6}. Best is trial 830 with value: 7.454100209461071.
[I 2026-03-16 11:51:24,605] Trial 921 finished with value: 7.182976422183155 and parameters: {'n_estimators': 265, 'lambda': 0.0013704039670528949, 'subsample': 0.9816060099027292, 'colsample_bytree': 0.7967805259649544, 'learning_rate': 0.5925635974827302, 'max_depth': 3, 'min_child_weight': 6}. Best is trial 830 with value: 7.454100209461071.
[I 2026-03-16 11:51:24,620] Trial 920 finished with value: 7.251225270846065 and parameters: {'n_estimators': 276, 'lambda': 0.0013470306681728703, 'subsample': 0.9826261459215699, 'colsample_bytree': 0.8942888245797489, 'learning_rate': 0.578815805149231, 'max_depth': 3, 'min_child_weight': 6}. Best is trial 830 with value: 7.454100209461071.
[I 2026-03-16 11:51:32,901] Trial 922 finished with value: 7.204992871955187 and parameters: {'n_estimators': 267, 'lambda': 0.0014277536517245536, 'subsample': 0.9653900203463402, 'colsample_bytree': 0.8954518764586947, 'learning_rate': 0.6008795926379376, 'max_depth': 3, 'min_child_weight': 6}. Best is trial 830 with value: 7.454100209461071.
[I 2026-03-16 11:52:15,838] Trial 923 finished with value: 7.213622754912944 and parameters: {'n_estimators': 267, 'lambda': 0.008952852134439034, 'subsample': 0.9665801167814495, 'colsample_bytree': 0.8466520606906536, 'learning_rate': 0.5963152271546018, 'max_depth': 3, 'min_child_weight': 6}. Best is trial 830 with value: 7.454100209461071.
[I 2026-03-16 11:52:26,785] Trial 924 finished with value: 7.344073673063091 and parameters: {'n_estimators': 266, 'lambda': 0.008576909491211985, 'subsample': 0.9686443333655014, 'colsample_bytree': 0.8946863015310815, 'learning_rate': 0.604950640488438, 'max_depth': 3, 'min_child_weight': 6}. Best is trial 830 with value: 7.454100209461071.
[I 2026-03-16 11:52:28,468] Trial 925 finished with value: 7.302654794970616 and parameters: {'n_estimators': 262, 'lambda': 0.009841581817654812, 'subsample': 0.9807618301639447, 'colsample_bytree': 0.8456334395330225, 'learning_rate': 0.5966443957167061, 'max_depth': 3, 'min_child_weight': 6}. Best is trial 830 with value: 7.454100209461071.
[I 2026-03-16 11:52:47,490] Trial 926 finished with value: 7.082611092794008 and parameters: {'n_estimators': 298, 'lambda': 0.0005714653795060586, 'subsample': 0.9661299654966928, 'colsample_bytree': 0.8457934571136192, 'learning_rate': 0.6055204923660054, 'max_depth': 3, 'min_child_weight': 6}. Best is trial 830 with value: 7.454100209461071.
[I 2026-03-16 11:52:51,879] Trial 927 finished with value: 7.381543850078003 and parameters: {'n_estimators': 300, 'lambda': 0.0005300728011418605, 'subsample': 0.9661821769244335, 'colsample_bytree': 0.8449917238810978, 'learning_rate': 0.6034799318221187, 'max_depth': 3, 'min_child_weight': 6}. Best is trial 830 with value: 7.454100209461071.
[I 2026-03-16 11:52:57,825] Trial 928 finished with value: 7.3034239573991595 and parameters: {'n_estimators': 300, 'lambda': 0.0004499396146152611, 'subsample': 0.9685775507695102, 'colsample_bytree': 0.8438509075076961, 'learning_rate': 0.5377665017366339, 'max_depth': 3, 'min_child_weight': 6}. Best is trial 830 with value: 7.454100209461071.
[I 2026-03-16 11:53:42,995] Trial 929 finished with value: 7.383898808185688 and parameters: {'n_estimators': 304, 'lambda': 0.00040774986743548206, 'subsample': 0.9838992494846956, 'colsample_bytree': 0.8455880298880349, 'learning_rate': 0.6083874929734915, 'max_depth': 3, 'min_child_weight': 6}. Best is trial 830 with value: 7.454100209461071.
[I 2026-03-16 11:53:55,026] Trial 930 finished with value: 7.280015162022086 and parameters: {'n_estimators': 298, 'lambda': 0.0004288071531542415, 'subsample': 0.9667434855206534, 'colsample_bytree': 0.8469378311549703, 'learning_rate': 0.6058107759170408, 'max_depth': 3, 'min_child_weight': 6}. Best is trial 830 with value: 7.454100209461071.
[I 2026-03-16 11:53:57,548] Trial 931 finished with value: 7.224034319064845 and parameters: {'n_estimators': 298, 'lambda': 0.0004090934238429645, 'subsample': 0.9387075595706924, 'colsample_bytree': 0.8454062960609637, 'learning_rate': 0.6094968813868242, 'max_depth': 3, 'min_child_weight': 6}. Best is trial 830 with value: 7.454100209461071.
[I 2026-03-16 11:54:00,188] Trial 933 finished with value: 7.296248779158375 and parameters: {'n_estimators': 235, 'lambda': 0.00048794197036132155, 'subsample': 0.966668253334626, 'colsample_bytree': 0.8605954320648285, 'learning_rate': 0.6071732590582173, 'max_depth': 3, 'min_child_weight': 6}. Best is trial 830 with value: 7.454100209461071.
[I 2026-03-16 11:54:04,325] Trial 934 finished with value: 7.2020269244749375 and parameters: {'n_estimators': 237, 'lambda': 0.00046744979406175606, 'subsample': 0.9836490981448103, 'colsample_bytree': 0.7952002669249827, 'learning_rate': 0.6068380159492958, 'max_depth': 3, 'min_child_weight': 6}. Best is trial 830 with value: 7.454100209461071.
[I 2026-03-16 11:54:09,819] Trial 932 finished with value: 7.2928445925883025 and parameters: {'n_estimators': 301, 'lambda': 0.007921948854627109, 'subsample': 0.9345524148747061, 'colsample_bytree': 0.8667417778811289, 'learning_rate': 0.5518094865726131, 'max_depth': 3, 'min_child_weight': 6}. Best is trial 830 with value: 7.454100209461071.
[I 2026-03-16 11:54:52,419] Trial 935 finished with value: 7.287070772150379 and parameters: {'n_estimators': 238, 'lambda': 0.00040501352485546597, 'subsample': 0.9409617995353753, 'colsample_bytree': 0.864796708761714, 'learning_rate': 0.6065172045283496, 'max_depth': 3, 'min_child_weight': 6}. Best is trial 830 with value: 7.454100209461071.
[I 2026-03-16 11:55:03,080] Trial 937 finished with value: 7.316075258602931 and parameters: {'n_estimators': 231, 'lambda': 0.0004824453483526849, 'subsample': 0.9530258983220145, 'colsample_bytree': 0.8637791875511817, 'learning_rate': 0.6093939500970352, 'max_depth': 3, 'min_child_weight': 6}. Best is trial 830 with value: 7.454100209461071.
[I 2026-03-16 11:55:18,142] Trial 936 finished with value: 7.1613098161362405 and parameters: {'n_estimators': 295, 'lambda': 0.00038717550092528353, 'subsample': 0.9423232758161741, 'colsample_bytree': 0.8575380322550987, 'learning_rate': 0.6114139709389177, 'max_depth': 3, 'min_child_weight': 6}. Best is trial 830 with value: 7.454100209461071.
[I 2026-03-16 11:55:22,168] Trial 938 finished with value: 7.240247513112463 and parameters: {'n_estimators': 286, 'lambda': 0.0005976438838039074, 'subsample': 0.9843071827668156, 'colsample_bytree': 0.8619332715048418, 'learning_rate': 0.6077463699348408, 'max_depth': 3, 'min_child_weight': 6}. Best is trial 830 with value: 7.454100209461071.
[I 2026-03-16 11:55:28,843] Trial 939 finished with value: 7.275943647135438 and parameters: {'n_estimators': 290, 'lambda': 0.000659785224090517, 'subsample': 0.9557066825900694, 'colsample_bytree': 0.86541088238205, 'learning_rate': 0.5486499190073502, 'max_depth': 3, 'min_child_weight': 6}. Best is trial 830 with value: 7.454100209461071.
[I 2026-03-16 11:55:32,310] Trial 940 finished with value: 7.1570030412592605 and parameters: {'n_estimators': 286, 'lambda': 0.000699788224551736, 'subsample': 0.9527843725483294, 'colsample_bytree': 0.8648935960174505, 'learning_rate': 0.6133281666110816, 'max_depth': 3, 'min_child_weight': 6}. Best is trial 830 with value: 7.454100209461071.
[I 2026-03-16 11:56:19,939] Trial 941 finished with value: 7.2368172613722965 and parameters: {'n_estimators': 310, 'lambda': 0.0006246621263316342, 'subsample': 0.9561806395073814, 'colsample_bytree': 0.8302859758561858, 'learning_rate': 0.547900932271464, 'max_depth': 3, 'min_child_weight': 6}. Best is trial 830 with value: 7.454100209461071.
[I 2026-03-16 11:56:24,340] Trial 942 finished with value: 7.272178805299193 and parameters: {'n_estimators': 286, 'lambda': 0.000730281474246441, 'subsample': 0.9856361293948919, 'colsample_bytree': 0.8243871972580136, 'learning_rate': 0.5463063185768577, 'max_depth': 3, 'min_child_weight': 6}. Best is trial 830 with value: 7.454100209461071.
[I 2026-03-16 11:56:31,085] Trial 943 finished with value: 7.207444753672097 and parameters: {'n_estimators': 258, 'lambda': 0.000789033702511353, 'subsample': 0.9820163765255484, 'colsample_bytree': 0.8948903048313496, 'learning_rate': 0.544552013034074, 'max_depth': 3, 'min_child_weight': 6}. Best is trial 830 with value: 7.454100209461071.
[I 2026-03-16 11:56:34,323] Trial 944 finished with value: 7.193732561324542 and parameters: {'n_estimators': 254, 'lambda': 0.0007300169480377776, 'subsample': 0.9607113983712695, 'colsample_bytree': 0.8232174302780065, 'learning_rate': 0.5367068365265424, 'max_depth': 3, 'min_child_weight': 6}. Best is trial 830 with value: 7.454100209461071.
[I 2026-03-16 11:56:39,124] Trial 945 finished with value: 7.283514910422698 and parameters: {'n_estimators': 253, 'lambda': 0.0006520221494731375, 'subsample': 0.9702888797000915, 'colsample_bytree': 0.8272108671771028, 'learning_rate': 0.5698520171310881, 'max_depth': 3, 'min_child_weight': 6}. Best is trial 830 with value: 7.454100209461071.
[I 2026-03-16 11:56:45,466] Trial 946 finished with value: 7.287999970574576 and parameters: {'n_estimators': 256, 'lambda': 0.0008304645863735561, 'subsample': 0.9840506317596104, 'colsample_bytree': 0.8293030018572126, 'learning_rate': 0.5686239996936795, 'max_depth': 3, 'min_child_weight': 6}. Best is trial 830 with value: 7.454100209461071.
[I 2026-03-16 11:57:33,042] Trial 947 finished with value: 7.334792851248092 and parameters: {'n_estimators': 255, 'lambda': 0.0013483458015987814, 'subsample': 0.9830653881644702, 'colsample_bytree': 0.8960566485534966, 'learning_rate': 0.571942036926192, 'max_depth': 3, 'min_child_weight': 6}. Best is trial 830 with value: 7.454100209461071.
[I 2026-03-16 11:57:39,792] Trial 948 finished with value: 7.254854780969841 and parameters: {'n_estimators': 258, 'lambda': 0.0012851327756872534, 'subsample': 0.9720606861763819, 'colsample_bytree': 0.8956970765438964, 'learning_rate': 0.5924882449666722, 'max_depth': 3, 'min_child_weight': 6}. Best is trial 830 with value: 7.454100209461071.
[I 2026-03-16 11:58:00,761] Trial 949 finished with value: 7.293021898357764 and parameters: {'n_estimators': 315, 'lambda': 0.0014164515393870957, 'subsample': 0.969085178039577, 'colsample_bytree': 0.8344618967324026, 'learning_rate': 0.5918964775172333, 'max_depth': 3, 'min_child_weight': 6}. Best is trial 830 with value: 7.454100209461071.
[I 2026-03-16 11:58:03,774] Trial 950 finished with value: 7.3236500763050625 and parameters: {'n_estimators': 316, 'lambda': 0.001152895382027983, 'subsample': 0.9712678449277906, 'colsample_bytree': 0.8940737873808366, 'learning_rate': 0.5683692247063368, 'max_depth': 3, 'min_child_weight': 6}. Best is trial 830 with value: 7.454100209461071.
[I 2026-03-16 11:58:10,473] Trial 952 finished with value: 7.336234939182487 and parameters: {'n_estimators': 315, 'lambda': 0.0011928252989979464, 'subsample': 0.9696823171630259, 'colsample_bytree': 0.8948924619556572, 'learning_rate': 0.5912427048415239, 'max_depth': 3, 'min_child_weight': 6}. Best is trial 830 with value: 7.454100209461071.
[I 2026-03-16 11:58:15,727] Trial 951 finished with value: 7.307779937311458 and parameters: {'n_estimators': 339, 'lambda': 0.0012428101109473756, 'subsample': 0.9717333056057281, 'colsample_bytree': 0.8906393261361873, 'learning_rate': 0.5917847272971994, 'max_depth': 3, 'min_child_weight': 6}. Best is trial 830 with value: 7.454100209461071.
[I 2026-03-16 11:59:04,043] Trial 953 finished with value: 7.184402265515198 and parameters: {'n_estimators': 337, 'lambda': 0.0014324930012023424, 'subsample': 0.9698744017574797, 'colsample_bytree': 0.8395207460417652, 'learning_rate': 0.5918153574945991, 'max_depth': 3, 'min_child_weight': 6}. Best is trial 830 with value: 7.454100209461071.
[I 2026-03-16 11:59:07,502] Trial 954 finished with value: 7.281665306056979 and parameters: {'n_estimators': 315, 'lambda': 0.0015195275261521933, 'subsample': 0.9274369518144225, 'colsample_bytree': 0.8391079310717933, 'learning_rate': 0.5873057484540022, 'max_depth': 3, 'min_child_weight': 6}. Best is trial 830 with value: 7.454100209461071.
[I 2026-03-16 11:59:35,289] Trial 955 finished with value: 7.401498891866889 and parameters: {'n_estimators': 333, 'lambda': 0.0017949033470296167, 'subsample': 0.9307159267808279, 'colsample_bytree': 0.8396647361541528, 'learning_rate': 0.5929644513973245, 'max_depth': 3, 'min_child_weight': 6}. Best is trial 830 with value: 7.454100209461071.
[I 2026-03-16 11:59:39,159] Trial 956 finished with value: 7.280430607980186 and parameters: {'n_estimators': 338, 'lambda': 0.0022198656541989746, 'subsample': 0.9310358215683798, 'colsample_bytree': 0.8409376768400344, 'learning_rate': 0.5970930089151699, 'max_depth': 3, 'min_child_weight': 6}. Best is trial 830 with value: 7.454100209461071.
[I 2026-03-16 11:59:51,428] Trial 957 finished with value: 7.325584605702918 and parameters: {'n_estimators': 337, 'lambda': 0.002105868353382578, 'subsample': 0.9876053347822217, 'colsample_bytree': 0.9097294398775896, 'learning_rate': 0.5989075493674726, 'max_depth': 3, 'min_child_weight': 6}. Best is trial 830 with value: 7.454100209461071.
[I 2026-03-16 11:59:53,059] Trial 958 finished with value: 7.276436221161017 and parameters: {'n_estimators': 330, 'lambda': 0.0003416892437492772, 'subsample': 0.92355077928246, 'colsample_bytree': 0.9040985272832766, 'learning_rate': 0.5927485545085917, 'max_depth': 3, 'min_child_weight': 7}. Best is trial 830 with value: 7.454100209461071.
[I 2026-03-16 12:00:34,642] Trial 959 finished with value: 7.200271387562975 and parameters: {'n_estimators': 323, 'lambda': 0.0022598850865326835, 'subsample': 0.999663270459199, 'colsample_bytree': 0.8704936187063381, 'learning_rate': 0.598974401321049, 'max_depth': 3, 'min_child_weight': 7}. Best is trial 830 with value: 7.454100209461071.
[I 2026-03-16 12:00:44,547] Trial 960 finished with value: 7.1612509805243425 and parameters: {'n_estimators': 339, 'lambda': 0.0003563487188371808, 'subsample': 0.9856631191985348, 'colsample_bytree': 0.9094611452986008, 'learning_rate': 0.6164226554638016, 'max_depth': 3, 'min_child_weight': 7}. Best is trial 830 with value: 7.454100209461071.
[I 2026-03-16 12:00:54,445] Trial 964 finished with value: 7.163695056256477 and parameters: {'n_estimators': 210, 'lambda': 0.003218039189793179, 'subsample': 0.942951911260779, 'colsample_bytree': 0.8660592996272704, 'learning_rate': 0.6140183489229599, 'max_depth': 3, 'min_child_weight': 6}. Best is trial 830 with value: 7.454100209461071.
[I 2026-03-16 12:01:07,012] Trial 962 finished with value: 7.298826233413166 and parameters: {'n_estimators': 307, 'lambda': 0.0033387949849805016, 'subsample': 0.9441154883283284, 'colsample_bytree': 0.8146755933958724, 'learning_rate': 0.6158409413345036, 'max_depth': 3, 'min_child_weight': 7}. Best is trial 830 with value: 7.454100209461071.
[I 2026-03-16 12:01:10,841] Trial 963 finished with value: 7.265635809310133 and parameters: {'n_estimators': 277, 'lambda': 0.00032000586358481227, 'subsample': 0.9142028248193401, 'colsample_bytree': 0.8160335927616361, 'learning_rate': 0.6170697267126253, 'max_depth': 3, 'min_child_weight': 7}. Best is trial 830 with value: 7.454100209461071.
[I 2026-03-16 12:01:12,315] Trial 961 finished with value: 7.198204520792741 and parameters: {'n_estimators': 344, 'lambda': 0.00032361847810062145, 'subsample': 0.9323645999852548, 'colsample_bytree': 0.865756253576833, 'learning_rate': 0.6190978538056943, 'max_depth': 3, 'min_child_weight': 7}. Best is trial 830 with value: 7.454100209461071.
[I 2026-03-16 12:01:52,531] Trial 965 finished with value: 7.223082666559966 and parameters: {'n_estimators': 276, 'lambda': 0.0028834167637557854, 'subsample': 0.9426669346592303, 'colsample_bytree': 0.8107914665936318, 'learning_rate': 0.5739631455414843, 'max_depth': 3, 'min_child_weight': 6}. Best is trial 830 with value: 7.454100209461071.
[I 2026-03-16 12:02:09,521] Trial 966 finished with value: 7.35904829548811 and parameters: {'n_estimators': 304, 'lambda': 0.003199442044260487, 'subsample': 0.944627130972537, 'colsample_bytree': 0.8118833721738707, 'learning_rate': 0.5767226815062706, 'max_depth': 3, 'min_child_weight': 6}. Best is trial 830 with value: 7.454100209461071.
[I 2026-03-16 12:02:19,385] Trial 967 finished with value: 7.325268775451038 and parameters: {'n_estimators': 304, 'lambda': 0.010034214126621501, 'subsample': 0.946081482209533, 'colsample_bytree': 0.8165867583348768, 'learning_rate': 0.5785678659448642, 'max_depth': 3, 'min_child_weight': 6}. Best is trial 830 with value: 7.454100209461071.
[I 2026-03-16 12:02:26,443] Trial 968 finished with value: 7.194450994467525 and parameters: {'n_estimators': 274, 'lambda': 0.007888481475988328, 'subsample': 0.9536832634522601, 'colsample_bytree': 0.8129896518433408, 'learning_rate': 0.5779488219194422, 'max_depth': 3, 'min_child_weight': 6}. Best is trial 830 with value: 7.454100209461071.
[I 2026-03-16 12:02:32,929] Trial 969 finished with value: 7.264725246849501 and parameters: {'n_estimators': 277, 'lambda': 0.0076527613305898785, 'subsample': 0.9550461821505086, 'colsample_bytree': 0.8506788273436106, 'learning_rate': 0.557460099000567, 'max_depth': 3, 'min_child_weight': 6}. Best is trial 830 with value: 7.454100209461071.
[I 2026-03-16 12:02:39,161] Trial 970 finished with value: 7.2690608966146595 and parameters: {'n_estimators': 306, 'lambda': 0.0009627715147468564, 'subsample': 0.9546337008308129, 'colsample_bytree': 0.8473386169206302, 'learning_rate': 0.5766634499954931, 'max_depth': 3, 'min_child_weight': 6}. Best is trial 830 with value: 7.454100209461071.
[I 2026-03-16 12:03:16,807] Trial 971 finished with value: 7.2012536693131395 and parameters: {'n_estimators': 303, 'lambda': 0.000593359667750043, 'subsample': 0.9545383411456835, 'colsample_bytree': 0.8504130120346469, 'learning_rate': 0.5573577961646902, 'max_depth': 3, 'min_child_weight': 6}. Best is trial 830 with value: 7.454100209461071.
[I 2026-03-16 12:03:33,488] Trial 972 finished with value: 7.166830618218349 and parameters: {'n_estimators': 306, 'lambda': 0.010331227397565942, 'subsample': 0.9152351700339411, 'colsample_bytree': 0.8492564636732762, 'learning_rate': 0.577458190497706, 'max_depth': 3, 'min_child_weight': 6}. Best is trial 830 with value: 7.454100209461071.
[I 2026-03-16 12:03:46,599] Trial 973 finished with value: 7.268726318104072 and parameters: {'n_estimators': 311, 'lambda': 0.007358842233580157, 'subsample': 0.9183401620189106, 'colsample_bytree': 0.8520878790528233, 'learning_rate': 0.5545720145563725, 'max_depth': 3, 'min_child_weight': 6}. Best is trial 830 with value: 7.454100209461071.
[I 2026-03-16 12:03:54,009] Trial 974 finished with value: 7.38632333532541 and parameters: {'n_estimators': 306, 'lambda': 0.0034767863402895617, 'subsample': 0.9267243826918682, 'colsample_bytree': 0.8572985039365877, 'learning_rate': 0.5590001618593837, 'max_depth': 3, 'min_child_weight': 6}. Best is trial 830 with value: 7.454100209461071.
