[I 2026-03-18 12:48:06,770] Using an existing study with name 'qqH_hybrid' instead of creating a new one.
[I 2026-03-18 12:48:46,756] Trial 8 finished with value: 2.111279935324638 and parameters: {'n_estimators': 131, 'lambda': 0.004523606926162839, 'subsample': 0.6443700186064616, 'colsample_bytree': 0.5039228630904773, 'learning_rate': 0.12988065261990578, 'max_depth': 6, 'min_child_weight': 2}. Best is trial 8 with value: 2.111279935324638.
[I 2026-03-18 12:50:04,806] Trial 12 finished with value: 2.1298664516198533 and parameters: {'n_estimators': 429, 'lambda': 0.001389693187548053, 'subsample': 0.9770035323488069, 'colsample_bytree': 0.6187734017342486, 'learning_rate': 0.6576355766227312, 'max_depth': 4, 'min_child_weight': 10}. Best is trial 12 with value: 2.1298664516198533.
[I 2026-03-18 12:50:20,635] Trial 10 finished with value: 2.1086239727319747 and parameters: {'n_estimators': 823, 'lambda': 7.845361169431044e-05, 'subsample': 0.7739341550724417, 'colsample_bytree': 0.710279703379491, 'learning_rate': 0.6616992322718082, 'max_depth': 3, 'min_child_weight': 9}. Best is trial 12 with value: 2.1298664516198533.
[I 2026-03-18 12:50:57,815] Trial 14 finished with value: 2.107104037178513 and parameters: {'n_estimators': 145, 'lambda': 1.760775975451975e-05, 'subsample': 0.8187530956867295, 'colsample_bytree': 0.8971866350968885, 'learning_rate': 0.6220823224054245, 'max_depth': 4, 'min_child_weight': 4}. Best is trial 12 with value: 2.1298664516198533.
[I 2026-03-18 12:51:46,936] Trial 6 finished with value: 1.8205214503413454 and parameters: {'n_estimators': 874, 'lambda': 8.993004114678847e-05, 'subsample': 0.3314704469403361, 'colsample_bytree': 0.954374104110711, 'learning_rate': 0.31156443299624925, 'max_depth': 6, 'min_child_weight': 7}. Best is trial 12 with value: 2.1298664516198533.
[I 2026-03-18 12:52:46,940] Trial 9 finished with value: 0.0 and parameters: {'n_estimators': 743, 'lambda': 0.13448126962821683, 'subsample': 0.702440328137711, 'colsample_bytree': 0.3080901830776882, 'learning_rate': 0.13626734121564382, 'max_depth': 8, 'min_child_weight': 7}. Best is trial 12 with value: 2.1298664516198533.
[I 2026-03-18 12:53:02,117] Trial 17 finished with value: 2.076011636218877 and parameters: {'n_estimators': 57, 'lambda': 0.020699024295176272, 'subsample': 0.5048734483670295, 'colsample_bytree': 0.46446619730168637, 'learning_rate': 0.4989323565837557, 'max_depth': 5, 'min_child_weight': 10}. Best is trial 12 with value: 2.1298664516198533.
[I 2026-03-18 12:54:09,988] Trial 13 finished with value: 1.910537266312092 and parameters: {'n_estimators': 964, 'lambda': 0.8019837795992691, 'subsample': 0.7163249686871063, 'colsample_bytree': 0.23206941070073298, 'learning_rate': 0.40518927282145656, 'max_depth': 6, 'min_child_weight': 3}. Best is trial 12 with value: 2.1298664516198533.
[I 2026-03-18 12:54:49,796] Trial 15 finished with value: 1.6578246802673853 and parameters: {'n_estimators': 761, 'lambda': 4.747896493747211e-08, 'subsample': 0.26939434832884745, 'colsample_bytree': 0.4900689472896571, 'learning_rate': 0.5329147403436282, 'max_depth': 7, 'min_child_weight': 10}. Best is trial 12 with value: 2.1298664516198533.
[I 2026-03-18 12:55:14,179] Trial 18 finished with value: 2.1983531133957435 and parameters: {'n_estimators': 230, 'lambda': 0.004966246922383909, 'subsample': 0.5921177171343321, 'colsample_bytree': 0.4719631070048682, 'learning_rate': 0.07736329831341862, 'max_depth': 9, 'min_child_weight': 2}. Best is trial 18 with value: 2.1983531133957435.
[I 2026-03-18 12:55:19,098] Trial 11 finished with value: 1.7571162298340162 and parameters: {'n_estimators': 929, 'lambda': 0.1495149545764659, 'subsample': 0.8896614188211267, 'colsample_bytree': 0.5744868522384552, 'learning_rate': 0.3649990904105129, 'max_depth': 9, 'min_child_weight': 8}. Best is trial 18 with value: 2.1983531133957435.
[I 2026-03-18 12:55:32,727] Trial 7 finished with value: 2.2247167789829803 and parameters: {'n_estimators': 815, 'lambda': 0.00655774974148274, 'subsample': 0.5934984113148025, 'colsample_bytree': 0.2731222612213145, 'learning_rate': 0.03871047008905379, 'max_depth': 9, 'min_child_weight': 3}. Best is trial 7 with value: 2.2247167789829803.
[I 2026-03-18 12:56:22,673] Trial 19 finished with value: 2.1781352907428992 and parameters: {'n_estimators': 226, 'lambda': 0.004070006310991485, 'subsample': 0.5810885366733062, 'colsample_bytree': 0.49502557870367914, 'learning_rate': 0.05623306228508751, 'max_depth': 9, 'min_child_weight': 9}. Best is trial 7 with value: 2.2247167789829803.
[I 2026-03-18 12:57:20,517] Trial 16 finished with value: 1.6754809214077322 and parameters: {'n_estimators': 682, 'lambda': 0.15246511920886271, 'subsample': 0.5366250993770418, 'colsample_bytree': 0.4189350123713321, 'learning_rate': 0.49381054617468767, 'max_depth': 9, 'min_child_weight': 10}. Best is trial 7 with value: 2.2247167789829803.
[I 2026-03-18 13:00:40,127] Trial 20 finished with value: 2.2391395321443444 and parameters: {'n_estimators': 599, 'lambda': 0.0037988403073322603, 'subsample': 0.600148988382007, 'colsample_bytree': 0.46889282562388435, 'learning_rate': 0.06500862423247439, 'max_depth': 9, 'min_child_weight': 2}. Best is trial 20 with value: 2.2391395321443444.
[I 2026-03-18 13:00:40,136] Trial 21 finished with value: 2.2253738934218306 and parameters: {'n_estimators': 582, 'lambda': 0.0022508322679253077, 'subsample': 0.5307129527811778, 'colsample_bytree': 0.3826121143125065, 'learning_rate': 0.044635619044573416, 'max_depth': 9, 'min_child_weight': 9}. Best is trial 20 with value: 2.2391395321443444.
[I 2026-03-18 13:00:50,359] Trial 24 finished with value: 2.184825402501441 and parameters: {'n_estimators': 632, 'lambda': 9.264245717370913e-07, 'subsample': 0.46584819767916685, 'colsample_bytree': 0.342277822231343, 'learning_rate': 0.03803966520482898, 'max_depth': 8, 'min_child_weight': 4}. Best is trial 20 with value: 2.2391395321443444.
[I 2026-03-18 13:00:50,391] Trial 22 finished with value: 2.207804226947527 and parameters: {'n_estimators': 584, 'lambda': 0.0026187612335012295, 'subsample': 0.5045591051378067, 'colsample_bytree': 0.32552609094245155, 'learning_rate': 0.037996939445779754, 'max_depth': 9, 'min_child_weight': 4}. Best is trial 20 with value: 2.2391395321443444.
[I 2026-03-18 13:01:12,468] Trial 23 finished with value: 2.224968443329317 and parameters: {'n_estimators': 611, 'lambda': 0.004075044031616103, 'subsample': 0.5499314602672951, 'colsample_bytree': 0.35125552908728924, 'learning_rate': 0.04511729082407362, 'max_depth': 9, 'min_child_weight': 4}. Best is trial 20 with value: 2.2391395321443444.
[I 2026-03-18 13:01:27,731] Trial 25 finished with value: 2.1693260059260044 and parameters: {'n_estimators': 593, 'lambda': 8.149611605845428e-07, 'subsample': 0.4471542094040825, 'colsample_bytree': 0.3457146905571719, 'learning_rate': 0.033065099746800164, 'max_depth': 8, 'min_child_weight': 4}. Best is trial 20 with value: 2.2391395321443444.
[I 2026-03-18 13:04:15,059] Trial 28 finished with value: 2.065571072874376 and parameters: {'n_estimators': 478, 'lambda': 0.0007871286251286908, 'subsample': 0.415987569157368, 'colsample_bytree': 0.38453710232675464, 'learning_rate': 0.15699320736678812, 'max_depth': 8, 'min_child_weight': 3}. Best is trial 20 with value: 2.2391395321443444.
[I 2026-03-18 13:04:18,448] Trial 29 finished with value: 2.1295893260103878 and parameters: {'n_estimators': 489, 'lambda': 0.023039303674569484, 'subsample': 0.4243522176916039, 'colsample_bytree': 0.36259649619395096, 'learning_rate': 0.1427263766537101, 'max_depth': 8, 'min_child_weight': 3}. Best is trial 20 with value: 2.2391395321443444.
[I 2026-03-18 13:04:27,853] Trial 30 finished with value: 2.147749820714867 and parameters: {'n_estimators': 482, 'lambda': 0.0006071705187305103, 'subsample': 0.43578280112862533, 'colsample_bytree': 0.3907449287743646, 'learning_rate': 0.14148910089499175, 'max_depth': 8, 'min_child_weight': 5}. Best is trial 20 with value: 2.2391395321443444.
[I 2026-03-18 13:04:41,322] Trial 27 finished with value: 2.1664011560208385 and parameters: {'n_estimators': 583, 'lambda': 0.0007089511002080451, 'subsample': 0.48823140118066277, 'colsample_bytree': 0.3362407267705986, 'learning_rate': 0.03037717591704195, 'max_depth': 8, 'min_child_weight': 4}. Best is trial 20 with value: 2.2391395321443444.
[I 2026-03-18 13:04:46,035] Trial 26 finished with value: 2.173029333019924 and parameters: {'n_estimators': 585, 'lambda': 0.0008504835385250681, 'subsample': 0.49511064563997903, 'colsample_bytree': 0.3480258370583271, 'learning_rate': 0.032067581033636584, 'max_depth': 8, 'min_child_weight': 4}. Best is trial 20 with value: 2.2391395321443444.
[I 2026-03-18 13:04:56,821] Trial 31 finished with value: 2.0987844897125423 and parameters: {'n_estimators': 503, 'lambda': 0.0005342095190599108, 'subsample': 0.3997648968949401, 'colsample_bytree': 0.3969100588321802, 'learning_rate': 0.13608245353811596, 'max_depth': 8, 'min_child_weight': 5}. Best is trial 20 with value: 2.2391395321443444.
[I 2026-03-18 13:06:46,301] Trial 35 finished with value: 2.1688453954882205 and parameters: {'n_estimators': 367, 'lambda': 0.026975010129712006, 'subsample': 0.6561214154869826, 'colsample_bytree': 0.20411948283615738, 'learning_rate': 0.20399623174046974, 'max_depth': 7, 'min_child_weight': 6}. Best is trial 20 with value: 2.2391395321443444.
[I 2026-03-18 13:07:28,249] Trial 32 finished with value: 2.0082046224811547 and parameters: {'n_estimators': 517, 'lambda': 0.021621334164640866, 'subsample': 0.6642082601048835, 'colsample_bytree': 0.5606270085981715, 'learning_rate': 0.19056955776452777, 'max_depth': 8, 'min_child_weight': 5}. Best is trial 20 with value: 2.2391395321443444.
[I 2026-03-18 13:07:32,189] Trial 33 finished with value: 2.02252405403951 and parameters: {'n_estimators': 678, 'lambda': 0.0005770150375276205, 'subsample': 0.6492536399220037, 'colsample_bytree': 0.5664081341273269, 'learning_rate': 0.1920026635439946, 'max_depth': 7, 'min_child_weight': 5}. Best is trial 20 with value: 2.2391395321443444.
[I 2026-03-18 13:07:39,087] Trial 34 finished with value: 2.005402167197131 and parameters: {'n_estimators': 667, 'lambda': 0.026606671186234644, 'subsample': 0.6685191344748751, 'colsample_bytree': 0.5667941645938288, 'learning_rate': 0.20746002035142314, 'max_depth': 7, 'min_child_weight': 5}. Best is trial 20 with value: 2.2391395321443444.
[I 2026-03-18 13:11:14,823] Trial 36 finished with value: 1.8852030508032147 and parameters: {'n_estimators': 683, 'lambda': 0.017414307182170886, 'subsample': 0.6469227660786221, 'colsample_bytree': 0.21757963439800249, 'learning_rate': 0.19950128523577484, 'max_depth': 9, 'min_child_weight': 3}. Best is trial 20 with value: 2.2391395321443444.
[I 2026-03-18 13:11:20,526] Trial 37 finished with value: 1.903332009955521 and parameters: {'n_estimators': 683, 'lambda': 0.011603860094339407, 'subsample': 0.6631650320213373, 'colsample_bytree': 0.23262512080625014, 'learning_rate': 0.19244383087581302, 'max_depth': 9, 'min_child_weight': 3}. Best is trial 20 with value: 2.2391395321443444.
[I 2026-03-18 13:13:31,487] Trial 38 finished with value: 2.1038989730258004 and parameters: {'n_estimators': 704, 'lambda': 0.012628592112622053, 'subsample': 0.5554496608793973, 'colsample_bytree': 0.2721054310311717, 'learning_rate': 0.09050817655442825, 'max_depth': 9, 'min_child_weight': 2}. Best is trial 20 with value: 2.2391395321443444.
[I 2026-03-18 13:14:05,851] Trial 39 finished with value: 2.146681486568049 and parameters: {'n_estimators': 688, 'lambda': 0.010380560349320238, 'subsample': 0.560700486483292, 'colsample_bytree': 0.26875488636866, 'learning_rate': 0.08875118217687847, 'max_depth': 9, 'min_child_weight': 2}. Best is trial 20 with value: 2.2391395321443444.
[I 2026-03-18 13:14:50,495] Trial 41 finished with value: 2.0707478323019286 and parameters: {'n_estimators': 753, 'lambda': 0.009859165234249578, 'subsample': 0.5452295301166861, 'colsample_bytree': 0.27662139750200276, 'learning_rate': 0.09656535824197568, 'max_depth': 9, 'min_child_weight': 2}. Best is trial 20 with value: 2.2391395321443444.
[I 2026-03-18 13:14:53,054] Trial 40 finished with value: 2.0890109810305133 and parameters: {'n_estimators': 765, 'lambda': 0.009537913407143985, 'subsample': 0.5663607142521091, 'colsample_bytree': 0.26221097139363986, 'learning_rate': 0.09314066249619733, 'max_depth': 9, 'min_child_weight': 2}. Best is trial 20 with value: 2.2391395321443444.
[I 2026-03-18 13:17:08,705] Trial 45 finished with value: 2.152491886334423 and parameters: {'n_estimators': 808, 'lambda': 0.00020774664510286105, 'subsample': 0.61025274727713, 'colsample_bytree': 0.43163539279137214, 'learning_rate': 0.25289472344522973, 'max_depth': 5, 'min_child_weight': 6}. Best is trial 20 with value: 2.2391395321443444.
[I 2026-03-18 13:17:55,868] Trial 46 finished with value: 2.169900028519116 and parameters: {'n_estimators': 819, 'lambda': 0.00018065841737940916, 'subsample': 0.7566957431128687, 'colsample_bytree': 0.43479458908236424, 'learning_rate': 0.10637487985908166, 'max_depth': 5, 'min_child_weight': 8}. Best is trial 20 with value: 2.2391395321443444.
[I 2026-03-18 13:18:17,149] Trial 43 finished with value: 2.105049444612551 and parameters: {'n_estimators': 756, 'lambda': 0.07780102438049893, 'subsample': 0.5565699168180164, 'colsample_bytree': 0.28121474339388347, 'learning_rate': 0.09240425546738254, 'max_depth': 9, 'min_child_weight': 2}. Best is trial 20 with value: 2.2391395321443444.
[I 2026-03-18 13:18:31,957] Trial 42 finished with value: 2.086701129904097 and parameters: {'n_estimators': 774, 'lambda': 0.0001837732610850927, 'subsample': 0.5562078332956513, 'colsample_bytree': 0.27926117379252324, 'learning_rate': 0.09702469833339879, 'max_depth': 9, 'min_child_weight': 2}. Best is trial 20 with value: 2.2391395321443444.
[I 2026-03-18 13:21:11,793] Trial 44 finished with value: 2.071434824203206 and parameters: {'n_estimators': 819, 'lambda': 0.0002013820294090109, 'subsample': 0.6001205008319531, 'colsample_bytree': 0.28947652227429255, 'learning_rate': 0.0962869835115141, 'max_depth': 9, 'min_child_weight': 2}. Best is trial 20 with value: 2.2391395321443444.
[I 2026-03-18 13:22:07,184] Trial 47 finished with value: 2.099198136179962 and parameters: {'n_estimators': 841, 'lambda': 0.00019453874596674393, 'subsample': 0.37173697898485314, 'colsample_bytree': 0.4354071101507191, 'learning_rate': 0.07236607878853579, 'max_depth': 9, 'min_child_weight': 8}. Best is trial 20 with value: 2.2391395321443444.
[I 2026-03-18 13:22:08,919] Trial 48 finished with value: 2.2406709683737405 and parameters: {'n_estimators': 549, 'lambda': 0.0024945997199858124, 'subsample': 0.739263843683384, 'colsample_bytree': 0.4381889833318978, 'learning_rate': 0.06716104933223283, 'max_depth': 9, 'min_child_weight': 8}. Best is trial 48 with value: 2.2406709683737405.
[I 2026-03-18 13:23:54,631] Trial 49 finished with value: 2.2259641483876864 and parameters: {'n_estimators': 624, 'lambda': 0.002691773123662555, 'subsample': 0.6049635310182715, 'colsample_bytree': 0.30374574922729247, 'learning_rate': 0.0624291656166141, 'max_depth': 9, 'min_child_weight': 3}. Best is trial 48 with value: 2.2406709683737405.
[I 2026-03-18 13:24:49,140] Trial 54 finished with value: 1.957034159321362 and parameters: {'n_estimators': 395, 'lambda': 0.002040462868276372, 'subsample': 0.8341767864266538, 'colsample_bytree': 0.533390909364865, 'learning_rate': 0.29966653196217025, 'max_depth': 8, 'min_child_weight': 9}. Best is trial 48 with value: 2.2406709683737405.
[I 2026-03-18 13:24:54,739] Trial 53 finished with value: 2.18447263248959 and parameters: {'n_estimators': 404, 'lambda': 0.001867771039953273, 'subsample': 0.3013506664638111, 'colsample_bytree': 0.5262884203342066, 'learning_rate': 0.06111297373378059, 'max_depth': 8, 'min_child_weight': 3}. Best is trial 48 with value: 2.2406709683737405.
[I 2026-03-18 13:24:55,253] Trial 52 finished with value: 2.2124582519208262 and parameters: {'n_estimators': 394, 'lambda': 0.0022695905032338905, 'subsample': 0.34712148557104633, 'colsample_bytree': 0.7903383649753765, 'learning_rate': 0.06462643410003123, 'max_depth': 9, 'min_child_weight': 3}. Best is trial 48 with value: 2.2406709683737405.
[I 2026-03-18 13:26:29,135] Trial 56 finished with value: 2.102960801388197 and parameters: {'n_estimators': 549, 'lambda': 0.05972983130053026, 'subsample': 0.7112800185645588, 'colsample_bytree': 0.4602245474933183, 'learning_rate': 0.23396326987954222, 'max_depth': 3, 'min_child_weight': 7}. Best is trial 48 with value: 2.2406709683737405.
[I 2026-03-18 13:26:34,823] Trial 51 finished with value: 2.1397857358015973 and parameters: {'n_estimators': 870, 'lambda': 0.0027614900505318583, 'subsample': 0.3672876152476101, 'colsample_bytree': 0.30917853914893934, 'learning_rate': 0.06080084489152675, 'max_depth': 9, 'min_child_weight': 3}. Best is trial 48 with value: 2.2406709683737405.
[I 2026-03-18 13:26:35,899] Trial 50 finished with value: 2.1838382165138626 and parameters: {'n_estimators': 896, 'lambda': 0.0021207261259466675, 'subsample': 0.3590345763533369, 'colsample_bytree': 0.32167613637057346, 'learning_rate': 0.05851846011308125, 'max_depth': 9, 'min_child_weight': 3}. Best is trial 48 with value: 2.2406709683737405.
[I 2026-03-18 13:26:38,255] Trial 55 finished with value: 2.0011781483530235 and parameters: {'n_estimators': 434, 'lambda': 0.00209032277812957, 'subsample': 0.8453941711916907, 'colsample_bytree': 0.5290513912968411, 'learning_rate': 0.24947264391923865, 'max_depth': 8, 'min_child_weight': 9}. Best is trial 48 with value: 2.2406709683737405.
[I 2026-03-18 13:29:09,655] Trial 58 finished with value: 2.157012991291408 and parameters: {'n_estimators': 541, 'lambda': 4.24902247384264e-05, 'subsample': 0.7045572945671635, 'colsample_bytree': 0.31054515577601083, 'learning_rate': 0.12026627540412765, 'max_depth': 9, 'min_child_weight': 9}. Best is trial 48 with value: 2.2406709683737405.
[I 2026-03-18 13:29:09,666] Trial 57 finished with value: 2.006516490453264 and parameters: {'n_estimators': 545, 'lambda': 3.462249307867771e-05, 'subsample': 0.7113846728661359, 'colsample_bytree': 0.312522431297536, 'learning_rate': 0.16286144385552662, 'max_depth': 9, 'min_child_weight': 9}. Best is trial 48 with value: 2.2406709683737405.
[I 2026-03-18 13:29:28,874] Trial 61 finished with value: 2.195700856280189 and parameters: {'n_estimators': 624, 'lambda': 3.85518442453449e-05, 'subsample': 0.7610959534840541, 'colsample_bytree': 0.372405759054629, 'learning_rate': 0.16490866884706434, 'max_depth': 6, 'min_child_weight': 9}. Best is trial 48 with value: 2.2406709683737405.
[I 2026-03-18 13:31:49,756] Trial 59 finished with value: 1.9698002721772165 and parameters: {'n_estimators': 623, 'lambda': 1.9881760356648007e-05, 'subsample': 0.6149449304225014, 'colsample_bytree': 0.31394082811162344, 'learning_rate': 0.16109047313092467, 'max_depth': 9, 'min_child_weight': 9}. Best is trial 48 with value: 2.2406709683737405.
[I 2026-03-18 13:31:52,686] Trial 63 finished with value: 2.1834410664330424 and parameters: {'n_estimators': 621, 'lambda': 0.4358273370982341, 'subsample': 0.6213139905403549, 'colsample_bytree': 0.38028523677482334, 'learning_rate': 0.1120320942741003, 'max_depth': 6, 'min_child_weight': 8}. Best is trial 48 with value: 2.2406709683737405.
[I 2026-03-18 13:31:55,706] Trial 60 finished with value: 2.0437357500138322 and parameters: {'n_estimators': 632, 'lambda': 2.3932531510700006e-05, 'subsample': 0.7716696794197397, 'colsample_bytree': 0.6372939780170066, 'learning_rate': 0.11748002337461454, 'max_depth': 9, 'min_child_weight': 9}. Best is trial 48 with value: 2.2406709683737405.
[I 2026-03-18 13:32:02,148] Trial 62 finished with value: 2.057716028422522 and parameters: {'n_estimators': 629, 'lambda': 6.425755350775718e-05, 'subsample': 0.6178289563750471, 'colsample_bytree': 0.37894607411436115, 'learning_rate': 0.11844864973029916, 'max_depth': 9, 'min_child_weight': 9}. Best is trial 48 with value: 2.2406709683737405.
[I 2026-03-18 13:33:18,309] Trial 64 finished with value: 1.7630347422143693 and parameters: {'n_estimators': 639, 'lambda': 0.5026727497951898, 'subsample': 0.5233947799379776, 'colsample_bytree': 0.6101296943238251, 'learning_rate': 0.3578426112325924, 'max_depth': 8, 'min_child_weight': 8}. Best is trial 48 with value: 2.2406709683737405.
[I 2026-03-18 13:33:31,981] Trial 65 finished with value: 2.1687277686621327 and parameters: {'n_estimators': 622, 'lambda': 0.004834314386845706, 'subsample': 0.6145977745850456, 'colsample_bytree': 0.4161639831368981, 'learning_rate': 0.12156884389901032, 'max_depth': 8, 'min_child_weight': 8}. Best is trial 48 with value: 2.2406709683737405.
[I 2026-03-18 13:33:59,138] Trial 68 finished with value: 2.1768462067314163 and parameters: {'n_estimators': 293, 'lambda': 0.004917085805869276, 'subsample': 0.5284923838002231, 'colsample_bytree': 0.8480000518856399, 'learning_rate': 0.05245966451458017, 'max_depth': 8, 'min_child_weight': 3}. Best is trial 48 with value: 2.2406709683737405.
[I 2026-03-18 13:34:07,737] Trial 69 finished with value: 1.7273563153864235 and parameters: {'n_estimators': 313, 'lambda': 0.005481090362026127, 'subsample': 0.24110320411145347, 'colsample_bytree': 0.831667713749047, 'learning_rate': 0.368233737045197, 'max_depth': 8, 'min_child_weight': 3}. Best is trial 48 with value: 2.2406709683737405.
[I 2026-03-18 13:34:38,812] Trial 67 finished with value: 2.204900365999187 and parameters: {'n_estimators': 291, 'lambda': 0.005894436075499922, 'subsample': 0.5185851637145319, 'colsample_bytree': 0.825040597717903, 'learning_rate': 0.053794972719484614, 'max_depth': 9, 'min_child_weight': 3}. Best is trial 48 with value: 2.2406709683737405.
