[I 2026-03-19 01:02:49,528] Trial 695 finished with value: 2.2477422173139674 and parameters: {'n_estimators': 845, 'lambda': 2.579377654574811e-08, 'subsample': 0.779300130343295, 'colsample_bytree': 0.9476633050299155, 'learning_rate': 0.0403017266221065, 'max_depth': 9, 'min_child_weight': 5}. Best is trial 557 with value: 2.2610117988072185.
[I 2026-03-19 01:03:07,304] Trial 697 finished with value: 2.232772463865034 and parameters: {'n_estimators': 840, 'lambda': 3.037603218136149e-08, 'subsample': 0.8436373841593092, 'colsample_bytree': 0.9486610194041006, 'learning_rate': 0.05315276814775318, 'max_depth': 9, 'min_child_weight': 5}. Best is trial 557 with value: 2.2610117988072185.
[I 2026-03-19 01:03:08,233] Trial 696 finished with value: 2.253001332259386 and parameters: {'n_estimators': 843, 'lambda': 2.8484036413831602e-08, 'subsample': 0.861882647172389, 'colsample_bytree': 0.9477444596631751, 'learning_rate': 0.04195123344733928, 'max_depth': 9, 'min_child_weight': 5}. Best is trial 557 with value: 2.2610117988072185.
[I 2026-03-19 01:03:13,762] Trial 698 finished with value: 1.8882271227647958 and parameters: {'n_estimators': 846, 'lambda': 3.095346732199081e-08, 'subsample': 0.8407714029548128, 'colsample_bytree': 0.9452221480156477, 'learning_rate': 0.13904971737783256, 'max_depth': 9, 'min_child_weight': 5}. Best is trial 557 with value: 2.2610117988072185.
[I 2026-03-19 01:05:55,189] Trial 699 finished with value: 2.1984283527399935 and parameters: {'n_estimators': 909, 'lambda': 4.2232639384995e-08, 'subsample': 0.8448051593611152, 'colsample_bytree': 0.9477735612971614, 'learning_rate': 0.05329222682460702, 'max_depth': 9, 'min_child_weight': 5}. Best is trial 557 with value: 2.2610117988072185.
[I 2026-03-19 01:07:22,694] Trial 704 finished with value: 2.188826583523028 and parameters: {'n_estimators': 923, 'lambda': 1.0115457755039359e-08, 'subsample': 0.866257255378807, 'colsample_bytree': 0.9719670086619425, 'learning_rate': 0.05439363004794617, 'max_depth': 6, 'min_child_weight': 5}. Best is trial 557 with value: 2.2610117988072185.
[I 2026-03-19 01:10:43,357] Trial 703 finished with value: 1.733534427217526 and parameters: {'n_estimators': 918, 'lambda': 2.0894794984441723e-07, 'subsample': 0.8670135690450769, 'colsample_bytree': 0.9719778996659924, 'learning_rate': 0.3833946590518028, 'max_depth': 9, 'min_child_weight': 5}. Best is trial 557 with value: 2.2610117988072185.
[I 2026-03-19 01:10:45,547] Trial 700 finished with value: 2.2254181153700525 and parameters: {'n_estimators': 967, 'lambda': 4.415652493716859e-08, 'subsample': 0.8678077702904062, 'colsample_bytree': 0.9471291605477903, 'learning_rate': 0.05284175829112325, 'max_depth': 9, 'min_child_weight': 6}. Best is trial 557 with value: 2.2610117988072185.
[I 2026-03-19 01:11:18,162] Trial 701 finished with value: 2.182158677426308 and parameters: {'n_estimators': 967, 'lambda': 2.1344439163871068e-07, 'subsample': 0.8586685441859794, 'colsample_bytree': 0.9480582136935306, 'learning_rate': 0.054020552674406884, 'max_depth': 9, 'min_child_weight': 5}. Best is trial 557 with value: 2.2610117988072185.
[I 2026-03-19 01:11:33,027] Trial 702 finished with value: 2.077785023250443 and parameters: {'n_estimators': 970, 'lambda': 1.023069943976329e-08, 'subsample': 0.8612961968392709, 'colsample_bytree': 0.9737130130631743, 'learning_rate': 0.0719108353707047, 'max_depth': 9, 'min_child_weight': 5}. Best is trial 557 with value: 2.2610117988072185.
[I 2026-03-19 01:14:00,541] Trial 705 finished with value: 2.0861474899663563 and parameters: {'n_estimators': 917, 'lambda': 1.0029637985825373e-08, 'subsample': 0.8656825324413556, 'colsample_bytree': 0.9769621775888453, 'learning_rate': 0.07071905393217195, 'max_depth': 9, 'min_child_weight': 5}. Best is trial 557 with value: 2.2610117988072185.
[I 2026-03-19 01:15:18,522] Trial 706 finished with value: 2.095326416655055 and parameters: {'n_estimators': 902, 'lambda': 1.8463605688653717e-08, 'subsample': 0.8663360721564172, 'colsample_bytree': 0.9758138958948993, 'learning_rate': 0.07174543759676956, 'max_depth': 9, 'min_child_weight': 6}. Best is trial 557 with value: 2.2610117988072185.
[I 2026-03-19 01:18:37,534] Trial 707 finished with value: 2.1139595762201617 and parameters: {'n_estimators': 896, 'lambda': 1.9091059101045377e-08, 'subsample': 0.8621800283808974, 'colsample_bytree': 0.8332126782522639, 'learning_rate': 0.0746402355160957, 'max_depth': 9, 'min_child_weight': 6}. Best is trial 557 with value: 2.2610117988072185.
[I 2026-03-19 01:18:58,408] Trial 708 finished with value: 2.2383099505473707 and parameters: {'n_estimators': 894, 'lambda': 1.9486959639495665e-08, 'subsample': 0.8271365701288483, 'colsample_bytree': 0.2550374280836173, 'learning_rate': 0.07489060735579164, 'max_depth': 9, 'min_child_weight': 5}. Best is trial 557 with value: 2.2610117988072185.
[I 2026-03-19 01:19:19,524] Trial 709 finished with value: 2.057049385317292 and parameters: {'n_estimators': 899, 'lambda': 1.958516857681153e-08, 'subsample': 0.8278902021030559, 'colsample_bytree': 0.9767739846710505, 'learning_rate': 0.07674410060494943, 'max_depth': 9, 'min_child_weight': 5}. Best is trial 557 with value: 2.2610117988072185.
[I 2026-03-19 01:19:38,843] Trial 710 finished with value: 2.0456052583673268 and parameters: {'n_estimators': 903, 'lambda': 1.6633733162292647e-08, 'subsample': 0.8278660681157237, 'colsample_bytree': 0.9620969944798606, 'learning_rate': 0.07467094694427694, 'max_depth': 9, 'min_child_weight': 5}. Best is trial 557 with value: 2.2610117988072185.
[I 2026-03-19 01:21:58,136] Trial 711 finished with value: 2.035715597995578 and parameters: {'n_estimators': 892, 'lambda': 1.9050887850280462e-08, 'subsample': 0.8298836510456509, 'colsample_bytree': 0.9605328195433583, 'learning_rate': 0.0785520839072755, 'max_depth': 9, 'min_child_weight': 5}. Best is trial 557 with value: 2.2610117988072185.
[I 2026-03-19 01:23:16,111] Trial 712 finished with value: 2.2550664352277656 and parameters: {'n_estimators': 869, 'lambda': 1.4887106567494411e-08, 'subsample': 0.8350421253400181, 'colsample_bytree': 0.8341078483440079, 'learning_rate': 0.04264637809091949, 'max_depth': 9, 'min_child_weight': 5}. Best is trial 557 with value: 2.2610117988072185.
[I 2026-03-19 01:26:29,857] Trial 713 finished with value: 2.2537930138677638 and parameters: {'n_estimators': 866, 'lambda': 1.0140836343273542e-07, 'subsample': 0.8297944850481126, 'colsample_bytree': 0.9223289200691926, 'learning_rate': 0.043426950681530775, 'max_depth': 9, 'min_child_weight': 5}. Best is trial 557 with value: 2.2610117988072185.
[I 2026-03-19 01:26:55,704] Trial 714 finished with value: 2.2532062015012837 and parameters: {'n_estimators': 870, 'lambda': 1.1726081334250045e-07, 'subsample': 0.8093246789937016, 'colsample_bytree': 0.9999785525843728, 'learning_rate': 0.04211463095888677, 'max_depth': 9, 'min_child_weight': 5}. Best is trial 557 with value: 2.2610117988072185.
[I 2026-03-19 01:27:11,931] Trial 715 finished with value: 2.25173466828979 and parameters: {'n_estimators': 863, 'lambda': 1.1412751621466018e-07, 'subsample': 0.8049685269415441, 'colsample_bytree': 0.921679673003645, 'learning_rate': 0.04217845289239234, 'max_depth': 9, 'min_child_weight': 5}. Best is trial 557 with value: 2.2610117988072185.
[I 2026-03-19 01:27:33,751] Trial 716 finished with value: 2.243782966223078 and parameters: {'n_estimators': 864, 'lambda': 1.263284384667553e-07, 'subsample': 0.8030859232545372, 'colsample_bytree': 0.92135987563108, 'learning_rate': 0.04201189803033493, 'max_depth': 9, 'min_child_weight': 5}. Best is trial 557 with value: 2.2610117988072185.
[I 2026-03-19 01:29:49,407] Trial 717 finished with value: 0.0 and parameters: {'n_estimators': 863, 'lambda': 1.2283533194880375e-07, 'subsample': 0.8062899677094415, 'colsample_bytree': 0.9268647455043619, 'learning_rate': 0.041080369098388164, 'max_depth': 9, 'min_child_weight': 5}. Best is trial 557 with value: 2.2610117988072185.
[I 2026-03-19 01:30:50,820] Trial 718 finished with value: 2.1478572932596296 and parameters: {'n_estimators': 868, 'lambda': 1.4204805609653752e-08, 'subsample': 0.24145210412503693, 'colsample_bytree': 0.9226138183356761, 'learning_rate': 0.04062714718915751, 'max_depth': 9, 'min_child_weight': 5}. Best is trial 557 with value: 2.2610117988072185.
[I 2026-03-19 01:31:42,044] Trial 721 finished with value: 2.203769060739365 and parameters: {'n_estimators': 856, 'lambda': 1.2461999956185847e-08, 'subsample': 0.8455441629495379, 'colsample_bytree': 0.8866374031804846, 'learning_rate': 0.041901654471687276, 'max_depth': 7, 'min_child_weight': 5}. Best is trial 557 with value: 2.2610117988072185.
[I 2026-03-19 01:31:55,456] Trial 722 finished with value: 2.2186038930388943 and parameters: {'n_estimators': 824, 'lambda': 4.390078406299005e-08, 'subsample': 0.8438413461916183, 'colsample_bytree': 0.8574627069084092, 'learning_rate': 0.05716104612809341, 'max_depth': 7, 'min_child_weight': 5}. Best is trial 557 with value: 2.2610117988072185.
[I 2026-03-19 01:34:08,611] Trial 719 finished with value: 2.2593539485169463 and parameters: {'n_estimators': 863, 'lambda': 1.418366964151294e-08, 'subsample': 0.8049434877812459, 'colsample_bytree': 0.9336942980256657, 'learning_rate': 0.04119525485390863, 'max_depth': 9, 'min_child_weight': 5}. Best is trial 557 with value: 2.2610117988072185.
[I 2026-03-19 01:34:47,476] Trial 720 finished with value: 2.218975095299431 and parameters: {'n_estimators': 859, 'lambda': 1.435043103175199e-08, 'subsample': 0.8054307435444101, 'colsample_bytree': 0.23136272940511715, 'learning_rate': 0.04190334821180519, 'max_depth': 9, 'min_child_weight': 5}. Best is trial 557 with value: 2.2610117988072185.
[I 2026-03-19 01:34:53,773] Trial 726 finished with value: 2.114299399904573 and parameters: {'n_estimators': 926, 'lambda': 1.3491707336692449e-08, 'subsample': 0.8843294075640117, 'colsample_bytree': 0.9389651250980025, 'learning_rate': 0.057393283795508045, 'max_depth': 4, 'min_child_weight': 5}. Best is trial 557 with value: 2.2610117988072185.
[I 2026-03-19 01:35:07,437] Trial 724 finished with value: 2.2196965004362896 and parameters: {'n_estimators': 832, 'lambda': 1.3706830485258772e-08, 'subsample': 0.8472670922567581, 'colsample_bytree': 0.9394795478536965, 'learning_rate': 0.05867263347687021, 'max_depth': 7, 'min_child_weight': 5}. Best is trial 557 with value: 2.2610117988072185.
[I 2026-03-19 01:36:01,274] Trial 729 finished with value: 2.111328694315305 and parameters: {'n_estimators': 113, 'lambda': 3.935022187284802e-08, 'subsample': 0.5655596014554816, 'colsample_bytree': 0.9371029047926578, 'learning_rate': 0.030334824400755522, 'max_depth': 9, 'min_child_weight': 6}. Best is trial 557 with value: 2.2610117988072185.
[I 2026-03-19 01:37:06,746] Trial 723 finished with value: 2.210755994160401 and parameters: {'n_estimators': 837, 'lambda': 1.2972140048083814e-08, 'subsample': 0.8474715499563765, 'colsample_bytree': 0.9387214786710933, 'learning_rate': 0.05614741325977184, 'max_depth': 9, 'min_child_weight': 5}. Best is trial 557 with value: 2.2610117988072185.
[I 2026-03-19 01:37:54,822] Trial 728 finished with value: 2.102448469154676 and parameters: {'n_estimators': 929, 'lambda': 4.202903022466348e-08, 'subsample': 0.8849113282344212, 'colsample_bytree': 0.9449885729386117, 'learning_rate': 0.03019360175615936, 'max_depth': 4, 'min_child_weight': 5}. Best is trial 557 with value: 2.2610117988072185.
[I 2026-03-19 01:38:45,489] Trial 733 finished with value: 2.1153460203704193 and parameters: {'n_estimators': 74, 'lambda': 7.96877356765253e-08, 'subsample': 0.8850784984528004, 'colsample_bytree': 0.9570581136431887, 'learning_rate': 0.06155183963904373, 'max_depth': 9, 'min_child_weight': 5}. Best is trial 557 with value: 2.2610117988072185.
[I 2026-03-19 01:38:50,702] Trial 725 finished with value: 2.234981725171896 and parameters: {'n_estimators': 825, 'lambda': 4.3974737119298556e-08, 'subsample': 0.8852622055983728, 'colsample_bytree': 0.8895460119586652, 'learning_rate': 0.057729278544636976, 'max_depth': 9, 'min_child_weight': 5}. Best is trial 557 with value: 2.2610117988072185.
[I 2026-03-19 01:41:25,747] Trial 727 finished with value: 0.0 and parameters: {'n_estimators': 831, 'lambda': 4.345314208823121e-08, 'subsample': 0.7925746892231791, 'colsample_bytree': 0.93777049574923, 'learning_rate': 0.05900754068279892, 'max_depth': 9, 'min_child_weight': 5}. Best is trial 557 with value: 2.2610117988072185.
[I 2026-03-19 01:42:34,374] Trial 730 finished with value: 2.223809713537508 and parameters: {'n_estimators': 842, 'lambda': 3.9880811820553805e-08, 'subsample': 0.8835140326695086, 'colsample_bytree': 0.957687633300795, 'learning_rate': 0.056765395008341935, 'max_depth': 9, 'min_child_weight': 5}. Best is trial 557 with value: 2.2610117988072185.
[I 2026-03-19 01:43:32,511] Trial 731 finished with value: 2.2081592849936253 and parameters: {'n_estimators': 845, 'lambda': 2.581580029905976e-08, 'subsample': 0.8875283747061234, 'colsample_bytree': 0.9577373620294967, 'learning_rate': 0.05729233855261761, 'max_depth': 9, 'min_child_weight': 5}. Best is trial 557 with value: 2.2610117988072185.
[I 2026-03-19 01:45:15,935] Trial 732 finished with value: 2.2469021327658814 and parameters: {'n_estimators': 887, 'lambda': 2.5211104851217144e-08, 'subsample': 0.7880190352763046, 'colsample_bytree': 0.9659011772869818, 'learning_rate': 0.030361350585444487, 'max_depth': 9, 'min_child_weight': 5}. Best is trial 557 with value: 2.2610117988072185.
[I 2026-03-19 01:46:49,091] Trial 735 finished with value: 2.2010069610601435 and parameters: {'n_estimators': 879, 'lambda': 2.5494257094262818e-08, 'subsample': 0.8237223970498647, 'colsample_bytree': 0.9083019298424061, 'learning_rate': 0.05207938361138295, 'max_depth': 9, 'min_child_weight': 5}. Best is trial 557 with value: 2.2610117988072185.
[I 2026-03-19 01:46:53,145] Trial 734 finished with value: 2.2253199405835593 and parameters: {'n_estimators': 886, 'lambda': 2.3178583223514728e-08, 'subsample': 0.7930965476167325, 'colsample_bytree': 0.9073553354733798, 'learning_rate': 0.05238437485873778, 'max_depth': 9, 'min_child_weight': 5}. Best is trial 557 with value: 2.2610117988072185.
[I 2026-03-19 01:49:32,295] Trial 736 finished with value: 2.249969428163172 and parameters: {'n_estimators': 886, 'lambda': 2.922334955788341e-08, 'subsample': 0.8208511331718019, 'colsample_bytree': 0.9115395949272007, 'learning_rate': 0.041686819772276264, 'max_depth': 9, 'min_child_weight': 5}. Best is trial 557 with value: 2.2610117988072185.
[I 2026-03-19 01:50:39,456] Trial 737 finished with value: 2.2541850196518887 and parameters: {'n_estimators': 884, 'lambda': 2.3606481717614e-08, 'subsample': 0.8164700793205215, 'colsample_bytree': 0.9089254678485218, 'learning_rate': 0.04220727726095993, 'max_depth': 9, 'min_child_weight': 5}. Best is trial 557 with value: 2.2610117988072185.
[I 2026-03-19 01:51:34,540] Trial 738 finished with value: 2.2481781476978946 and parameters: {'n_estimators': 883, 'lambda': 2.218189136898897e-08, 'subsample': 0.8171777544645369, 'colsample_bytree': 0.9064666473405608, 'learning_rate': 0.04135977204553472, 'max_depth': 9, 'min_child_weight': 5}. Best is trial 557 with value: 2.2610117988072185.
[I 2026-03-19 01:53:25,120] Trial 739 finished with value: 2.2498551101220094 and parameters: {'n_estimators': 882, 'lambda': 2.081028533082209e-08, 'subsample': 0.8197075705074905, 'colsample_bytree': 0.9820061966294589, 'learning_rate': 0.030042193884333705, 'max_depth': 9, 'min_child_weight': 5}. Best is trial 557 with value: 2.2610117988072185.
[I 2026-03-19 01:54:44,311] Trial 740 finished with value: 1.9442878969432233 and parameters: {'n_estimators': 903, 'lambda': 7.142121828198149e-08, 'subsample': 0.852199233985049, 'colsample_bytree': 0.9843744048571235, 'learning_rate': 0.10705782932245811, 'max_depth': 9, 'min_child_weight': 5}. Best is trial 557 with value: 2.2610117988072185.
[I 2026-03-19 01:55:03,037] Trial 741 finished with value: 2.2584749863357283 and parameters: {'n_estimators': 903, 'lambda': 7.40127277361958e-08, 'subsample': 0.8181537839121519, 'colsample_bytree': 0.9812808325204485, 'learning_rate': 0.03995071796872072, 'max_depth': 9, 'min_child_weight': 5}. Best is trial 557 with value: 2.2610117988072185.
[I 2026-03-19 01:56:55,110] Trial 743 finished with value: 2.192779176051622 and parameters: {'n_estimators': 910, 'lambda': 5.969597284596019e-08, 'subsample': 0.7261605891832779, 'colsample_bytree': 0.3314090557921324, 'learning_rate': 0.030131484732680222, 'max_depth': 8, 'min_child_weight': 6}. Best is trial 557 with value: 2.2610117988072185.
[I 2026-03-19 01:57:37,197] Trial 742 finished with value: 2.2574408848092995 and parameters: {'n_estimators': 917, 'lambda': 7.156651562136044e-08, 'subsample': 0.8500449082174497, 'colsample_bytree': 0.9785307005018957, 'learning_rate': 0.041090447789574366, 'max_depth': 9, 'min_child_weight': 7}. Best is trial 557 with value: 2.2610117988072185.
[I 2026-03-19 01:57:47,411] Trial 744 finished with value: 2.2181964320137273 and parameters: {'n_estimators': 922, 'lambda': 7.184076743285231e-08, 'subsample': 0.8492280263723186, 'colsample_bytree': 0.9812949501182806, 'learning_rate': 0.030425000114156327, 'max_depth': 8, 'min_child_weight': 6}. Best is trial 557 with value: 2.2610117988072185.
[I 2026-03-19 01:59:30,442] Trial 745 finished with value: 2.184379722514869 and parameters: {'n_estimators': 909, 'lambda': 7.641692561845299e-08, 'subsample': 0.8518170952610984, 'colsample_bytree': 0.9994945532692503, 'learning_rate': 0.06858770888943885, 'max_depth': 8, 'min_child_weight': 6}. Best is trial 557 with value: 2.2610117988072185.
[I 2026-03-19 02:00:51,397] Trial 746 finished with value: 2.2005857396299655 and parameters: {'n_estimators': 910, 'lambda': 1.866644246073805e-07, 'subsample': 0.8502939116261522, 'colsample_bytree': 0.9635289756632747, 'learning_rate': 0.06664428004866901, 'max_depth': 8, 'min_child_weight': 6}. Best is trial 557 with value: 2.2610117988072185.
[I 2026-03-19 02:03:23,738] Trial 747 finished with value: 2.253829092442622 and parameters: {'n_estimators': 945, 'lambda': 1.5928674583489795e-07, 'subsample': 0.8401705682000968, 'colsample_bytree': 0.98164753669648, 'learning_rate': 0.041376966681122535, 'max_depth': 9, 'min_child_weight': 7}. Best is trial 557 with value: 2.2610117988072185.
[I 2026-03-19 02:05:02,442] Trial 748 finished with value: 2.227861947605239 and parameters: {'n_estimators': 922, 'lambda': 7.88752728319807e-08, 'subsample': 0.7620972644117365, 'colsample_bytree': 0.9851740345426554, 'learning_rate': 0.04625698451073177, 'max_depth': 9, 'min_child_weight': 7}. Best is trial 557 with value: 2.2610117988072185.
[I 2026-03-19 02:05:33,088] Trial 749 finished with value: 1.7782089339007003 and parameters: {'n_estimators': 950, 'lambda': 7.956552429308884e-08, 'subsample': 0.839667723487275, 'colsample_bytree': 0.9851462483602424, 'learning_rate': 0.24516309821047738, 'max_depth': 9, 'min_child_weight': 6}. Best is trial 557 with value: 2.2610117988072185.
[I 2026-03-19 02:06:11,698] Trial 750 finished with value: 2.260605047745448 and parameters: {'n_estimators': 954, 'lambda': 1.7691072114090717e-07, 'subsample': 0.8351667723161078, 'colsample_bytree': 0.981851158185478, 'learning_rate': 0.0446473658746612, 'max_depth': 9, 'min_child_weight': 7}. Best is trial 557 with value: 2.2610117988072185.
[I 2026-03-19 02:07:36,184] Trial 751 finished with value: 2.2454941784271436 and parameters: {'n_estimators': 942, 'lambda': 1.5697632309392923e-07, 'subsample': 0.7586779463584004, 'colsample_bytree': 0.982599755580947, 'learning_rate': 0.043047436607121924, 'max_depth': 9, 'min_child_weight': 7}. Best is trial 557 with value: 2.2610117988072185.
[I 2026-03-19 02:08:29,627] Trial 752 finished with value: 2.222102333684962 and parameters: {'n_estimators': 949, 'lambda': 1.7296348384221914e-07, 'subsample': 0.8333662877426269, 'colsample_bytree': 0.9821154173782385, 'learning_rate': 0.04344897007711702, 'max_depth': 9, 'min_child_weight': 7}. Best is trial 557 with value: 2.2610117988072185.
[I 2026-03-19 02:09:39,478] Trial 753 finished with value: 2.2122848577199963 and parameters: {'n_estimators': 943, 'lambda': 8.616907343232275e-08, 'subsample': 0.8333314422138707, 'colsample_bytree': 0.9701781599016257, 'learning_rate': 0.049885404110256465, 'max_depth': 9, 'min_child_weight': 7}. Best is trial 557 with value: 2.2610117988072185.
[I 2026-03-19 02:10:11,359] Trial 754 finished with value: 1.7885838421678089 and parameters: {'n_estimators': 951, 'lambda': 5.408696246590347e-08, 'subsample': 0.8354982078238444, 'colsample_bytree': 0.9997563493624959, 'learning_rate': 0.24449810477797457, 'max_depth': 9, 'min_child_weight': 7}. Best is trial 557 with value: 2.2610117988072185.
[I 2026-03-19 02:10:17,166] Trial 755 finished with value: 2.250664694077349 and parameters: {'n_estimators': 938, 'lambda': 5.2996063439097384e-08, 'subsample': 0.8084953233696281, 'colsample_bytree': 0.9673669343830363, 'learning_rate': 0.03001614849351491, 'max_depth': 9, 'min_child_weight': 7}. Best is trial 557 with value: 2.2610117988072185.
