[I 2026-03-16 11:35:22,728] Trial 849 finished with value: 7.214887620455792 and parameters: {'n_estimators': 308, 'lambda': 0.0016220057064425838, 'subsample': 0.9614603038629926, 'colsample_bytree': 0.8311801199264275, 'learning_rate': 0.5575364373205087, 'max_depth': 3, 'min_child_weight': 6}. Best is trial 830 with value: 7.454100209461071.
[I 2026-03-16 11:35:38,899] Trial 850 finished with value: 7.370549633574699 and parameters: {'n_estimators': 304, 'lambda': 0.0013084700435558975, 'subsample': 0.9596565798550054, 'colsample_bytree': 0.8292857622415665, 'learning_rate': 0.5568506502212571, 'max_depth': 3, 'min_child_weight': 6}. Best is trial 830 with value: 7.454100209461071.
[I 2026-03-16 11:35:55,020] Trial 851 finished with value: 7.3152359452567595 and parameters: {'n_estimators': 298, 'lambda': 0.001195536975510556, 'subsample': 0.9576574154993458, 'colsample_bytree': 0.8404073304090471, 'learning_rate': 0.5592799076901964, 'max_depth': 3, 'min_child_weight': 6}. Best is trial 830 with value: 7.454100209461071.
[I 2026-03-16 11:36:30,801] Trial 852 finished with value: 7.234912960812395 and parameters: {'n_estimators': 308, 'lambda': 0.0010585088508192494, 'subsample': 0.9606810450860462, 'colsample_bytree': 0.8280867271993909, 'learning_rate': 0.5583479836500849, 'max_depth': 3, 'min_child_weight': 6}. Best is trial 830 with value: 7.454100209461071.
[I 2026-03-16 11:36:41,963] Trial 854 finished with value: 7.34977600146426 and parameters: {'n_estimators': 298, 'lambda': 0.0012101295001772593, 'subsample': 0.9537823255449398, 'colsample_bytree': 0.8334139279659506, 'learning_rate': 0.5627927537189552, 'max_depth': 3, 'min_child_weight': 6}. Best is trial 830 with value: 7.454100209461071.
[I 2026-03-16 11:36:42,116] Trial 853 finished with value: 7.2115313800068055 and parameters: {'n_estimators': 302, 'lambda': 0.0011211573711219734, 'subsample': 0.9612783766834045, 'colsample_bytree': 0.8268560943504958, 'learning_rate': 0.5560072630113886, 'max_depth': 3, 'min_child_weight': 6}. Best is trial 830 with value: 7.454100209461071.
[I 2026-03-16 11:36:47,679] Trial 855 finished with value: 7.224528699553865 and parameters: {'n_estimators': 297, 'lambda': 0.0011153936112675768, 'subsample': 0.958088757738653, 'colsample_bytree': 0.8198059279144972, 'learning_rate': 0.556242192254237, 'max_depth': 3, 'min_child_weight': 6}. Best is trial 830 with value: 7.454100209461071.
[I 2026-03-16 11:37:01,343] Trial 856 finished with value: 7.226171346421692 and parameters: {'n_estimators': 297, 'lambda': 0.0011259816425839867, 'subsample': 0.960207759973972, 'colsample_bytree': 0.8231979488345276, 'learning_rate': 0.5547843183263274, 'max_depth': 3, 'min_child_weight': 6}. Best is trial 830 with value: 7.454100209461071.
[I 2026-03-16 11:37:18,513] Trial 857 finished with value: 7.2723608437104055 and parameters: {'n_estimators': 295, 'lambda': 0.0011152624583287533, 'subsample': 0.9563467292480032, 'colsample_bytree': 0.8202331953706006, 'learning_rate': 0.5562210826379285, 'max_depth': 3, 'min_child_weight': 6}. Best is trial 830 with value: 7.454100209461071.
[I 2026-03-16 11:37:56,341] Trial 858 finished with value: 7.218844798595015 and parameters: {'n_estimators': 291, 'lambda': 0.0012106100029964403, 'subsample': 0.9558140597306866, 'colsample_bytree': 0.8215196261169619, 'learning_rate': 0.557389592223845, 'max_depth': 3, 'min_child_weight': 6}. Best is trial 830 with value: 7.454100209461071.
[I 2026-03-16 11:38:03,559] Trial 859 finished with value: 7.235174100730083 and parameters: {'n_estimators': 288, 'lambda': 0.0013033689751388961, 'subsample': 0.9575467231392221, 'colsample_bytree': 0.8383578636991047, 'learning_rate': 0.5517004617460097, 'max_depth': 3, 'min_child_weight': 6}. Best is trial 830 with value: 7.454100209461071.
[I 2026-03-16 11:38:06,635] Trial 860 finished with value: 7.19270339013651 and parameters: {'n_estimators': 294, 'lambda': 0.001288417019556958, 'subsample': 0.9534478754331636, 'colsample_bytree': 0.8123701532340818, 'learning_rate': 0.5534520829788373, 'max_depth': 3, 'min_child_weight': 6}. Best is trial 830 with value: 7.454100209461071.
[I 2026-03-16 11:38:08,880] Trial 861 finished with value: 7.217229858530473 and parameters: {'n_estimators': 290, 'lambda': 0.0013032559640849793, 'subsample': 0.9508153971753435, 'colsample_bytree': 0.8142832698979806, 'learning_rate': 0.5538906739763337, 'max_depth': 3, 'min_child_weight': 6}. Best is trial 830 with value: 7.454100209461071.
[I 2026-03-16 11:38:24,821] Trial 862 finished with value: 7.335307990294481 and parameters: {'n_estimators': 289, 'lambda': 0.0013853180576179282, 'subsample': 0.9532795339575744, 'colsample_bytree': 0.8384499738087439, 'learning_rate': 0.5686081709175341, 'max_depth': 3, 'min_child_weight': 6}. Best is trial 830 with value: 7.454100209461071.
[I 2026-03-16 11:38:40,781] Trial 863 finished with value: 7.3263025373495445 and parameters: {'n_estimators': 286, 'lambda': 0.001528480240574939, 'subsample': 0.9498426376223037, 'colsample_bytree': 0.8388801757770866, 'learning_rate': 0.5713828796497591, 'max_depth': 3, 'min_child_weight': 6}. Best is trial 830 with value: 7.454100209461071.
[I 2026-03-16 11:39:16,894] Trial 864 finished with value: 7.33636717463362 and parameters: {'n_estimators': 275, 'lambda': 0.001431952173895907, 'subsample': 0.9786068535986053, 'colsample_bytree': 0.8320542585131765, 'learning_rate': 0.5689492883718646, 'max_depth': 3, 'min_child_weight': 6}. Best is trial 830 with value: 7.454100209461071.
[I 2026-03-16 11:39:31,124] Trial 865 finished with value: 7.3489313766335105 and parameters: {'n_estimators': 322, 'lambda': 0.0008772205754219402, 'subsample': 0.9788463967209146, 'colsample_bytree': 0.8403499420102477, 'learning_rate': 0.5723303802225073, 'max_depth': 3, 'min_child_weight': 6}. Best is trial 830 with value: 7.454100209461071.
[I 2026-03-16 11:39:40,456] Trial 866 finished with value: 7.28296556581667 and parameters: {'n_estimators': 313, 'lambda': 0.0018598482329036281, 'subsample': 0.9787658006663382, 'colsample_bytree': 0.8374741668335897, 'learning_rate': 0.5706608572581164, 'max_depth': 3, 'min_child_weight': 6}. Best is trial 830 with value: 7.454100209461071.
[I 2026-03-16 11:39:42,431] Trial 867 finished with value: 7.1555088219537755 and parameters: {'n_estimators': 313, 'lambda': 0.0008303049698752753, 'subsample': 0.9800117235340857, 'colsample_bytree': 0.8393516774784481, 'learning_rate': 0.5722542581918236, 'max_depth': 3, 'min_child_weight': 6}. Best is trial 830 with value: 7.454100209461071.
[I 2026-03-16 11:39:52,066] Trial 868 finished with value: 7.275356138217235 and parameters: {'n_estimators': 314, 'lambda': 0.0016204315572589515, 'subsample': 0.9769226235836792, 'colsample_bytree': 0.8323871642646408, 'learning_rate': 0.5685052731077718, 'max_depth': 3, 'min_child_weight': 6}. Best is trial 830 with value: 7.454100209461071.
[I 2026-03-16 11:39:57,875] Trial 869 finished with value: 7.236966032683552 and parameters: {'n_estimators': 268, 'lambda': 0.0007554670736187895, 'subsample': 0.9785846085764662, 'colsample_bytree': 0.8390184920977053, 'learning_rate': 0.570658430959977, 'max_depth': 3, 'min_child_weight': 6}. Best is trial 830 with value: 7.454100209461071.
[I 2026-03-16 11:40:06,313] Trial 870 finished with value: 7.267482089084253 and parameters: {'n_estimators': 264, 'lambda': 0.0008016092307803612, 'subsample': 0.9777508944225946, 'colsample_bytree': 0.8403948347954578, 'learning_rate': 0.5717999864436266, 'max_depth': 3, 'min_child_weight': 6}. Best is trial 830 with value: 7.454100209461071.
[I 2026-03-16 11:40:21,610] Trial 871 finished with value: 7.236225918958716 and parameters: {'n_estimators': 271, 'lambda': 0.0007679645586741303, 'subsample': 0.9784537472914477, 'colsample_bytree': 0.835023192753055, 'learning_rate': 0.5705778869755096, 'max_depth': 3, 'min_child_weight': 6}. Best is trial 830 with value: 7.454100209461071.
[I 2026-03-16 11:40:25,067] Trial 872 finished with value: 7.237833927928474 and parameters: {'n_estimators': 274, 'lambda': 0.0008141202604313484, 'subsample': 0.9430317028314292, 'colsample_bytree': 0.8370247549601448, 'learning_rate': 0.5729093817635772, 'max_depth': 3, 'min_child_weight': 6}. Best is trial 830 with value: 7.454100209461071.
[I 2026-03-16 11:40:48,502] Trial 874 finished with value: 7.271264062775319 and parameters: {'n_estimators': 277, 'lambda': 0.0008248831226866382, 'subsample': 0.9409521727551831, 'colsample_bytree': 0.8105864646738421, 'learning_rate': 0.5432429182008822, 'max_depth': 3, 'min_child_weight': 6}. Best is trial 830 with value: 7.454100209461071.
[I 2026-03-16 11:41:07,149] Trial 875 finished with value: 7.2558459453570965 and parameters: {'n_estimators': 271, 'lambda': 0.000821039508238517, 'subsample': 0.9495023465939085, 'colsample_bytree': 0.8094850977974448, 'learning_rate': 0.5461326300664096, 'max_depth': 3, 'min_child_weight': 6}. Best is trial 830 with value: 7.454100209461071.
[I 2026-03-16 11:41:47,934] Trial 876 finished with value: 7.1850573681423535 and parameters: {'n_estimators': 279, 'lambda': 0.001009814451562296, 'subsample': 0.9441729988249271, 'colsample_bytree': 0.8230250489142573, 'learning_rate': 0.542378687229427, 'max_depth': 3, 'min_child_weight': 6}. Best is trial 830 with value: 7.454100209461071.
[I 2026-03-16 11:41:48,117] Trial 873 finished with value: 7.351582348511757 and parameters: {'n_estimators': 279, 'lambda': 0.0007449148278440238, 'subsample': 0.9422770077470036, 'colsample_bytree': 0.8076481750095208, 'learning_rate': 0.5430312330609874, 'max_depth': 3, 'min_child_weight': 6}. Best is trial 830 with value: 7.454100209461071.
[I 2026-03-16 11:41:59,121] Trial 877 finished with value: 7.191502578802314 and parameters: {'n_estimators': 282, 'lambda': 0.0017424830560627015, 'subsample': 0.9481155812101956, 'colsample_bytree': 0.8118978839393983, 'learning_rate': 0.544951874831727, 'max_depth': 3, 'min_child_weight': 6}. Best is trial 830 with value: 7.454100209461071.
[I 2026-03-16 11:42:08,243] Trial 878 finished with value: 7.31361617249771 and parameters: {'n_estimators': 318, 'lambda': 0.001683773615733352, 'subsample': 0.9443695861617512, 'colsample_bytree': 0.8053384308688871, 'learning_rate': 0.5460035326522603, 'max_depth': 3, 'min_child_weight': 6}. Best is trial 830 with value: 7.454100209461071.
[I 2026-03-16 11:42:20,093] Trial 879 finished with value: 7.206010605379678 and parameters: {'n_estimators': 319, 'lambda': 0.0017306208186447835, 'subsample': 0.9665157101610772, 'colsample_bytree': 0.8011182526001283, 'learning_rate': 0.5447876674216624, 'max_depth': 3, 'min_child_weight': 6}. Best is trial 830 with value: 7.454100209461071.
[I 2026-03-16 11:42:37,335] Trial 880 finished with value: 7.2510381280071154 and parameters: {'n_estimators': 317, 'lambda': 0.0017607312874995075, 'subsample': 0.9633758324892567, 'colsample_bytree': 0.8503649262745583, 'learning_rate': 0.5455237334749945, 'max_depth': 3, 'min_child_weight': 6}. Best is trial 830 with value: 7.454100209461071.
[I 2026-03-16 11:43:17,286] Trial 881 finished with value: 7.290126970721271 and parameters: {'n_estimators': 315, 'lambda': 0.0032685368330768933, 'subsample': 0.9612079687733863, 'colsample_bytree': 0.8060631088220164, 'learning_rate': 0.5783283595962107, 'max_depth': 3, 'min_child_weight': 6}. Best is trial 830 with value: 7.454100209461071.
[I 2026-03-16 11:43:19,630] Trial 882 finished with value: 7.234320073318017 and parameters: {'n_estimators': 323, 'lambda': 0.0016080838256489626, 'subsample': 0.9641706616206362, 'colsample_bytree': 0.8545629936326825, 'learning_rate': 0.5786803932002956, 'max_depth': 3, 'min_child_weight': 6}. Best is trial 830 with value: 7.454100209461071.
[I 2026-03-16 11:43:30,574] Trial 883 finished with value: 7.366117557615283 and parameters: {'n_estimators': 316, 'lambda': 0.0015140149233135664, 'subsample': 0.9619287007197395, 'colsample_bytree': 0.8538122274346532, 'learning_rate': 0.5797261905895406, 'max_depth': 3, 'min_child_weight': 6}. Best is trial 830 with value: 7.454100209461071.
[I 2026-03-16 11:43:42,489] Trial 884 finished with value: 7.270124651655538 and parameters: {'n_estimators': 324, 'lambda': 0.0031867397191937268, 'subsample': 0.9667317207753877, 'colsample_bytree': 0.803532488713099, 'learning_rate': 0.5559691452748845, 'max_depth': 3, 'min_child_weight': 6}. Best is trial 830 with value: 7.454100209461071.
[I 2026-03-16 11:43:54,399] Trial 885 finished with value: 7.331273057042538 and parameters: {'n_estimators': 334, 'lambda': 0.003316595761992948, 'subsample': 0.934221662325341, 'colsample_bytree': 0.8525273931892878, 'learning_rate': 0.5782530720352094, 'max_depth': 3, 'min_child_weight': 6}. Best is trial 830 with value: 7.454100209461071.
[I 2026-03-16 11:44:08,170] Trial 886 finished with value: 7.230116925867833 and parameters: {'n_estimators': 331, 'lambda': 0.002992013782599693, 'subsample': 0.9354059738348904, 'colsample_bytree': 0.8270585264595353, 'learning_rate': 0.5774853109040684, 'max_depth': 3, 'min_child_weight': 6}. Best is trial 830 with value: 7.454100209461071.
[I 2026-03-16 11:44:52,461] Trial 887 finished with value: 7.273704636591221 and parameters: {'n_estimators': 335, 'lambda': 0.0030903279842287995, 'subsample': 0.939654806573883, 'colsample_bytree': 0.8265474007388403, 'learning_rate': 0.5777880998345392, 'max_depth': 3, 'min_child_weight': 6}. Best is trial 830 with value: 7.454100209461071.
[I 2026-03-16 11:44:55,264] Trial 888 finished with value: 7.2272896288128425 and parameters: {'n_estimators': 338, 'lambda': 0.0005546806792442629, 'subsample': 0.9360835681703835, 'colsample_bytree': 0.8212905008221235, 'learning_rate': 0.5791207117061415, 'max_depth': 3, 'min_child_weight': 6}. Best is trial 830 with value: 7.454100209461071.
[I 2026-03-16 11:45:09,232] Trial 890 finished with value: 7.121858016156657 and parameters: {'n_estimators': 295, 'lambda': 0.0006229021435599193, 'subsample': 0.934470023171599, 'colsample_bytree': 0.8242620249146609, 'learning_rate': 0.5828382103549093, 'max_depth': 3, 'min_child_weight': 6}. Best is trial 830 with value: 7.454100209461071.
[I 2026-03-16 11:45:09,870] Trial 889 finished with value: 7.364737092633364 and parameters: {'n_estimators': 338, 'lambda': 0.0006497890865798465, 'subsample': 0.9344186562097053, 'colsample_bytree': 0.8262043966074973, 'learning_rate': 0.579478242288041, 'max_depth': 3, 'min_child_weight': 6}. Best is trial 830 with value: 7.454100209461071.
[I 2026-03-16 11:45:13,574] Trial 891 finished with value: 7.423548061570401 and parameters: {'n_estimators': 286, 'lambda': 0.000580869415923882, 'subsample': 0.9338004620751736, 'colsample_bytree': 0.8220747731351679, 'learning_rate': 0.5812615376395902, 'max_depth': 3, 'min_child_weight': 6}. Best is trial 830 with value: 7.454100209461071.
[I 2026-03-16 11:45:43,693] Trial 892 finished with value: 7.233974324332737 and parameters: {'n_estimators': 338, 'lambda': 0.0010509118046727914, 'subsample': 0.9368068025047519, 'colsample_bytree': 0.8264046941279674, 'learning_rate': 0.5807196071272733, 'max_depth': 3, 'min_child_weight': 6}. Best is trial 830 with value: 7.454100209461071.
[I 2026-03-16 11:46:17,357] Trial 893 finished with value: 7.22559771308393 and parameters: {'n_estimators': 295, 'lambda': 0.0005799532082771689, 'subsample': 0.9368318296441955, 'colsample_bytree': 0.8539571302034564, 'learning_rate': 0.5808060463936259, 'max_depth': 3, 'min_child_weight': 6}. Best is trial 830 with value: 7.454100209461071.
[I 2026-03-16 11:46:17,520] Trial 894 finished with value: 7.3535454890349605 and parameters: {'n_estimators': 298, 'lambda': 0.0010651001637086385, 'subsample': 0.94930971186333, 'colsample_bytree': 0.8569215467334333, 'learning_rate': 0.5571142613047253, 'max_depth': 3, 'min_child_weight': 6}. Best is trial 830 with value: 7.454100209461071.
[I 2026-03-16 11:46:22,022] Trial 895 finished with value: 7.312780821798773 and parameters: {'n_estimators': 257, 'lambda': 0.001064143588885122, 'subsample': 0.9825978494411021, 'colsample_bytree': 0.8548553620512912, 'learning_rate': 0.5610396205923693, 'max_depth': 3, 'min_child_weight': 6}. Best is trial 830 with value: 7.454100209461071.
[I 2026-03-16 11:46:24,994] Trial 897 finished with value: 7.452669148471474 and parameters: {'n_estimators': 254, 'lambda': 0.0005509046998785287, 'subsample': 0.9834698577022837, 'colsample_bytree': 0.857363871555742, 'learning_rate': 0.5797970313892002, 'max_depth': 3, 'min_child_weight': 6}. Best is trial 830 with value: 7.454100209461071.
[I 2026-03-16 11:46:33,449] Trial 896 finished with value: 7.2492612942202745 and parameters: {'n_estimators': 289, 'lambda': 0.0010251952007252875, 'subsample': 0.9827790478373954, 'colsample_bytree': 0.8566601781027313, 'learning_rate': 0.5623969421991485, 'max_depth': 3, 'min_child_weight': 6}. Best is trial 830 with value: 7.454100209461071.
[I 2026-03-16 11:46:54,542] Trial 898 finished with value: 7.390601697074624 and parameters: {'n_estimators': 253, 'lambda': 0.0005636904738904342, 'subsample': 0.9835131221789619, 'colsample_bytree': 0.8588969539426933, 'learning_rate': 0.5809708301336862, 'max_depth': 3, 'min_child_weight': 6}. Best is trial 830 with value: 7.454100209461071.
[I 2026-03-16 11:47:29,413] Trial 899 finished with value: 7.376485694257681 and parameters: {'n_estimators': 247, 'lambda': 0.0005429892292031908, 'subsample': 0.9505629553442629, 'colsample_bytree': 0.8604835861171709, 'learning_rate': 0.560039376018436, 'max_depth': 3, 'min_child_weight': 6}. Best is trial 830 with value: 7.454100209461071.
[I 2026-03-16 11:47:32,559] Trial 900 finished with value: 7.2649048188025365 and parameters: {'n_estimators': 260, 'lambda': 0.00060248256508363, 'subsample': 0.9535279605912512, 'colsample_bytree': 0.8612742024660851, 'learning_rate': 0.5624730813134982, 'max_depth': 3, 'min_child_weight': 6}. Best is trial 830 with value: 7.454100209461071.
[I 2026-03-16 11:47:37,739] Trial 902 finished with value: 7.289448173830433 and parameters: {'n_estimators': 248, 'lambda': 0.0006880712590452294, 'subsample': 0.9525249989447258, 'colsample_bytree': 0.8625989463635134, 'learning_rate': 0.5651467278833322, 'max_depth': 3, 'min_child_weight': 6}. Best is trial 830 with value: 7.454100209461071.
[I 2026-03-16 11:47:39,616] Trial 901 finished with value: 7.289786616234009 and parameters: {'n_estimators': 279, 'lambda': 0.00048223011780821565, 'subsample': 0.9497884590466084, 'colsample_bytree': 0.8608527562323981, 'learning_rate': 0.5624654334906332, 'max_depth': 3, 'min_child_weight': 6}. Best is trial 830 with value: 7.454100209461071.
[I 2026-03-16 11:47:43,894] Trial 903 finished with value: 7.264090826283725 and parameters: {'n_estimators': 255, 'lambda': 0.0007184245462943268, 'subsample': 0.9495103062133876, 'colsample_bytree': 0.8617914201863446, 'learning_rate': 0.5628191611764606, 'max_depth': 3, 'min_child_weight': 6}. Best is trial 830 with value: 7.454100209461071.
[I 2026-03-16 11:48:04,879] Trial 904 finished with value: 7.318208505361104 and parameters: {'n_estimators': 247, 'lambda': 0.0006985061970714784, 'subsample': 0.952340813170641, 'colsample_bytree': 0.8604365742859629, 'learning_rate': 0.5616666101801661, 'max_depth': 3, 'min_child_weight': 6}. Best is trial 830 with value: 7.454100209461071.
[I 2026-03-16 11:48:42,208] Trial 906 finished with value: 7.214185312946013 and parameters: {'n_estimators': 248, 'lambda': 0.0006237869186307908, 'subsample': 0.9500728773687188, 'colsample_bytree': 0.8333377409626062, 'learning_rate': 0.603875486508061, 'max_depth': 3, 'min_child_weight': 6}. Best is trial 830 with value: 7.454100209461071.
[I 2026-03-16 11:48:43,872] Trial 905 finished with value: 7.132605204262084 and parameters: {'n_estimators': 250, 'lambda': 0.0006330825229840732, 'subsample': 0.9475343274567439, 'colsample_bytree': 0.8325484072007525, 'learning_rate': 0.5527415367996286, 'max_depth': 3, 'min_child_weight': 6}. Best is trial 830 with value: 7.454100209461071.
[I 2026-03-16 11:48:49,019] Trial 907 finished with value: 7.28339645464146 and parameters: {'n_estimators': 246, 'lambda': 0.0005464520376664943, 'subsample': 0.954720626702584, 'colsample_bytree': 0.8319189347978798, 'learning_rate': 0.5511378696681779, 'max_depth': 3, 'min_child_weight': 6}. Best is trial 830 with value: 7.454100209461071.
[I 2026-03-16 11:48:51,298] Trial 909 finished with value: 7.3453212004716 and parameters: {'n_estimators': 238, 'lambda': 0.0008487937217578612, 'subsample': 0.9637180830903036, 'colsample_bytree': 0.8334585192753025, 'learning_rate': 0.6041144796655611, 'max_depth': 3, 'min_child_weight': 6}. Best is trial 830 with value: 7.454100209461071.
[I 2026-03-16 11:48:53,744] Trial 908 finished with value: 7.2438921587769896 and parameters: {'n_estimators': 251, 'lambda': 0.0007985677988317379, 'subsample': 0.929982627942126, 'colsample_bytree': 0.8325277639886108, 'learning_rate': 0.603393637661788, 'max_depth': 3, 'min_child_weight': 6}. Best is trial 830 with value: 7.454100209461071.
[I 2026-03-16 11:49:09,150] Trial 910 finished with value: 7.326148080545607 and parameters: {'n_estimators': 227, 'lambda': 0.000841703006340197, 'subsample': 0.9222541796389608, 'colsample_bytree': 0.8344870526887914, 'learning_rate': 0.60614326362438, 'max_depth': 3, 'min_child_weight': 6}. Best is trial 830 with value: 7.454100209461071.
[I 2026-03-16 11:49:46,821] Trial 911 finished with value: 7.139897385489437 and parameters: {'n_estimators': 231, 'lambda': 0.00044973373458719127, 'subsample': 0.9301231483332488, 'colsample_bytree': 0.8193585847490756, 'learning_rate': 0.5833883790009489, 'max_depth': 3, 'min_child_weight': 6}. Best is trial 830 with value: 7.454100209461071.
