[I 2026-03-16 14:07:41,342] Trial 1478 finished with value: 7.225788082619543 and parameters: {'n_estimators': 244, 'lambda': 0.0004066090386316876, 'subsample': 0.8675803990355464, 'colsample_bytree': 0.8144816785781998, 'learning_rate': 0.6043992815363335, 'max_depth': 3, 'min_child_weight': 7}. Best is trial 1273 with value: 7.5236404426698495.
[I 2026-03-16 14:07:47,454] Trial 1476 finished with value: 7.144335737886145 and parameters: {'n_estimators': 291, 'lambda': 0.0002024255728408823, 'subsample': 0.8844761853014358, 'colsample_bytree': 0.7666157123072417, 'learning_rate': 0.6051172789442734, 'max_depth': 3, 'min_child_weight': 7}. Best is trial 1273 with value: 7.5236404426698495.
[I 2026-03-16 14:07:48,762] Trial 1477 finished with value: 7.185652666917489 and parameters: {'n_estimators': 241, 'lambda': 0.00044380868111439174, 'subsample': 0.9057209983372797, 'colsample_bytree': 0.817770097837278, 'learning_rate': 0.6500819457540397, 'max_depth': 3, 'min_child_weight': 7}. Best is trial 1273 with value: 7.5236404426698495.
[I 2026-03-16 14:08:04,048] Trial 1479 finished with value: 7.338916388114173 and parameters: {'n_estimators': 322, 'lambda': 0.00014399887901045841, 'subsample': 0.8482939979977724, 'colsample_bytree': 0.7863777665660439, 'learning_rate': 0.6470875941384852, 'max_depth': 3, 'min_child_weight': 6}. Best is trial 1273 with value: 7.5236404426698495.
[I 2026-03-16 14:08:52,981] Trial 1480 finished with value: 7.208628308005904 and parameters: {'n_estimators': 324, 'lambda': 0.00040927114472953, 'subsample': 0.880105397095562, 'colsample_bytree': 0.7490711027810242, 'learning_rate': 0.6581518400982845, 'max_depth': 3, 'min_child_weight': 8}. Best is trial 1273 with value: 7.5236404426698495.
[I 2026-03-16 14:08:57,779] Trial 1481 finished with value: 7.084959856889695 and parameters: {'n_estimators': 319, 'lambda': 0.00021861006876307883, 'subsample': 0.8816702716456377, 'colsample_bytree': 0.777636001835871, 'learning_rate': 0.6544769740668651, 'max_depth': 3, 'min_child_weight': 6}. Best is trial 1273 with value: 7.5236404426698495.
[I 2026-03-16 14:09:12,983] Trial 1482 finished with value: 7.099433757691146 and parameters: {'n_estimators': 327, 'lambda': 0.00010792653315022312, 'subsample': 0.8865955282987349, 'colsample_bytree': 0.7897763822018413, 'learning_rate': 0.6522125639188384, 'max_depth': 3, 'min_child_weight': 6}. Best is trial 1273 with value: 7.5236404426698495.
[I 2026-03-16 14:09:24,846] Trial 1483 finished with value: 7.126944388475065 and parameters: {'n_estimators': 321, 'lambda': 0.00021099766263420343, 'subsample': 0.8834096601581611, 'colsample_bytree': 0.7683235741062637, 'learning_rate': 0.6402968506999596, 'max_depth': 3, 'min_child_weight': 6}. Best is trial 1273 with value: 7.5236404426698495.
[I 2026-03-16 14:09:32,379] Trial 1484 finished with value: 7.221522895747146 and parameters: {'n_estimators': 327, 'lambda': 0.00011198029824771973, 'subsample': 0.8540329598572244, 'colsample_bytree': 0.7551148315035283, 'learning_rate': 0.638173541279475, 'max_depth': 3, 'min_child_weight': 6}. Best is trial 1273 with value: 7.5236404426698495.
[I 2026-03-16 14:09:34,404] Trial 1485 finished with value: 7.268927117660427 and parameters: {'n_estimators': 326, 'lambda': 0.00024069427416694892, 'subsample': 0.8678044140285381, 'colsample_bytree': 0.7903601937603761, 'learning_rate': 0.6462110760139891, 'max_depth': 3, 'min_child_weight': 6}. Best is trial 1273 with value: 7.5236404426698495.
[I 2026-03-16 14:10:21,195] Trial 1487 finished with value: 7.110602799159151 and parameters: {'n_estimators': 302, 'lambda': 0.0002903913465705706, 'subsample': 0.8771730359321148, 'colsample_bytree': 0.791487354238034, 'learning_rate': 0.6352583203741293, 'max_depth': 3, 'min_child_weight': 6}. Best is trial 1273 with value: 7.5236404426698495.
[I 2026-03-16 14:10:26,485] Trial 1486 finished with value: 7.105803921707542 and parameters: {'n_estimators': 323, 'lambda': 8.347667833563876e-05, 'subsample': 0.8862631768013687, 'colsample_bytree': 0.7676347099985652, 'learning_rate': 0.6433385521026718, 'max_depth': 3, 'min_child_weight': 6}. Best is trial 1273 with value: 7.5236404426698495.
[I 2026-03-16 14:10:38,874] Trial 1488 finished with value: 7.163980766386258 and parameters: {'n_estimators': 307, 'lambda': 0.0002930573258782431, 'subsample': 0.8953715370398159, 'colsample_bytree': 0.7430768738155548, 'learning_rate': 0.6381178060122725, 'max_depth': 3, 'min_child_weight': 6}. Best is trial 1273 with value: 7.5236404426698495.
[I 2026-03-16 14:10:55,924] Trial 1490 finished with value: 7.077291382248932 and parameters: {'n_estimators': 299, 'lambda': 0.0002646791281666782, 'subsample': 0.9030754251732822, 'colsample_bytree': 0.7692588484303805, 'learning_rate': 0.635709877655271, 'max_depth': 3, 'min_child_weight': 6}. Best is trial 1273 with value: 7.5236404426698495.
[I 2026-03-16 14:10:57,215] Trial 1489 finished with value: 7.1376786067520515 and parameters: {'n_estimators': 301, 'lambda': 0.00032468856842587257, 'subsample': 0.9112571358483099, 'colsample_bytree': 0.7472297019557047, 'learning_rate': 0.6319212578890752, 'max_depth': 3, 'min_child_weight': 6}. Best is trial 1273 with value: 7.5236404426698495.
[I 2026-03-16 14:10:57,390] Trial 1491 finished with value: 7.079552278165719 and parameters: {'n_estimators': 300, 'lambda': 0.0005295234258076733, 'subsample': 0.9108104274366048, 'colsample_bytree': 0.7512387189379877, 'learning_rate': 0.6755991973199229, 'max_depth': 3, 'min_child_weight': 6}. Best is trial 1273 with value: 7.5236404426698495.
[I 2026-03-16 14:11:40,195] Trial 1492 finished with value: 7.103138111751061 and parameters: {'n_estimators': 305, 'lambda': 0.000504681761781173, 'subsample': 0.9156308608978301, 'colsample_bytree': 0.7559370518959094, 'learning_rate': 0.6202646860569055, 'max_depth': 3, 'min_child_weight': 6}. Best is trial 1273 with value: 7.5236404426698495.
[I 2026-03-16 14:11:46,757] Trial 1493 finished with value: 7.201723870634568 and parameters: {'n_estimators': 301, 'lambda': 0.0005412439854110597, 'subsample': 0.9093641581821416, 'colsample_bytree': 0.8041533077725852, 'learning_rate': 0.6286404280564263, 'max_depth': 3, 'min_child_weight': 6}. Best is trial 1273 with value: 7.5236404426698495.
[I 2026-03-16 14:12:06,145] Trial 1494 finished with value: 7.372488542832233 and parameters: {'n_estimators': 299, 'lambda': 0.0005475768741210562, 'subsample': 0.9113404755829659, 'colsample_bytree': 0.8071647961347993, 'learning_rate': 0.6186307527471963, 'max_depth': 3, 'min_child_weight': 6}. Best is trial 1273 with value: 7.5236404426698495.
[I 2026-03-16 14:12:35,782] Trial 1495 finished with value: 7.171083644676786 and parameters: {'n_estimators': 345, 'lambda': 0.0005687751471738996, 'subsample': 0.9255547363869606, 'colsample_bytree': 0.8024471168203953, 'learning_rate': 0.6209822664626358, 'max_depth': 3, 'min_child_weight': 6}. Best is trial 1273 with value: 7.5236404426698495.
[I 2026-03-16 14:12:37,596] Trial 1496 finished with value: 7.206010375325126 and parameters: {'n_estimators': 351, 'lambda': 0.0005011759739470142, 'subsample': 0.919755579579908, 'colsample_bytree': 0.80580019636607, 'learning_rate': 0.6236222625544778, 'max_depth': 3, 'min_child_weight': 6}. Best is trial 1273 with value: 7.5236404426698495.
[I 2026-03-16 14:12:40,407] Trial 1497 finished with value: 7.249114641140501 and parameters: {'n_estimators': 351, 'lambda': 0.0005440194085365203, 'subsample': 0.9248435826572263, 'colsample_bytree': 0.805050972058966, 'learning_rate': 0.6218451757459, 'max_depth': 3, 'min_child_weight': 6}. Best is trial 1273 with value: 7.5236404426698495.
[I 2026-03-16 14:13:06,436] Trial 1499 finished with value: 7.207425921217872 and parameters: {'n_estimators': 273, 'lambda': 0.0009415368499180622, 'subsample': 0.9299776658562642, 'colsample_bytree': 0.8087627263586593, 'learning_rate': 0.6116644122309209, 'max_depth': 3, 'min_child_weight': 6}. Best is trial 1273 with value: 7.5236404426698495.
[I 2026-03-16 14:13:20,114] Trial 1498 finished with value: 7.201121273776158 and parameters: {'n_estimators': 348, 'lambda': 0.0011066413364661076, 'subsample': 0.9295361183117823, 'colsample_bytree': 0.8064690552424497, 'learning_rate': 0.6737424378736994, 'max_depth': 3, 'min_child_weight': 6}. Best is trial 1273 with value: 7.5236404426698495.
[I 2026-03-16 14:13:24,520] Trial 1500 finished with value: 7.256676368526782 and parameters: {'n_estimators': 276, 'lambda': 0.0003771647241943021, 'subsample': 0.9284920902399355, 'colsample_bytree': 0.7830384507550604, 'learning_rate': 0.6184202519941228, 'max_depth': 3, 'min_child_weight': 6}. Best is trial 1273 with value: 7.5236404426698495.
[I 2026-03-16 14:13:57,089] Trial 1501 finished with value: 7.349887353929677 and parameters: {'n_estimators': 279, 'lambda': 0.0004221104309910788, 'subsample': 0.9301000501515193, 'colsample_bytree': 0.7873272475694791, 'learning_rate': 0.6149475037271761, 'max_depth': 3, 'min_child_weight': 6}. Best is trial 1273 with value: 7.5236404426698495.
[I 2026-03-16 14:13:58,614] Trial 1502 finished with value: 7.178607568435216 and parameters: {'n_estimators': 277, 'lambda': 0.0003648104604804484, 'subsample': 0.9356070028103866, 'colsample_bytree': 0.7831065980779105, 'learning_rate': 0.6124953258252488, 'max_depth': 3, 'min_child_weight': 6}. Best is trial 1273 with value: 7.5236404426698495.
[I 2026-03-16 14:13:58,620] Trial 1503 finished with value: 7.259749779946508 and parameters: {'n_estimators': 277, 'lambda': 0.00014391203421997213, 'subsample': 0.9328945650761192, 'colsample_bytree': 0.7817713085814767, 'learning_rate': 0.6725614608367674, 'max_depth': 3, 'min_child_weight': 6}. Best is trial 1273 with value: 7.5236404426698495.
[I 2026-03-16 14:14:27,333] Trial 1504 finished with value: 7.291708749782976 and parameters: {'n_estimators': 276, 'lambda': 0.0003562462714518909, 'subsample': 0.9390926254680869, 'colsample_bytree': 0.7938586422216256, 'learning_rate': 0.6100404353344143, 'max_depth': 3, 'min_child_weight': 6}. Best is trial 1273 with value: 7.5236404426698495.
[I 2026-03-16 14:14:32,467] Trial 1505 finished with value: 7.246779876199199 and parameters: {'n_estimators': 268, 'lambda': 0.00040289698721766924, 'subsample': 0.9443980145933043, 'colsample_bytree': 0.76740713678994, 'learning_rate': 0.6111304492184283, 'max_depth': 3, 'min_child_weight': 6}. Best is trial 1273 with value: 7.5236404426698495.
[I 2026-03-16 14:14:37,474] Trial 1506 finished with value: 7.129895398710456 and parameters: {'n_estimators': 269, 'lambda': 0.0003961386891151212, 'subsample': 0.8965729985599459, 'colsample_bytree': 0.8189895564428765, 'learning_rate': 0.6104916225737389, 'max_depth': 3, 'min_child_weight': 6}. Best is trial 1273 with value: 7.5236404426698495.
[I 2026-03-16 14:15:08,928] Trial 1507 finished with value: 7.230622239776353 and parameters: {'n_estimators': 248, 'lambda': 0.0002221163560088979, 'subsample': 0.941404286128969, 'colsample_bytree': 0.7932343225716256, 'learning_rate': 0.625871899608206, 'max_depth': 3, 'min_child_weight': 6}. Best is trial 1273 with value: 7.5236404426698495.
[I 2026-03-16 14:15:08,932] Trial 1508 finished with value: 7.278676426343055 and parameters: {'n_estimators': 246, 'lambda': 0.00017665733935703337, 'subsample': 0.8966682626990269, 'colsample_bytree': 0.8187396788032432, 'learning_rate': 0.630809669473947, 'max_depth': 3, 'min_child_weight': 6}. Best is trial 1273 with value: 7.5236404426698495.
[I 2026-03-16 14:15:18,923] Trial 1509 finished with value: 7.285325537832517 and parameters: {'n_estimators': 291, 'lambda': 0.0002512147720199264, 'subsample': 0.942754301662644, 'colsample_bytree': 0.8263369497575738, 'learning_rate': 0.6275437274671857, 'max_depth': 3, 'min_child_weight': 6}. Best is trial 1273 with value: 7.5236404426698495.
[I 2026-03-16 14:15:45,789] Trial 1511 finished with value: 7.245076194194743 and parameters: {'n_estimators': 252, 'lambda': 0.00017858188561440584, 'subsample': 0.8964449614323273, 'colsample_bytree': 0.8182561040012005, 'learning_rate': 0.6294188010042592, 'max_depth': 3, 'min_child_weight': 5}. Best is trial 1273 with value: 7.5236404426698495.
[I 2026-03-16 14:15:49,100] Trial 1510 finished with value: 7.1072187832055125 and parameters: {'n_estimators': 293, 'lambda': 0.00020240402543836726, 'subsample': 0.9003982150242468, 'colsample_bytree': 0.8220166174304082, 'learning_rate': 0.6311074411125095, 'max_depth': 3, 'min_child_weight': 6}. Best is trial 1273 with value: 7.5236404426698495.
[I 2026-03-16 14:15:52,519] Trial 1512 finished with value: 7.318308726300779 and parameters: {'n_estimators': 252, 'lambda': 0.0002531120275181173, 'subsample': 0.9421852349537702, 'colsample_bytree': 0.8278280806254013, 'learning_rate': 0.629121762599406, 'max_depth': 3, 'min_child_weight': 5}. Best is trial 1273 with value: 7.5236404426698495.
[I 2026-03-16 14:16:30,605] Trial 1514 finished with value: 7.222769225822443 and parameters: {'n_estimators': 294, 'lambda': 0.0008210494125272654, 'subsample': 0.9625925998648878, 'colsample_bytree': 0.8218905183396088, 'learning_rate': 0.662966480645103, 'max_depth': 3, 'min_child_weight': 6}. Best is trial 1273 with value: 7.5236404426698495.
[I 2026-03-16 14:16:32,135] Trial 1513 finished with value: 7.214756497676859 and parameters: {'n_estimators': 297, 'lambda': 0.0007157384111224315, 'subsample': 0.9646171229230502, 'colsample_bytree': 0.8226533895648637, 'learning_rate': 0.6573357594094766, 'max_depth': 3, 'min_child_weight': 6}. Best is trial 1273 with value: 7.5236404426698495.
[I 2026-03-16 14:16:38,581] Trial 1515 finished with value: 7.289936637342313 and parameters: {'n_estimators': 292, 'lambda': 0.0006708967966713779, 'subsample': 0.9636920880381705, 'colsample_bytree': 0.8201058073038728, 'learning_rate': 0.6449598115568593, 'max_depth': 3, 'min_child_weight': 5}. Best is trial 1273 with value: 7.5236404426698495.
[I 2026-03-16 14:17:13,066] Trial 1516 finished with value: 7.139642392529041 and parameters: {'n_estimators': 298, 'lambda': 0.0006745599818197008, 'subsample': 0.9625089673509035, 'colsample_bytree': 0.7668821990004889, 'learning_rate': 0.662577552348424, 'max_depth': 3, 'min_child_weight': 6}. Best is trial 1273 with value: 7.5236404426698495.
[I 2026-03-16 14:17:16,873] Trial 1517 finished with value: 7.27440159840456 and parameters: {'n_estimators': 306, 'lambda': 0.0006777223975157991, 'subsample': 0.9594986986562344, 'colsample_bytree': 0.8442255814305961, 'learning_rate': 0.6497844692349651, 'max_depth': 3, 'min_child_weight': 6}. Best is trial 1273 with value: 7.5236404426698495.
[I 2026-03-16 14:17:22,656] Trial 1518 finished with value: 7.332263924305119 and parameters: {'n_estimators': 313, 'lambda': 0.0006863054833836891, 'subsample': 0.9639386140722503, 'colsample_bytree': 0.8421723709358987, 'learning_rate': 0.6529526448107139, 'max_depth': 3, 'min_child_weight': 6}. Best is trial 1273 with value: 7.5236404426698495.
[I 2026-03-16 14:17:59,290] Trial 1520 finished with value: 7.182405128843062 and parameters: {'n_estimators': 315, 'lambda': 0.0006745852450877326, 'subsample': 0.9187643563734598, 'colsample_bytree': 0.8439524169121525, 'learning_rate': 0.6027415331236741, 'max_depth': 3, 'min_child_weight': 7}. Best is trial 1273 with value: 7.5236404426698495.
[I 2026-03-16 14:18:00,502] Trial 1519 finished with value: 7.225752737982173 and parameters: {'n_estimators': 311, 'lambda': 0.0006692183513500679, 'subsample': 0.9631845446318442, 'colsample_bytree': 0.841315303036786, 'learning_rate': 0.6464574055181811, 'max_depth': 3, 'min_child_weight': 6}. Best is trial 1273 with value: 7.5236404426698495.
[I 2026-03-16 14:18:09,240] Trial 1521 finished with value: 7.18985591827567 and parameters: {'n_estimators': 321, 'lambda': 0.0005930933155088672, 'subsample': 0.9213239013250769, 'colsample_bytree': 0.8510857954978817, 'learning_rate': 0.6001481652103783, 'max_depth': 3, 'min_child_weight': 6}. Best is trial 1273 with value: 7.5236404426698495.
[I 2026-03-16 14:18:12,573] Trial 1522 finished with value: 7.209778830092521 and parameters: {'n_estimators': 211, 'lambda': 0.0010409070136827227, 'subsample': 0.9184132565505525, 'colsample_bytree': 0.8464311349545693, 'learning_rate': 0.6063440850341068, 'max_depth': 3, 'min_child_weight': 7}. Best is trial 1273 with value: 7.5236404426698495.
[I 2026-03-16 14:18:19,849] Trial 1523 finished with value: 7.1235673298410145 and parameters: {'n_estimators': 220, 'lambda': 0.0009570643514749024, 'subsample': 0.9142734373180258, 'colsample_bytree': 0.8439908898251062, 'learning_rate': 0.6003062367846476, 'max_depth': 3, 'min_child_weight': 6}. Best is trial 1273 with value: 7.5236404426698495.
[I 2026-03-16 14:18:27,047] Trial 1524 finished with value: 7.12935298905956 and parameters: {'n_estimators': 218, 'lambda': 0.0010500038306626473, 'subsample': 0.9205560496513566, 'colsample_bytree': 0.7972095081503806, 'learning_rate': 0.596848419098482, 'max_depth': 3, 'min_child_weight': 7}. Best is trial 1273 with value: 7.5236404426698495.
[I 2026-03-16 14:19:05,665] Trial 1525 finished with value: 7.197550622198862 and parameters: {'n_estimators': 216, 'lambda': 0.0011285787780206814, 'subsample': 0.9493390411657504, 'colsample_bytree': 0.7963824074365363, 'learning_rate': 0.5973089037976147, 'max_depth': 3, 'min_child_weight': 6}. Best is trial 1273 with value: 7.5236404426698495.
[I 2026-03-16 14:19:08,635] Trial 1527 finished with value: 7.249223811452662 and parameters: {'n_estimators': 213, 'lambda': 0.0010660082281402632, 'subsample': 0.947372517683395, 'colsample_bytree': 0.8000065946751244, 'learning_rate': 0.597159212786182, 'max_depth': 3, 'min_child_weight': 6}. Best is trial 1273 with value: 7.5236404426698495.
[I 2026-03-16 14:19:08,834] Trial 1526 finished with value: 7.128402638802946 and parameters: {'n_estimators': 210, 'lambda': 0.0010122869184369368, 'subsample': 0.9419144899170651, 'colsample_bytree': 0.7957769082057402, 'learning_rate': 0.6017437618870173, 'max_depth': 3, 'min_child_weight': 6}. Best is trial 1273 with value: 7.5236404426698495.
[I 2026-03-16 14:19:11,824] Trial 1528 finished with value: 7.1554951682274215 and parameters: {'n_estimators': 229, 'lambda': 0.00034169846376237863, 'subsample': 0.9506925540120159, 'colsample_bytree': 0.8011208061955181, 'learning_rate': 0.599694895428787, 'max_depth': 3, 'min_child_weight': 6}. Best is trial 1273 with value: 7.5236404426698495.
[I 2026-03-16 14:19:47,556] Trial 1529 finished with value: 7.21235851213533 and parameters: {'n_estimators': 326, 'lambda': 0.00038680307274506075, 'subsample': 0.9420583128505694, 'colsample_bytree': 0.8088676207526644, 'learning_rate': 0.6013052692525072, 'max_depth': 3, 'min_child_weight': 6}. Best is trial 1273 with value: 7.5236404426698495.
[I 2026-03-16 14:19:54,936] Trial 1530 finished with value: 7.211127287107728 and parameters: {'n_estimators': 331, 'lambda': 0.0003680108170617179, 'subsample': 0.9447420786616855, 'colsample_bytree': 0.7570908408309502, 'learning_rate': 0.6111342482164424, 'max_depth': 3, 'min_child_weight': 6}. Best is trial 1273 with value: 7.5236404426698495.
[I 2026-03-16 14:20:18,081] Trial 1532 finished with value: 7.348259101960673 and parameters: {'n_estimators': 266, 'lambda': 0.00037141090998985406, 'subsample': 0.9710256371647997, 'colsample_bytree': 0.81400222754831, 'learning_rate': 0.6157781848085107, 'max_depth': 3, 'min_child_weight': 6}. Best is trial 1273 with value: 7.5236404426698495.
[I 2026-03-16 14:20:21,238] Trial 1534 finished with value: 7.090372524885318 and parameters: {'n_estimators': 272, 'lambda': 0.000447187780821623, 'subsample': 0.9795347347578832, 'colsample_bytree': 0.7620613392476361, 'learning_rate': 0.6120950779839643, 'max_depth': 3, 'min_child_weight': 6}. Best is trial 1273 with value: 7.5236404426698495.
[I 2026-03-16 14:20:30,289] Trial 1533 finished with value: 7.2982457922539545 and parameters: {'n_estimators': 331, 'lambda': 0.00033915362698836403, 'subsample': 0.980372813335911, 'colsample_bytree': 0.7586818901334536, 'learning_rate': 0.6404938956357559, 'max_depth': 3, 'min_child_weight': 6}. Best is trial 1273 with value: 7.5236404426698495.
[I 2026-03-16 14:20:30,559] Trial 1531 finished with value: 7.221980136830337 and parameters: {'n_estimators': 335, 'lambda': 0.00043219333966386245, 'subsample': 0.9451898413224774, 'colsample_bytree': 0.7651717308532271, 'learning_rate': 0.6142808365341517, 'max_depth': 3, 'min_child_weight': 6}. Best is trial 1273 with value: 7.5236404426698495.
[I 2026-03-16 14:20:34,315] Trial 1535 finished with value: 7.1747286465277105 and parameters: {'n_estimators': 267, 'lambda': 0.00045294464819543607, 'subsample': 0.9771556144904706, 'colsample_bytree': 0.7594207545237093, 'learning_rate': 0.616158607227511, 'max_depth': 3, 'min_child_weight': 6}. Best is trial 1273 with value: 7.5236404426698495.
