[I 2026-03-18 19:44:42,800] Trial 448 finished with value: 2.2016214971822636 and parameters: {'n_estimators': 755, 'lambda': 1.9751703183355004e-08, 'subsample': 0.8535475980848685, 'colsample_bytree': 0.8934382765299059, 'learning_rate': 0.04611263736650875, 'max_depth': 7, 'min_child_weight': 5}. Best is trial 422 with value: 2.2597913539274477.
[I 2026-03-18 19:47:35,707] Trial 447 finished with value: 2.2574632986536143 and parameters: {'n_estimators': 796, 'lambda': 1.0935993604200047e-08, 'subsample': 0.8960012482705175, 'colsample_bytree': 0.8979234384080489, 'learning_rate': 0.047775618697527396, 'max_depth': 9, 'min_child_weight': 5}. Best is trial 422 with value: 2.2597913539274477.
[I 2026-03-18 19:48:06,406] Trial 450 finished with value: 2.240761331319245 and parameters: {'n_estimators': 760, 'lambda': 0.1811060908453227, 'subsample': 0.8983297141120142, 'colsample_bytree': 0.8674424401119833, 'learning_rate': 0.06535412649534358, 'max_depth': 9, 'min_child_weight': 6}. Best is trial 422 with value: 2.2597913539274477.
[I 2026-03-18 19:48:57,676] Trial 452 finished with value: 2.2331752578444943 and parameters: {'n_estimators': 834, 'lambda': 0.17872195292825524, 'subsample': 0.8707372955355309, 'colsample_bytree': 0.8986526056035038, 'learning_rate': 0.06570198993839124, 'max_depth': 8, 'min_child_weight': 5}. Best is trial 422 with value: 2.2597913539274477.
[I 2026-03-18 19:49:00,228] Trial 449 finished with value: 2.2593702143143224 and parameters: {'n_estimators': 852, 'lambda': 4.674806444943429e-08, 'subsample': 0.8807275468277216, 'colsample_bytree': 0.9418371019640662, 'learning_rate': 0.04675156758613037, 'max_depth': 9, 'min_child_weight': 5}. Best is trial 422 with value: 2.2597913539274477.
[I 2026-03-18 19:50:01,883] Trial 451 finished with value: 2.1769998223963545 and parameters: {'n_estimators': 813, 'lambda': 1.50698706652241e-08, 'subsample': 0.9017072361490459, 'colsample_bytree': 0.8627820674543605, 'learning_rate': 0.062226279858262186, 'max_depth': 9, 'min_child_weight': 5}. Best is trial 422 with value: 2.2597913539274477.
[I 2026-03-18 19:50:13,934] Trial 453 finished with value: 1.7146947841838127 and parameters: {'n_estimators': 835, 'lambda': 0.18298997472981637, 'subsample': 0.8928377729727434, 'colsample_bytree': 0.895746824863704, 'learning_rate': 0.5533023352660706, 'max_depth': 8, 'min_child_weight': 5}. Best is trial 422 with value: 2.2597913539274477.
[I 2026-03-18 19:53:30,649] Trial 455 finished with value: 1.7189714375074017 and parameters: {'n_estimators': 825, 'lambda': 1.3581823285629924e-08, 'subsample': 0.8896769327969486, 'colsample_bytree': 0.8972981415046045, 'learning_rate': 0.5521445976349605, 'max_depth': 8, 'min_child_weight': 5}. Best is trial 422 with value: 2.2597913539274477.
[I 2026-03-18 19:54:52,109] Trial 454 finished with value: 2.1772530754023576 and parameters: {'n_estimators': 822, 'lambda': 3.1396232390022667e-08, 'subsample': 0.8946126343516524, 'colsample_bytree': 0.8953094681873921, 'learning_rate': 0.06505998126595704, 'max_depth': 9, 'min_child_weight': 5}. Best is trial 422 with value: 2.2597913539274477.
[I 2026-03-18 19:56:19,398] Trial 457 finished with value: 2.25130493321487 and parameters: {'n_estimators': 813, 'lambda': 3.3741369834066374e-08, 'subsample': 0.8968705650292113, 'colsample_bytree': 0.9095105507775034, 'learning_rate': 0.04750073087884758, 'max_depth': 9, 'min_child_weight': 5}. Best is trial 422 with value: 2.2597913539274477.
[I 2026-03-18 19:56:24,423] Trial 456 finished with value: 2.0931382034264217 and parameters: {'n_estimators': 853, 'lambda': 2.817251032569725e-08, 'subsample': 0.9037386642534488, 'colsample_bytree': 0.9393923388283006, 'learning_rate': 0.07842448650023721, 'max_depth': 9, 'min_child_weight': 5}. Best is trial 422 with value: 2.2597913539274477.
[I 2026-03-18 19:57:18,018] Trial 459 finished with value: 2.0783390842883573 and parameters: {'n_estimators': 792, 'lambda': 4.140384094569146e-08, 'subsample': 0.9051241710988737, 'colsample_bytree': 0.9434771729204838, 'learning_rate': 0.07906251759787125, 'max_depth': 9, 'min_child_weight': 5}. Best is trial 422 with value: 2.2597913539274477.
[I 2026-03-18 19:58:06,100] Trial 458 finished with value: 2.2566061517828078 and parameters: {'n_estimators': 894, 'lambda': 1.0147331807468683e-08, 'subsample': 0.8822829723928735, 'colsample_bytree': 0.9410787184984591, 'learning_rate': 0.04398281902996133, 'max_depth': 9, 'min_child_weight': 5}. Best is trial 422 with value: 2.2597913539274477.
[I 2026-03-18 20:01:43,684] Trial 460 finished with value: 2.2493400549648084 and parameters: {'n_estimators': 905, 'lambda': 2.725645134649786e-08, 'subsample': 0.8671992972161842, 'colsample_bytree': 0.9484959163327014, 'learning_rate': 0.045222930013921095, 'max_depth': 9, 'min_child_weight': 5}. Best is trial 422 with value: 2.2597913539274477.
[I 2026-03-18 20:02:40,605] Trial 461 finished with value: 2.2544914067039983 and parameters: {'n_estimators': 865, 'lambda': 6.275109055884472e-08, 'subsample': 0.8749363342666344, 'colsample_bytree': 0.9407268477885734, 'learning_rate': 0.04722657603053419, 'max_depth': 9, 'min_child_weight': 5}. Best is trial 422 with value: 2.2597913539274477.
[I 2026-03-18 20:03:51,873] Trial 462 finished with value: 2.072926964450572 and parameters: {'n_estimators': 844, 'lambda': 6.48130456393249e-08, 'subsample': 0.864654290728705, 'colsample_bytree': 0.9588882835416613, 'learning_rate': 0.07920306005982054, 'max_depth': 9, 'min_child_weight': 5}. Best is trial 422 with value: 2.2597913539274477.
[I 2026-03-18 20:04:14,904] Trial 463 finished with value: 2.2512910205504504 and parameters: {'n_estimators': 870, 'lambda': 1.038082202315505e-08, 'subsample': 0.9119342816186503, 'colsample_bytree': 0.9441617447041227, 'learning_rate': 0.04659673269983412, 'max_depth': 9, 'min_child_weight': 5}. Best is trial 422 with value: 2.2597913539274477.
[I 2026-03-18 20:05:00,606] Trial 464 finished with value: 2.2559140265878845 and parameters: {'n_estimators': 845, 'lambda': 9.212917388507498e-08, 'subsample': 0.8762230325633468, 'colsample_bytree': 0.9538729589903692, 'learning_rate': 0.044841957119097, 'max_depth': 9, 'min_child_weight': 5}. Best is trial 422 with value: 2.2597913539274477.
[I 2026-03-18 20:06:02,723] Trial 465 finished with value: 2.24915352438833 and parameters: {'n_estimators': 875, 'lambda': 1.3029572268807521e-08, 'subsample': 0.8733150076242631, 'colsample_bytree': 0.9290356539801504, 'learning_rate': 0.0428966904371666, 'max_depth': 9, 'min_child_weight': 5}. Best is trial 422 with value: 2.2597913539274477.
[I 2026-03-18 20:09:45,725] Trial 466 finished with value: 2.2540763962215715 and parameters: {'n_estimators': 887, 'lambda': 1.0374917646865051e-08, 'subsample': 0.8294487749823294, 'colsample_bytree': 0.9588177411408999, 'learning_rate': 0.044390388980682635, 'max_depth': 9, 'min_child_weight': 5}. Best is trial 422 with value: 2.2597913539274477.
[I 2026-03-18 20:10:34,628] Trial 467 finished with value: 2.2540545682552025 and parameters: {'n_estimators': 862, 'lambda': 1.2066007609684102e-08, 'subsample': 0.854830181906454, 'colsample_bytree': 0.9650817763868427, 'learning_rate': 0.042895304837909536, 'max_depth': 9, 'min_child_weight': 5}. Best is trial 422 with value: 2.2597913539274477.
[I 2026-03-18 20:11:46,255] Trial 468 finished with value: 2.253785496023303 and parameters: {'n_estimators': 874, 'lambda': 1.0383803616916533e-08, 'subsample': 0.8752490659720159, 'colsample_bytree': 0.9766302804629456, 'learning_rate': 0.04007767063516653, 'max_depth': 9, 'min_child_weight': 5}. Best is trial 422 with value: 2.2597913539274477.
[I 2026-03-18 20:12:24,866] Trial 469 finished with value: 2.259296104635318 and parameters: {'n_estimators': 890, 'lambda': 1.5374390828692366e-08, 'subsample': 0.8380813265889537, 'colsample_bytree': 0.9676145960361906, 'learning_rate': 0.04190015830777508, 'max_depth': 9, 'min_child_weight': 5}. Best is trial 422 with value: 2.2597913539274477.
[I 2026-03-18 20:13:10,951] Trial 470 finished with value: 2.2544117150711123 and parameters: {'n_estimators': 889, 'lambda': 1.6314251724349226e-07, 'subsample': 0.874395861160641, 'colsample_bytree': 0.9593631943813858, 'learning_rate': 0.038558599681317605, 'max_depth': 9, 'min_child_weight': 5}. Best is trial 422 with value: 2.2597913539274477.
[I 2026-03-18 20:14:13,431] Trial 471 finished with value: 0.0 and parameters: {'n_estimators': 905, 'lambda': 8.369297342486011e-08, 'subsample': 0.8426969593206995, 'colsample_bytree': 0.9271853264205385, 'learning_rate': 0.043494943460240146, 'max_depth': 9, 'min_child_weight': 5}. Best is trial 422 with value: 2.2597913539274477.
[I 2026-03-18 20:17:53,958] Trial 472 finished with value: 2.2582406228463716 and parameters: {'n_estimators': 891, 'lambda': 1.7590257293789268e-08, 'subsample': 0.8534506651350442, 'colsample_bytree': 0.967268232206279, 'learning_rate': 0.04075795855333677, 'max_depth': 9, 'min_child_weight': 5}. Best is trial 422 with value: 2.2597913539274477.
[I 2026-03-18 20:18:42,010] Trial 473 finished with value: 2.256445663992524 and parameters: {'n_estimators': 880, 'lambda': 1.6236477785035485e-07, 'subsample': 0.8238945148600345, 'colsample_bytree': 0.974413807106913, 'learning_rate': 0.03958316976149128, 'max_depth': 9, 'min_child_weight': 5}. Best is trial 422 with value: 2.2597913539274477.
[I 2026-03-18 20:20:09,377] Trial 474 finished with value: 2.253887433807832 and parameters: {'n_estimators': 912, 'lambda': 1.3266826967073455e-08, 'subsample': 0.8485189995897683, 'colsample_bytree': 0.988283245890387, 'learning_rate': 0.038594460763753044, 'max_depth': 9, 'min_child_weight': 5}. Best is trial 422 with value: 2.2597913539274477.
[I 2026-03-18 20:20:37,513] Trial 475 finished with value: 2.244175436040524 and parameters: {'n_estimators': 893, 'lambda': 1.7410838011797833e-08, 'subsample': 0.8478874497794132, 'colsample_bytree': 0.9870450330163786, 'learning_rate': 0.031025909123533018, 'max_depth': 9, 'min_child_weight': 5}. Best is trial 422 with value: 2.2597913539274477.
[I 2026-03-18 20:21:29,874] Trial 476 finished with value: 2.25817555948832 and parameters: {'n_estimators': 897, 'lambda': 1.0553621482694323e-07, 'subsample': 0.8291577970314583, 'colsample_bytree': 0.9757860993064791, 'learning_rate': 0.03467864601781885, 'max_depth': 9, 'min_child_weight': 5}. Best is trial 422 with value: 2.2597913539274477.
[I 2026-03-18 20:22:24,638] Trial 477 finished with value: 2.2516907433815136 and parameters: {'n_estimators': 888, 'lambda': 1.728264938402205e-08, 'subsample': 0.8278121197638417, 'colsample_bytree': 0.9926206196184518, 'learning_rate': 0.03048530605892672, 'max_depth': 9, 'min_child_weight': 5}. Best is trial 422 with value: 2.2597913539274477.
[I 2026-03-18 20:26:12,114] Trial 478 finished with value: 2.2472902335769014 and parameters: {'n_estimators': 883, 'lambda': 1.5920698791972954e-08, 'subsample': 0.8265771278810073, 'colsample_bytree': 0.9903955613844799, 'learning_rate': 0.030465272420151117, 'max_depth': 9, 'min_child_weight': 5}. Best is trial 422 with value: 2.2597913539274477.
[I 2026-03-18 20:26:57,159] Trial 479 finished with value: 2.250742813445896 and parameters: {'n_estimators': 892, 'lambda': 1.462302848615844e-07, 'subsample': 0.8296666270994925, 'colsample_bytree': 0.9905171690421981, 'learning_rate': 0.031864496008857796, 'max_depth': 9, 'min_child_weight': 5}. Best is trial 422 with value: 2.2597913539274477.
[I 2026-03-18 20:28:28,000] Trial 480 finished with value: 2.248090960383486 and parameters: {'n_estimators': 891, 'lambda': 2.03756349168658e-07, 'subsample': 0.8360759420936368, 'colsample_bytree': 0.9843996450473239, 'learning_rate': 0.030657518787300674, 'max_depth': 9, 'min_child_weight': 5}. Best is trial 422 with value: 2.2597913539274477.
[I 2026-03-18 20:28:44,774] Trial 481 finished with value: 2.2519098894681617 and parameters: {'n_estimators': 883, 'lambda': 1.870278090034754e-07, 'subsample': 0.8302589463103125, 'colsample_bytree': 0.9747647694344375, 'learning_rate': 0.03572659823093234, 'max_depth': 9, 'min_child_weight': 5}. Best is trial 422 with value: 2.2597913539274477.
[I 2026-03-18 20:30:14,931] Trial 482 finished with value: 2.252762820257624 and parameters: {'n_estimators': 947, 'lambda': 1.852584396138223e-07, 'subsample': 0.8275402797612018, 'colsample_bytree': 0.9719714189220547, 'learning_rate': 0.03839444007340139, 'max_depth': 9, 'min_child_weight': 5}. Best is trial 422 with value: 2.2597913539274477.
[I 2026-03-18 20:31:16,093] Trial 483 finished with value: 2.258994190139666 and parameters: {'n_estimators': 964, 'lambda': 2.029987618784876e-07, 'subsample': 0.8363767369114674, 'colsample_bytree': 0.971857098347181, 'learning_rate': 0.03473039671641922, 'max_depth': 9, 'min_child_weight': 5}. Best is trial 422 with value: 2.2597913539274477.
[I 2026-03-18 20:34:49,182] Trial 485 finished with value: 1.800533401338289 and parameters: {'n_estimators': 904, 'lambda': 1.1621595848183467e-07, 'subsample': 0.8111835947239526, 'colsample_bytree': 0.9659853646344368, 'learning_rate': 0.20671214848817054, 'max_depth': 9, 'min_child_weight': 5}. Best is trial 422 with value: 2.2597913539274477.
[I 2026-03-18 20:34:49,792] Trial 484 finished with value: 2.254465862734537 and parameters: {'n_estimators': 939, 'lambda': 1.740598869242002e-07, 'subsample': 0.834598833806225, 'colsample_bytree': 0.9706104452606055, 'learning_rate': 0.03108669838284826, 'max_depth': 9, 'min_child_weight': 5}. Best is trial 422 with value: 2.2597913539274477.
[I 2026-03-18 20:37:04,476] Trial 486 finished with value: 2.250954969089287 and parameters: {'n_estimators': 926, 'lambda': 1.0512067565208445e-07, 'subsample': 0.8095048919189137, 'colsample_bytree': 0.9719722370421776, 'learning_rate': 0.031295243683263904, 'max_depth': 9, 'min_child_weight': 5}. Best is trial 422 with value: 2.2597913539274477.
[I 2026-03-18 20:37:19,553] Trial 487 finished with value: 2.2476870001327196 and parameters: {'n_estimators': 938, 'lambda': 3.949424050036933e-08, 'subsample': 0.8606944709374585, 'colsample_bytree': 0.9624674883058683, 'learning_rate': 0.03118033961040959, 'max_depth': 9, 'min_child_weight': 6}. Best is trial 422 with value: 2.2597913539274477.
[I 2026-03-18 20:38:45,118] Trial 488 finished with value: 2.2476539336087265 and parameters: {'n_estimators': 926, 'lambda': 9.439293247029674e-08, 'subsample': 0.8017594983837485, 'colsample_bytree': 0.9655115554929217, 'learning_rate': 0.04317668098287369, 'max_depth': 9, 'min_child_weight': 5}. Best is trial 422 with value: 2.2597913539274477.
[I 2026-03-18 20:39:50,243] Trial 489 finished with value: 2.2527153787311285 and parameters: {'n_estimators': 928, 'lambda': 8.974667063929549e-08, 'subsample': 0.8493437360756954, 'colsample_bytree': 0.9634565269974668, 'learning_rate': 0.030704771605840578, 'max_depth': 9, 'min_child_weight': 5}. Best is trial 422 with value: 2.2597913539274477.
[I 2026-03-18 20:43:31,333] Trial 490 finished with value: 2.250247457283792 and parameters: {'n_estimators': 930, 'lambda': 3.1271814188767866e-07, 'subsample': 0.7967451708043826, 'colsample_bytree': 0.9559776525698198, 'learning_rate': 0.030516921496609888, 'max_depth': 9, 'min_child_weight': 5}. Best is trial 422 with value: 2.2597913539274477.
[I 2026-03-18 20:43:31,336] Trial 491 finished with value: 2.2498188103812358 and parameters: {'n_estimators': 933, 'lambda': 3.7489036039811705e-07, 'subsample': 0.7907495078645406, 'colsample_bytree': 0.9571479008882753, 'learning_rate': 0.03072364596361892, 'max_depth': 9, 'min_child_weight': 5}. Best is trial 422 with value: 2.2597913539274477.
[I 2026-03-18 20:45:14,231] Trial 493 finished with value: 2.2393279629487877 and parameters: {'n_estimators': 861, 'lambda': 3.1360457955111303e-07, 'subsample': 0.783244335612068, 'colsample_bytree': 0.9603127761021473, 'learning_rate': 0.04218548324755421, 'max_depth': 9, 'min_child_weight': 5}. Best is trial 422 with value: 2.2597913539274477.
[I 2026-03-18 20:45:54,726] Trial 492 finished with value: 2.236951558079621 and parameters: {'n_estimators': 973, 'lambda': 8.098260142166106e-08, 'subsample': 0.853119426205977, 'colsample_bytree': 0.9580605521035028, 'learning_rate': 0.04254852982441085, 'max_depth': 9, 'min_child_weight': 5}. Best is trial 422 with value: 2.2597913539274477.
[I 2026-03-18 20:47:45,033] Trial 494 finished with value: 2.2528065689547185 and parameters: {'n_estimators': 974, 'lambda': 2.8987690805494174e-07, 'subsample': 0.8543781864055479, 'colsample_bytree': 0.9631486788939377, 'learning_rate': 0.03062055666881245, 'max_depth': 9, 'min_child_weight': 5}. Best is trial 422 with value: 2.2597913539274477.
[I 2026-03-18 20:48:30,411] Trial 495 finished with value: 2.258229858010559 and parameters: {'n_estimators': 958, 'lambda': 1.4316980187203177e-07, 'subsample': 0.8563814514205279, 'colsample_bytree': 0.9500016767641073, 'learning_rate': 0.04390136899909589, 'max_depth': 9, 'min_child_weight': 5}. Best is trial 422 with value: 2.2597913539274477.
[I 2026-03-18 20:52:29,216] Trial 497 finished with value: 2.2431928968883783 and parameters: {'n_estimators': 981, 'lambda': 6.531238051422903e-08, 'subsample': 0.8487277002615249, 'colsample_bytree': 0.9486078142713064, 'learning_rate': 0.045419662138345196, 'max_depth': 9, 'min_child_weight': 5}. Best is trial 422 with value: 2.2597913539274477.
[I 2026-03-18 20:52:38,672] Trial 496 finished with value: 2.206527248567475 and parameters: {'n_estimators': 985, 'lambda': 5.76977750043487e-08, 'subsample': 0.843340965066617, 'colsample_bytree': 0.9481680725850751, 'learning_rate': 0.04548385333402541, 'max_depth': 9, 'min_child_weight': 5}. Best is trial 422 with value: 2.2597913539274477.
[I 2026-03-18 20:52:52,981] Trial 498 finished with value: 2.2548335710481906 and parameters: {'n_estimators': 853, 'lambda': 6.136330480237415e-08, 'subsample': 0.8538727332966425, 'colsample_bytree': 0.9477586779524245, 'learning_rate': 0.04562608788890742, 'max_depth': 9, 'min_child_weight': 5}. Best is trial 422 with value: 2.2597913539274477.
[I 2026-03-18 20:53:29,891] Trial 499 finished with value: 2.244518434160567 and parameters: {'n_estimators': 854, 'lambda': 1.3339760626519129e-07, 'subsample': 0.8576632920260276, 'colsample_bytree': 0.9989402401178381, 'learning_rate': 0.046843226775749806, 'max_depth': 9, 'min_child_weight': 6}. Best is trial 422 with value: 2.2597913539274477.
[I 2026-03-18 20:55:29,588] Trial 500 finished with value: 2.24716667361516 and parameters: {'n_estimators': 866, 'lambda': 1.3358837136550773e-07, 'subsample': 0.8378929381266195, 'colsample_bytree': 0.9981456739626597, 'learning_rate': 0.046680984894156397, 'max_depth': 9, 'min_child_weight': 6}. Best is trial 422 with value: 2.2597913539274477.
[I 2026-03-18 20:57:14,464] Trial 501 finished with value: 2.2161823872583444 and parameters: {'n_estimators': 961, 'lambda': 1.541828802195943e-07, 'subsample': 0.8347424483226855, 'colsample_bytree': 0.9371984646024312, 'learning_rate': 0.046672299003733264, 'max_depth': 9, 'min_child_weight': 5}. Best is trial 422 with value: 2.2597913539274477.
[I 2026-03-18 21:00:57,375] Trial 504 finished with value: 1.7360031561502376 and parameters: {'n_estimators': 965, 'lambda': 1.3105543511222657e-07, 'subsample': 0.8188224536042878, 'colsample_bytree': 0.9393125471603131, 'learning_rate': 0.34319826577401236, 'max_depth': 9, 'min_child_weight': 6}. Best is trial 422 with value: 2.2597913539274477.
[I 2026-03-18 21:01:08,833] Trial 502 finished with value: 2.224828033285319 and parameters: {'n_estimators': 958, 'lambda': 1.4185083399604194e-07, 'subsample': 0.8206002980285073, 'colsample_bytree': 0.9970554323602926, 'learning_rate': 0.047881314022125365, 'max_depth': 9, 'min_child_weight': 6}. Best is trial 422 with value: 2.2597913539274477.
[I 2026-03-18 21:01:15,947] Trial 503 finished with value: 2.2172291136385924 and parameters: {'n_estimators': 954, 'lambda': 1.4469656448565258e-07, 'subsample': 0.8210514018598974, 'colsample_bytree': 0.9787793477372757, 'learning_rate': 0.0465967732694928, 'max_depth': 9, 'min_child_weight': 5}. Best is trial 422 with value: 2.2597913539274477.
[I 2026-03-18 21:02:04,549] Trial 505 finished with value: 2.193967185350031 and parameters: {'n_estimators': 949, 'lambda': 1.210861081331853e-07, 'subsample': 0.8185272574576117, 'colsample_bytree': 0.9385807597492297, 'learning_rate': 0.0499869783269833, 'max_depth': 9, 'min_child_weight': 5}. Best is trial 422 with value: 2.2597913539274477.
[I 2026-03-18 21:03:20,009] Trial 506 finished with value: 1.8512067611086729 and parameters: {'n_estimators': 899, 'lambda': 4.3684760929844136e-08, 'subsample': 0.820156521515943, 'colsample_bytree': 0.9376381684110348, 'learning_rate': 0.15588878688852084, 'max_depth': 9, 'min_child_weight': 5}. Best is trial 422 with value: 2.2597913539274477.
[I 2026-03-18 21:05:37,689] Trial 511 finished with value: 2.1522136255960556 and parameters: {'n_estimators': 916, 'lambda': 2.167136233785991e-07, 'subsample': 0.8645918595028115, 'colsample_bytree': 0.9775867713044969, 'learning_rate': 0.05702725307239323, 'max_depth': 5, 'min_child_weight': 5}. Best is trial 422 with value: 2.2597913539274477.
[I 2026-03-18 21:05:46,516] Trial 507 finished with value: 2.238955518503201 and parameters: {'n_estimators': 955, 'lambda': 2.025775130160321e-07, 'subsample': 0.8705275426310914, 'colsample_bytree': 0.9442491973054961, 'learning_rate': 0.049388777623371086, 'max_depth': 9, 'min_child_weight': 5}. Best is trial 422 with value: 2.2597913539274477.
