[I 2026-03-18 16:32:07,319] Trial 256 finished with value: 2.1884531037863333 and parameters: {'n_estimators': 768, 'lambda': 0.909510049294397, 'subsample': 0.9549011638303856, 'colsample_bytree': 0.755080065085439, 'learning_rate': 0.0773753658223331, 'max_depth': 9, 'min_child_weight': 4}. Best is trial 227 with value: 2.2547676093875957.
[I 2026-03-18 16:32:58,213] Trial 259 finished with value: 2.1873167811471186 and parameters: {'n_estimators': 655, 'lambda': 0.30997136026624333, 'subsample': 0.9516030942866556, 'colsample_bytree': 0.7513713033159529, 'learning_rate': 0.07940004248320016, 'max_depth': 9, 'min_child_weight': 4}. Best is trial 227 with value: 2.2547676093875957.
[I 2026-03-18 16:35:15,605] Trial 260 finished with value: 2.2098394781241195 and parameters: {'n_estimators': 654, 'lambda': 0.3057522596341035, 'subsample': 0.9516404568277002, 'colsample_bytree': 0.7534690066794956, 'learning_rate': 0.08020659850526807, 'max_depth': 9, 'min_child_weight': 4}. Best is trial 227 with value: 2.2547676093875957.
[I 2026-03-18 16:35:34,196] Trial 261 finished with value: 2.1972030703510717 and parameters: {'n_estimators': 653, 'lambda': 0.32170202393875363, 'subsample': 0.9492545583019554, 'colsample_bytree': 0.6873081286217999, 'learning_rate': 0.08039988983568992, 'max_depth': 9, 'min_child_weight': 4}. Best is trial 227 with value: 2.2547676093875957.
[I 2026-03-18 16:37:10,781] Trial 262 finished with value: 2.0938384898191873 and parameters: {'n_estimators': 654, 'lambda': 0.4810362110952985, 'subsample': 0.912500510557264, 'colsample_bytree': 0.68256405910692, 'learning_rate': 0.10640280559391671, 'max_depth': 9, 'min_child_weight': 4}. Best is trial 227 with value: 2.2547676093875957.
[I 2026-03-18 16:37:43,479] Trial 266 finished with value: 2.1221859044642715 and parameters: {'n_estimators': 717, 'lambda': 0.03361379988198898, 'subsample': 0.906763680265581, 'colsample_bytree': 0.6765706543959434, 'learning_rate': 0.06414488003092741, 'max_depth': 4, 'min_child_weight': 4}. Best is trial 227 with value: 2.2547676093875957.
[I 2026-03-18 16:37:43,483] Trial 263 finished with value: 2.1177702824973994 and parameters: {'n_estimators': 718, 'lambda': 0.45891436510558004, 'subsample': 0.9840053926355211, 'colsample_bytree': 0.6837338560519696, 'learning_rate': 0.10628369106166338, 'max_depth': 9, 'min_child_weight': 4}. Best is trial 227 with value: 2.2547676093875957.
[I 2026-03-18 16:38:18,302] Trial 264 finished with value: 2.0301768378726592 and parameters: {'n_estimators': 722, 'lambda': 0.5194775025951893, 'subsample': 0.9122903536119775, 'colsample_bytree': 0.6737882484445373, 'learning_rate': 0.10717138264614252, 'max_depth': 9, 'min_child_weight': 4}. Best is trial 227 with value: 2.2547676093875957.
[I 2026-03-18 16:39:12,962] Trial 265 finished with value: 2.0516749797455844 and parameters: {'n_estimators': 736, 'lambda': 0.03331036084140984, 'subsample': 0.9829465687938935, 'colsample_bytree': 0.6681777716406363, 'learning_rate': 0.10628060166473696, 'max_depth': 9, 'min_child_weight': 4}. Best is trial 227 with value: 2.2547676093875957.
[I 2026-03-18 16:41:51,432] Trial 267 finished with value: 2.042232802009064 and parameters: {'n_estimators': 720, 'lambda': 0.5037379971423651, 'subsample': 0.9160008726999381, 'colsample_bytree': 0.6774116990255643, 'learning_rate': 0.10938765227395861, 'max_depth': 9, 'min_child_weight': 4}. Best is trial 227 with value: 2.2547676093875957.
[I 2026-03-18 16:43:38,053] Trial 268 finished with value: 0.0 and parameters: {'n_estimators': 725, 'lambda': 0.5904173506802857, 'subsample': 0.9791733335495812, 'colsample_bytree': 0.6710778213100627, 'learning_rate': 0.06049176909749687, 'max_depth': 9, 'min_child_weight': 4}. Best is trial 227 with value: 2.2547676093875957.
[I 2026-03-18 16:44:18,480] Trial 270 finished with value: 2.233737971183948 and parameters: {'n_estimators': 730, 'lambda': 0.593173661289051, 'subsample': 0.9827083641319916, 'colsample_bytree': 0.6686272267920575, 'learning_rate': 0.04719051322358667, 'max_depth': 9, 'min_child_weight': 4}. Best is trial 227 with value: 2.2547676093875957.
[I 2026-03-18 16:44:26,437] Trial 269 finished with value: 2.2466190797246215 and parameters: {'n_estimators': 736, 'lambda': 0.6825656992873116, 'subsample': 0.9810036867108305, 'colsample_bytree': 0.7178407053771979, 'learning_rate': 0.04931417933888129, 'max_depth': 9, 'min_child_weight': 4}. Best is trial 227 with value: 2.2547676093875957.
[I 2026-03-18 16:44:44,513] Trial 271 finished with value: 2.249111809280107 and parameters: {'n_estimators': 731, 'lambda': 0.6529566638013985, 'subsample': 0.9832051110792572, 'colsample_bytree': 0.7190343006371996, 'learning_rate': 0.046595800292396156, 'max_depth': 9, 'min_child_weight': 4}. Best is trial 227 with value: 2.2547676093875957.
[I 2026-03-18 16:45:35,162] Trial 272 finished with value: 2.22557095904469 and parameters: {'n_estimators': 685, 'lambda': 0.6469977241119068, 'subsample': 0.9236502144510004, 'colsample_bytree': 0.7208305757339363, 'learning_rate': 0.031218775893353132, 'max_depth': 9, 'min_child_weight': 4}. Best is trial 227 with value: 2.2547676093875957.
[I 2026-03-18 16:47:31,784] Trial 273 finished with value: 2.235050456679552 and parameters: {'n_estimators': 630, 'lambda': 0.6775487947149937, 'subsample': 0.9796356599058209, 'colsample_bytree': 0.7182837460384327, 'learning_rate': 0.0460198609281305, 'max_depth': 9, 'min_child_weight': 4}. Best is trial 227 with value: 2.2547676093875957.
[I 2026-03-18 16:49:22,435] Trial 274 finished with value: 2.2370122537175474 and parameters: {'n_estimators': 631, 'lambda': 0.7261192478740394, 'subsample': 0.9384275663189012, 'colsample_bytree': 0.7207527266029802, 'learning_rate': 0.047171893975058485, 'max_depth': 9, 'min_child_weight': 4}. Best is trial 227 with value: 2.2547676093875957.
[I 2026-03-18 16:50:22,462] Trial 276 finished with value: 2.218491260434127 and parameters: {'n_estimators': 627, 'lambda': 6.346416907499416e-05, 'subsample': 0.9363491591282478, 'colsample_bytree': 0.6919740811865334, 'learning_rate': 0.03274030380115694, 'max_depth': 9, 'min_child_weight': 5}. Best is trial 227 with value: 2.2547676093875957.
[I 2026-03-18 16:50:35,831] Trial 275 finished with value: 2.2162907952115907 and parameters: {'n_estimators': 678, 'lambda': 0.996626887202114, 'subsample': 0.9363162196703567, 'colsample_bytree': 0.7186344127871039, 'learning_rate': 0.030218448127822973, 'max_depth': 9, 'min_child_weight': 5}. Best is trial 227 with value: 2.2547676093875957.
[I 2026-03-18 16:51:39,476] Trial 277 finished with value: 2.240821626989856 and parameters: {'n_estimators': 755, 'lambda': 0.0002717202434480455, 'subsample': 0.9274740299428965, 'colsample_bytree': 0.7383267161467073, 'learning_rate': 0.035669614921594706, 'max_depth': 9, 'min_child_weight': 5}. Best is trial 227 with value: 2.2547676093875957.
[I 2026-03-18 16:52:22,149] Trial 278 finished with value: 2.246548447857321 and parameters: {'n_estimators': 746, 'lambda': 0.22858183323816608, 'subsample': 0.937353698647825, 'colsample_bytree': 0.7377415805459612, 'learning_rate': 0.04374171804315401, 'max_depth': 9, 'min_child_weight': 5}. Best is trial 227 with value: 2.2547676093875957.
[I 2026-03-18 16:54:24,480] Trial 279 finished with value: 2.225082482992157 and parameters: {'n_estimators': 751, 'lambda': 0.3806290875529685, 'subsample': 0.9410822406245063, 'colsample_bytree': 0.7375535039716938, 'learning_rate': 0.03137916706466966, 'max_depth': 9, 'min_child_weight': 5}. Best is trial 227 with value: 2.2547676093875957.
[I 2026-03-18 16:55:47,870] Trial 280 finished with value: 2.216921089431352 and parameters: {'n_estimators': 685, 'lambda': 6.128374912710059e-05, 'subsample': 0.965439657593281, 'colsample_bytree': 0.7401726233769429, 'learning_rate': 0.03162905984204083, 'max_depth': 9, 'min_child_weight': 5}. Best is trial 227 with value: 2.2547676093875957.
[I 2026-03-18 16:56:40,705] Trial 281 finished with value: 2.250787764201523 and parameters: {'n_estimators': 687, 'lambda': 0.12288227611629852, 'subsample': 0.9664885672522874, 'colsample_bytree': 0.7437301535962624, 'learning_rate': 0.06338238877423667, 'max_depth': 9, 'min_child_weight': 3}. Best is trial 227 with value: 2.2547676093875957.
[I 2026-03-18 16:58:00,528] Trial 282 finished with value: 2.1938385057348793 and parameters: {'n_estimators': 834, 'lambda': 0.2482716082090811, 'subsample': 0.9659978588024152, 'colsample_bytree': 0.7873266701716223, 'learning_rate': 0.06281872056711502, 'max_depth': 9, 'min_child_weight': 3}. Best is trial 227 with value: 2.2547676093875957.
[I 2026-03-18 16:58:37,416] Trial 283 finished with value: 2.2506875276999887 and parameters: {'n_estimators': 778, 'lambda': 0.22378174460919173, 'subsample': 0.9668973388152771, 'colsample_bytree': 0.7390925823338097, 'learning_rate': 0.06304913265236164, 'max_depth': 9, 'min_child_weight': 3}. Best is trial 227 with value: 2.2547676093875957.
[I 2026-03-18 16:58:52,703] Trial 284 finished with value: 2.255607787625958 and parameters: {'n_estimators': 703, 'lambda': 0.4017446619870013, 'subsample': 0.9646749424767299, 'colsample_bytree': 0.7004120870634882, 'learning_rate': 0.06465557595763557, 'max_depth': 9, 'min_child_weight': 3}. Best is trial 284 with value: 2.255607787625958.
[I 2026-03-18 17:01:00,306] Trial 285 finished with value: 2.2194112847158234 and parameters: {'n_estimators': 707, 'lambda': 0.4217858658925798, 'subsample': 0.9660722091351115, 'colsample_bytree': 0.697874511962828, 'learning_rate': 0.06575492321986912, 'max_depth': 9, 'min_child_weight': 3}. Best is trial 284 with value: 2.255607787625958.
[I 2026-03-18 17:02:14,897] Trial 286 finished with value: 1.7244003006839383 and parameters: {'n_estimators': 777, 'lambda': 0.9811825262750369, 'subsample': 0.9592140501249553, 'colsample_bytree': 0.6984313882940122, 'learning_rate': 0.4975021425442515, 'max_depth': 9, 'min_child_weight': 3}. Best is trial 284 with value: 2.255607787625958.
[I 2026-03-18 17:02:51,242] Trial 287 finished with value: 2.243787912823085 and parameters: {'n_estimators': 707, 'lambda': 0.1243451681725604, 'subsample': 0.957570737328124, 'colsample_bytree': 0.7835007256902449, 'learning_rate': 0.06466305776686809, 'max_depth': 9, 'min_child_weight': 3}. Best is trial 284 with value: 2.255607787625958.
[I 2026-03-18 17:04:10,618] Trial 288 finished with value: 2.204118534256074 and parameters: {'n_estimators': 704, 'lambda': 0.11394248626935123, 'subsample': 0.8935268611121367, 'colsample_bytree': 0.6987665157858103, 'learning_rate': 0.0670711644619203, 'max_depth': 9, 'min_child_weight': 3}. Best is trial 284 with value: 2.255607787625958.
[I 2026-03-18 17:05:07,087] Trial 290 finished with value: 2.1422122973310183 and parameters: {'n_estimators': 709, 'lambda': 0.1670308874716694, 'subsample': 0.9889199354468681, 'colsample_bytree': 0.7031320438467796, 'learning_rate': 0.08761470898366146, 'max_depth': 9, 'min_child_weight': 3}. Best is trial 284 with value: 2.255607787625958.
[I 2026-03-18 17:05:32,160] Trial 289 finished with value: 2.2429909610754133 and parameters: {'n_estimators': 779, 'lambda': 0.11495605279119478, 'subsample': 0.9893351744007525, 'colsample_bytree': 0.5888630366161046, 'learning_rate': 0.061891735190142974, 'max_depth': 9, 'min_child_weight': 3}. Best is trial 284 with value: 2.255607787625958.
[I 2026-03-18 17:08:17,931] Trial 291 finished with value: 1.925349294329561 and parameters: {'n_estimators': 781, 'lambda': 0.10845544846631602, 'subsample': 0.3092529571436601, 'colsample_bytree': 0.5920807018516865, 'learning_rate': 0.0917022721442859, 'max_depth': 9, 'min_child_weight': 3}. Best is trial 284 with value: 2.255607787625958.
[I 2026-03-18 17:08:29,051] Trial 292 finished with value: 2.124117550303938 and parameters: {'n_estimators': 708, 'lambda': 0.09434607702529396, 'subsample': 0.9899398389116109, 'colsample_bytree': 0.7713070973219965, 'learning_rate': 0.09164037840163625, 'max_depth': 9, 'min_child_weight': 3}. Best is trial 284 with value: 2.255607787625958.
[I 2026-03-18 17:09:00,917] Trial 293 finished with value: 2.128219221847917 and parameters: {'n_estimators': 687, 'lambda': 0.12606298841923058, 'subsample': 0.9886544157008165, 'colsample_bytree': 0.7656825623005168, 'learning_rate': 0.09082285047245031, 'max_depth': 9, 'min_child_weight': 3}. Best is trial 284 with value: 2.255607787625958.
[I 2026-03-18 17:10:09,159] Trial 294 finished with value: 2.155423789938345 and parameters: {'n_estimators': 666, 'lambda': 0.14883834365080253, 'subsample': 0.986101429812914, 'colsample_bytree': 0.589097892168459, 'learning_rate': 0.09219404849011914, 'max_depth': 9, 'min_child_weight': 3}. Best is trial 284 with value: 2.255607787625958.
[I 2026-03-18 17:11:19,553] Trial 295 finished with value: 2.2518008372590304 and parameters: {'n_estimators': 675, 'lambda': 0.22517603463017255, 'subsample': 0.8492331189565647, 'colsample_bytree': 0.766158725816646, 'learning_rate': 0.0515274913008036, 'max_depth': 9, 'min_child_weight': 3}. Best is trial 284 with value: 2.255607787625958.
[I 2026-03-18 17:11:46,485] Trial 296 finished with value: 2.2377660965755046 and parameters: {'n_estimators': 665, 'lambda': 0.07468568103748252, 'subsample': 0.9731056713652706, 'colsample_bytree': 0.7617566114107647, 'learning_rate': 0.04923930620763704, 'max_depth': 9, 'min_child_weight': 3}. Best is trial 284 with value: 2.255607787625958.
[I 2026-03-18 17:14:23,665] Trial 297 finished with value: 2.2432354969273334 and parameters: {'n_estimators': 663, 'lambda': 0.200257632021338, 'subsample': 0.9712390702864664, 'colsample_bytree': 0.7619546191813632, 'learning_rate': 0.04866047808032168, 'max_depth': 9, 'min_child_weight': 3}. Best is trial 284 with value: 2.255607787625958.
[I 2026-03-18 17:14:37,066] Trial 298 finished with value: 2.235702167576017 and parameters: {'n_estimators': 667, 'lambda': 0.0008561477829693236, 'subsample': 0.9711594187718728, 'colsample_bytree': 0.7125696414967576, 'learning_rate': 0.049226596205647705, 'max_depth': 9, 'min_child_weight': 3}. Best is trial 284 with value: 2.255607787625958.
[I 2026-03-18 17:15:02,273] Trial 299 finished with value: 2.243351641959999 and parameters: {'n_estimators': 662, 'lambda': 0.36169786436167994, 'subsample': 0.9730760117530451, 'colsample_bytree': 0.7127989972725488, 'learning_rate': 0.050996746917306476, 'max_depth': 9, 'min_child_weight': 3}. Best is trial 284 with value: 2.255607787625958.
[I 2026-03-18 17:16:47,400] Trial 300 finished with value: 2.245684264534065 and parameters: {'n_estimators': 737, 'lambda': 0.20454200600359285, 'subsample': 0.9453340568189176, 'colsample_bytree': 0.7130316770393843, 'learning_rate': 0.05551696149987534, 'max_depth': 9, 'min_child_weight': 3}. Best is trial 284 with value: 2.255607787625958.
[I 2026-03-18 17:17:21,646] Trial 302 finished with value: 2.2017549232983984 and parameters: {'n_estimators': 606, 'lambda': 0.2159248290510679, 'subsample': 0.8396245389727159, 'colsample_bytree': 0.7443153373872017, 'learning_rate': 0.07452198097950877, 'max_depth': 9, 'min_child_weight': 3}. Best is trial 284 with value: 2.255607787625958.
[I 2026-03-18 17:17:31,297] Trial 301 finished with value: 2.247244445700886 and parameters: {'n_estimators': 668, 'lambda': 0.25197455295844057, 'subsample': 0.844921506450321, 'colsample_bytree': 0.7726118006902483, 'learning_rate': 0.051551171790758764, 'max_depth': 9, 'min_child_weight': 3}. Best is trial 284 with value: 2.255607787625958.
[I 2026-03-18 17:20:05,639] Trial 304 finished with value: 2.2472239158267033 and parameters: {'n_estimators': 601, 'lambda': 0.2851727219032744, 'subsample': 0.8579706534527165, 'colsample_bytree': 0.7446185709749938, 'learning_rate': 0.07261845469422135, 'max_depth': 9, 'min_child_weight': 3}. Best is trial 284 with value: 2.255607787625958.
[I 2026-03-18 17:20:30,698] Trial 303 finished with value: 1.7790389426699216 and parameters: {'n_estimators': 685, 'lambda': 0.23774931758822848, 'subsample': 0.9180840085290043, 'colsample_bytree': 0.7961550801661577, 'learning_rate': 0.32278768256278073, 'max_depth': 9, 'min_child_weight': 3}. Best is trial 284 with value: 2.255607787625958.
[I 2026-03-18 17:20:31,489] Trial 305 finished with value: 0.0 and parameters: {'n_estimators': 603, 'lambda': 0.25792801902283236, 'subsample': 0.921156943613847, 'colsample_bytree': 0.6457113976453943, 'learning_rate': 0.07514765206945641, 'max_depth': 9, 'min_child_weight': 3}. Best is trial 284 with value: 2.255607787625958.
[I 2026-03-18 17:22:09,632] Trial 306 finished with value: 2.2488766469316888 and parameters: {'n_estimators': 601, 'lambda': 0.0013625201827719181, 'subsample': 0.8603097933935242, 'colsample_bytree': 0.6463974668928214, 'learning_rate': 0.07625877700426154, 'max_depth': 9, 'min_child_weight': 3}. Best is trial 284 with value: 2.255607787625958.
[I 2026-03-18 17:23:17,074] Trial 310 finished with value: 2.144073145120941 and parameters: {'n_estimators': 688, 'lambda': 0.0013279250468656468, 'subsample': 0.8113736733930411, 'colsample_bytree': 0.6883346802964371, 'learning_rate': 0.06248783089766835, 'max_depth': 5, 'min_child_weight': 3}. Best is trial 284 with value: 2.255607787625958.
[I 2026-03-18 17:23:21,750] Trial 308 finished with value: 1.7097194965813467 and parameters: {'n_estimators': 682, 'lambda': 0.00129568527236437, 'subsample': 0.8929859964899375, 'colsample_bytree': 0.6924449569855017, 'learning_rate': 0.519878438324169, 'max_depth': 9, 'min_child_weight': 3}. Best is trial 284 with value: 2.255607787625958.
[I 2026-03-18 17:23:36,805] Trial 307 finished with value: 2.169848338109787 and parameters: {'n_estimators': 686, 'lambda': 0.0014077778138484472, 'subsample': 0.8044705515280414, 'colsample_bytree': 0.6421844263401141, 'learning_rate': 0.07416203685446117, 'max_depth': 9, 'min_child_weight': 3}. Best is trial 284 with value: 2.255607787625958.
[I 2026-03-18 17:26:09,863] Trial 309 finished with value: 2.1733277488085916 and parameters: {'n_estimators': 684, 'lambda': 0.2601393701419353, 'subsample': 0.9260855039721883, 'colsample_bytree': 0.653511051152753, 'learning_rate': 0.08017872731705478, 'max_depth': 9, 'min_child_weight': 3}. Best is trial 284 with value: 2.255607787625958.
[I 2026-03-18 17:26:44,608] Trial 311 finished with value: 2.2355904371681277 and parameters: {'n_estimators': 684, 'lambda': 0.39602483353310364, 'subsample': 0.9450571949876326, 'colsample_bytree': 0.6144322069353716, 'learning_rate': 0.0634607529458343, 'max_depth': 9, 'min_child_weight': 3}. Best is trial 284 with value: 2.255607787625958.
[I 2026-03-18 17:28:18,807] Trial 312 finished with value: 2.233140898106138 and parameters: {'n_estimators': 689, 'lambda': 0.3982376394734278, 'subsample': 0.9472344238499478, 'colsample_bytree': 0.6910763985184417, 'learning_rate': 0.06356783115844723, 'max_depth': 9, 'min_child_weight': 3}. Best is trial 284 with value: 2.255607787625958.
[I 2026-03-18 17:29:08,828] Trial 314 finished with value: 2.2500128590754076 and parameters: {'n_estimators': 637, 'lambda': 0.4136082288991379, 'subsample': 0.9453750728519285, 'colsample_bytree': 0.7268813083417974, 'learning_rate': 0.06091602306205987, 'max_depth': 9, 'min_child_weight': 4}. Best is trial 284 with value: 2.255607787625958.
[I 2026-03-18 17:30:00,182] Trial 313 finished with value: 2.245076074689847 and parameters: {'n_estimators': 750, 'lambda': 0.06116191585456222, 'subsample': 0.9446714171742439, 'colsample_bytree': 0.6116201184309498, 'learning_rate': 0.06215819993714683, 'max_depth': 9, 'min_child_weight': 4}. Best is trial 284 with value: 2.255607787625958.
[I 2026-03-18 17:30:22,805] Trial 315 finished with value: 2.242742281219244 and parameters: {'n_estimators': 753, 'lambda': 0.3680530002255377, 'subsample': 0.9440457261613532, 'colsample_bytree': 0.6138671399020283, 'learning_rate': 0.06234019001620111, 'max_depth': 9, 'min_child_weight': 4}. Best is trial 284 with value: 2.255607787625958.
[I 2026-03-18 17:31:33,670] Trial 316 finished with value: 1.7055405634752658 and parameters: {'n_estimators': 636, 'lambda': 0.3875428518164298, 'subsample': 0.9522752898429306, 'colsample_bytree': 0.7340701527352452, 'learning_rate': 0.6179142408143221, 'max_depth': 9, 'min_child_weight': 4}. Best is trial 284 with value: 2.255607787625958.
[I 2026-03-18 17:33:42,423] Trial 317 finished with value: 2.2451398301032817 and parameters: {'n_estimators': 757, 'lambda': 0.439777208748702, 'subsample': 0.9476747375484417, 'colsample_bytree': 0.7295313446977624, 'learning_rate': 0.06203532279077434, 'max_depth': 9, 'min_child_weight': 4}. Best is trial 284 with value: 2.255607787625958.
[I 2026-03-18 17:34:01,522] Trial 318 finished with value: 2.237461836227526 and parameters: {'n_estimators': 639, 'lambda': 0.15412063248286265, 'subsample': 0.9459500438672245, 'colsample_bytree': 0.7293716058070152, 'learning_rate': 0.044125576565461386, 'max_depth': 9, 'min_child_weight': 4}. Best is trial 284 with value: 2.255607787625958.
[I 2026-03-18 17:34:59,458] Trial 319 finished with value: 2.237927932088297 and parameters: {'n_estimators': 640, 'lambda': 0.42336683428438904, 'subsample': 0.9488604471681208, 'colsample_bytree': 0.7272641604824117, 'learning_rate': 0.04050038096940985, 'max_depth': 9, 'min_child_weight': 4}. Best is trial 284 with value: 2.255607787625958.
[I 2026-03-18 17:35:31,065] Trial 320 finished with value: 1.8271862625366815 and parameters: {'n_estimators': 642, 'lambda': 0.000589340494222885, 'subsample': 0.9584682770374154, 'colsample_bytree': 0.7303804252184162, 'learning_rate': 0.2576767242688774, 'max_depth': 9, 'min_child_weight': 4}. Best is trial 284 with value: 2.255607787625958.
