[I 2026-03-17 00:42:17,380] Trial 500 finished with value: 5.051954254478451 and parameters: {'n_estimators': 589, 'lambda': 0.004415734048381323, 'subsample': 0.833839086950209, 'colsample_bytree': 0.24378664569911765, 'learning_rate': 0.030728967342461146, 'max_depth': 6, 'min_child_weight': 10}. Best is trial 311 with value: 5.101188394588651.
[I 2026-03-17 00:42:31,480] Trial 499 finished with value: 4.6424109500136455 and parameters: {'n_estimators': 591, 'lambda': 0.0008701897854723775, 'subsample': 0.7977342898279118, 'colsample_bytree': 0.24361690735057007, 'learning_rate': 0.061267874247966314, 'max_depth': 7, 'min_child_weight': 10}. Best is trial 311 with value: 5.101188394588651.
[I 2026-03-17 00:42:48,298] Trial 502 finished with value: 4.71694900891695 and parameters: {'n_estimators': 567, 'lambda': 0.0008541657244873426, 'subsample': 0.7929182768638341, 'colsample_bytree': 0.24155932362962504, 'learning_rate': 0.030291823470991807, 'max_depth': 6, 'min_child_weight': 10}. Best is trial 311 with value: 5.101188394588651.
[I 2026-03-17 00:43:21,644] Trial 504 finished with value: 4.994077102348116 and parameters: {'n_estimators': 567, 'lambda': 0.00012656873982131375, 'subsample': 0.7714149907473618, 'colsample_bytree': 0.20206667451164542, 'learning_rate': 0.030482736276117358, 'max_depth': 6, 'min_child_weight': 10}. Best is trial 311 with value: 5.101188394588651.
[I 2026-03-17 00:43:31,454] Trial 503 finished with value: 4.643446551371046 and parameters: {'n_estimators': 541, 'lambda': 2.8926148576699105e-05, 'subsample': 0.8974704189889801, 'colsample_bytree': 0.24184648895437852, 'learning_rate': 0.06319868883533664, 'max_depth': 7, 'min_child_weight': 10}. Best is trial 311 with value: 5.101188394588651.
[I 2026-03-17 00:44:34,887] Trial 506 finished with value: 4.755106996827452 and parameters: {'n_estimators': 569, 'lambda': 0.002222522050933076, 'subsample': 0.7919368787271259, 'colsample_bytree': 0.28231520555751594, 'learning_rate': 0.030654576928860457, 'max_depth': 6, 'min_child_weight': 10}. Best is trial 311 with value: 5.101188394588651.
[I 2026-03-17 00:44:47,362] Trial 507 finished with value: 4.060129511344641 and parameters: {'n_estimators': 563, 'lambda': 0.004803138787092869, 'subsample': 0.7977963422876229, 'colsample_bytree': 0.2856777179450434, 'learning_rate': 0.47958481212945236, 'max_depth': 6, 'min_child_weight': 10}. Best is trial 311 with value: 5.101188394588651.
[I 2026-03-17 00:45:00,721] Trial 508 finished with value: 4.69714507491855 and parameters: {'n_estimators': 563, 'lambda': 0.0037761398144464243, 'subsample': 0.8188704328923844, 'colsample_bytree': 0.274291017327258, 'learning_rate': 0.04945308382606815, 'max_depth': 6, 'min_child_weight': 10}. Best is trial 311 with value: 5.101188394588651.
[I 2026-03-17 00:45:12,887] Trial 505 finished with value: 4.677810339246774 and parameters: {'n_estimators': 579, 'lambda': 0.00012360785956594663, 'subsample': 0.7790502326220003, 'colsample_bytree': 0.24317851883015204, 'learning_rate': 0.05298862133280963, 'max_depth': 7, 'min_child_weight': 10}. Best is trial 311 with value: 5.101188394588651.
[I 2026-03-17 00:45:17,258] Trial 509 finished with value: 4.6999893556455214 and parameters: {'n_estimators': 557, 'lambda': 0.004483905278888961, 'subsample': 0.7921541904532521, 'colsample_bytree': 0.2681621224086109, 'learning_rate': 0.050281957423569494, 'max_depth': 5, 'min_child_weight': 10}. Best is trial 311 with value: 5.101188394588651.
[I 2026-03-17 00:45:52,540] Trial 510 finished with value: 4.973447900145295 and parameters: {'n_estimators': 568, 'lambda': 0.01203733898797184, 'subsample': 0.8171642109107108, 'colsample_bytree': 0.26817786242882397, 'learning_rate': 0.04739579258801613, 'max_depth': 6, 'min_child_weight': 10}. Best is trial 311 with value: 5.101188394588651.
[I 2026-03-17 00:46:31,358] Trial 511 finished with value: 4.090631872993141 and parameters: {'n_estimators': 564, 'lambda': 0.005072929608544047, 'subsample': 0.8173130841741179, 'colsample_bytree': 0.27337759661533717, 'learning_rate': 0.6171309051120595, 'max_depth': 5, 'min_child_weight': 10}. Best is trial 311 with value: 5.101188394588651.
[I 2026-03-17 00:46:42,007] Trial 513 finished with value: 4.956426373711981 and parameters: {'n_estimators': 495, 'lambda': 0.008168585232501805, 'subsample': 0.8266319299978159, 'colsample_bytree': 0.26467563748707673, 'learning_rate': 0.04719634906625968, 'max_depth': 5, 'min_child_weight': 10}. Best is trial 311 with value: 5.101188394588651.
[I 2026-03-17 00:46:51,403] Trial 512 finished with value: 4.992727667724317 and parameters: {'n_estimators': 588, 'lambda': 0.004688326002652671, 'subsample': 0.8329273040127201, 'colsample_bytree': 0.2669298445340511, 'learning_rate': 0.050643919582988306, 'max_depth': 5, 'min_child_weight': 10}. Best is trial 311 with value: 5.101188394588651.
[I 2026-03-17 00:46:55,426] Trial 514 finished with value: 4.890695668802701 and parameters: {'n_estimators': 489, 'lambda': 0.004954955123313713, 'subsample': 0.8334354136859402, 'colsample_bytree': 0.26491084059910974, 'learning_rate': 0.043137885602207576, 'max_depth': 5, 'min_child_weight': 10}. Best is trial 311 with value: 5.101188394588651.
[I 2026-03-17 00:47:40,645] Trial 516 finished with value: 4.913670463656402 and parameters: {'n_estimators': 528, 'lambda': 0.0037908267652313437, 'subsample': 0.8343080095289734, 'colsample_bytree': 0.2228358891758208, 'learning_rate': 0.04229496113919276, 'max_depth': 5, 'min_child_weight': 10}. Best is trial 311 with value: 5.101188394588651.
[I 2026-03-17 00:47:48,636] Trial 515 finished with value: 4.765777298253633 and parameters: {'n_estimators': 588, 'lambda': 0.0018429862792617062, 'subsample': 0.8475110392306889, 'colsample_bytree': 0.2252648336792045, 'learning_rate': 0.04401203815840817, 'max_depth': 6, 'min_child_weight': 10}. Best is trial 311 with value: 5.101188394588651.
[I 2026-03-17 00:48:56,396] Trial 517 finished with value: 4.981744477709208 and parameters: {'n_estimators': 592, 'lambda': 0.00932468850033136, 'subsample': 0.826247578560041, 'colsample_bytree': 0.22555894719531558, 'learning_rate': 0.043061800526004446, 'max_depth': 6, 'min_child_weight': 10}. Best is trial 311 with value: 5.101188394588651.
[I 2026-03-17 00:49:08,711] Trial 518 finished with value: 4.951161665497644 and parameters: {'n_estimators': 596, 'lambda': 0.0015553639204003618, 'subsample': 0.831747159247141, 'colsample_bytree': 0.22490091788300076, 'learning_rate': 0.030528440848896648, 'max_depth': 6, 'min_child_weight': 10}. Best is trial 311 with value: 5.101188394588651.
[I 2026-03-17 00:49:24,993] Trial 519 finished with value: 4.753330192554888 and parameters: {'n_estimators': 596, 'lambda': 0.002514325325960273, 'subsample': 0.8325113417741681, 'colsample_bytree': 0.23009872737552142, 'learning_rate': 0.04132065385529305, 'max_depth': 6, 'min_child_weight': 10}. Best is trial 311 with value: 5.101188394588651.
[I 2026-03-17 00:49:26,669] Trial 520 finished with value: 4.7377968905791725 and parameters: {'n_estimators': 599, 'lambda': 0.0014834454549145883, 'subsample': 0.8307920021795798, 'colsample_bytree': 0.22578906910312044, 'learning_rate': 0.0404566125068291, 'max_depth': 6, 'min_child_weight': 10}. Best is trial 311 with value: 5.101188394588651.
[I 2026-03-17 00:50:07,893] Trial 521 finished with value: 4.778812992260663 and parameters: {'n_estimators': 596, 'lambda': 0.0022243238022892657, 'subsample': 0.8399396149592584, 'colsample_bytree': 0.2300490437331522, 'learning_rate': 0.0404319478985589, 'max_depth': 6, 'min_child_weight': 10}. Best is trial 311 with value: 5.101188394588651.
[I 2026-03-17 00:50:11,976] Trial 522 finished with value: 4.891922724846152 and parameters: {'n_estimators': 596, 'lambda': 2.770783833913659e-05, 'subsample': 0.8351988219713637, 'colsample_bytree': 0.24707735766718558, 'learning_rate': 0.06699204487088206, 'max_depth': 6, 'min_child_weight': 10}. Best is trial 311 with value: 5.101188394588651.
[I 2026-03-17 00:50:47,585] Trial 525 finished with value: 4.720615921018386 and parameters: {'n_estimators': 327, 'lambda': 0.001319627950560065, 'subsample': 0.8646103792442534, 'colsample_bytree': 0.2485357629885671, 'learning_rate': 0.06959421710787009, 'max_depth': 6, 'min_child_weight': 8}. Best is trial 311 with value: 5.101188394588651.
[I 2026-03-17 00:51:22,437] Trial 524 finished with value: 4.734219035498125 and parameters: {'n_estimators': 526, 'lambda': 2.5302118463290493e-05, 'subsample': 0.8435454346549975, 'colsample_bytree': 0.31414751481055747, 'learning_rate': 0.030647813610173227, 'max_depth': 6, 'min_child_weight': 5}. Best is trial 311 with value: 5.101188394588651.
[I 2026-03-17 00:51:23,608] Trial 523 finished with value: 5.027789350509661 and parameters: {'n_estimators': 622, 'lambda': 0.002313096459439134, 'subsample': 0.8419478943718097, 'colsample_bytree': 0.24312761631671562, 'learning_rate': 0.03095095243189716, 'max_depth': 6, 'min_child_weight': 10}. Best is trial 311 with value: 5.101188394588651.
[I 2026-03-17 00:51:27,737] Trial 527 finished with value: 4.703061062398812 and parameters: {'n_estimators': 324, 'lambda': 0.000108342345731169, 'subsample': 0.688466491564504, 'colsample_bytree': 0.30321557619562434, 'learning_rate': 0.06965459750983005, 'max_depth': 6, 'min_child_weight': 10}. Best is trial 311 with value: 5.101188394588651.
[I 2026-03-17 00:51:58,987] Trial 526 finished with value: 4.792960353074578 and parameters: {'n_estimators': 616, 'lambda': 6.173492685493761e-05, 'subsample': 0.8667949381958033, 'colsample_bytree': 0.2488118049669944, 'learning_rate': 0.06853736231869456, 'max_depth': 6, 'min_child_weight': 10}. Best is trial 311 with value: 5.101188394588651.
[I 2026-03-17 00:52:48,770] Trial 528 finished with value: 4.782133697954301 and parameters: {'n_estimators': 625, 'lambda': 0.0010944728799595542, 'subsample': 0.8656768709993041, 'colsample_bytree': 0.20158604925026588, 'learning_rate': 0.0614190803746204, 'max_depth': 6, 'min_child_weight': 5}. Best is trial 311 with value: 5.101188394588651.
[I 2026-03-17 00:53:21,765] Trial 529 finished with value: 4.64461654552438 and parameters: {'n_estimators': 627, 'lambda': 9.96401449960421e-05, 'subsample': 0.8659350034424472, 'colsample_bytree': 0.8020882459727077, 'learning_rate': 0.05853315052112837, 'max_depth': 6, 'min_child_weight': 10}. Best is trial 311 with value: 5.101188394588651.
[I 2026-03-17 00:53:51,626] Trial 530 finished with value: 4.847837387939139 and parameters: {'n_estimators': 628, 'lambda': 5.9821416828064234e-05, 'subsample': 0.8681035253942277, 'colsample_bytree': 0.21436447421140323, 'learning_rate': 0.05774147541535843, 'max_depth': 6, 'min_child_weight': 10}. Best is trial 311 with value: 5.101188394588651.
[I 2026-03-17 00:54:05,397] Trial 531 finished with value: 4.652589523861501 and parameters: {'n_estimators': 669, 'lambda': 0.0001188399951993028, 'subsample': 0.6919504576329818, 'colsample_bytree': 0.200839963545031, 'learning_rate': 0.09198819035241322, 'max_depth': 6, 'min_child_weight': 10}. Best is trial 311 with value: 5.101188394588651.
[I 2026-03-17 00:54:11,248] Trial 533 finished with value: 5.02522543802556 and parameters: {'n_estimators': 546, 'lambda': 0.0010846276270625602, 'subsample': 0.8901774924633069, 'colsample_bytree': 0.2128714567212009, 'learning_rate': 0.030346421596571267, 'max_depth': 6, 'min_child_weight': 10}. Best is trial 311 with value: 5.101188394588651.
[I 2026-03-17 00:54:11,248] Trial 532 finished with value: 4.740884803259554 and parameters: {'n_estimators': 665, 'lambda': 0.0005790803392459843, 'subsample': 0.865352103687889, 'colsample_bytree': 0.20141108781601588, 'learning_rate': 0.09121170827967559, 'max_depth': 6, 'min_child_weight': 10}. Best is trial 311 with value: 5.101188394588651.
[I 2026-03-17 00:55:00,473] Trial 534 finished with value: 4.851176737998649 and parameters: {'n_estimators': 547, 'lambda': 0.0007191899900363091, 'subsample': 0.8909289570499466, 'colsample_bytree': 0.21101275710994777, 'learning_rate': 0.05392163447303391, 'max_depth': 6, 'min_child_weight': 10}. Best is trial 311 with value: 5.101188394588651.
[I 2026-03-17 00:55:34,351] Trial 535 finished with value: 4.755390886143566 and parameters: {'n_estimators': 555, 'lambda': 0.0005077890764530541, 'subsample': 0.8900407121232154, 'colsample_bytree': 0.21425592027810142, 'learning_rate': 0.09507828655612717, 'max_depth': 6, 'min_child_weight': 9}. Best is trial 311 with value: 5.101188394588651.
[I 2026-03-17 00:56:19,901] Trial 538 finished with value: 4.704541618763944 and parameters: {'n_estimators': 519, 'lambda': 0.0005591825001792176, 'subsample': 0.8056652007506768, 'colsample_bytree': 0.2521787679010185, 'learning_rate': 0.03062631683246115, 'max_depth': 6, 'min_child_weight': 9}. Best is trial 311 with value: 5.101188394588651.
[I 2026-03-17 00:56:23,131] Trial 539 finished with value: 4.599332802221301 and parameters: {'n_estimators': 545, 'lambda': 0.0005710257017604835, 'subsample': 0.8102720186402523, 'colsample_bytree': 0.2553438952704638, 'learning_rate': 0.19263713213722317, 'max_depth': 6, 'min_child_weight': 9}. Best is trial 311 with value: 5.101188394588651.
[I 2026-03-17 00:56:25,779] Trial 537 finished with value: 4.0341366916641554 and parameters: {'n_estimators': 551, 'lambda': 0.0006325051591041797, 'subsample': 0.8855991940501423, 'colsample_bytree': 0.25526625187526747, 'learning_rate': 0.6689369154809952, 'max_depth': 6, 'min_child_weight': 9}. Best is trial 311 with value: 5.101188394588651.
[I 2026-03-17 00:56:26,812] Trial 536 finished with value: 4.789680356350981 and parameters: {'n_estimators': 667, 'lambda': 0.0005546657704567638, 'subsample': 0.8905010268354946, 'colsample_bytree': 0.21207765477828983, 'learning_rate': 0.09208402370320735, 'max_depth': 6, 'min_child_weight': 9}. Best is trial 311 with value: 5.101188394588651.
[I 2026-03-17 00:57:52,373] Trial 540 finished with value: 4.746233905264351 and parameters: {'n_estimators': 700, 'lambda': 1.30734261252295e-05, 'subsample': 0.8063055275177633, 'colsample_bytree': 0.2558399222496466, 'learning_rate': 0.030841742607512292, 'max_depth': 6, 'min_child_weight': 9}. Best is trial 311 with value: 5.101188394588651.
[I 2026-03-17 00:57:54,194] Trial 541 finished with value: 4.703737714594647 and parameters: {'n_estimators': 575, 'lambda': 1.3644451629217595e-05, 'subsample': 0.9251985409419793, 'colsample_bytree': 0.2561525990800765, 'learning_rate': 0.030768246968842488, 'max_depth': 6, 'min_child_weight': 10}. Best is trial 311 with value: 5.101188394588651.
[I 2026-03-17 00:58:23,031] Trial 545 finished with value: 4.720666270699004 and parameters: {'n_estimators': 465, 'lambda': 0.0011171416208026245, 'subsample': 0.936548175135249, 'colsample_bytree': 0.23511600859524492, 'learning_rate': 0.04413544777419142, 'max_depth': 6, 'min_child_weight': 10}. Best is trial 311 with value: 5.101188394588651.
[I 2026-03-17 00:58:25,076] Trial 543 finished with value: 4.699190889581542 and parameters: {'n_estimators': 466, 'lambda': 0.00015388288489092105, 'subsample': 0.4407523127558779, 'colsample_bytree': 0.23593724825242765, 'learning_rate': 0.046442648809395685, 'max_depth': 6, 'min_child_weight': 10}. Best is trial 311 with value: 5.101188394588651.
[I 2026-03-17 00:58:42,307] Trial 542 finished with value: 4.714221227431373 and parameters: {'n_estimators': 570, 'lambda': 0.0008495508663787939, 'subsample': 0.9303264338201105, 'colsample_bytree': 0.23533381575268467, 'learning_rate': 0.03024084194661016, 'max_depth': 6, 'min_child_weight': 10}. Best is trial 311 with value: 5.101188394588651.
[I 2026-03-17 00:59:16,870] Trial 544 finished with value: 5.028095342458968 and parameters: {'n_estimators': 700, 'lambda': 0.00016697244833365648, 'subsample': 0.9342833014722257, 'colsample_bytree': 0.2396976686883971, 'learning_rate': 0.03012548937834583, 'max_depth': 6, 'min_child_weight': 10}. Best is trial 311 with value: 5.101188394588651.
[I 2026-03-17 01:00:20,150] Trial 547 finished with value: 4.943166269557716 and parameters: {'n_estimators': 582, 'lambda': 0.00015101562127385252, 'subsample': 0.8493710949290707, 'colsample_bytree': 0.23673499292336916, 'learning_rate': 0.04999824037063729, 'max_depth': 6, 'min_child_weight': 10}. Best is trial 311 with value: 5.101188394588651.
[I 2026-03-17 01:00:20,768] Trial 546 finished with value: 4.935712581688428 and parameters: {'n_estimators': 578, 'lambda': 0.0010187844608063495, 'subsample': 0.923573415056607, 'colsample_bytree': 0.2358991910265762, 'learning_rate': 0.05002516240453385, 'max_depth': 6, 'min_child_weight': 10}. Best is trial 311 with value: 5.101188394588651.
[I 2026-03-17 01:00:37,382] Trial 548 finished with value: 4.918708236456398 and parameters: {'n_estimators': 577, 'lambda': 0.00013810655659151787, 'subsample': 0.8554103685943913, 'colsample_bytree': 0.2360929446154759, 'learning_rate': 0.049552641323244676, 'max_depth': 6, 'min_child_weight': 10}. Best is trial 311 with value: 5.101188394588651.
[I 2026-03-17 01:00:44,997] Trial 549 finished with value: 5.006598729063511 and parameters: {'n_estimators': 576, 'lambda': 8.449232287944282e-07, 'subsample': 0.850808249651672, 'colsample_bytree': 0.2890337728360859, 'learning_rate': 0.05348727291295787, 'max_depth': 6, 'min_child_weight': 10}. Best is trial 311 with value: 5.101188394588651.
[I 2026-03-17 01:01:10,529] Trial 550 finished with value: 4.9373223793356065 and parameters: {'n_estimators': 610, 'lambda': 0.0001567067172319409, 'subsample': 0.8495618327007197, 'colsample_bytree': 0.29317229822296365, 'learning_rate': 0.05188126916131104, 'max_depth': 6, 'min_child_weight': 10}. Best is trial 311 with value: 5.101188394588651.
[I 2026-03-17 01:01:37,768] Trial 551 finished with value: 4.969459561273888 and parameters: {'n_estimators': 608, 'lambda': 3.6231185672657715e-05, 'subsample': 0.8480318325183519, 'colsample_bytree': 0.22711886444838958, 'learning_rate': 0.05053561535421401, 'max_depth': 6, 'min_child_weight': 10}. Best is trial 311 with value: 5.101188394588651.
[I 2026-03-17 01:02:52,159] Trial 552 finished with value: 4.731045212134488 and parameters: {'n_estimators': 612, 'lambda': 8.708881636262714e-07, 'subsample': 0.8518389475309028, 'colsample_bytree': 0.27949791427807663, 'learning_rate': 0.05322272345581519, 'max_depth': 6, 'min_child_weight': 10}. Best is trial 311 with value: 5.101188394588651.
[I 2026-03-17 01:02:58,059] Trial 553 finished with value: 4.643838600566651 and parameters: {'n_estimators': 607, 'lambda': 4.4021411974645965e-07, 'subsample': 0.8514199384801123, 'colsample_bytree': 0.44190287977626863, 'learning_rate': 0.052801390497245276, 'max_depth': 6, 'min_child_weight': 2}. Best is trial 311 with value: 5.101188394588651.
[I 2026-03-17 01:03:03,512] Trial 554 finished with value: 4.709451492080847 and parameters: {'n_estimators': 609, 'lambda': 0.0028335965017804035, 'subsample': 0.8739146769835183, 'colsample_bytree': 0.29078839492328856, 'learning_rate': 0.043663773144616114, 'max_depth': 6, 'min_child_weight': 10}. Best is trial 311 with value: 5.101188394588651.
[I 2026-03-17 01:03:15,579] Trial 555 finished with value: 5.009901016959153 and parameters: {'n_estimators': 610, 'lambda': 0.0029173884076778896, 'subsample': 0.8759681332405745, 'colsample_bytree': 0.2201700104671025, 'learning_rate': 0.030147626907597848, 'max_depth': 6, 'min_child_weight': 10}. Best is trial 311 with value: 5.101188394588651.
[I 2026-03-17 01:03:39,755] Trial 556 finished with value: 4.254867402210362 and parameters: {'n_estimators': 609, 'lambda': 1.4106480389816948e-08, 'subsample': 0.8831492965076767, 'colsample_bytree': 0.21973035089679804, 'learning_rate': 0.4400232346779932, 'max_depth': 6, 'min_child_weight': 10}. Best is trial 311 with value: 5.101188394588651.
[I 2026-03-17 01:04:02,084] Trial 557 finished with value: 4.50041058475407 and parameters: {'n_estimators': 617, 'lambda': 0.00668233814256613, 'subsample': 0.8761295451597948, 'colsample_bytree': 0.3420997974486866, 'learning_rate': 0.04207797153493455, 'max_depth': 6, 'min_child_weight': 10}. Best is trial 311 with value: 5.101188394588651.
[I 2026-03-17 01:05:07,396] Trial 559 finished with value: 4.639838185973451 and parameters: {'n_estimators': 500, 'lambda': 0.002487463915312772, 'subsample': 0.8789987992549484, 'colsample_bytree': 0.21719779728367536, 'learning_rate': 0.03052753842666281, 'max_depth': 6, 'min_child_weight': 10}. Best is trial 311 with value: 5.101188394588651.
[I 2026-03-17 01:05:08,529] Trial 558 finished with value: 5.110424551198749 and parameters: {'n_estimators': 528, 'lambda': 0.0015538360532151108, 'subsample': 0.8775452913076986, 'colsample_bytree': 0.22001834127706263, 'learning_rate': 0.030260159857830007, 'max_depth': 6, 'min_child_weight': 10}. Best is trial 558 with value: 5.110424551198749.
[I 2026-03-17 01:05:28,816] Trial 560 finished with value: 4.917576930863921 and parameters: {'n_estimators': 635, 'lambda': 0.007352024322533591, 'subsample': 0.8955503673714955, 'colsample_bytree': 0.2203989029686938, 'learning_rate': 0.0410469726730595, 'max_depth': 6, 'min_child_weight': 10}. Best is trial 558 with value: 5.110424551198749.
[I 2026-03-17 01:05:46,831] Trial 561 finished with value: 4.044871662755731 and parameters: {'n_estimators': 627, 'lambda': 0.00026173967011784585, 'subsample': 0.8994820228327234, 'colsample_bytree': 0.26242639992644384, 'learning_rate': 0.6964763843604611, 'max_depth': 6, 'min_child_weight': 10}. Best is trial 558 with value: 5.110424551198749.
