[I 2026-03-17 13:03:24,484] Trial 117 finished with value: 4.639821095143946 and parameters: {'n_estimators': 813, 'lambda': 0.3272563600836945, 'subsample': 0.6890547636073763, 'colsample_bytree': 0.9848907945440506, 'learning_rate': 0.0788263466087489, 'max_depth': 3, 'min_child_weight': 10}. Best is trial 114 with value: 4.951274335763869.
[I 2026-03-17 13:04:23,759] Trial 111 finished with value: 4.532439600933483 and parameters: {'n_estimators': 718, 'lambda': 0.008548028658540997, 'subsample': 0.7300394958178542, 'colsample_bytree': 0.9719980415390225, 'learning_rate': 0.05699357965651821, 'max_depth': 8, 'min_child_weight': 10}. Best is trial 114 with value: 4.951274335763869.
[I 2026-03-17 13:04:50,789] Trial 118 finished with value: 4.6244326626335415 and parameters: {'n_estimators': 814, 'lambda': 0.012351077366794796, 'subsample': 0.8056717460505463, 'colsample_bytree': 0.9998645507881349, 'learning_rate': 0.07719340164687025, 'max_depth': 3, 'min_child_weight': 10}. Best is trial 114 with value: 4.951274335763869.
[I 2026-03-17 13:05:09,200] Trial 119 finished with value: 4.877750388765266 and parameters: {'n_estimators': 783, 'lambda': 0.012470085974355782, 'subsample': 0.8937480166960513, 'colsample_bytree': 0.9998680399572472, 'learning_rate': 0.08082452281668812, 'max_depth': 3, 'min_child_weight': 10}. Best is trial 114 with value: 4.951274335763869.
[I 2026-03-17 13:06:26,844] Trial 120 finished with value: 4.614413680060448 and parameters: {'n_estimators': 818, 'lambda': 0.011010195927634707, 'subsample': 0.6199246266669776, 'colsample_bytree': 0.8202603835024771, 'learning_rate': 0.07853554598123316, 'max_depth': 3, 'min_child_weight': 10}. Best is trial 114 with value: 4.951274335763869.
[I 2026-03-17 13:06:40,806] Trial 121 finished with value: 4.856569131371494 and parameters: {'n_estimators': 818, 'lambda': 0.007321734226582133, 'subsample': 0.8818595734340309, 'colsample_bytree': 0.8280934564497378, 'learning_rate': 0.07881819916245633, 'max_depth': 3, 'min_child_weight': 10}. Best is trial 114 with value: 4.951274335763869.
[I 2026-03-17 13:07:22,287] Trial 123 finished with value: 4.825390693391844 and parameters: {'n_estimators': 602, 'lambda': 0.07674968729987723, 'subsample': 0.627699729749481, 'colsample_bytree': 0.827967310634792, 'learning_rate': 0.10500039632229616, 'max_depth': 3, 'min_child_weight': 10}. Best is trial 114 with value: 4.951274335763869.
[I 2026-03-17 13:07:44,800] Trial 122 finished with value: 4.820100406991662 and parameters: {'n_estimators': 922, 'lambda': 0.0035389952395487477, 'subsample': 0.8857255789328896, 'colsample_bytree': 0.958581230580052, 'learning_rate': 0.10876037076436723, 'max_depth': 3, 'min_child_weight': 10}. Best is trial 114 with value: 4.951274335763869.
[I 2026-03-17 13:08:53,708] Trial 125 finished with value: 4.65616635350378 and parameters: {'n_estimators': 784, 'lambda': 0.0037073756269791957, 'subsample': 0.9000120324037845, 'colsample_bytree': 0.9535383599832549, 'learning_rate': 0.10103634981275622, 'max_depth': 3, 'min_child_weight': 10}. Best is trial 114 with value: 4.951274335763869.
[I 2026-03-17 13:09:16,290] Trial 124 finished with value: 4.758073742349943 and parameters: {'n_estimators': 926, 'lambda': 0.004388439025024251, 'subsample': 0.6351193920682519, 'colsample_bytree': 0.8246364247843269, 'learning_rate': 0.10131964434384574, 'max_depth': 3, 'min_child_weight': 10}. Best is trial 114 with value: 4.951274335763869.
[I 2026-03-17 13:10:38,814] Trial 126 finished with value: 4.82739602913459 and parameters: {'n_estimators': 899, 'lambda': 0.004812295144804252, 'subsample': 0.8816490555118947, 'colsample_bytree': 0.9461900962491899, 'learning_rate': 0.10525063108564976, 'max_depth': 3, 'min_child_weight': 10}. Best is trial 114 with value: 4.951274335763869.
[I 2026-03-17 13:10:57,130] Trial 127 finished with value: 4.648258654059351 and parameters: {'n_estimators': 918, 'lambda': 0.0022058433249296087, 'subsample': 0.8890744247303433, 'colsample_bytree': 0.9585927960410418, 'learning_rate': 0.10285067547956274, 'max_depth': 3, 'min_child_weight': 10}. Best is trial 114 with value: 4.951274335763869.
[I 2026-03-17 13:12:06,850] Trial 129 finished with value: 4.722593755531728 and parameters: {'n_estimators': 785, 'lambda': 0.55385424537526, 'subsample': 0.8997687884966307, 'colsample_bytree': 0.929010218777157, 'learning_rate': 0.032535286624302585, 'max_depth': 4, 'min_child_weight': 9}. Best is trial 114 with value: 4.951274335763869.
[I 2026-03-17 13:12:18,513] Trial 128 finished with value: 4.674138479894551 and parameters: {'n_estimators': 893, 'lambda': 0.5469617452749966, 'subsample': 0.8882630004314176, 'colsample_bytree': 0.936525972883922, 'learning_rate': 0.03761993341212985, 'max_depth': 4, 'min_child_weight': 9}. Best is trial 114 with value: 4.951274335763869.
[I 2026-03-17 13:13:36,313] Trial 131 finished with value: 4.687012811538038 and parameters: {'n_estimators': 752, 'lambda': 0.9543937813628418, 'subsample': 0.7695994046251016, 'colsample_bytree': 0.666585064972907, 'learning_rate': 0.07026575944924511, 'max_depth': 4, 'min_child_weight': 9}. Best is trial 114 with value: 4.951274335763869.
[I 2026-03-17 13:13:51,671] Trial 130 finished with value: 4.48711715392092 and parameters: {'n_estimators': 897, 'lambda': 0.19713046279572582, 'subsample': 0.7647093884105068, 'colsample_bytree': 0.9268613714478245, 'learning_rate': 0.03131903152035354, 'max_depth': 4, 'min_child_weight': 9}. Best is trial 114 with value: 4.951274335763869.
[I 2026-03-17 13:14:36,931] Trial 132 finished with value: 4.69942100447526 and parameters: {'n_estimators': 709, 'lambda': 0.0012480611024832148, 'subsample': 0.7684236605484205, 'colsample_bytree': 0.8742827007103527, 'learning_rate': 0.031045590282629064, 'max_depth': 4, 'min_child_weight': 9}. Best is trial 114 with value: 4.951274335763869.
[I 2026-03-17 13:15:08,206] Trial 133 finished with value: 4.684230100374629 and parameters: {'n_estimators': 745, 'lambda': 0.9575156310409332, 'subsample': 0.7682641627974738, 'colsample_bytree': 0.9246205013104127, 'learning_rate': 0.04022926436686894, 'max_depth': 4, 'min_child_weight': 9}. Best is trial 114 with value: 4.951274335763869.
[I 2026-03-17 13:15:47,597] Trial 135 finished with value: 4.859874991880403 and parameters: {'n_estimators': 742, 'lambda': 0.10799119826611825, 'subsample': 0.7705561693990551, 'colsample_bytree': 0.6724458534754559, 'learning_rate': 0.06463552357356742, 'max_depth': 3, 'min_child_weight': 10}. Best is trial 114 with value: 4.951274335763869.
[I 2026-03-17 13:15:49,032] Trial 134 finished with value: 4.884842299004427 and parameters: {'n_estimators': 748, 'lambda': 0.9544224913952721, 'subsample': 0.7612304253095405, 'colsample_bytree': 0.7903828182826621, 'learning_rate': 0.06611482327788529, 'max_depth': 3, 'min_child_weight': 9}. Best is trial 114 with value: 4.951274335763869.
[I 2026-03-17 13:17:06,255] Trial 136 finished with value: 4.637912707696456 and parameters: {'n_estimators': 740, 'lambda': 0.11001050911767951, 'subsample': 0.6893031027367442, 'colsample_bytree': 0.789682236434786, 'learning_rate': 0.06807847307874967, 'max_depth': 3, 'min_child_weight': 10}. Best is trial 114 with value: 4.951274335763869.
[I 2026-03-17 13:17:14,178] Trial 137 finished with value: 4.905026669738467 and parameters: {'n_estimators': 709, 'lambda': 0.1210525502235412, 'subsample': 0.6982711942308334, 'colsample_bytree': 0.7846627907646234, 'learning_rate': 0.06019827285465476, 'max_depth': 3, 'min_child_weight': 10}. Best is trial 114 with value: 4.951274335763869.
[I 2026-03-17 13:18:08,882] Trial 138 finished with value: 4.881015582176502 and parameters: {'n_estimators': 746, 'lambda': 0.11476680286717851, 'subsample': 0.8596553307780485, 'colsample_bytree': 0.7858716737122583, 'learning_rate': 0.06302086445115981, 'max_depth': 3, 'min_child_weight': 10}. Best is trial 114 with value: 4.951274335763869.
[I 2026-03-17 13:18:27,111] Trial 139 finished with value: 4.831774491614006 and parameters: {'n_estimators': 700, 'lambda': 0.10122401954320144, 'subsample': 0.7164840147131796, 'colsample_bytree': 0.7925612562243206, 'learning_rate': 0.06655382324355871, 'max_depth': 3, 'min_child_weight': 10}. Best is trial 114 with value: 4.951274335763869.
[I 2026-03-17 13:19:08,202] Trial 140 finished with value: 4.902102468344872 and parameters: {'n_estimators': 705, 'lambda': 0.09694692526251972, 'subsample': 0.8607882442616264, 'colsample_bytree': 0.787302928789132, 'learning_rate': 0.06229733263877542, 'max_depth': 3, 'min_child_weight': 10}. Best is trial 114 with value: 4.951274335763869.
[I 2026-03-17 13:19:47,290] Trial 141 finished with value: 4.604626447689656 and parameters: {'n_estimators': 834, 'lambda': 0.35870138315353894, 'subsample': 0.6833003372273593, 'colsample_bytree': 0.7898086669366977, 'learning_rate': 0.06660222652310493, 'max_depth': 3, 'min_child_weight': 10}. Best is trial 114 with value: 4.951274335763869.
[I 2026-03-17 13:20:29,659] Trial 143 finished with value: 4.78535910812124 and parameters: {'n_estimators': 702, 'lambda': 0.3711334924847321, 'subsample': 0.7114102609787345, 'colsample_bytree': 0.781514779946484, 'learning_rate': 0.08654694664015386, 'max_depth': 3, 'min_child_weight': 10}. Best is trial 114 with value: 4.951274335763869.
[I 2026-03-17 13:20:45,930] Trial 142 finished with value: 4.926020227083901 and parameters: {'n_estimators': 767, 'lambda': 0.39327313847691775, 'subsample': 0.861086752430019, 'colsample_bytree': 0.6971950445942193, 'learning_rate': 0.06746054751944695, 'max_depth': 3, 'min_child_weight': 10}. Best is trial 114 with value: 4.951274335763869.
[I 2026-03-17 13:22:17,823] Trial 145 finished with value: 4.660442419964535 and parameters: {'n_estimators': 766, 'lambda': 0.3550653552056439, 'subsample': 0.8579954539755099, 'colsample_bytree': 0.7740058823029511, 'learning_rate': 0.08500416699526203, 'max_depth': 3, 'min_child_weight': 10}. Best is trial 114 with value: 4.951274335763869.
[I 2026-03-17 13:22:17,832] Trial 144 finished with value: 4.856579613716358 and parameters: {'n_estimators': 833, 'lambda': 0.37730820330702025, 'subsample': 0.8649610660975436, 'colsample_bytree': 0.7805680503229087, 'learning_rate': 0.08476561180946657, 'max_depth': 3, 'min_child_weight': 10}. Best is trial 114 with value: 4.951274335763869.
[I 2026-03-17 13:22:17,840] Trial 146 finished with value: 4.831268305668632 and parameters: {'n_estimators': 652, 'lambda': 0.164245646842795, 'subsample': 0.8578289112800267, 'colsample_bytree': 0.7731761784887397, 'learning_rate': 0.04614722128068316, 'max_depth': 3, 'min_child_weight': 10}. Best is trial 114 with value: 4.951274335763869.
[I 2026-03-17 13:22:47,498] Trial 147 finished with value: 4.839088174596151 and parameters: {'n_estimators': 647, 'lambda': 0.1704084177501837, 'subsample': 0.8622616978154304, 'colsample_bytree': 0.7631190732420279, 'learning_rate': 0.04569629519532162, 'max_depth': 3, 'min_child_weight': 10}. Best is trial 114 with value: 4.951274335763869.
[I 2026-03-17 13:23:21,063] Trial 148 finished with value: 4.859110855063486 and parameters: {'n_estimators': 643, 'lambda': 0.15895663719606354, 'subsample': 0.8558619330787031, 'colsample_bytree': 0.8139427359890632, 'learning_rate': 0.047107100036033855, 'max_depth': 3, 'min_child_weight': 10}. Best is trial 114 with value: 4.951274335763869.
[I 2026-03-17 13:23:41,133] Trial 149 finished with value: 4.813191739651726 and parameters: {'n_estimators': 652, 'lambda': 0.1712400345951285, 'subsample': 0.818721891383819, 'colsample_bytree': 0.761537444050782, 'learning_rate': 0.04843917431721251, 'max_depth': 3, 'min_child_weight': 10}. Best is trial 114 with value: 4.951274335763869.
[I 2026-03-17 13:25:48,192] Trial 152 finished with value: 4.891314734762048 and parameters: {'n_estimators': 729, 'lambda': 0.07118566688512673, 'subsample': 0.8260584375910853, 'colsample_bytree': 0.7542772239131081, 'learning_rate': 0.06092924433730845, 'max_depth': 3, 'min_child_weight': 10}. Best is trial 114 with value: 4.951274335763869.
[I 2026-03-17 13:25:48,625] Trial 150 finished with value: 4.929964210951957 and parameters: {'n_estimators': 728, 'lambda': 0.06964275096171577, 'subsample': 0.8288197142206866, 'colsample_bytree': 0.757663710495397, 'learning_rate': 0.04310241667048019, 'max_depth': 3, 'min_child_weight': 10}. Best is trial 114 with value: 4.951274335763869.
[I 2026-03-17 13:26:05,952] Trial 151 finished with value: 4.8955870151616026 and parameters: {'n_estimators': 800, 'lambda': 0.06675131391530734, 'subsample': 0.822489393376391, 'colsample_bytree': 0.7605137827039894, 'learning_rate': 0.04598647249132044, 'max_depth': 3, 'min_child_weight': 10}. Best is trial 114 with value: 4.951274335763869.
[I 2026-03-17 13:26:13,706] Trial 153 finished with value: 4.879377054817018 and parameters: {'n_estimators': 728, 'lambda': 0.02683169831868073, 'subsample': 0.8299274754855408, 'colsample_bytree': 0.8118274031676799, 'learning_rate': 0.06762640288592982, 'max_depth': 3, 'min_child_weight': 10}. Best is trial 114 with value: 4.951274335763869.
[I 2026-03-17 13:26:47,658] Trial 154 finished with value: 4.899417661243082 and parameters: {'n_estimators': 724, 'lambda': 0.23719101703406248, 'subsample': 0.8302936537626987, 'colsample_bytree': 0.700273343858638, 'learning_rate': 0.06408455335691587, 'max_depth': 3, 'min_child_weight': 10}. Best is trial 114 with value: 4.951274335763869.
[I 2026-03-17 13:27:04,110] Trial 155 finished with value: 4.824852571231627 and parameters: {'n_estimators': 728, 'lambda': 0.0721100382480672, 'subsample': 0.8235510919124136, 'colsample_bytree': 0.839996799223046, 'learning_rate': 0.06421824963578035, 'max_depth': 3, 'min_child_weight': 10}. Best is trial 114 with value: 4.951274335763869.
[I 2026-03-17 13:29:14,162] Trial 156 finished with value: 4.60092420018513 and parameters: {'n_estimators': 723, 'lambda': 0.06897297341668308, 'subsample': 0.8330685514117717, 'colsample_bytree': 0.7374681963592057, 'learning_rate': 0.12727352170317313, 'max_depth': 3, 'min_child_weight': 10}. Best is trial 114 with value: 4.951274335763869.
[I 2026-03-17 13:29:16,594] Trial 157 finished with value: 4.867848737584345 and parameters: {'n_estimators': 727, 'lambda': 0.023420884864558424, 'subsample': 0.8354570124484254, 'colsample_bytree': 0.7378344060941521, 'learning_rate': 0.062342254677505454, 'max_depth': 3, 'min_child_weight': 10}. Best is trial 114 with value: 4.951274335763869.
[I 2026-03-17 13:29:32,008] Trial 158 finished with value: 4.611564196972664 and parameters: {'n_estimators': 729, 'lambda': 0.029947367094151883, 'subsample': 0.8264475104867353, 'colsample_bytree': 0.844630783215351, 'learning_rate': 0.38636357088827744, 'max_depth': 3, 'min_child_weight': 10}. Best is trial 114 with value: 4.951274335763869.
[I 2026-03-17 13:30:31,582] Trial 160 finished with value: 4.787570604669812 and parameters: {'n_estimators': 794, 'lambda': 0.020008178301113875, 'subsample': 0.8158521217512997, 'colsample_bytree': 0.7377083701224016, 'learning_rate': 0.12298311718914234, 'max_depth': 3, 'min_child_weight': 10}. Best is trial 114 with value: 4.951274335763869.
[I 2026-03-17 13:30:45,711] Trial 161 finished with value: 4.318645420304434 and parameters: {'n_estimators': 800, 'lambda': 0.05969086842894813, 'subsample': 0.7984225803737872, 'colsample_bytree': 0.7082382461237827, 'learning_rate': 0.6784753871068281, 'max_depth': 3, 'min_child_weight': 10}. Best is trial 114 with value: 4.951274335763869.
[I 2026-03-17 13:31:28,797] Trial 159 finished with value: 4.563396913844523 and parameters: {'n_estimators': 801, 'lambda': 0.06681227204151338, 'subsample': 0.8078251096890832, 'colsample_bytree': 0.7034043342726407, 'learning_rate': 0.12852146568243997, 'max_depth': 5, 'min_child_weight': 10}. Best is trial 114 with value: 4.951274335763869.
[I 2026-03-17 13:33:00,445] Trial 163 finished with value: 4.849659593611115 and parameters: {'n_estimators': 798, 'lambda': 0.2161303652608951, 'subsample': 0.8096078688546768, 'colsample_bytree': 0.7017655979461702, 'learning_rate': 0.04082060359781444, 'max_depth': 3, 'min_child_weight': 10}. Best is trial 114 with value: 4.951274335763869.
[I 2026-03-17 13:33:03,657] Trial 162 finished with value: 4.907887677149484 and parameters: {'n_estimators': 796, 'lambda': 0.024290644247851684, 'subsample': 0.7236098542590973, 'colsample_bytree': 0.7514019874909933, 'learning_rate': 0.04225952720893216, 'max_depth': 3, 'min_child_weight': 10}. Best is trial 114 with value: 4.951274335763869.
[I 2026-03-17 13:33:14,418] Trial 164 finished with value: 4.8646651238733725 and parameters: {'n_estimators': 770, 'lambda': 0.2280991027061711, 'subsample': 0.8003543223759292, 'colsample_bytree': 0.7066550179437389, 'learning_rate': 0.042627976659874216, 'max_depth': 3, 'min_child_weight': 10}. Best is trial 114 with value: 4.951274335763869.
[I 2026-03-17 13:34:03,998] Trial 166 finished with value: 4.876099406990492 and parameters: {'n_estimators': 690, 'lambda': 0.1995747456806332, 'subsample': 0.8048896550168501, 'colsample_bytree': 0.7545873802344822, 'learning_rate': 0.044365863842975715, 'max_depth': 3, 'min_child_weight': 10}. Best is trial 114 with value: 4.951274335763869.
[I 2026-03-17 13:34:08,736] Trial 165 finished with value: 4.30334791541754 and parameters: {'n_estimators': 774, 'lambda': 0.21038336406569136, 'subsample': 0.7966497181760589, 'colsample_bytree': 0.7022995755413727, 'learning_rate': 0.6890100511705395, 'max_depth': 3, 'min_child_weight': 10}. Best is trial 114 with value: 4.951274335763869.
[I 2026-03-17 13:35:02,603] Trial 167 finished with value: 4.921428281438402 and parameters: {'n_estimators': 762, 'lambda': 0.23067222699290937, 'subsample': 0.7862058318405787, 'colsample_bytree': 0.7586435745978682, 'learning_rate': 0.04434221433102806, 'max_depth': 3, 'min_child_weight': 10}. Best is trial 114 with value: 4.951274335763869.
[I 2026-03-17 13:36:15,164] Trial 168 finished with value: 4.641705232131688 and parameters: {'n_estimators': 679, 'lambda': 0.4895632099937267, 'subsample': 0.9440810218677783, 'colsample_bytree': 0.7622397429846419, 'learning_rate': 0.0943321267858313, 'max_depth': 3, 'min_child_weight': 10}. Best is trial 114 with value: 4.951274335763869.
[I 2026-03-17 13:36:43,000] Trial 169 finished with value: 4.867211513231192 and parameters: {'n_estimators': 767, 'lambda': 0.036185181049715624, 'subsample': 0.7251245395703145, 'colsample_bytree': 0.7601180554298815, 'learning_rate': 0.07911952842694599, 'max_depth': 3, 'min_child_weight': 10}. Best is trial 114 with value: 4.951274335763869.
[I 2026-03-17 13:36:57,576] Trial 170 finished with value: 4.672865567825645 and parameters: {'n_estimators': 765, 'lambda': 0.1218027438510204, 'subsample': 0.7312085545873692, 'colsample_bytree': 0.7523044217474179, 'learning_rate': 0.09543201972135523, 'max_depth': 3, 'min_child_weight': 10}. Best is trial 114 with value: 4.951274335763869.
[I 2026-03-17 13:37:23,220] Trial 172 finished with value: 4.79090514978933 and parameters: {'n_estimators': 665, 'lambda': 0.6044432331397792, 'subsample': 0.7252964473245789, 'colsample_bytree': 0.7494010137590057, 'learning_rate': 0.07703966529031725, 'max_depth': 3, 'min_child_weight': 10}. Best is trial 114 with value: 4.951274335763869.
[I 2026-03-17 13:37:38,560] Trial 171 finished with value: 4.635695816791193 and parameters: {'n_estimators': 765, 'lambda': 0.09817848843880606, 'subsample': 0.7246400915781702, 'colsample_bytree': 0.7592218224617006, 'learning_rate': 0.09200990018332797, 'max_depth': 3, 'min_child_weight': 10}. Best is trial 114 with value: 4.951274335763869.
[I 2026-03-17 13:38:34,551] Trial 173 finished with value: 4.817014443453141 and parameters: {'n_estimators': 760, 'lambda': 0.09937708715229757, 'subsample': 0.7365021323735603, 'colsample_bytree': 0.7502622523239499, 'learning_rate': 0.07691794283783981, 'max_depth': 3, 'min_child_weight': 10}. Best is trial 114 with value: 4.951274335763869.
[I 2026-03-17 13:39:57,273] Trial 174 finished with value: 4.796006944407616 and parameters: {'n_estimators': 765, 'lambda': 0.1354420736132142, 'subsample': 0.725548464838745, 'colsample_bytree': 0.6233869703597366, 'learning_rate': 0.030579209174528273, 'max_depth': 3, 'min_child_weight': 10}. Best is trial 114 with value: 4.951274335763869.
[I 2026-03-17 13:40:18,800] Trial 175 finished with value: 4.68938080161201 and parameters: {'n_estimators': 757, 'lambda': 0.09405341272128978, 'subsample': 0.7825157217932203, 'colsample_bytree': 0.6187027882632823, 'learning_rate': 0.07812007005528354, 'max_depth': 3, 'min_child_weight': 10}. Best is trial 114 with value: 4.951274335763869.
[I 2026-03-17 13:40:18,819] Trial 176 finished with value: 4.871803400496832 and parameters: {'n_estimators': 710, 'lambda': 0.08363362868556597, 'subsample': 0.7803781687569041, 'colsample_bytree': 0.8074771445737904, 'learning_rate': 0.055558951078573414, 'max_depth': 3, 'min_child_weight': 10}. Best is trial 114 with value: 4.951274335763869.
[I 2026-03-17 13:40:47,916] Trial 177 finished with value: 4.787776074696907 and parameters: {'n_estimators': 713, 'lambda': 0.08431509321934759, 'subsample': 0.75059283061362, 'colsample_bytree': 0.6247967370201931, 'learning_rate': 0.03049160864041655, 'max_depth': 3, 'min_child_weight': 10}. Best is trial 114 with value: 4.951274335763869.
[I 2026-03-17 13:41:01,874] Trial 178 finished with value: 4.814823737345796 and parameters: {'n_estimators': 705, 'lambda': 0.05067224225871307, 'subsample': 0.6982624051806061, 'colsample_bytree': 0.6837831432339155, 'learning_rate': 0.03198347528545367, 'max_depth': 3, 'min_child_weight': 10}. Best is trial 114 with value: 4.951274335763869.
