[I 2026-03-18 23:42:49,606] Trial 633 finished with value: 1.7733257923690777 and parameters: {'n_estimators': 871, 'lambda': 3.81740314036982e-07, 'subsample': 0.8582199119781411, 'colsample_bytree': 0.9810209379016537, 'learning_rate': 0.26907536647124763, 'max_depth': 9, 'min_child_weight': 5}. Best is trial 557 with value: 2.2610117988072185.
[I 2026-03-18 23:43:18,556] Trial 637 finished with value: 2.0937076127662295 and parameters: {'n_estimators': 872, 'lambda': 1.0012133592200628e-08, 'subsample': 0.875406781136155, 'colsample_bytree': 0.8759010921488053, 'learning_rate': 0.0706181443533491, 'max_depth': 3, 'min_child_weight': 5}. Best is trial 557 with value: 2.2610117988072185.
[I 2026-03-18 23:43:53,540] Trial 634 finished with value: 2.10191561508783 and parameters: {'n_estimators': 932, 'lambda': 3.558288880124811e-07, 'subsample': 0.8527602417039465, 'colsample_bytree': 0.9838503995973298, 'learning_rate': 0.0691427809946798, 'max_depth': 9, 'min_child_weight': 5}. Best is trial 557 with value: 2.2610117988072185.
[I 2026-03-18 23:44:03,156] Trial 635 finished with value: 2.0916017385117573 and parameters: {'n_estimators': 935, 'lambda': 1.4870376685758734e-08, 'subsample': 0.8166687847611048, 'colsample_bytree': 0.9867559142811376, 'learning_rate': 0.0691952485724992, 'max_depth': 9, 'min_child_weight': 5}. Best is trial 557 with value: 2.2610117988072185.
[I 2026-03-18 23:48:04,517] Trial 636 finished with value: 2.129594920598782 and parameters: {'n_estimators': 868, 'lambda': 1.4024535366534637e-08, 'subsample': 0.8767068323960336, 'colsample_bytree': 0.8275701080773105, 'learning_rate': 0.0703825485163811, 'max_depth': 9, 'min_child_weight': 5}. Best is trial 557 with value: 2.2610117988072185.
[I 2026-03-18 23:49:49,565] Trial 638 finished with value: 1.7064071265913032 and parameters: {'n_estimators': 844, 'lambda': 2.8225701259227698e-08, 'subsample': 0.8794290748226815, 'colsample_bytree': 0.8168889640056778, 'learning_rate': 0.471425254354932, 'max_depth': 9, 'min_child_weight': 5}. Best is trial 557 with value: 2.2610117988072185.
[I 2026-03-18 23:51:09,301] Trial 639 finished with value: 2.1326640492417823 and parameters: {'n_estimators': 928, 'lambda': 1.5952170751654143e-08, 'subsample': 0.8110752524315551, 'colsample_bytree': 0.8146799635648972, 'learning_rate': 0.0610003029554953, 'max_depth': 9, 'min_child_weight': 5}. Best is trial 557 with value: 2.2610117988072185.
[I 2026-03-18 23:51:37,360] Trial 642 finished with value: 2.2384816711998274 and parameters: {'n_estimators': 839, 'lambda': 2.663874362670616e-08, 'subsample': 0.8772516929584324, 'colsample_bytree': 0.8463155758574242, 'learning_rate': 0.053272421428921385, 'max_depth': 9, 'min_child_weight': 5}. Best is trial 557 with value: 2.2610117988072185.
[I 2026-03-18 23:51:43,110] Trial 640 finished with value: 2.154984999161118 and parameters: {'n_estimators': 938, 'lambda': 1.442268028903264e-08, 'subsample': 0.8129853159563746, 'colsample_bytree': 0.8527945262419729, 'learning_rate': 0.05757773197508234, 'max_depth': 9, 'min_child_weight': 5}. Best is trial 557 with value: 2.2610117988072185.
[I 2026-03-18 23:52:20,237] Trial 641 finished with value: 2.1525967697230284 and parameters: {'n_estimators': 935, 'lambda': 1.508797857423924e-08, 'subsample': 0.811779089324667, 'colsample_bytree': 0.9464943395811355, 'learning_rate': 0.055452308062138723, 'max_depth': 9, 'min_child_weight': 5}. Best is trial 557 with value: 2.2610117988072185.
[I 2026-03-18 23:55:41,611] Trial 643 finished with value: 2.221927359307374 and parameters: {'n_estimators': 844, 'lambda': 2.7334151364869014e-08, 'subsample': 0.8358362874206651, 'colsample_bytree': 0.8479410006882693, 'learning_rate': 0.052432400370915885, 'max_depth': 9, 'min_child_weight': 5}. Best is trial 557 with value: 2.2610117988072185.
[I 2026-03-18 23:57:27,060] Trial 644 finished with value: 2.1933351073399585 and parameters: {'n_estimators': 844, 'lambda': 9.754623850427716e-08, 'subsample': 0.8303869830847352, 'colsample_bytree': 0.9511406203712592, 'learning_rate': 0.0528279348927968, 'max_depth': 9, 'min_child_weight': 5}. Best is trial 557 with value: 2.2610117988072185.
[I 2026-03-18 23:58:23,787] Trial 645 finished with value: 2.2479414923024255 and parameters: {'n_estimators': 801, 'lambda': 8.643572265928343e-08, 'subsample': 0.8263916307612247, 'colsample_bytree': 0.9475904158164675, 'learning_rate': 0.04903876137852253, 'max_depth': 9, 'min_child_weight': 5}. Best is trial 557 with value: 2.2610117988072185.
[I 2026-03-18 23:58:51,488] Trial 647 finished with value: 1.7583258103588557 and parameters: {'n_estimators': 850, 'lambda': 9.893957022042387e-08, 'subsample': 0.8435664600213651, 'colsample_bytree': 0.9414144943527247, 'learning_rate': 0.3201730447636906, 'max_depth': 9, 'min_child_weight': 5}. Best is trial 557 with value: 2.2610117988072185.
[I 2026-03-18 23:58:57,545] Trial 646 finished with value: 2.2534793536865223 and parameters: {'n_estimators': 809, 'lambda': 9.696398023452949e-08, 'subsample': 0.8366053270613086, 'colsample_bytree': 0.9526042755150521, 'learning_rate': 0.04403345240947605, 'max_depth': 9, 'min_child_weight': 5}. Best is trial 557 with value: 2.2610117988072185.
[I 2026-03-18 23:59:26,868] Trial 648 finished with value: 2.2543001211023217 and parameters: {'n_estimators': 797, 'lambda': 9.759417960188427e-08, 'subsample': 0.8367413080017446, 'colsample_bytree': 0.9153219136835128, 'learning_rate': 0.041634688638818244, 'max_depth': 9, 'min_child_weight': 7}. Best is trial 557 with value: 2.2610117988072185.
[I 2026-03-19 00:00:21,040] Trial 649 finished with value: 2.208578249356991 and parameters: {'n_estimators': 863, 'lambda': 8.965733331175106e-08, 'subsample': 0.8376459921058085, 'colsample_bytree': 0.9494972783610923, 'learning_rate': 0.04286379091013126, 'max_depth': 7, 'min_child_weight': 5}. Best is trial 557 with value: 2.2610117988072185.
[I 2026-03-19 00:04:39,384] Trial 650 finished with value: 2.2521873240617056 and parameters: {'n_estimators': 800, 'lambda': 4.731819697738306e-08, 'subsample': 0.8463925576139167, 'colsample_bytree': 0.9159190877761404, 'learning_rate': 0.04186626604516207, 'max_depth': 9, 'min_child_weight': 6}. Best is trial 557 with value: 2.2610117988072185.
[I 2026-03-19 00:06:21,868] Trial 651 finished with value: 2.2575233651065894 and parameters: {'n_estimators': 884, 'lambda': 4.7196347558758965e-08, 'subsample': 0.8383910217583389, 'colsample_bytree': 0.9104342678131057, 'learning_rate': 0.041700082611792935, 'max_depth': 9, 'min_child_weight': 6}. Best is trial 557 with value: 2.2610117988072185.
[I 2026-03-19 00:06:44,645] Trial 652 finished with value: 2.2143868819628505 and parameters: {'n_estimators': 879, 'lambda': 5.7780994518991815e-08, 'subsample': 0.4897043107907033, 'colsample_bytree': 0.9122757998375747, 'learning_rate': 0.041650902819881694, 'max_depth': 9, 'min_child_weight': 6}. Best is trial 557 with value: 2.2610117988072185.
[I 2026-03-19 00:06:57,834] Trial 653 finished with value: 2.2449977098510923 and parameters: {'n_estimators': 883, 'lambda': 5.019294829013962e-08, 'subsample': 0.9045296509098971, 'colsample_bytree': 0.9192353118020529, 'learning_rate': 0.03006077266905531, 'max_depth': 9, 'min_child_weight': 6}. Best is trial 557 with value: 2.2610117988072185.
[I 2026-03-19 00:07:19,258] Trial 654 finished with value: 2.252687801945351 and parameters: {'n_estimators': 882, 'lambda': 4.368880422664126e-08, 'subsample': 0.6677182984963554, 'colsample_bytree': 0.8699688415579849, 'learning_rate': 0.041341426418606074, 'max_depth': 9, 'min_child_weight': 9}. Best is trial 557 with value: 2.2610117988072185.
[I 2026-03-19 00:08:22,637] Trial 655 finished with value: 2.2408343766286327 and parameters: {'n_estimators': 878, 'lambda': 4.8364935729395303e-08, 'subsample': 0.9030162148079003, 'colsample_bytree': 0.8703453231852486, 'learning_rate': 0.03058294172919818, 'max_depth': 9, 'min_child_weight': 6}. Best is trial 557 with value: 2.2610117988072185.
[I 2026-03-19 00:12:08,849] Trial 656 finished with value: 1.6448536127128908 and parameters: {'n_estimators': 887, 'lambda': 1.0185018273955251e-08, 'subsample': 0.6566245732080035, 'colsample_bytree': 0.8720354673564955, 'learning_rate': 0.5824672585400095, 'max_depth': 9, 'min_child_weight': 6}. Best is trial 557 with value: 2.2610117988072185.
[I 2026-03-19 00:14:16,403] Trial 657 finished with value: 2.1734330614473434 and parameters: {'n_estimators': 887, 'lambda': 4.443286844440306e-08, 'subsample': 0.8668977317329213, 'colsample_bytree': 0.8778704601100364, 'learning_rate': 0.06132558104556563, 'max_depth': 9, 'min_child_weight': 6}. Best is trial 557 with value: 2.2610117988072185.
[I 2026-03-19 00:14:54,299] Trial 658 finished with value: 2.239526158791194 and parameters: {'n_estimators': 892, 'lambda': 4.099034366767915e-08, 'subsample': 0.9053909947414188, 'colsample_bytree': 0.8710972991054484, 'learning_rate': 0.030401968380800087, 'max_depth': 9, 'min_child_weight': 6}. Best is trial 557 with value: 2.2610117988072185.
[I 2026-03-19 00:15:09,209] Trial 659 finished with value: 2.1338399950100158 and parameters: {'n_estimators': 913, 'lambda': 3.83931417233507e-08, 'subsample': 0.6727271847210649, 'colsample_bytree': 0.8718535664857445, 'learning_rate': 0.06103859662310776, 'max_depth': 9, 'min_child_weight': 6}. Best is trial 557 with value: 2.2610117988072185.
[I 2026-03-19 00:15:31,191] Trial 660 finished with value: 2.0832976481112473 and parameters: {'n_estimators': 911, 'lambda': 3.114706488639297e-08, 'subsample': 0.6034088831042466, 'colsample_bytree': 0.8778846130616268, 'learning_rate': 0.060024156273941504, 'max_depth': 9, 'min_child_weight': 5}. Best is trial 557 with value: 2.2610117988072185.
[I 2026-03-19 00:16:31,430] Trial 661 finished with value: 2.1531004213168403 and parameters: {'n_estimators': 913, 'lambda': 3.23191766675902e-08, 'subsample': 0.8725282438776862, 'colsample_bytree': 0.9000138150993554, 'learning_rate': 0.061807166247264456, 'max_depth': 9, 'min_child_weight': 5}. Best is trial 557 with value: 2.2610117988072185.
[I 2026-03-19 00:20:16,571] Trial 662 finished with value: 2.1643295007968937 and parameters: {'n_estimators': 911, 'lambda': 3.490399968138896e-08, 'subsample': 0.8758307762832371, 'colsample_bytree': 0.8904621767845745, 'learning_rate': 0.06087986341793746, 'max_depth': 9, 'min_child_weight': 5}. Best is trial 557 with value: 2.2610117988072185.
[I 2026-03-19 00:21:53,929] Trial 663 finished with value: 1.716404524559605 and parameters: {'n_estimators': 911, 'lambda': 3.4954346884938487e-08, 'subsample': 0.8741068275288265, 'colsample_bytree': 0.910944562546191, 'learning_rate': 0.4260290051386071, 'max_depth': 9, 'min_child_weight': 5}. Best is trial 557 with value: 2.2610117988072185.
[I 2026-03-19 00:23:03,999] Trial 666 finished with value: 2.0239699359818086 and parameters: {'n_estimators': 863, 'lambda': 2.4445347989545638e-08, 'subsample': 0.8805977989847213, 'colsample_bytree': 0.9010396156508798, 'learning_rate': 0.0904768664024149, 'max_depth': 9, 'min_child_weight': 5}. Best is trial 557 with value: 2.2610117988072185.
[I 2026-03-19 00:23:05,260] Trial 664 finished with value: 2.166806429631996 and parameters: {'n_estimators': 920, 'lambda': 2.9892707356298584e-08, 'subsample': 0.8751885888562493, 'colsample_bytree': 0.905215482906167, 'learning_rate': 0.060604855758656324, 'max_depth': 9, 'min_child_weight': 5}. Best is trial 557 with value: 2.2610117988072185.
[I 2026-03-19 00:23:09,082] Trial 665 finished with value: 2.0179621806632526 and parameters: {'n_estimators': 911, 'lambda': 2.7026505650274763e-08, 'subsample': 0.8770251656767339, 'colsample_bytree': 0.9029027529455336, 'learning_rate': 0.0895584359053421, 'max_depth': 9, 'min_child_weight': 5}. Best is trial 557 with value: 2.2610117988072185.
[I 2026-03-19 00:25:06,734] Trial 667 finished with value: 2.0079239178515524 and parameters: {'n_estimators': 975, 'lambda': 2.1342103530659004e-08, 'subsample': 0.7922996725722596, 'colsample_bytree': 0.906838624030752, 'learning_rate': 0.07850930034341537, 'max_depth': 9, 'min_child_weight': 5}. Best is trial 557 with value: 2.2610117988072185.
[I 2026-03-19 00:27:51,341] Trial 668 finished with value: 1.9950592919950716 and parameters: {'n_estimators': 861, 'lambda': 2.171495271501174e-08, 'subsample': 0.7917951840189803, 'colsample_bytree': 0.9182013928107057, 'learning_rate': 0.09199060463801065, 'max_depth': 9, 'min_child_weight': 5}. Best is trial 557 with value: 2.2610117988072185.
[I 2026-03-19 00:29:04,348] Trial 672 finished with value: 2.2192388914138057 and parameters: {'n_estimators': 861, 'lambda': 1.6874983793106047e-08, 'subsample': 0.7634749419861886, 'colsample_bytree': 0.9280213232883703, 'learning_rate': 0.030146608981696153, 'max_depth': 8, 'min_child_weight': 5}. Best is trial 557 with value: 2.2610117988072185.
[I 2026-03-19 00:29:29,026] Trial 669 finished with value: 1.9932819193766804 and parameters: {'n_estimators': 863, 'lambda': 2.0198750103095438e-08, 'subsample': 0.795284372837299, 'colsample_bytree': 0.9216807355150575, 'learning_rate': 0.09168282247552056, 'max_depth': 9, 'min_child_weight': 5}. Best is trial 557 with value: 2.2610117988072185.
[I 2026-03-19 00:30:39,898] Trial 670 finished with value: 2.0746930106078105 and parameters: {'n_estimators': 861, 'lambda': 1.0093237083150062e-08, 'subsample': 0.8513047005619598, 'colsample_bytree': 0.9290829756600429, 'learning_rate': 0.07793311230017275, 'max_depth': 9, 'min_child_weight': 5}. Best is trial 557 with value: 2.2610117988072185.
[I 2026-03-19 00:30:57,626] Trial 673 finished with value: 2.2398237614636543 and parameters: {'n_estimators': 862, 'lambda': 6.673841867677102e-08, 'subsample': 0.8519118531653039, 'colsample_bytree': 0.931767763087676, 'learning_rate': 0.044128210430327296, 'max_depth': 8, 'min_child_weight': 5}. Best is trial 557 with value: 2.2610117988072185.
[I 2026-03-19 00:30:58,532] Trial 671 finished with value: 2.088489839373087 and parameters: {'n_estimators': 896, 'lambda': 2.374881154458518e-08, 'subsample': 0.8538231606087789, 'colsample_bytree': 0.9225946694811803, 'learning_rate': 0.07576683934812602, 'max_depth': 9, 'min_child_weight': 5}. Best is trial 557 with value: 2.2610117988072185.
[I 2026-03-19 00:33:46,522] Trial 674 finished with value: 2.2357953957425476 and parameters: {'n_estimators': 867, 'lambda': 1.0127158258479318e-08, 'subsample': 0.8497211568175477, 'colsample_bytree': 0.9354707032454128, 'learning_rate': 0.04605244367006616, 'max_depth': 8, 'min_child_weight': 5}. Best is trial 557 with value: 2.2610117988072185.
[I 2026-03-19 00:37:13,739] Trial 675 finished with value: 2.2063971638416247 and parameters: {'n_estimators': 893, 'lambda': 1.0203573858819485e-08, 'subsample': 0.6293768685513408, 'colsample_bytree': 0.9355428844749188, 'learning_rate': 0.045859065300545974, 'max_depth': 9, 'min_child_weight': 5}. Best is trial 557 with value: 2.2610117988072185.
[I 2026-03-19 00:37:33,977] Trial 676 finished with value: 2.241913141733067 and parameters: {'n_estimators': 894, 'lambda': 6.50198375935154e-08, 'subsample': 0.8548674605744627, 'colsample_bytree': 0.9563259674828388, 'learning_rate': 0.04531949748219731, 'max_depth': 9, 'min_child_weight': 5}. Best is trial 557 with value: 2.2610117988072185.
[I 2026-03-19 00:38:47,858] Trial 677 finished with value: 2.2230487797562564 and parameters: {'n_estimators': 896, 'lambda': 6.343976447578301e-08, 'subsample': 0.8247022432918376, 'colsample_bytree': 0.93854747285112, 'learning_rate': 0.04730971492202896, 'max_depth': 9, 'min_child_weight': 5}. Best is trial 557 with value: 2.2610117988072185.
[I 2026-03-19 00:38:54,867] Trial 681 finished with value: 2.1471330735296057 and parameters: {'n_estimators': 169, 'lambda': 5.9524329767023055e-08, 'subsample': 0.8235168431568418, 'colsample_bytree': 0.9605102986047859, 'learning_rate': 0.04881724293928803, 'max_depth': 9, 'min_child_weight': 5}. Best is trial 557 with value: 2.2610117988072185.
[I 2026-03-19 00:39:05,942] Trial 678 finished with value: 2.2587419970273137 and parameters: {'n_estimators': 892, 'lambda': 1.675116917882095e-08, 'subsample': 0.8243375224684907, 'colsample_bytree': 0.9990827890369564, 'learning_rate': 0.04477989828799587, 'max_depth': 9, 'min_child_weight': 5}. Best is trial 557 with value: 2.2610117988072185.
[I 2026-03-19 00:39:31,400] Trial 679 finished with value: 2.214042249267224 and parameters: {'n_estimators': 943, 'lambda': 5.961217399027896e-08, 'subsample': 0.8180719827603407, 'colsample_bytree': 0.9658819307011705, 'learning_rate': 0.04826157311000832, 'max_depth': 9, 'min_child_weight': 5}. Best is trial 557 with value: 2.2610117988072185.
[I 2026-03-19 00:41:45,340] Trial 680 finished with value: 1.728373225176453 and parameters: {'n_estimators': 933, 'lambda': 6.944875180839755e-08, 'subsample': 0.8180725771411346, 'colsample_bytree': 0.961624726306898, 'learning_rate': 0.36107133283153203, 'max_depth': 9, 'min_child_weight': 5}. Best is trial 557 with value: 2.2610117988072185.
[I 2026-03-19 00:46:29,672] Trial 682 finished with value: 2.177688405632405 and parameters: {'n_estimators': 948, 'lambda': 6.313546976949687e-08, 'subsample': 0.8951160658385611, 'colsample_bytree': 0.9684205732710536, 'learning_rate': 0.05131619562289827, 'max_depth': 9, 'min_child_weight': 2}. Best is trial 557 with value: 2.2610117988072185.
[I 2026-03-19 00:47:03,037] Trial 683 finished with value: 1.6564938884849574 and parameters: {'n_estimators': 943, 'lambda': 1.4965291060081998e-08, 'subsample': 0.8974570194770893, 'colsample_bytree': 0.9652652833321721, 'learning_rate': 0.6314764190826613, 'max_depth': 9, 'min_child_weight': 2}. Best is trial 557 with value: 2.2610117988072185.
[I 2026-03-19 00:47:27,243] Trial 686 finished with value: 2.1305925636079985 and parameters: {'n_estimators': 882, 'lambda': 1.947332000083424e-08, 'subsample': 0.8188630262030574, 'colsample_bytree': 0.9920689625905197, 'learning_rate': 0.06363429331376166, 'max_depth': 9, 'min_child_weight': 5}. Best is trial 557 with value: 2.2610117988072185.
[I 2026-03-19 00:47:29,842] Trial 685 finished with value: 0.0 and parameters: {'n_estimators': 935, 'lambda': 1.519375023847121e-08, 'subsample': 0.8138463998838531, 'colsample_bytree': 0.985016681045523, 'learning_rate': 0.06359053584074625, 'max_depth': 9, 'min_child_weight': 5}. Best is trial 557 with value: 2.2610117988072185.
[I 2026-03-19 00:47:32,916] Trial 684 finished with value: 2.2439122661373165 and parameters: {'n_estimators': 932, 'lambda': 6.332980456863997e-08, 'subsample': 0.8902388670322172, 'colsample_bytree': 0.9659790890043163, 'learning_rate': 0.030015697483926778, 'max_depth': 9, 'min_child_weight': 5}. Best is trial 557 with value: 2.2610117988072185.
[I 2026-03-19 00:50:02,781] Trial 687 finished with value: 2.1164621074486227 and parameters: {'n_estimators': 879, 'lambda': 1.549177445866837e-08, 'subsample': 0.8243062262027184, 'colsample_bytree': 0.9924122160612932, 'learning_rate': 0.0627156785321648, 'max_depth': 9, 'min_child_weight': 2}. Best is trial 557 with value: 2.2610117988072185.
[I 2026-03-19 00:54:32,576] Trial 688 finished with value: 2.2450125715336897 and parameters: {'n_estimators': 877, 'lambda': 1.6305399327790376e-08, 'subsample': 0.8043833867364711, 'colsample_bytree': 0.99829403126084, 'learning_rate': 0.030165692382314157, 'max_depth': 9, 'min_child_weight': 7}. Best is trial 557 with value: 2.2610117988072185.
[I 2026-03-19 00:55:03,504] Trial 689 finished with value: 2.1125433556147826 and parameters: {'n_estimators': 884, 'lambda': 3.145814052642623e-05, 'subsample': 0.8279872699881328, 'colsample_bytree': 0.9980018276904931, 'learning_rate': 0.06703490887164287, 'max_depth': 9, 'min_child_weight': 5}. Best is trial 557 with value: 2.2610117988072185.
[I 2026-03-19 00:55:28,571] Trial 691 finished with value: 2.2476159248646983 and parameters: {'n_estimators': 877, 'lambda': 1.4975947185011676e-05, 'subsample': 0.7749345274159574, 'colsample_bytree': 0.9956297839123787, 'learning_rate': 0.030533414988551104, 'max_depth': 9, 'min_child_weight': 7}. Best is trial 557 with value: 2.2610117988072185.
[I 2026-03-19 00:55:32,160] Trial 690 finished with value: 2.247227963372695 and parameters: {'n_estimators': 874, 'lambda': 3.875035989840151e-05, 'subsample': 0.7746185056074976, 'colsample_bytree': 0.9845422388157242, 'learning_rate': 0.030414914037683115, 'max_depth': 9, 'min_child_weight': 5}. Best is trial 557 with value: 2.2610117988072185.
[I 2026-03-19 00:55:48,010] Trial 692 finished with value: 2.2486407413033134 and parameters: {'n_estimators': 888, 'lambda': 1.5542064626260806e-08, 'subsample': 0.804620149785481, 'colsample_bytree': 0.9915666571246298, 'learning_rate': 0.03019590508280643, 'max_depth': 9, 'min_child_weight': 5}. Best is trial 557 with value: 2.2610117988072185.
[I 2026-03-19 00:57:49,847] Trial 693 finished with value: 2.2469362024973867 and parameters: {'n_estimators': 846, 'lambda': 2.7931357470610405e-08, 'subsample': 0.8395671430566836, 'colsample_bytree': 0.9981395062966455, 'learning_rate': 0.030396315626347474, 'max_depth': 9, 'min_child_weight': 5}. Best is trial 557 with value: 2.2610117988072185.
[I 2026-03-19 01:02:19,701] Trial 694 finished with value: 1.8181141879641296 and parameters: {'n_estimators': 900, 'lambda': 2.8742161740631953e-08, 'subsample': 0.8423257396921006, 'colsample_bytree': 0.978421445554599, 'learning_rate': 0.19531980478379837, 'max_depth': 9, 'min_child_weight': 5}. Best is trial 557 with value: 2.2610117988072185.
