[I 2026-03-16 21:36:46,425] A new study created in RDB with name: qqH_separate_tuning
[I 2026-03-16 21:37:31,320] Trial 3 finished with value: 0.0 and parameters: {'n_estimators': 110, 'lambda': 9.562164375464822e-07, 'subsample': 0.7838722567293077, 'colsample_bytree': 0.9068546051368267, 'learning_rate': 0.04473534489643229, 'max_depth': 7, 'min_child_weight': 9}. Best is trial 3 with value: 0.0.
[I 2026-03-16 21:37:44,504] Trial 0 finished with value: 4.369419578841079 and parameters: {'n_estimators': 357, 'lambda': 1.7137999833908946e-05, 'subsample': 0.31865089524853646, 'colsample_bytree': 0.38995229355301575, 'learning_rate': 0.18930794801740197, 'max_depth': 3, 'min_child_weight': 6}. Best is trial 0 with value: 4.369419578841079.
[I 2026-03-16 21:38:23,796] Trial 4 finished with value: 4.403913998057372 and parameters: {'n_estimators': 528, 'lambda': 0.000492812055482568, 'subsample': 0.2622672865373066, 'colsample_bytree': 0.7522543541581639, 'learning_rate': 0.22510876916058598, 'max_depth': 4, 'min_child_weight': 10}. Best is trial 4 with value: 4.403913998057372.
[I 2026-03-16 21:38:32,212] Trial 2 finished with value: 4.995651635749436 and parameters: {'n_estimators': 589, 'lambda': 0.006281025911741181, 'subsample': 0.9653899319967401, 'colsample_bytree': 0.36784202050510423, 'learning_rate': 0.0366549018774964, 'max_depth': 4, 'min_child_weight': 8}. Best is trial 2 with value: 4.995651635749436.
[I 2026-03-16 21:38:37,017] Trial 6 finished with value: 4.0971194848554635 and parameters: {'n_estimators': 271, 'lambda': 1.275665057481807e-07, 'subsample': 0.847772968075587, 'colsample_bytree': 0.4800810890861061, 'learning_rate': 0.5330824664008773, 'max_depth': 6, 'min_child_weight': 4}. Best is trial 2 with value: 4.995651635749436.
[I 2026-03-16 21:38:45,951] Trial 7 finished with value: 4.157224814948453 and parameters: {'n_estimators': 158, 'lambda': 8.229994095978796e-07, 'subsample': 0.3388889764507417, 'colsample_bytree': 0.3722131724369964, 'learning_rate': 0.36553594820993407, 'max_depth': 8, 'min_child_weight': 10}. Best is trial 2 with value: 4.995651635749436.
/vols/cms/dmw25/TauTheDifference/Training/python/train_BDT.py:40: RuntimeWarning: invalid value encountered in divide
  ams = np.sqrt(2*((S+B+b0)*np.log(1+S/(B+b0))-S))
/vols/cms/dmw25/TauTheDifference/Training/python/train_BDT.py:40: RuntimeWarning: invalid value encountered in sqrt
  ams = np.sqrt(2*((S+B+b0)*np.log(1+S/(B+b0))-S))
[W 2026-03-16 21:39:07,467] Trial 8 failed with parameters: {'n_estimators': 107, 'lambda': 0.06811373429998674, 'subsample': 0.21204441981611988, 'colsample_bytree': 0.9374912121356875, 'learning_rate': 0.5313976726159854, 'max_depth': 9, 'min_child_weight': 4} because of the following error: The value nan is not acceptable.
[W 2026-03-16 21:39:07,467] Trial 8 failed with value np.float64(nan).
[I 2026-03-16 21:39:14,884] Trial 11 finished with value: 4.61512235973702 and parameters: {'n_estimators': 121, 'lambda': 0.08612137845032306, 'subsample': 0.582717483701551, 'colsample_bytree': 0.4919407734933232, 'learning_rate': 0.2549139078342866, 'max_depth': 6, 'min_child_weight': 10}. Best is trial 2 with value: 4.995651635749436.
[I 2026-03-16 21:39:20,513] Trial 5 finished with value: 4.328046774856434 and parameters: {'n_estimators': 496, 'lambda': 0.6782006252591628, 'subsample': 0.8562314016458641, 'colsample_bytree': 0.41081648410224747, 'learning_rate': 0.3461981398370795, 'max_depth': 7, 'min_child_weight': 7}. Best is trial 2 with value: 4.995651635749436.
[I 2026-03-16 21:39:22,098] Trial 1 finished with value: 3.6889652088695994 and parameters: {'n_estimators': 927, 'lambda': 0.00780584747328936, 'subsample': 0.4506040482912392, 'colsample_bytree': 0.35386264394828315, 'learning_rate': 0.6758924603317717, 'max_depth': 4, 'min_child_weight': 2}. Best is trial 2 with value: 4.995651635749436.
[I 2026-03-16 21:39:28,798] Trial 9 finished with value: 4.488655073529642 and parameters: {'n_estimators': 209, 'lambda': 3.947603475924232e-05, 'subsample': 0.9696430520589325, 'colsample_bytree': 0.5046621527069651, 'learning_rate': 0.5884070436422327, 'max_depth': 7, 'min_child_weight': 7}. Best is trial 2 with value: 4.995651635749436.
[I 2026-03-16 21:39:31,192] Trial 10 finished with value: 4.265144769495467 and parameters: {'n_estimators': 148, 'lambda': 6.334528675098991e-07, 'subsample': 0.5638130095783844, 'colsample_bytree': 0.9624575761454237, 'learning_rate': 0.4415922134222301, 'max_depth': 8, 'min_child_weight': 9}. Best is trial 2 with value: 4.995651635749436.
[I 2026-03-16 21:39:40,171] Trial 12 finished with value: 4.617327229528631 and parameters: {'n_estimators': 86, 'lambda': 4.460940990578778e-07, 'subsample': 0.8222385596131323, 'colsample_bytree': 0.253685672253565, 'learning_rate': 0.2780820383576955, 'max_depth': 8, 'min_child_weight': 9}. Best is trial 2 with value: 4.995651635749436.
[I 2026-03-16 21:39:47,240] Trial 13 finished with value: 4.392036325568822 and parameters: {'n_estimators': 171, 'lambda': 1.2249803021649415e-08, 'subsample': 0.35114875585433664, 'colsample_bytree': 0.4318018851685965, 'learning_rate': 0.375232932079518, 'max_depth': 5, 'min_child_weight': 6}. Best is trial 2 with value: 4.995651635749436.
[I 2026-03-16 21:41:41,945] Trial 17 finished with value: 4.655863952338581 and parameters: {'n_estimators': 754, 'lambda': 0.11927102267321243, 'subsample': 0.6594117150032077, 'colsample_bytree': 0.638749437117138, 'learning_rate': 0.042435155649592035, 'max_depth': 5, 'min_child_weight': 8}. Best is trial 2 with value: 4.995651635749436.
[I 2026-03-16 21:41:51,893] Trial 16 finished with value: 4.672508781274642 and parameters: {'n_estimators': 841, 'lambda': 0.0036963944998166416, 'subsample': 0.6804935797492104, 'colsample_bytree': 0.2261506481784827, 'learning_rate': 0.05960408294638031, 'max_depth': 5, 'min_child_weight': 5}. Best is trial 2 with value: 4.995651635749436.
[I 2026-03-16 21:42:51,888] Trial 14 finished with value: 4.301790828730253 and parameters: {'n_estimators': 460, 'lambda': 0.0450123894871803, 'subsample': 0.8988294090520588, 'colsample_bytree': 0.7620232015744939, 'learning_rate': 0.18948242034260873, 'max_depth': 9, 'min_child_weight': 9}. Best is trial 2 with value: 4.995651635749436.
[I 2026-03-16 21:43:18,928] Trial 20 finished with value: 4.865653686995977 and parameters: {'n_estimators': 801, 'lambda': 0.003569740169081019, 'subsample': 0.7054336578837652, 'colsample_bytree': 0.670820851155389, 'learning_rate': 0.043133378347099405, 'max_depth': 3, 'min_child_weight': 8}. Best is trial 2 with value: 4.995651635749436.
[I 2026-03-16 21:43:25,567] Trial 21 finished with value: 4.82606216964431 and parameters: {'n_estimators': 752, 'lambda': 0.0013245576181792863, 'subsample': 0.9740696839380599, 'colsample_bytree': 0.22265361847270687, 'learning_rate': 0.12760092406153045, 'max_depth': 3, 'min_child_weight': 4}. Best is trial 2 with value: 4.995651635749436.
[I 2026-03-16 21:43:56,381] Trial 15 finished with value: 3.8425817567488343 and parameters: {'n_estimators': 811, 'lambda': 2.041045254383788e-07, 'subsample': 0.6479655278523349, 'colsample_bytree': 0.7372710882682594, 'learning_rate': 0.31779584152728146, 'max_depth': 8, 'min_child_weight': 5}. Best is trial 2 with value: 4.995651635749436.
[I 2026-03-16 21:44:25,149] Trial 22 finished with value: 4.727767440166317 and parameters: {'n_estimators': 697, 'lambda': 0.0013489776131341048, 'subsample': 0.6912292889350671, 'colsample_bytree': 0.24069275923528138, 'learning_rate': 0.11094217579641391, 'max_depth': 3, 'min_child_weight': 4}. Best is trial 2 with value: 4.995651635749436.
[I 2026-03-16 21:44:47,336] Trial 23 finished with value: 4.75204607604101 and parameters: {'n_estimators': 660, 'lambda': 0.00045351240943668664, 'subsample': 0.9670216415455529, 'colsample_bytree': 0.609667537186744, 'learning_rate': 0.1387540295493428, 'max_depth': 3, 'min_child_weight': 7}. Best is trial 2 with value: 4.995651635749436.
[I 2026-03-16 21:45:10,075] Trial 24 finished with value: 4.396380030822467 and parameters: {'n_estimators': 656, 'lambda': 0.00020076911737846944, 'subsample': 0.7288129633667658, 'colsample_bytree': 0.6309823388754391, 'learning_rate': 0.1261308428191129, 'max_depth': 4, 'min_child_weight': 7}. Best is trial 2 with value: 4.995651635749436.
[I 2026-03-16 21:45:38,529] Trial 25 finished with value: 4.6125927535897 and parameters: {'n_estimators': 644, 'lambda': 0.00022530700266071464, 'subsample': 0.7200161363560896, 'colsample_bytree': 0.6095508166454572, 'learning_rate': 0.11942686717452973, 'max_depth': 4, 'min_child_weight': 8}. Best is trial 2 with value: 4.995651635749436.
[I 2026-03-16 21:45:55,335] Trial 18 finished with value: 4.563418541637679 and parameters: {'n_estimators': 725, 'lambda': 0.0013955277085468166, 'subsample': 0.9955034077176266, 'colsample_bytree': 0.20313754768457937, 'learning_rate': 0.0798162376475412, 'max_depth': 9, 'min_child_weight': 8}. Best is trial 2 with value: 4.995651635749436.
[I 2026-03-16 21:46:06,938] Trial 26 finished with value: 4.382826615270593 and parameters: {'n_estimators': 616, 'lambda': 0.0002858932288686823, 'subsample': 0.49433268662338703, 'colsample_bytree': 0.615344364211551, 'learning_rate': 0.125632248367419, 'max_depth': 4, 'min_child_weight': 8}. Best is trial 2 with value: 4.995651635749436.
[I 2026-03-16 21:46:14,717] Trial 19 finished with value: 4.3916205665068935 and parameters: {'n_estimators': 725, 'lambda': 0.0007237416484091911, 'subsample': 0.7204807825169268, 'colsample_bytree': 0.21155334820128377, 'learning_rate': 0.04081607418489751, 'max_depth': 9, 'min_child_weight': 8}. Best is trial 2 with value: 4.995651635749436.
[I 2026-03-16 21:46:22,658] Trial 27 finished with value: 4.856362564503393 and parameters: {'n_estimators': 590, 'lambda': 0.012475502240528154, 'subsample': 0.9922661789029839, 'colsample_bytree': 0.30933937755112595, 'learning_rate': 0.12379211337931198, 'max_depth': 4, 'min_child_weight': 2}. Best is trial 2 with value: 4.995651635749436.
[I 2026-03-16 21:47:23,939] Trial 28 finished with value: 4.855732581209423 and parameters: {'n_estimators': 971, 'lambda': 0.013051259167579004, 'subsample': 0.9851252769646095, 'colsample_bytree': 0.30728677590981357, 'learning_rate': 0.09696015356848159, 'max_depth': 3, 'min_child_weight': 2}. Best is trial 2 with value: 4.995651635749436.
[I 2026-03-16 21:47:53,786] Trial 29 finished with value: 4.850519240972515 and parameters: {'n_estimators': 936, 'lambda': 0.011849838166656015, 'subsample': 0.9894065431368793, 'colsample_bytree': 0.29890355962898557, 'learning_rate': 0.030038531644666494, 'max_depth': 3, 'min_child_weight': 2}. Best is trial 2 with value: 4.995651635749436.
[I 2026-03-16 21:48:11,967] Trial 30 finished with value: 4.668198514963581 and parameters: {'n_estimators': 916, 'lambda': 0.013964869260452303, 'subsample': 0.9016978225743068, 'colsample_bytree': 0.3069995084600298, 'learning_rate': 0.16388020751079624, 'max_depth': 3, 'min_child_weight': 2}. Best is trial 2 with value: 4.995651635749436.
[I 2026-03-16 21:48:25,438] Trial 33 finished with value: 4.660561892140055 and parameters: {'n_estimators': 574, 'lambda': 0.0132627017196877, 'subsample': 0.9129453708904088, 'colsample_bytree': 0.2989300707986794, 'learning_rate': 0.1956266428798593, 'max_depth': 5, 'min_child_weight': 3}. Best is trial 2 with value: 4.995651635749436.
[I 2026-03-16 21:48:29,562] Trial 31 finished with value: 4.907643989234605 and parameters: {'n_estimators': 949, 'lambda': 0.014024099605856141, 'subsample': 0.9037526383195038, 'colsample_bytree': 0.3298503782831374, 'learning_rate': 0.03201367121920991, 'max_depth': 3, 'min_child_weight': 2}. Best is trial 2 with value: 4.995651635749436.
[I 2026-03-16 21:48:36,099] Trial 32 finished with value: 4.6841872999756635 and parameters: {'n_estimators': 966, 'lambda': 0.022320327782000396, 'subsample': 0.9320176975638383, 'colsample_bytree': 0.3138040023353726, 'learning_rate': 0.18125016875944747, 'max_depth': 3, 'min_child_weight': 2}. Best is trial 2 with value: 4.995651635749436.
[I 2026-03-16 21:49:22,928] Trial 37 finished with value: 4.857652918817456 and parameters: {'n_estimators': 379, 'lambda': 0.30300192743358717, 'subsample': 0.9358454294825692, 'colsample_bytree': 0.5515895716585163, 'learning_rate': 0.08335462484001954, 'max_depth': 3, 'min_child_weight': 6}. Best is trial 2 with value: 4.995651635749436.
[I 2026-03-16 21:49:24,595] Trial 34 finished with value: 4.849893721614867 and parameters: {'n_estimators': 597, 'lambda': 0.5292239752525669, 'subsample': 0.8858989772595861, 'colsample_bytree': 0.299694880300668, 'learning_rate': 0.18771701917409345, 'max_depth': 5, 'min_child_weight': 3}. Best is trial 2 with value: 4.995651635749436.
[I 2026-03-16 21:49:29,330] Trial 36 finished with value: 4.602909042661541 and parameters: {'n_estimators': 369, 'lambda': 6.574764255917775e-06, 'subsample': 0.9050727431377604, 'colsample_bytree': 0.54205851477069, 'learning_rate': 0.19948989617896543, 'max_depth': 5, 'min_child_weight': 3}. Best is trial 2 with value: 4.995651635749436.
[I 2026-03-16 21:49:54,714] Trial 39 finished with value: 4.890050472353528 and parameters: {'n_estimators': 406, 'lambda': 0.24647151851102678, 'subsample': 0.7832242773230761, 'colsample_bytree': 0.5476511547868594, 'learning_rate': 0.08295098734784456, 'max_depth': 4, 'min_child_weight': 3}. Best is trial 2 with value: 4.995651635749436.
[I 2026-03-16 21:49:55,030] Trial 35 finished with value: 4.569627422315094 and parameters: {'n_estimators': 572, 'lambda': 1.4305244080495125e-05, 'subsample': 0.9030924512333032, 'colsample_bytree': 0.5482403967399881, 'learning_rate': 0.17878043483524458, 'max_depth': 5, 'min_child_weight': 3}. Best is trial 2 with value: 4.995651635749436.
[I 2026-03-16 21:49:55,037] Trial 38 finished with value: 4.963171595484137 and parameters: {'n_estimators': 429, 'lambda': 0.5539599044677401, 'subsample': 0.9187488304812688, 'colsample_bytree': 0.5541002508383825, 'learning_rate': 0.08248638965212113, 'max_depth': 4, 'min_child_weight': 3}. Best is trial 2 with value: 4.995651635749436.
[I 2026-03-16 21:50:11,481] Trial 40 finished with value: 4.685988361617481 and parameters: {'n_estimators': 343, 'lambda': 0.5169041803663917, 'subsample': 0.779537580611435, 'colsample_bytree': 0.5408386174396086, 'learning_rate': 0.07889406446453208, 'max_depth': 4, 'min_child_weight': 6}. Best is trial 2 with value: 4.995651635749436.
[I 2026-03-16 21:50:24,556] Trial 41 finished with value: 4.649676626358649 and parameters: {'n_estimators': 406, 'lambda': 5.705430499166603e-06, 'subsample': 0.8288116904563814, 'colsample_bytree': 0.6881981454695928, 'learning_rate': 0.07439522662943668, 'max_depth': 4, 'min_child_weight': 6}. Best is trial 2 with value: 4.995651635749436.
[I 2026-03-16 21:50:32,132] Trial 42 finished with value: 4.823489827977724 and parameters: {'n_estimators': 426, 'lambda': 0.2212707495411955, 'subsample': 0.783989050798414, 'colsample_bytree': 0.787515209119889, 'learning_rate': 0.05588736566317665, 'max_depth': 4, 'min_child_weight': 5}. Best is trial 2 with value: 4.995651635749436.
[I 2026-03-16 21:50:53,823] Trial 43 finished with value: 4.8359519686335135 and parameters: {'n_estimators': 289, 'lambda': 0.20512833684052992, 'subsample': 0.7759932456803565, 'colsample_bytree': 0.4330579291818013, 'learning_rate': 0.07283506832304729, 'max_depth': 4, 'min_child_weight': 4}. Best is trial 2 with value: 4.995651635749436.
[I 2026-03-16 21:51:00,872] Trial 45 finished with value: 4.174496033112019 and parameters: {'n_estimators': 289, 'lambda': 0.9768687025108006, 'subsample': 0.8028239006494563, 'colsample_bytree': 0.4448835147521483, 'learning_rate': 0.6585691376403913, 'max_depth': 4, 'min_child_weight': 4}. Best is trial 2 with value: 4.995651635749436.
[I 2026-03-16 21:51:12,382] Trial 44 finished with value: 4.27803871465435 and parameters: {'n_estimators': 430, 'lambda': 0.19328207595741234, 'subsample': 0.8075112829826232, 'colsample_bytree': 0.4383543440968485, 'learning_rate': 0.6686869186370543, 'max_depth': 4, 'min_child_weight': 4}. Best is trial 2 with value: 4.995651635749436.
[I 2026-03-16 21:51:26,523] Trial 46 finished with value: 4.400985392593956 and parameters: {'n_estimators': 449, 'lambda': 0.1673350523631473, 'subsample': 0.7964679779171573, 'colsample_bytree': 0.43660843697106577, 'learning_rate': 0.6495087878639323, 'max_depth': 4, 'min_child_weight': 5}. Best is trial 2 with value: 4.995651635749436.
[I 2026-03-16 21:51:44,489] Trial 47 finished with value: 4.939807837318808 and parameters: {'n_estimators': 494, 'lambda': 0.003896310428676882, 'subsample': 0.7913593379904174, 'colsample_bytree': 0.4350186143961186, 'learning_rate': 0.04164019440246972, 'max_depth': 4, 'min_child_weight': 4}. Best is trial 2 with value: 4.995651635749436.
[I 2026-03-16 21:51:56,503] Trial 48 finished with value: 4.810078258119612 and parameters: {'n_estimators': 505, 'lambda': 0.003939662140693088, 'subsample': 0.7625046042081763, 'colsample_bytree': 0.41784669079196335, 'learning_rate': 0.030810746574177414, 'max_depth': 4, 'min_child_weight': 4}. Best is trial 2 with value: 4.995651635749436.
[I 2026-03-16 21:53:01,879] Trial 49 finished with value: 3.820292005065547 and parameters: {'n_estimators': 509, 'lambda': 0.0531736803684014, 'subsample': 0.8550336944824874, 'colsample_bytree': 0.3667782000826939, 'learning_rate': 0.6362695997689981, 'max_depth': 6, 'min_child_weight': 3}. Best is trial 2 with value: 4.995651635749436.
[I 2026-03-16 21:53:04,492] Trial 50 finished with value: 4.084682164002796 and parameters: {'n_estimators': 506, 'lambda': 0.004254593007304143, 'subsample': 0.8608218099489634, 'colsample_bytree': 0.37611153011032317, 'learning_rate': 0.46269554607526253, 'max_depth': 6, 'min_child_weight': 3}. Best is trial 2 with value: 4.995651635749436.
[I 2026-03-16 21:53:09,372] Trial 51 finished with value: 4.33648812618198 and parameters: {'n_estimators': 501, 'lambda': 0.050801894094034517, 'subsample': 0.8550731676969172, 'colsample_bytree': 0.8113103382593334, 'learning_rate': 0.22469599811736493, 'max_depth': 6, 'min_child_weight': 3}. Best is trial 2 with value: 4.995651635749436.
[I 2026-03-16 21:53:43,392] Trial 53 finished with value: 4.617730240667864 and parameters: {'n_estimators': 515, 'lambda': 0.05416536745718571, 'subsample': 0.861165701154555, 'colsample_bytree': 0.3700089146252337, 'learning_rate': 0.2293736013510851, 'max_depth': 6, 'min_child_weight': 3}. Best is trial 2 with value: 4.995651635749436.
[I 2026-03-16 21:53:53,378] Trial 56 finished with value: 4.428873817123316 and parameters: {'n_estimators': 236, 'lambda': 0.0636599641115267, 'subsample': 0.9484352563922889, 'colsample_bytree': 0.4734704018306678, 'learning_rate': 0.25841451144884575, 'max_depth': 5, 'min_child_weight': 3}. Best is trial 2 with value: 4.995651635749436.
[I 2026-03-16 21:53:54,894] Trial 54 finished with value: 4.228775775143085 and parameters: {'n_estimators': 497, 'lambda': 0.047631775771691004, 'subsample': 0.8652761260046802, 'colsample_bytree': 0.38907497752603476, 'learning_rate': 0.4083791049174925, 'max_depth': 6, 'min_child_weight': 3}. Best is trial 2 with value: 4.995651635749436.
[I 2026-03-16 21:53:57,174] Trial 55 finished with value: 4.05672830025499 and parameters: {'n_estimators': 232, 'lambda': 0.05404094233856283, 'subsample': 0.8546537106869047, 'colsample_bytree': 0.4855750823796534, 'learning_rate': 0.5135210016940389, 'max_depth': 6, 'min_child_weight': 3}. Best is trial 2 with value: 4.995651635749436.
[I 2026-03-16 21:54:56,053] Trial 52 finished with value: 4.371721237273453 and parameters: {'n_estimators': 861, 'lambda': 0.030485847617832476, 'subsample': 0.872383899548819, 'colsample_bytree': 0.37867606457764613, 'learning_rate': 0.23883755544052904, 'max_depth': 6, 'min_child_weight': 3}. Best is trial 2 with value: 4.995651635749436.
[I 2026-03-16 21:55:13,306] Trial 57 finished with value: 4.82089571160291 and parameters: {'n_estimators': 862, 'lambda': 0.028302588546047065, 'subsample': 0.6028444149391574, 'colsample_bytree': 0.48040870554540316, 'learning_rate': 0.09725768801521378, 'max_depth': 3, 'min_child_weight': 9}. Best is trial 2 with value: 4.995651635749436.
[I 2026-03-16 21:55:49,943] Trial 58 finished with value: 4.7197191662321885 and parameters: {'n_estimators': 874, 'lambda': 5.14196566046638e-05, 'subsample': 0.6175948791093553, 'colsample_bytree': 0.4784583115567299, 'learning_rate': 0.15102676411316057, 'max_depth': 3, 'min_child_weight': 10}. Best is trial 2 with value: 4.995651635749436.
[I 2026-03-16 21:55:57,269] Trial 61 finished with value: 4.735218562709031 and parameters: {'n_estimators': 815, 'lambda': 0.0018257588692205278, 'subsample': 0.7501995580218104, 'colsample_bytree': 0.5129994098108372, 'learning_rate': 0.15859353313024904, 'max_depth': 3, 'min_child_weight': 9}. Best is trial 2 with value: 4.995651635749436.
[I 2026-03-16 21:55:59,708] Trial 59 finished with value: 4.308997747599408 and parameters: {'n_estimators': 851, 'lambda': 5.5646508931034856e-05, 'subsample': 0.2165697707212368, 'colsample_bytree': 0.6803051334643601, 'learning_rate': 0.1582060244119286, 'max_depth': 3, 'min_child_weight': 10}. Best is trial 2 with value: 4.995651635749436.
[I 2026-03-16 21:56:00,795] Trial 60 finished with value: 4.420909928056878 and parameters: {'n_estimators': 844, 'lambda': 0.0056184168552599395, 'subsample': 0.6418497102414642, 'colsample_bytree': 0.6667101079956969, 'learning_rate': 0.15356503621745068, 'max_depth': 3, 'min_child_weight': 7}. Best is trial 2 with value: 4.995651635749436.
