[I 2026-03-18 15:30:40,438] Trial 195 finished with value: 2.231999647584227 and parameters: {'n_estimators': 721, 'lambda': 0.0015987386073782008, 'subsample': 0.9035268242215754, 'colsample_bytree': 0.7406464136564834, 'learning_rate': 0.06778854651444415, 'max_depth': 9, 'min_child_weight': 4}. Best is trial 193 with value: 2.254726846350554.
[I 2026-03-18 15:31:13,976] Trial 196 finished with value: 2.2407152247209456 and parameters: {'n_estimators': 710, 'lambda': 0.0016119665943060543, 'subsample': 0.8999211096248462, 'colsample_bytree': 0.5582269434973314, 'learning_rate': 0.0668215862792487, 'max_depth': 9, 'min_child_weight': 4}. Best is trial 193 with value: 2.254726846350554.
[I 2026-03-18 15:33:08,643] Trial 197 finished with value: 2.245318235541254 and parameters: {'n_estimators': 673, 'lambda': 0.21571151474256922, 'subsample': 0.958307665747186, 'colsample_bytree': 0.6788672873333568, 'learning_rate': 0.057472263905043064, 'max_depth': 9, 'min_child_weight': 4}. Best is trial 193 with value: 2.254726846350554.
[I 2026-03-18 15:35:02,173] Trial 198 finished with value: 2.2530398815368438 and parameters: {'n_estimators': 675, 'lambda': 0.18747946336235038, 'subsample': 0.9604285792153704, 'colsample_bytree': 0.6780749867572863, 'learning_rate': 0.056847239273679316, 'max_depth': 9, 'min_child_weight': 4}. Best is trial 193 with value: 2.254726846350554.
[I 2026-03-18 15:35:52,418] Trial 199 finished with value: 2.250964481650693 and parameters: {'n_estimators': 785, 'lambda': 0.9685442243236126, 'subsample': 0.958592488239037, 'colsample_bytree': 0.6741559116727359, 'learning_rate': 0.05611306865150103, 'max_depth': 9, 'min_child_weight': 5}. Best is trial 193 with value: 2.254726846350554.
[I 2026-03-18 15:36:43,779] Trial 200 finished with value: 2.2439547680338436 and parameters: {'n_estimators': 782, 'lambda': 0.938355364950728, 'subsample': 0.9541559269694264, 'colsample_bytree': 0.6841385290233715, 'learning_rate': 0.05728608929042322, 'max_depth': 9, 'min_child_weight': 4}. Best is trial 193 with value: 2.254726846350554.
[I 2026-03-18 15:37:12,618] Trial 202 finished with value: 2.2454852159805716 and parameters: {'n_estimators': 668, 'lambda': 0.8398478462191749, 'subsample': 0.9498528555795154, 'colsample_bytree': 0.676730264438899, 'learning_rate': 0.05163563610528119, 'max_depth': 9, 'min_child_weight': 5}. Best is trial 193 with value: 2.254726846350554.
[I 2026-03-18 15:37:46,911] Trial 201 finished with value: 2.24899786957753 and parameters: {'n_estimators': 796, 'lambda': 0.9057083400325262, 'subsample': 0.9566532037643263, 'colsample_bytree': 0.6734650526442981, 'learning_rate': 0.0566079300771667, 'max_depth': 9, 'min_child_weight': 4}. Best is trial 193 with value: 2.254726846350554.
[I 2026-03-18 15:39:49,127] Trial 203 finished with value: 1.8475571394689956 and parameters: {'n_estimators': 784, 'lambda': 0.9248073429846185, 'subsample': 0.9558296798991994, 'colsample_bytree': 0.6798807181613491, 'learning_rate': 0.21978438093106947, 'max_depth': 9, 'min_child_weight': 5}. Best is trial 193 with value: 2.254726846350554.
[I 2026-03-18 15:40:53,566] Trial 204 finished with value: 2.2132656833545212 and parameters: {'n_estimators': 638, 'lambda': 0.9053643267394146, 'subsample': 0.9427642302313244, 'colsample_bytree': 0.7765876027790255, 'learning_rate': 0.030962781928444205, 'max_depth': 9, 'min_child_weight': 5}. Best is trial 193 with value: 2.254726846350554.
[I 2026-03-18 15:41:36,700] Trial 205 finished with value: 2.2368835785197057 and parameters: {'n_estimators': 634, 'lambda': 0.0007168120071719095, 'subsample': 0.9817819952080289, 'colsample_bytree': 0.6836996000894616, 'learning_rate': 0.05058655900708968, 'max_depth': 9, 'min_child_weight': 5}. Best is trial 193 with value: 2.254726846350554.
[I 2026-03-18 15:43:58,496] Trial 207 finished with value: 1.8409442367324584 and parameters: {'n_estimators': 791, 'lambda': 0.18004019828567355, 'subsample': 0.9364546473661384, 'colsample_bytree': 0.7302512972660181, 'learning_rate': 0.22217027553977345, 'max_depth': 9, 'min_child_weight': 5}. Best is trial 193 with value: 2.254726846350554.
[I 2026-03-18 15:44:01,397] Trial 206 finished with value: 2.2325488575026826 and parameters: {'n_estimators': 804, 'lambda': 0.16235428068932595, 'subsample': 0.9825578148522693, 'colsample_bytree': 0.6874152081089518, 'learning_rate': 0.03625563085624262, 'max_depth': 9, 'min_child_weight': 5}. Best is trial 193 with value: 2.254726846350554.
[I 2026-03-18 15:44:55,230] Trial 208 finished with value: 2.2342731290418234 and parameters: {'n_estimators': 794, 'lambda': 0.1796424673992855, 'subsample': 0.9776958181062142, 'colsample_bytree': 0.7718368842258057, 'learning_rate': 0.03618810391571775, 'max_depth': 9, 'min_child_weight': 5}. Best is trial 193 with value: 2.254726846350554.
[I 2026-03-18 15:46:59,022] Trial 209 finished with value: 2.2392019887318315 and parameters: {'n_estimators': 811, 'lambda': 0.1720443395373171, 'subsample': 0.9811677705278504, 'colsample_bytree': 0.7703711622253493, 'learning_rate': 0.03902174246418365, 'max_depth': 9, 'min_child_weight': 4}. Best is trial 193 with value: 2.254726846350554.
[I 2026-03-18 15:47:33,570] Trial 212 finished with value: 2.184795123902413 and parameters: {'n_estimators': 816, 'lambda': 0.3707960997808464, 'subsample': 0.9807534756134655, 'colsample_bytree': 0.6065272994521209, 'learning_rate': 0.07999302614027003, 'max_depth': 6, 'min_child_weight': 4}. Best is trial 193 with value: 2.254726846350554.
[I 2026-03-18 15:47:51,695] Trial 214 finished with value: 2.187931844676436 and parameters: {'n_estimators': 692, 'lambda': 0.3638362258502641, 'subsample': 0.9202653156218182, 'colsample_bytree': 0.6599363554322285, 'learning_rate': 0.07981730845801321, 'max_depth': 6, 'min_child_weight': 4}. Best is trial 193 with value: 2.254726846350554.
[I 2026-03-18 15:47:54,046] Trial 210 finished with value: 2.2425619388153706 and parameters: {'n_estimators': 805, 'lambda': 0.20031528061055331, 'subsample': 0.9823467465186243, 'colsample_bytree': 0.6666057686533905, 'learning_rate': 0.05000841878791749, 'max_depth': 9, 'min_child_weight': 4}. Best is trial 193 with value: 2.254726846350554.
[I 2026-03-18 15:48:45,202] Trial 211 finished with value: 2.236301933312451 and parameters: {'n_estimators': 809, 'lambda': 0.1894655987086556, 'subsample': 0.9246142329757112, 'colsample_bytree': 0.6588876548185553, 'learning_rate': 0.03007560186020473, 'max_depth': 9, 'min_child_weight': 4}. Best is trial 193 with value: 2.254726846350554.
[I 2026-03-18 15:49:24,101] Trial 216 finished with value: 2.09026761862687 and parameters: {'n_estimators': 691, 'lambda': 0.6514899889387289, 'subsample': 0.9251152704824116, 'colsample_bytree': 0.6629036435132847, 'learning_rate': 0.0687262577149727, 'max_depth': 3, 'min_child_weight': 4}. Best is trial 193 with value: 2.254726846350554.
[I 2026-03-18 15:49:41,055] Trial 217 finished with value: 2.081581055231034 and parameters: {'n_estimators': 729, 'lambda': 0.674091126892612, 'subsample': 0.9633522461849184, 'colsample_bytree': 0.7222014160999954, 'learning_rate': 0.05490329471444815, 'max_depth': 3, 'min_child_weight': 4}. Best is trial 193 with value: 2.254726846350554.
[I 2026-03-18 15:49:45,477] Trial 213 finished with value: 2.237099460051348 and parameters: {'n_estimators': 685, 'lambda': 0.6672904023565586, 'subsample': 0.9239902733229272, 'colsample_bytree': 0.6635903191014626, 'learning_rate': 0.07772139602923134, 'max_depth': 9, 'min_child_weight': 4}. Best is trial 193 with value: 2.254726846350554.
[I 2026-03-18 15:50:31,553] Trial 219 finished with value: 2.0851420113636783 and parameters: {'n_estimators': 668, 'lambda': 0.6718030527493997, 'subsample': 0.9613338427007302, 'colsample_bytree': 0.7203000555508158, 'learning_rate': 0.061268077043151334, 'max_depth': 3, 'min_child_weight': 4}. Best is trial 193 with value: 2.254726846350554.
[I 2026-03-18 15:52:52,030] Trial 215 finished with value: 2.1960254416864227 and parameters: {'n_estimators': 691, 'lambda': 0.6548000340711856, 'subsample': 0.9215667574311733, 'colsample_bytree': 0.6026194764224477, 'learning_rate': 0.08138250864176676, 'max_depth': 9, 'min_child_weight': 4}. Best is trial 193 with value: 2.254726846350554.
[I 2026-03-18 15:53:41,860] Trial 218 finished with value: 2.246905291485165 and parameters: {'n_estimators': 667, 'lambda': 0.6822213867270052, 'subsample': 0.9617504675785171, 'colsample_bytree': 0.7238543542426856, 'learning_rate': 0.059529814477230956, 'max_depth': 9, 'min_child_weight': 4}. Best is trial 193 with value: 2.254726846350554.
[I 2026-03-18 15:55:38,769] Trial 221 finished with value: 2.253599898478029 and parameters: {'n_estimators': 659, 'lambda': 0.0036511644477336953, 'subsample': 0.9423835197828832, 'colsample_bytree': 0.696032498057666, 'learning_rate': 0.05997686496621233, 'max_depth': 9, 'min_child_weight': 4}. Best is trial 193 with value: 2.254726846350554.
[I 2026-03-18 15:55:44,032] Trial 222 finished with value: 2.2406053894576594 and parameters: {'n_estimators': 662, 'lambda': 0.0037512245198645195, 'subsample': 0.9444985852886129, 'colsample_bytree': 0.7260905933328523, 'learning_rate': 0.056122502425491785, 'max_depth': 9, 'min_child_weight': 4}. Best is trial 193 with value: 2.254726846350554.
[I 2026-03-18 15:55:47,903] Trial 220 finished with value: 2.242029036282628 and parameters: {'n_estimators': 728, 'lambda': 0.6532224162014663, 'subsample': 0.9604695045335435, 'colsample_bytree': 0.7232351335919781, 'learning_rate': 0.05588133306808478, 'max_depth': 9, 'min_child_weight': 4}. Best is trial 193 with value: 2.254726846350554.
[I 2026-03-18 15:57:20,651] Trial 223 finished with value: 2.2377709438771394 and parameters: {'n_estimators': 768, 'lambda': 0.002508708711737262, 'subsample': 0.9995146595677922, 'colsample_bytree': 0.7069984320383268, 'learning_rate': 0.05411996857834079, 'max_depth': 9, 'min_child_weight': 4}. Best is trial 193 with value: 2.254726846350554.
[I 2026-03-18 15:59:30,391] Trial 224 finished with value: 2.244563239381403 and parameters: {'n_estimators': 732, 'lambda': 0.9932527743205952, 'subsample': 0.9428017549615083, 'colsample_bytree': 0.6958207383207039, 'learning_rate': 0.05458738740486065, 'max_depth': 9, 'min_child_weight': 4}. Best is trial 193 with value: 2.254726846350554.
[I 2026-03-18 15:59:41,585] Trial 225 finished with value: 2.2438243162782214 and parameters: {'n_estimators': 653, 'lambda': 0.003467181183766738, 'subsample': 0.939480271095732, 'colsample_bytree': 0.6965474870039539, 'learning_rate': 0.05407802896267019, 'max_depth': 9, 'min_child_weight': 4}. Best is trial 193 with value: 2.254726846350554.
[I 2026-03-18 16:01:38,243] Trial 226 finished with value: 2.2539144061694554 and parameters: {'n_estimators': 644, 'lambda': 0.39803709170676344, 'subsample': 0.9406267662662796, 'colsample_bytree': 0.6946103768331094, 'learning_rate': 0.06787763288100417, 'max_depth': 9, 'min_child_weight': 4}. Best is trial 227 with value: 2.2547676093875957.
[I 2026-03-18 16:01:42,583] Trial 227 finished with value: 2.2547676093875957 and parameters: {'n_estimators': 648, 'lambda': 0.43932685386887116, 'subsample': 0.9667189373983622, 'colsample_bytree': 0.6888553665507461, 'learning_rate': 0.06495242422931914, 'max_depth': 9, 'min_child_weight': 4}. Best is trial 227 with value: 2.2547676093875957.
[I 2026-03-18 16:01:42,588] Trial 228 finished with value: 2.2447762391979484 and parameters: {'n_estimators': 646, 'lambda': 0.002629763649953046, 'subsample': 0.9422979121656816, 'colsample_bytree': 0.6961136578506754, 'learning_rate': 0.07047236609797582, 'max_depth': 9, 'min_child_weight': 4}. Best is trial 227 with value: 2.2547676093875957.
[I 2026-03-18 16:03:26,656] Trial 229 finished with value: 0.0 and parameters: {'n_estimators': 705, 'lambda': 0.0029914209297892077, 'subsample': 0.9463888135359788, 'colsample_bytree': 0.694731895765888, 'learning_rate': 0.06819373069972269, 'max_depth': 9, 'min_child_weight': 4}. Best is trial 227 with value: 2.2547676093875957.
[I 2026-03-18 16:04:59,497] Trial 230 finished with value: 2.2460226051078873 and parameters: {'n_estimators': 645, 'lambda': 0.006284246881771676, 'subsample': 0.9670372588235226, 'colsample_bytree': 0.6932277980613386, 'learning_rate': 0.06952252693243723, 'max_depth': 9, 'min_child_weight': 4}. Best is trial 227 with value: 2.2547676093875957.
[I 2026-03-18 16:05:10,600] Trial 231 finished with value: 2.2481158096532967 and parameters: {'n_estimators': 646, 'lambda': 0.007835673048996288, 'subsample': 0.9675799527572042, 'colsample_bytree': 0.6938088335809001, 'learning_rate': 0.06893616674359496, 'max_depth': 9, 'min_child_weight': 4}. Best is trial 227 with value: 2.2547676093875957.
[I 2026-03-18 16:07:20,789] Trial 234 finished with value: 2.1821338431943635 and parameters: {'n_estimators': 620, 'lambda': 0.4273746655985952, 'subsample': 0.9709033745015024, 'colsample_bytree': 0.6815998065245416, 'learning_rate': 0.09008811857018562, 'max_depth': 9, 'min_child_weight': 4}. Best is trial 227 with value: 2.2547676093875957.
[I 2026-03-18 16:07:24,661] Trial 233 finished with value: 2.198668993354797 and parameters: {'n_estimators': 622, 'lambda': 0.001073039659523844, 'subsample': 0.9713645048433884, 'colsample_bytree': 0.6423596512910326, 'learning_rate': 0.0907414370065351, 'max_depth': 9, 'min_child_weight': 4}. Best is trial 227 with value: 2.2547676093875957.
[I 2026-03-18 16:07:25,827] Trial 232 finished with value: 2.181113510257532 and parameters: {'n_estimators': 645, 'lambda': 0.4160861482203249, 'subsample': 0.9721293504565572, 'colsample_bytree': 0.6827458017197264, 'learning_rate': 0.09049435236166038, 'max_depth': 9, 'min_child_weight': 4}. Best is trial 227 with value: 2.2547676093875957.
[I 2026-03-18 16:08:57,258] Trial 235 finished with value: 2.217508113562149 and parameters: {'n_estimators': 615, 'lambda': 0.4195560112880666, 'subsample': 0.9711396383790761, 'colsample_bytree': 0.5568553674134366, 'learning_rate': 0.09017098786088483, 'max_depth': 9, 'min_child_weight': 4}. Best is trial 227 with value: 2.2547676093875957.
[I 2026-03-18 16:09:55,769] Trial 236 finished with value: 1.7713330406407395 and parameters: {'n_estimators': 617, 'lambda': 0.4126680719341498, 'subsample': 0.9795893667396283, 'colsample_bytree': 0.5587030941310408, 'learning_rate': 0.40255253876971575, 'max_depth': 9, 'min_child_weight': 4}. Best is trial 227 with value: 2.2547676093875957.
[I 2026-03-18 16:10:32,881] Trial 237 finished with value: 2.1753588229299803 and parameters: {'n_estimators': 635, 'lambda': 0.0010454951119672428, 'subsample': 0.9715100396431964, 'colsample_bytree': 0.6453875257496114, 'learning_rate': 0.09023337956331368, 'max_depth': 9, 'min_child_weight': 4}. Best is trial 227 with value: 2.2547676093875957.
[I 2026-03-18 16:13:10,325] Trial 238 finished with value: 1.7662543141394824 and parameters: {'n_estimators': 673, 'lambda': 0.27660900645747516, 'subsample': 0.9545806415829522, 'colsample_bytree': 0.6736515439780834, 'learning_rate': 0.40781955895814814, 'max_depth': 9, 'min_child_weight': 4}. Best is trial 227 with value: 2.2547676093875957.
[I 2026-03-18 16:13:13,583] Trial 239 finished with value: 1.7632309223108389 and parameters: {'n_estimators': 674, 'lambda': 0.007899656480717297, 'subsample': 0.9992429140125816, 'colsample_bytree': 0.5631987592537421, 'learning_rate': 0.4037310404315759, 'max_depth': 9, 'min_child_weight': 4}. Best is trial 227 with value: 2.2547676093875957.
[I 2026-03-18 16:13:36,174] Trial 240 finished with value: 2.2291885030656946 and parameters: {'n_estimators': 672, 'lambda': 0.09378339709560889, 'subsample': 0.9969258576849985, 'colsample_bytree': 0.7084623496899239, 'learning_rate': 0.043798845231971695, 'max_depth': 9, 'min_child_weight': 4}. Best is trial 227 with value: 2.2547676093875957.
[I 2026-03-18 16:15:01,733] Trial 241 finished with value: 2.2291410305591857 and parameters: {'n_estimators': 679, 'lambda': 0.009305227281725012, 'subsample': 0.995709627003789, 'colsample_bytree': 0.7087770941498006, 'learning_rate': 0.04404572723999847, 'max_depth': 9, 'min_child_weight': 4}. Best is trial 227 with value: 2.2547676093875957.
[I 2026-03-18 16:16:19,612] Trial 242 finished with value: 2.237170063241527 and parameters: {'n_estimators': 673, 'lambda': 0.002126873527602697, 'subsample': 0.9372287246248642, 'colsample_bytree': 0.7066740365671517, 'learning_rate': 0.04332358516286283, 'max_depth': 9, 'min_child_weight': 4}. Best is trial 227 with value: 2.2547676093875957.
[I 2026-03-18 16:16:43,222] Trial 243 finished with value: 2.233168035118421 and parameters: {'n_estimators': 677, 'lambda': 0.24829828814182517, 'subsample': 0.932341497025803, 'colsample_bytree': 0.7043569540705571, 'learning_rate': 0.043818796067978213, 'max_depth': 9, 'min_child_weight': 4}. Best is trial 227 with value: 2.2547676093875957.
[I 2026-03-18 16:19:31,479] Trial 244 finished with value: 2.2309601375566332 and parameters: {'n_estimators': 702, 'lambda': 0.0020533262782823605, 'subsample': 0.9993437986248687, 'colsample_bytree': 0.7051860794159654, 'learning_rate': 0.07011998104152758, 'max_depth': 9, 'min_child_weight': 4}. Best is trial 227 with value: 2.2547676093875957.
[I 2026-03-18 16:19:35,592] Trial 245 finished with value: 2.2378744733188345 and parameters: {'n_estimators': 700, 'lambda': 0.09140319713514126, 'subsample': 0.9332897724111612, 'colsample_bytree': 0.7108293736490436, 'learning_rate': 0.04367836515376167, 'max_depth': 9, 'min_child_weight': 4}. Best is trial 227 with value: 2.2547676093875957.
[I 2026-03-18 16:19:56,780] Trial 246 finished with value: 2.232289428785408 and parameters: {'n_estimators': 697, 'lambda': 0.0017057641562880027, 'subsample': 0.9365909565303232, 'colsample_bytree': 0.7064184613819386, 'learning_rate': 0.06997412805087153, 'max_depth': 9, 'min_child_weight': 4}. Best is trial 227 with value: 2.2547676093875957.
[I 2026-03-18 16:21:22,970] Trial 247 finished with value: 2.244063331526205 and parameters: {'n_estimators': 700, 'lambda': 0.002014552570338824, 'subsample': 0.934436640749224, 'colsample_bytree': 0.7294026038872623, 'learning_rate': 0.06373106335401073, 'max_depth': 9, 'min_child_weight': 4}. Best is trial 227 with value: 2.2547676093875957.
[I 2026-03-18 16:22:37,415] Trial 248 finished with value: 2.233151850164283 and parameters: {'n_estimators': 707, 'lambda': 0.5275262340162061, 'subsample': 0.9551847122388011, 'colsample_bytree': 0.7324644849705968, 'learning_rate': 0.06584221610638205, 'max_depth': 9, 'min_child_weight': 4}. Best is trial 227 with value: 2.2547676093875957.
[I 2026-03-18 16:22:58,071] Trial 249 finished with value: 2.2487981714853555 and parameters: {'n_estimators': 700, 'lambda': 0.9976967295815009, 'subsample': 0.9542905479922916, 'colsample_bytree': 0.7295261689637305, 'learning_rate': 0.06884451844945014, 'max_depth': 9, 'min_child_weight': 4}. Best is trial 227 with value: 2.2547676093875957.
[I 2026-03-18 16:25:26,943] Trial 251 finished with value: 2.2501488768746096 and parameters: {'n_estimators': 657, 'lambda': 0.614074701747241, 'subsample': 0.9570877874362853, 'colsample_bytree': 0.729446928941387, 'learning_rate': 0.0665519391247407, 'max_depth': 9, 'min_child_weight': 4}. Best is trial 227 with value: 2.2547676093875957.
[I 2026-03-18 16:25:47,167] Trial 250 finished with value: 2.2509590450461125 and parameters: {'n_estimators': 707, 'lambda': 0.5545069409040434, 'subsample': 0.9575407193366815, 'colsample_bytree': 0.7294720813518248, 'learning_rate': 0.06735162507252494, 'max_depth': 9, 'min_child_weight': 4}. Best is trial 227 with value: 2.2547676093875957.
[I 2026-03-18 16:25:49,880] Trial 252 finished with value: 2.249452537309848 and parameters: {'n_estimators': 655, 'lambda': 0.5208913267201137, 'subsample': 0.9583357616464767, 'colsample_bytree': 0.7347332482599982, 'learning_rate': 0.0674203656318102, 'max_depth': 9, 'min_child_weight': 4}. Best is trial 227 with value: 2.2547676093875957.
[I 2026-03-18 16:27:09,726] Trial 253 finished with value: 2.2475721868047955 and parameters: {'n_estimators': 651, 'lambda': 0.5646518411087217, 'subsample': 0.9588208434725393, 'colsample_bytree': 0.7293744084622403, 'learning_rate': 0.0656673033086027, 'max_depth': 9, 'min_child_weight': 4}. Best is trial 227 with value: 2.2547676093875957.
[I 2026-03-18 16:29:25,769] Trial 254 finished with value: 2.19740318330301 and parameters: {'n_estimators': 766, 'lambda': 0.0041792087939444, 'subsample': 0.9594010646731237, 'colsample_bytree': 0.7258737297292303, 'learning_rate': 0.07761498570116038, 'max_depth': 9, 'min_child_weight': 4}. Best is trial 227 with value: 2.2547676093875957.
[I 2026-03-18 16:29:44,762] Trial 255 finished with value: 2.195337462214484 and parameters: {'n_estimators': 765, 'lambda': 0.00466502169789063, 'subsample': 0.9562166736068598, 'colsample_bytree': 0.7519887018258955, 'learning_rate': 0.07678311882007594, 'max_depth': 9, 'min_child_weight': 4}. Best is trial 227 with value: 2.2547676093875957.
[I 2026-03-18 16:31:30,701] Trial 258 finished with value: 2.220339307886703 and parameters: {'n_estimators': 637, 'lambda': 0.2908987469754905, 'subsample': 0.9528862575965513, 'colsample_bytree': 0.7515136719725881, 'learning_rate': 0.08021820726499315, 'max_depth': 9, 'min_child_weight': 4}. Best is trial 227 with value: 2.2547676093875957.
[I 2026-03-18 16:31:35,297] Trial 257 finished with value: 2.2391249939870432 and parameters: {'n_estimators': 647, 'lambda': 0.31301560513899085, 'subsample': 0.9562059451953729, 'colsample_bytree': 0.7544356890449326, 'learning_rate': 0.077151267529917, 'max_depth': 9, 'min_child_weight': 4}. Best is trial 227 with value: 2.2547676093875957.
