[I 2026-03-16 21:56:53,328] Trial 67 finished with value: 4.750398657297211 and parameters: {'n_estimators': 343, 'lambda': 0.0024630338051401086, 'subsample': 0.9441030655152395, 'colsample_bytree': 0.5681887138407145, 'learning_rate': 0.05488875022622903, 'max_depth': 3, 'min_child_weight': 7}. Best is trial 2 with value: 4.995651635749436.
[I 2026-03-16 21:56:54,945] Trial 62 finished with value: 4.676796649885057 and parameters: {'n_estimators': 795, 'lambda': 6.747565677830875e-05, 'subsample': 0.6244051985408181, 'colsample_bytree': 0.6593512145492343, 'learning_rate': 0.14535156506898375, 'max_depth': 3, 'min_child_weight': 9}. Best is trial 2 with value: 4.995651635749436.
[I 2026-03-16 21:57:14,379] Trial 63 finished with value: 4.43097400829074 and parameters: {'n_estimators': 804, 'lambda': 9.988357139770311e-05, 'subsample': 0.7408739067918049, 'colsample_bytree': 0.6881560767493943, 'learning_rate': 0.15533718619156306, 'max_depth': 3, 'min_child_weight': 10}. Best is trial 2 with value: 4.995651635749436.
[I 2026-03-16 21:57:20,124] Trial 65 finished with value: 4.732513679879739 and parameters: {'n_estimators': 546, 'lambda': 0.0032008430104755636, 'subsample': 0.5327491368022553, 'colsample_bytree': 0.6715594850239417, 'learning_rate': 0.04950533998152226, 'max_depth': 3, 'min_child_weight': 2}. Best is trial 2 with value: 4.995651635749436.
[I 2026-03-16 21:57:50,226] Trial 64 finished with value: 4.928182652307055 and parameters: {'n_estimators': 816, 'lambda': 0.0056317869743018195, 'subsample': 0.7513732683448674, 'colsample_bytree': 0.6874672879858027, 'learning_rate': 0.056206345583464545, 'max_depth': 3, 'min_child_weight': 9}. Best is trial 2 with value: 4.995651635749436.
[I 2026-03-16 21:57:50,947] Trial 66 finished with value: 4.653236270146451 and parameters: {'n_estimators': 333, 'lambda': 0.0059741686203492045, 'subsample': 0.6937269758350482, 'colsample_bytree': 0.5726292671782944, 'learning_rate': 0.0548497559409368, 'max_depth': 7, 'min_child_weight': 2}. Best is trial 2 with value: 4.995651635749436.
[I 2026-03-16 21:57:51,780] Trial 68 finished with value: 4.619159181263289 and parameters: {'n_estimators': 375, 'lambda': 0.3303501963071982, 'subsample': 0.5340799619624348, 'colsample_bytree': 0.5946437982983928, 'learning_rate': 0.0943586226998484, 'max_depth': 3, 'min_child_weight': 2}. Best is trial 2 with value: 4.995651635749436.
[I 2026-03-16 21:58:23,225] Trial 71 finished with value: 4.954654263484508 and parameters: {'n_estimators': 383, 'lambda': 0.4193229620091394, 'subsample': 0.9520979640798722, 'colsample_bytree': 0.5792132200343239, 'learning_rate': 0.10058388534248877, 'max_depth': 4, 'min_child_weight': 5}. Best is trial 2 with value: 4.995651635749436.
[I 2026-03-16 21:58:26,668] Trial 69 finished with value: 4.801399046599265 and parameters: {'n_estimators': 550, 'lambda': 0.4643718516110505, 'subsample': 0.6894071061160197, 'colsample_bytree': 0.3359910789231513, 'learning_rate': 0.09935538677154059, 'max_depth': 4, 'min_child_weight': 2}. Best is trial 2 with value: 4.995651635749436.
[I 2026-03-16 21:58:50,411] Trial 70 finished with value: 4.831044242911635 and parameters: {'n_estimators': 552, 'lambda': 0.4674331824480037, 'subsample': 0.9285940690933587, 'colsample_bytree': 0.5707544095948592, 'learning_rate': 0.09494181365244653, 'max_depth': 4, 'min_child_weight': 2}. Best is trial 2 with value: 4.995651635749436.
[I 2026-03-16 21:59:17,545] Trial 73 finished with value: 4.4704498567733015 and parameters: {'n_estimators': 456, 'lambda': 0.0007694239735009346, 'subsample': 0.6719924999481226, 'colsample_bytree': 0.715639142062908, 'learning_rate': 0.10733170770155206, 'max_depth': 4, 'min_child_weight': 8}. Best is trial 2 with value: 4.995651635749436.
[I 2026-03-16 21:59:43,659] Trial 75 finished with value: 4.663880488861642 and parameters: {'n_estimators': 464, 'lambda': 0.10901594264788389, 'subsample': 0.8256328771559596, 'colsample_bytree': 0.3338485065891193, 'learning_rate': 0.09581573054378116, 'max_depth': 4, 'min_child_weight': 4}. Best is trial 2 with value: 4.995651635749436.
[I 2026-03-16 21:59:48,864] Trial 76 finished with value: 4.853625759013562 and parameters: {'n_estimators': 459, 'lambda': 0.11479597048941312, 'subsample': 0.9588623029166763, 'colsample_bytree': 0.7444358845593311, 'learning_rate': 0.10511739094876854, 'max_depth': 4, 'min_child_weight': 5}. Best is trial 2 with value: 4.995651635749436.
[I 2026-03-16 22:00:29,660] Trial 72 finished with value: 4.439181086950425 and parameters: {'n_estimators': 907, 'lambda': 0.00046791801310112327, 'subsample': 0.697036211169331, 'colsample_bytree': 0.7168094056127537, 'learning_rate': 0.10745415276001832, 'max_depth': 4, 'min_child_weight': 8}. Best is trial 2 with value: 4.995651635749436.
[I 2026-03-16 22:00:33,270] Trial 74 finished with value: 4.650157270118896 and parameters: {'n_estimators': 915, 'lambda': 0.0009418301275616033, 'subsample': 0.8257040171442721, 'colsample_bytree': 0.7243547105371055, 'learning_rate': 0.10656794965849833, 'max_depth': 4, 'min_child_weight': 8}. Best is trial 2 with value: 4.995651635749436.
[I 2026-03-16 22:01:27,054] Trial 77 finished with value: 4.901207149352113 and parameters: {'n_estimators': 914, 'lambda': 0.0008557700066432757, 'subsample': 0.9530346195841757, 'colsample_bytree': 0.7219371996101633, 'learning_rate': 0.03280474402360058, 'max_depth': 4, 'min_child_weight': 5}. Best is trial 2 with value: 4.995651635749436.
[I 2026-03-16 22:01:53,643] Trial 81 finished with value: 4.674827425043014 and parameters: {'n_estimators': 401, 'lambda': 0.024940208351246187, 'subsample': 0.7242863564611278, 'colsample_bytree': 0.8634536240770592, 'learning_rate': 0.07061590393346409, 'max_depth': 5, 'min_child_weight': 9}. Best is trial 2 with value: 4.995651635749436.
[I 2026-03-16 22:02:05,031] Trial 82 finished with value: 4.950926666756093 and parameters: {'n_estimators': 400, 'lambda': 0.00872554155408386, 'subsample': 0.39360641895479254, 'colsample_bytree': 0.27022422497821796, 'learning_rate': 0.03182995314217696, 'max_depth': 5, 'min_child_weight': 9}. Best is trial 2 with value: 4.995651635749436.
[I 2026-03-16 22:02:05,034] Trial 78 finished with value: 4.874715755393099 and parameters: {'n_estimators': 926, 'lambda': 0.10198554570296064, 'subsample': 0.8305210056252192, 'colsample_bytree': 0.2614214556585901, 'learning_rate': 0.031159576352859035, 'max_depth': 4, 'min_child_weight': 5}. Best is trial 2 with value: 4.995651635749436.
[I 2026-03-16 22:02:45,969] Trial 79 finished with value: 4.88402647693861 and parameters: {'n_estimators': 893, 'lambda': 2.1751377018385213e-08, 'subsample': 0.9672732344541803, 'colsample_bytree': 0.26867988543747356, 'learning_rate': 0.0655515100927325, 'max_depth': 5, 'min_child_weight': 8}. Best is trial 2 with value: 4.995651635749436.
[I 2026-03-16 22:03:10,195] Trial 80 finished with value: 4.891429639463968 and parameters: {'n_estimators': 997, 'lambda': 0.009208662007338282, 'subsample': 0.8312053188863817, 'colsample_bytree': 0.639670183381333, 'learning_rate': 0.030901916174714168, 'max_depth': 5, 'min_child_weight': 8}. Best is trial 2 with value: 4.995651635749436.
[I 2026-03-16 22:03:54,635] Trial 87 finished with value: 4.481918754932276 and parameters: {'n_estimators': 325, 'lambda': 0.00891503935493441, 'subsample': 0.4267638933060039, 'colsample_bytree': 0.5086538945040234, 'learning_rate': 0.04751031812753544, 'max_depth': 5, 'min_child_weight': 4}. Best is trial 2 with value: 4.995651635749436.
[I 2026-03-16 22:04:30,352] Trial 83 finished with value: 4.617438400990124 and parameters: {'n_estimators': 954, 'lambda': 0.9563983758899468, 'subsample': 0.9717987371347383, 'colsample_bytree': 0.515279427996386, 'learning_rate': 0.0676637372850762, 'max_depth': 5, 'min_child_weight': 5}. Best is trial 2 with value: 4.995651635749436.
[I 2026-03-16 22:05:18,246] Trial 84 finished with value: 4.603225683918755 and parameters: {'n_estimators': 987, 'lambda': 0.8860935341167621, 'subsample': 0.9668136466703361, 'colsample_bytree': 0.26308645302995326, 'learning_rate': 0.3063848921647182, 'max_depth': 5, 'min_child_weight': 5}. Best is trial 2 with value: 4.995651635749436.
[I 2026-03-16 22:05:23,917] Trial 86 finished with value: 4.451108779516983 and parameters: {'n_estimators': 983, 'lambda': 0.007659950206149606, 'subsample': 0.3036089340772652, 'colsample_bytree': 0.26584124742286214, 'learning_rate': 0.06737374746507785, 'max_depth': 5, 'min_child_weight': 5}. Best is trial 2 with value: 4.995651635749436.
[I 2026-03-16 22:05:32,095] Trial 85 finished with value: 4.2500074666152585 and parameters: {'n_estimators': 994, 'lambda': 0.0092835215020829, 'subsample': 0.4271261728132926, 'colsample_bytree': 0.2713471034537802, 'learning_rate': 0.3282595149855186, 'max_depth': 5, 'min_child_weight': 5}. Best is trial 2 with value: 4.995651635749436.
[I 2026-03-16 22:06:32,392] Trial 88 finished with value: 4.651093953289379 and parameters: {'n_estimators': 994, 'lambda': 0.008032224600491635, 'subsample': 0.4178254549373125, 'colsample_bytree': 0.6380188479624783, 'learning_rate': 0.04382781243909337, 'max_depth': 5, 'min_child_weight': 5}. Best is trial 2 with value: 4.995651635749436.
[I 2026-03-16 22:07:25,471] Trial 89 finished with value: 4.502265372873957 and parameters: {'n_estimators': 997, 'lambda': 0.008291435535417134, 'subsample': 0.37700079185268504, 'colsample_bytree': 0.27542475745538325, 'learning_rate': 0.03246286218378419, 'max_depth': 5, 'min_child_weight': 9}. Best is trial 2 with value: 4.995651635749436.
[I 2026-03-16 22:07:56,403] Trial 90 finished with value: 4.444949715153795 and parameters: {'n_estimators': 980, 'lambda': 0.018368727639958282, 'subsample': 0.3097889076931153, 'colsample_bytree': 0.6402304682300527, 'learning_rate': 0.03274566394212575, 'max_depth': 5, 'min_child_weight': 6}. Best is trial 2 with value: 4.995651635749436.
[I 2026-03-16 22:08:00,196] Trial 91 finished with value: 4.83563027593498 and parameters: {'n_estimators': 948, 'lambda': 0.0169360507116428, 'subsample': 0.39784965903744407, 'colsample_bytree': 0.6376549247146159, 'learning_rate': 0.03022222123192831, 'max_depth': 4, 'min_child_weight': 9}. Best is trial 2 with value: 4.995651635749436.
[I 2026-03-16 22:08:12,574] Trial 92 finished with value: 4.93485096452031 and parameters: {'n_estimators': 951, 'lambda': 0.020432912923384467, 'subsample': 0.88612202354535, 'colsample_bytree': 0.633006597727903, 'learning_rate': 0.030818181426743554, 'max_depth': 4, 'min_child_weight': 9}. Best is trial 2 with value: 4.995651635749436.
[I 2026-03-16 22:08:17,659] Trial 93 finished with value: 4.920965818184401 and parameters: {'n_estimators': 950, 'lambda': 0.002069263354662802, 'subsample': 0.8863523269670759, 'colsample_bytree': 0.6464387243765108, 'learning_rate': 0.036169368296730585, 'max_depth': 4, 'min_child_weight': 9}. Best is trial 2 with value: 4.995651635749436.
[I 2026-03-16 22:08:49,002] Trial 95 finished with value: 4.756810576065881 and parameters: {'n_estimators': 477, 'lambda': 0.00208805922168598, 'subsample': 0.9201771092369385, 'colsample_bytree': 0.35289779722177744, 'learning_rate': 0.1337447454509072, 'max_depth': 4, 'min_child_weight': 6}. Best is trial 2 with value: 4.995651635749436.
[I 2026-03-16 22:09:14,259] Trial 94 finished with value: 4.5903122414596504 and parameters: {'n_estimators': 953, 'lambda': 0.01837215349678341, 'subsample': 0.8867737278449053, 'colsample_bytree': 0.40830713851487477, 'learning_rate': 0.12932068852175443, 'max_depth': 4, 'min_child_weight': 6}. Best is trial 2 with value: 4.995651635749436.
[I 2026-03-16 22:09:20,836] Trial 97 finished with value: 4.901264144579401 and parameters: {'n_estimators': 478, 'lambda': 0.0014160911340628864, 'subsample': 0.8849652851620805, 'colsample_bytree': 0.5948688571676936, 'learning_rate': 0.07958392329634324, 'max_depth': 4, 'min_child_weight': 4}. Best is trial 2 with value: 4.995651635749436.
[I 2026-03-16 22:10:39,228] Trial 96 finished with value: 4.628893130174138 and parameters: {'n_estimators': 943, 'lambda': 0.002100616871953791, 'subsample': 0.8826845571399875, 'colsample_bytree': 0.45624245109697104, 'learning_rate': 0.08326957634213016, 'max_depth': 4, 'min_child_weight': 9}. Best is trial 2 with value: 4.995651635749436.
[I 2026-03-16 22:10:56,162] Trial 99 finished with value: 4.620412666650587 and parameters: {'n_estimators': 887, 'lambda': 0.002314682388742502, 'subsample': 0.8850972987811992, 'colsample_bytree': 0.40976942168841934, 'learning_rate': 0.08349017416008803, 'max_depth': 4, 'min_child_weight': 9}. Best is trial 2 with value: 4.995651635749436.
[I 2026-03-16 22:10:59,570] Trial 98 finished with value: 4.633419215417535 and parameters: {'n_estimators': 951, 'lambda': 0.002403829885048612, 'subsample': 0.9167488418328673, 'colsample_bytree': 0.4026098812644068, 'learning_rate': 0.08438564852846012, 'max_depth': 4, 'min_child_weight': 9}. Best is trial 2 with value: 4.995651635749436.
[I 2026-03-16 22:11:20,193] Trial 102 finished with value: 4.674084538589858 and parameters: {'n_estimators': 685, 'lambda': 0.004755833147555307, 'subsample': 0.8843596079973498, 'colsample_bytree': 0.6010208033053422, 'learning_rate': 0.08341987691867353, 'max_depth': 4, 'min_child_weight': 9}. Best is trial 2 with value: 4.995651635749436.
[I 2026-03-16 22:11:28,540] Trial 100 finished with value: 4.681428451970811 and parameters: {'n_estimators': 892, 'lambda': 0.0014305667039771466, 'subsample': 0.8914521945562176, 'colsample_bytree': 0.40522937896820865, 'learning_rate': 0.08000833636321374, 'max_depth': 4, 'min_child_weight': 9}. Best is trial 2 with value: 4.995651635749436.
[I 2026-03-16 22:11:47,917] Trial 101 finished with value: 4.479511170439397 and parameters: {'n_estimators': 885, 'lambda': 0.0011394778273143542, 'subsample': 0.8885329490911155, 'colsample_bytree': 0.596774178447874, 'learning_rate': 0.07979201901325465, 'max_depth': 4, 'min_child_weight': 9}. Best is trial 2 with value: 4.995651635749436.
[I 2026-03-16 22:11:54,198] Trial 103 finished with value: 4.690488757731407 and parameters: {'n_estimators': 425, 'lambda': 0.0013146750012354162, 'subsample': 0.99743402923082, 'colsample_bytree': 0.5944665020478815, 'learning_rate': 0.0527127231986965, 'max_depth': 4, 'min_child_weight': 10}. Best is trial 2 with value: 4.995651635749436.
[I 2026-03-16 22:12:02,858] Trial 104 finished with value: 4.86556360355541 and parameters: {'n_estimators': 428, 'lambda': 0.0013226045216759344, 'subsample': 0.902247618939885, 'colsample_bytree': 0.5963431342922036, 'learning_rate': 0.05772918043117118, 'max_depth': 3, 'min_child_weight': 10}. Best is trial 2 with value: 4.995651635749436.
[I 2026-03-16 22:12:15,285] Trial 110 finished with value: 4.064312272257741 and parameters: {'n_estimators': 56, 'lambda': 0.0007143249946526543, 'subsample': 0.9423705671645891, 'colsample_bytree': 0.76421451848552, 'learning_rate': 0.0448885734279189, 'max_depth': 3, 'min_child_weight': 4}. Best is trial 2 with value: 4.995651635749436.
[I 2026-03-16 22:12:26,190] Trial 106 finished with value: 4.7926323067636405 and parameters: {'n_estimators': 433, 'lambda': 0.0032867054201550115, 'subsample': 0.9017121992694616, 'colsample_bytree': 0.6184951228981782, 'learning_rate': 0.055076287798995184, 'max_depth': 3, 'min_child_weight': 10}. Best is trial 2 with value: 4.995651635749436.
[I 2026-03-16 22:12:29,914] Trial 107 finished with value: 4.712777184674193 and parameters: {'n_estimators': 392, 'lambda': 0.0009190601697917966, 'subsample': 0.9949316567571985, 'colsample_bytree': 0.9980815512629688, 'learning_rate': 0.05496019747125029, 'max_depth': 3, 'min_child_weight': 10}. Best is trial 2 with value: 4.995651635749436.
[I 2026-03-16 22:12:49,654] Trial 108 finished with value: 4.7558188266756565 and parameters: {'n_estimators': 425, 'lambda': 0.00036036646287015273, 'subsample': 0.9993070622017105, 'colsample_bytree': 0.6988973367122457, 'learning_rate': 0.05608915289602028, 'max_depth': 3, 'min_child_weight': 4}. Best is trial 2 with value: 4.995651635749436.
[I 2026-03-16 22:12:51,735] Trial 105 finished with value: 4.9803195279968335 and parameters: {'n_estimators': 768, 'lambda': 0.001186723939372418, 'subsample': 0.9940998617082218, 'colsample_bytree': 0.6032885628181226, 'learning_rate': 0.05612924923529395, 'max_depth': 3, 'min_child_weight': 10}. Best is trial 2 with value: 4.995651635749436.
[I 2026-03-16 22:12:53,522] Trial 109 finished with value: 4.866941279561308 and parameters: {'n_estimators': 393, 'lambda': 0.03306298638825677, 'subsample': 0.9411820154795422, 'colsample_bytree': 0.771115459813951, 'learning_rate': 0.058133396195588584, 'max_depth': 3, 'min_child_weight': 4}. Best is trial 2 with value: 4.995651635749436.
[I 2026-03-16 22:13:29,348] Trial 113 finished with value: 4.693748398061436 and parameters: {'n_estimators': 314, 'lambda': 0.00552846041226305, 'subsample': 0.9238366363296929, 'colsample_bytree': 0.6967703366713357, 'learning_rate': 0.11615282457889176, 'max_depth': 4, 'min_child_weight': 4}. Best is trial 2 with value: 4.995651635749436.
[I 2026-03-16 22:13:37,749] Trial 112 finished with value: 4.935402763224927 and parameters: {'n_estimators': 394, 'lambda': 0.00028755820277618266, 'subsample': 0.9318325358883092, 'colsample_bytree': 0.23063483936050788, 'learning_rate': 0.060221016084012424, 'max_depth': 4, 'min_child_weight': 4}. Best is trial 2 with value: 4.995651635749436.
[I 2026-03-16 22:13:52,687] Trial 111 finished with value: 4.677440774479979 and parameters: {'n_estimators': 537, 'lambda': 0.003193392884870269, 'subsample': 0.9317970106738618, 'colsample_bytree': 0.6219631988098455, 'learning_rate': 0.1186351080603804, 'max_depth': 4, 'min_child_weight': 4}. Best is trial 2 with value: 4.995651635749436.
[I 2026-03-16 22:14:17,536] Trial 114 finished with value: 4.78766988012344 and parameters: {'n_estimators': 487, 'lambda': 0.03890383098454058, 'subsample': 0.9518869296458696, 'colsample_bytree': 0.6573023372226787, 'learning_rate': 0.11928670929931398, 'max_depth': 4, 'min_child_weight': 4}. Best is trial 2 with value: 4.995651635749436.
[I 2026-03-16 22:14:42,204] Trial 118 finished with value: 4.95058224412697 and parameters: {'n_estimators': 357, 'lambda': 0.00014062960527422213, 'subsample': 0.9781836673023817, 'colsample_bytree': 0.20807329812461617, 'learning_rate': 0.07111447860127812, 'max_depth': 4, 'min_child_weight': 10}. Best is trial 2 with value: 4.995651635749436.
[I 2026-03-16 22:14:44,909] Trial 115 finished with value: 4.839709435857774 and parameters: {'n_estimators': 769, 'lambda': 0.029775076017124025, 'subsample': 0.9790549243100173, 'colsample_bytree': 0.23628277468050957, 'learning_rate': 0.11664011782681133, 'max_depth': 3, 'min_child_weight': 10}. Best is trial 2 with value: 4.995651635749436.
[I 2026-03-16 22:14:51,973] Trial 116 finished with value: 4.898012936428557 and parameters: {'n_estimators': 822, 'lambda': 0.0044875362577718, 'subsample': 0.843435631440787, 'colsample_bytree': 0.5256878531164995, 'learning_rate': 0.11220057872819994, 'max_depth': 3, 'min_child_weight': 10}. Best is trial 2 with value: 4.995651635749436.
[I 2026-03-16 22:15:38,792] Trial 122 finished with value: 4.733531555221015 and parameters: {'n_estimators': 353, 'lambda': 0.0001576165626373733, 'subsample': 0.47014279408337223, 'colsample_bytree': 0.2183912181325396, 'learning_rate': 0.0674052534840443, 'max_depth': 3, 'min_child_weight': 10}. Best is trial 2 with value: 4.995651635749436.
[I 2026-03-16 22:15:43,998] Trial 117 finished with value: 4.974473369448395 and parameters: {'n_estimators': 772, 'lambda': 0.0005227186711279269, 'subsample': 0.9546176065894164, 'colsample_bytree': 0.6570953931860243, 'learning_rate': 0.04245870337399428, 'max_depth': 4, 'min_child_weight': 10}. Best is trial 2 with value: 4.995651635749436.
[I 2026-03-16 22:16:04,307] Trial 120 finished with value: 4.870008291472624 and parameters: {'n_estimators': 741, 'lambda': 0.00016047775681402832, 'subsample': 0.4718456150347387, 'colsample_bytree': 0.5278402744606869, 'learning_rate': 0.044915532339777325, 'max_depth': 3, 'min_child_weight': 10}. Best is trial 2 with value: 4.995651635749436.
[I 2026-03-16 22:16:37,286] Trial 121 finished with value: 4.8963378979830345 and parameters: {'n_estimators': 773, 'lambda': 0.0001569213968843011, 'subsample': 0.9697160052415833, 'colsample_bytree': 0.23603531204477843, 'learning_rate': 0.04365943503098542, 'max_depth': 3, 'min_child_weight': 10}. Best is trial 2 with value: 4.995651635749436.
[I 2026-03-16 22:17:27,474] Trial 124 finished with value: 4.983902237712272 and parameters: {'n_estimators': 630, 'lambda': 2.6907193906101362e-05, 'subsample': 0.9835294954542871, 'colsample_bytree': 0.29229870417725995, 'learning_rate': 0.040573369880862686, 'max_depth': 4, 'min_child_weight': 9}. Best is trial 2 with value: 4.995651635749436.
[I 2026-03-16 22:17:50,226] Trial 125 finished with value: 5.030897024351013 and parameters: {'n_estimators': 738, 'lambda': 0.00016598872199647514, 'subsample': 0.9822847773968046, 'colsample_bytree': 0.2024831353378034, 'learning_rate': 0.04299685960768454, 'max_depth': 4, 'min_child_weight': 10}. Best is trial 125 with value: 5.030897024351013.
[I 2026-03-16 22:17:58,591] Trial 119 finished with value: 4.5657233484615904 and parameters: {'n_estimators': 773, 'lambda': 0.00016292253895931733, 'subsample': 0.8397051233718268, 'colsample_bytree': 0.23226591016949583, 'learning_rate': 0.06855575267680986, 'max_depth': 7, 'min_child_weight': 10}. Best is trial 125 with value: 5.030897024351013.
