[I 2026-03-17 13:41:59,550] Trial 179 finished with value: 4.877363281793988 and parameters: {'n_estimators': 714, 'lambda': 0.054804393533397215, 'subsample': 0.7817235267115045, 'colsample_bytree': 0.624240858878497, 'learning_rate': 0.055021391908756614, 'max_depth': 3, 'min_child_weight': 10}. Best is trial 114 with value: 4.951274335763869.
[I 2026-03-17 13:43:20,487] Trial 180 finished with value: 4.906517543359062 and parameters: {'n_estimators': 704, 'lambda': 0.05287384801521814, 'subsample': 0.8734340017967213, 'colsample_bytree': 0.8051207893973804, 'learning_rate': 0.05904052681140365, 'max_depth': 3, 'min_child_weight': 10}. Best is trial 114 with value: 4.951274335763869.
[I 2026-03-17 13:43:37,389] Trial 181 finished with value: 4.965071588075082 and parameters: {'n_estimators': 703, 'lambda': 0.31392426943952834, 'subsample': 0.8762961804457917, 'colsample_bytree': 0.7265981864615858, 'learning_rate': 0.05263416747603706, 'max_depth': 3, 'min_child_weight': 10}. Best is trial 181 with value: 4.965071588075082.
[I 2026-03-17 13:43:44,715] Trial 182 finished with value: 4.983573420941456 and parameters: {'n_estimators': 704, 'lambda': 0.2682667115656384, 'subsample': 0.8771989108179191, 'colsample_bytree': 0.7248431215078941, 'learning_rate': 0.053025705627375234, 'max_depth': 3, 'min_child_weight': 10}. Best is trial 182 with value: 4.983573420941456.
[I 2026-03-17 13:43:58,911] Trial 183 finished with value: 4.869130871424835 and parameters: {'n_estimators': 673, 'lambda': 0.28768465238129143, 'subsample': 0.698013821871756, 'colsample_bytree': 0.7235112474540758, 'learning_rate': 0.054964810301131775, 'max_depth': 3, 'min_child_weight': 10}. Best is trial 182 with value: 4.983573420941456.
[I 2026-03-17 13:44:18,053] Trial 184 finished with value: 4.926128585687906 and parameters: {'n_estimators': 690, 'lambda': 0.28549260746220156, 'subsample': 0.8707438490967528, 'colsample_bytree': 0.7282107035111124, 'learning_rate': 0.05387345791590454, 'max_depth': 3, 'min_child_weight': 10}. Best is trial 182 with value: 4.983573420941456.
[I 2026-03-17 13:45:20,097] Trial 185 finished with value: 4.932067281398893 and parameters: {'n_estimators': 694, 'lambda': 0.2882554592956992, 'subsample': 0.8435454975702685, 'colsample_bytree': 0.7251336037744203, 'learning_rate': 0.051886442549758535, 'max_depth': 3, 'min_child_weight': 10}. Best is trial 182 with value: 4.983573420941456.
[I 2026-03-17 13:46:49,047] Trial 187 finished with value: 4.916503730450621 and parameters: {'n_estimators': 672, 'lambda': 0.25612910572093583, 'subsample': 0.8760499978582188, 'colsample_bytree': 0.7312173000871, 'learning_rate': 0.052010606981821486, 'max_depth': 3, 'min_child_weight': 10}. Best is trial 182 with value: 4.983573420941456.
[I 2026-03-17 13:46:51,935] Trial 186 finished with value: 4.952343811978401 and parameters: {'n_estimators': 742, 'lambda': 0.30942783822077946, 'subsample': 0.9096431929736717, 'colsample_bytree': 0.7268800745182237, 'learning_rate': 0.05519383071362003, 'max_depth': 3, 'min_child_weight': 10}. Best is trial 182 with value: 4.983573420941456.
[I 2026-03-17 13:46:57,761] Trial 188 finished with value: 4.854321755605568 and parameters: {'n_estimators': 667, 'lambda': 0.2993296636094616, 'subsample': 0.8787936582985163, 'colsample_bytree': 0.6860408745688297, 'learning_rate': 0.04964584516077043, 'max_depth': 3, 'min_child_weight': 10}. Best is trial 182 with value: 4.983573420941456.
[I 2026-03-17 13:47:32,466] Trial 189 finished with value: 4.869773360449994 and parameters: {'n_estimators': 747, 'lambda': 0.01636124294015392, 'subsample': 0.9102769075470042, 'colsample_bytree': 0.7307084215869231, 'learning_rate': 0.04478210611748503, 'max_depth': 3, 'min_child_weight': 10}. Best is trial 182 with value: 4.983573420941456.
[I 2026-03-17 13:47:32,711] Trial 190 finished with value: 4.870830963793162 and parameters: {'n_estimators': 682, 'lambda': 0.4611332801844798, 'subsample': 0.9086660353636012, 'colsample_bytree': 0.6775923806349796, 'learning_rate': 0.043245295647422674, 'max_depth': 3, 'min_child_weight': 10}. Best is trial 182 with value: 4.983573420941456.
[I 2026-03-17 13:48:35,652] Trial 191 finished with value: 4.59105522935204 and parameters: {'n_estimators': 693, 'lambda': 0.4739131621450702, 'subsample': 0.8770424018373043, 'colsample_bytree': 0.726380903341518, 'learning_rate': 0.3398048252011162, 'max_depth': 3, 'min_child_weight': 9}. Best is trial 182 with value: 4.983573420941456.
[I 2026-03-17 13:50:03,932] Trial 192 finished with value: 4.913503795993007 and parameters: {'n_estimators': 692, 'lambda': 0.46664791740302797, 'subsample': 0.8751965640727761, 'colsample_bytree': 0.7289162040562628, 'learning_rate': 0.04422250070816918, 'max_depth': 3, 'min_child_weight': 10}. Best is trial 182 with value: 4.983573420941456.
[I 2026-03-17 13:50:10,388] Trial 193 finished with value: 4.86575090609463 and parameters: {'n_estimators': 690, 'lambda': 0.3174679636382181, 'subsample': 0.9177735277304836, 'colsample_bytree': 0.7275592525267437, 'learning_rate': 0.07086477582061135, 'max_depth': 3, 'min_child_weight': 10}. Best is trial 182 with value: 4.983573420941456.
[I 2026-03-17 13:50:11,621] Trial 194 finished with value: 4.925442976672539 and parameters: {'n_estimators': 680, 'lambda': 0.4758309639574368, 'subsample': 0.9161173193162244, 'colsample_bytree': 0.7349202301051357, 'learning_rate': 0.07502071382109746, 'max_depth': 3, 'min_child_weight': 10}. Best is trial 182 with value: 4.983573420941456.
[I 2026-03-17 13:50:45,686] Trial 196 finished with value: 4.868414494482508 and parameters: {'n_estimators': 697, 'lambda': 0.5892169364585498, 'subsample': 0.8734568476286847, 'colsample_bytree': 0.7228423458990433, 'learning_rate': 0.07198855574485215, 'max_depth': 3, 'min_child_weight': 10}. Best is trial 182 with value: 4.983573420941456.
[I 2026-03-17 13:50:55,905] Trial 195 finished with value: 4.616787243843948 and parameters: {'n_estimators': 692, 'lambda': 0.5825783301494872, 'subsample': 0.8757443048237283, 'colsample_bytree': 0.7241139813937157, 'learning_rate': 0.26110155344832897, 'max_depth': 3, 'min_child_weight': 10}. Best is trial 182 with value: 4.983573420941456.
[I 2026-03-17 13:51:56,127] Trial 197 finished with value: 4.90222265339961 and parameters: {'n_estimators': 691, 'lambda': 0.1663197797663976, 'subsample': 0.9261915554506908, 'colsample_bytree': 0.7177205021202824, 'learning_rate': 0.06979597711584365, 'max_depth': 3, 'min_child_weight': 10}. Best is trial 182 with value: 4.983573420941456.
[I 2026-03-17 13:53:12,210] Trial 200 finished with value: 4.9166671101153145 and parameters: {'n_estimators': 623, 'lambda': 0.6668096554349274, 'subsample': 0.957797103501765, 'colsample_bytree': 0.7397108688303261, 'learning_rate': 0.07395231626989549, 'max_depth': 3, 'min_child_weight': 10}. Best is trial 182 with value: 4.983573420941456.
[I 2026-03-17 13:53:14,714] Trial 199 finished with value: 4.910491180179614 and parameters: {'n_estimators': 634, 'lambda': 0.15070050682950561, 'subsample': 0.9299969130367394, 'colsample_bytree': 0.6578345428062727, 'learning_rate': 0.07023053571833933, 'max_depth': 3, 'min_child_weight': 10}. Best is trial 182 with value: 4.983573420941456.
[I 2026-03-17 13:53:19,634] Trial 198 finished with value: 4.914438554589545 and parameters: {'n_estimators': 693, 'lambda': 0.6337481916002893, 'subsample': 0.938363767668456, 'colsample_bytree': 0.7180879698962868, 'learning_rate': 0.07089763666041203, 'max_depth': 3, 'min_child_weight': 10}. Best is trial 182 with value: 4.983573420941456.
[I 2026-03-17 13:53:50,305] Trial 201 finished with value: 4.672792974219963 and parameters: {'n_estimators': 663, 'lambda': 0.7009314737648413, 'subsample': 0.934207637447331, 'colsample_bytree': 0.7431956278266387, 'learning_rate': 0.08193301934994131, 'max_depth': 3, 'min_child_weight': 10}. Best is trial 182 with value: 4.983573420941456.
[I 2026-03-17 13:53:57,191] Trial 202 finished with value: 4.927240468934977 and parameters: {'n_estimators': 636, 'lambda': 0.15411589698501893, 'subsample': 0.9415920601360914, 'colsample_bytree': 0.6586191479778885, 'learning_rate': 0.06469739689219003, 'max_depth': 3, 'min_child_weight': 10}. Best is trial 182 with value: 4.983573420941456.
[I 2026-03-17 13:54:54,320] Trial 203 finished with value: 4.630217445425332 and parameters: {'n_estimators': 635, 'lambda': 0.1610671792591185, 'subsample': 0.9333125823101321, 'colsample_bytree': 0.7408181581844094, 'learning_rate': 0.08482714494327832, 'max_depth': 3, 'min_child_weight': 10}. Best is trial 182 with value: 4.983573420941456.
[I 2026-03-17 13:56:09,566] Trial 205 finished with value: 4.895451654969239 and parameters: {'n_estimators': 612, 'lambda': 0.38747717078067967, 'subsample': 0.9453427968773005, 'colsample_bytree': 0.6636217707711356, 'learning_rate': 0.08656954863593516, 'max_depth': 3, 'min_child_weight': 10}. Best is trial 182 with value: 4.983573420941456.
[I 2026-03-17 13:56:12,263] Trial 204 finished with value: 4.829782377435752 and parameters: {'n_estimators': 628, 'lambda': 0.36520567920978053, 'subsample': 0.9677654684224348, 'colsample_bytree': 0.7392165387939028, 'learning_rate': 0.08759190258172525, 'max_depth': 3, 'min_child_weight': 10}. Best is trial 182 with value: 4.983573420941456.
[I 2026-03-17 13:56:13,497] Trial 206 finished with value: 4.883104224319808 and parameters: {'n_estimators': 600, 'lambda': 0.6614455648361883, 'subsample': 0.9515686578980276, 'colsample_bytree': 0.738072327455362, 'learning_rate': 0.08644149406922612, 'max_depth': 3, 'min_child_weight': 10}. Best is trial 182 with value: 4.983573420941456.
[I 2026-03-17 13:56:42,646] Trial 207 finished with value: 4.873270080498258 and parameters: {'n_estimators': 615, 'lambda': 0.39531622129730126, 'subsample': 0.9782072191390163, 'colsample_bytree': 0.741299193013909, 'learning_rate': 0.09403412519419578, 'max_depth': 3, 'min_child_weight': 10}. Best is trial 182 with value: 4.983573420941456.
[I 2026-03-17 13:56:48,494] Trial 208 finished with value: 4.632666438782051 and parameters: {'n_estimators': 601, 'lambda': 0.38083684398607626, 'subsample': 0.981163663158045, 'colsample_bytree': 0.6719179516464273, 'learning_rate': 0.08708561357175426, 'max_depth': 3, 'min_child_weight': 10}. Best is trial 182 with value: 4.983573420941456.
[I 2026-03-17 13:57:37,585] Trial 209 finished with value: 4.910254935954681 and parameters: {'n_estimators': 569, 'lambda': 0.42504700378813554, 'subsample': 0.9756482233077413, 'colsample_bytree': 0.6673600378775845, 'learning_rate': 0.09594077367728276, 'max_depth': 3, 'min_child_weight': 10}. Best is trial 182 with value: 4.983573420941456.
[I 2026-03-17 13:59:00,399] Trial 210 finished with value: 4.8727793916028315 and parameters: {'n_estimators': 581, 'lambda': 0.6296268819315425, 'subsample': 0.9659398594102381, 'colsample_bytree': 0.6945506406951629, 'learning_rate': 0.10362605706384057, 'max_depth': 3, 'min_child_weight': 10}. Best is trial 182 with value: 4.983573420941456.
[I 2026-03-17 13:59:01,192] Trial 211 finished with value: 4.719111577601366 and parameters: {'n_estimators': 596, 'lambda': 0.7338209286974506, 'subsample': 0.9696615420785084, 'colsample_bytree': 0.691990194890298, 'learning_rate': 0.03136055258716853, 'max_depth': 3, 'min_child_weight': 10}. Best is trial 182 with value: 4.983573420941456.
[I 2026-03-17 13:59:01,591] Trial 212 finished with value: 4.827229941862645 and parameters: {'n_estimators': 577, 'lambda': 0.3814149283662932, 'subsample': 0.9861770748598452, 'colsample_bytree': 0.6867274334331431, 'learning_rate': 0.04280055200808506, 'max_depth': 3, 'min_child_weight': 10}. Best is trial 182 with value: 4.983573420941456.
[I 2026-03-17 13:59:25,872] Trial 213 finished with value: 4.800381299395578 and parameters: {'n_estimators': 576, 'lambda': 0.7865964761442478, 'subsample': 0.9032877457965083, 'colsample_bytree': 0.6905377692942447, 'learning_rate': 0.04103588448015091, 'max_depth': 3, 'min_child_weight': 10}. Best is trial 182 with value: 4.983573420941456.
[I 2026-03-17 13:59:58,478] Trial 214 finished with value: 4.928329946320639 and parameters: {'n_estimators': 672, 'lambda': 0.14680556514272622, 'subsample': 0.9072835990258148, 'colsample_bytree': 0.6906779570679857, 'learning_rate': 0.04089487011964542, 'max_depth': 3, 'min_child_weight': 10}. Best is trial 182 with value: 4.983573420941456.
[I 2026-03-17 14:00:14,042] Trial 215 finished with value: 4.921201355806254 and parameters: {'n_estimators': 557, 'lambda': 0.6325191524846181, 'subsample': 0.9615828524281728, 'colsample_bytree': 0.6900264411432079, 'learning_rate': 0.0698653584125528, 'max_depth': 3, 'min_child_weight': 10}. Best is trial 182 with value: 4.983573420941456.
[I 2026-03-17 14:02:12,802] Trial 217 finished with value: 4.947611396595036 and parameters: {'n_estimators': 641, 'lambda': 0.14724715000842434, 'subsample': 0.9047375946727954, 'colsample_bytree': 0.7085995380672948, 'learning_rate': 0.06855631999459194, 'max_depth': 3, 'min_child_weight': 10}. Best is trial 182 with value: 4.983573420941456.
[I 2026-03-17 14:02:13,305] Trial 216 finished with value: 4.926405679965921 and parameters: {'n_estimators': 642, 'lambda': 0.14373426568237485, 'subsample': 0.9163730650639779, 'colsample_bytree': 0.6443658180173615, 'learning_rate': 0.06754082422691209, 'max_depth': 3, 'min_child_weight': 10}. Best is trial 182 with value: 4.983573420941456.
[I 2026-03-17 14:02:13,560] Trial 218 finished with value: 4.925660132029023 and parameters: {'n_estimators': 647, 'lambda': 0.13981170983080832, 'subsample': 0.8997347138328912, 'colsample_bytree': 0.7136570880680297, 'learning_rate': 0.0704778203947461, 'max_depth': 3, 'min_child_weight': 10}. Best is trial 182 with value: 4.983573420941456.
[I 2026-03-17 14:02:19,903] Trial 219 finished with value: 4.905128287018755 and parameters: {'n_estimators': 647, 'lambda': 0.16326671671591753, 'subsample': 0.9148242674277292, 'colsample_bytree': 0.7126484405098535, 'learning_rate': 0.07501367063119282, 'max_depth': 3, 'min_child_weight': 10}. Best is trial 182 with value: 4.983573420941456.
[I 2026-03-17 14:02:47,020] Trial 220 finished with value: 4.962186895502507 and parameters: {'n_estimators': 634, 'lambda': 0.17992322125767152, 'subsample': 0.8974048647321299, 'colsample_bytree': 0.6475717707692956, 'learning_rate': 0.06478693149445043, 'max_depth': 3, 'min_child_weight': 10}. Best is trial 182 with value: 4.983573420941456.
[I 2026-03-17 14:03:17,209] Trial 221 finished with value: 4.905070546795983 and parameters: {'n_estimators': 643, 'lambda': 0.264103554329303, 'subsample': 0.9983573887390422, 'colsample_bytree': 0.6440395303404085, 'learning_rate': 0.07297678671468448, 'max_depth': 3, 'min_child_weight': 10}. Best is trial 182 with value: 4.983573420941456.
[I 2026-03-17 14:05:13,003] Trial 225 finished with value: 4.9081182370306236 and parameters: {'n_estimators': 623, 'lambda': 0.21206518419156678, 'subsample': 0.8963944038994943, 'colsample_bytree': 0.6449948881049435, 'learning_rate': 0.06969030200183395, 'max_depth': 3, 'min_child_weight': 10}. Best is trial 182 with value: 4.983573420941456.
[I 2026-03-17 14:05:17,015] Trial 223 finished with value: 4.927808021414887 and parameters: {'n_estimators': 641, 'lambda': 0.17748151236047774, 'subsample': 0.9177935067558177, 'colsample_bytree': 0.650420970287837, 'learning_rate': 0.07178009320970673, 'max_depth': 3, 'min_child_weight': 10}. Best is trial 182 with value: 4.983573420941456.
[I 2026-03-17 14:05:17,434] Trial 224 finished with value: 4.920493686224253 and parameters: {'n_estimators': 634, 'lambda': 0.18770468091094256, 'subsample': 0.9195947243745626, 'colsample_bytree': 0.6566336437831674, 'learning_rate': 0.07100904190342283, 'max_depth': 3, 'min_child_weight': 10}. Best is trial 182 with value: 4.983573420941456.
[I 2026-03-17 14:05:19,819] Trial 222 finished with value: 4.908305814334204 and parameters: {'n_estimators': 642, 'lambda': 0.21423988587153456, 'subsample': 0.9266691631365469, 'colsample_bytree': 0.7118882527250253, 'learning_rate': 0.07249174906092457, 'max_depth': 3, 'min_child_weight': 10}. Best is trial 182 with value: 4.983573420941456.
[I 2026-03-17 14:05:52,500] Trial 226 finished with value: 4.917540524232276 and parameters: {'n_estimators': 666, 'lambda': 0.26240346887613414, 'subsample': 0.8992608197051187, 'colsample_bytree': 0.7084597669554937, 'learning_rate': 0.06916711435331979, 'max_depth': 3, 'min_child_weight': 10}. Best is trial 182 with value: 4.983573420941456.
[I 2026-03-17 14:06:28,145] Trial 227 finished with value: 4.942745858887602 and parameters: {'n_estimators': 658, 'lambda': 0.2259418537765095, 'subsample': 0.900020162467568, 'colsample_bytree': 0.7084033402411807, 'learning_rate': 0.060480949958534265, 'max_depth': 3, 'min_child_weight': 10}. Best is trial 182 with value: 4.983573420941456.
[I 2026-03-17 14:07:38,104] Trial 231 finished with value: 4.43714008564123 and parameters: {'n_estimators': 489, 'lambda': 0.12711859615672258, 'subsample': 0.9029533678358022, 'colsample_bytree': 0.5955325599285579, 'learning_rate': 0.5752985897368632, 'max_depth': 3, 'min_child_weight': 10}. Best is trial 182 with value: 4.983573420941456.
[I 2026-03-17 14:08:26,170] Trial 228 finished with value: 4.888058473923245 and parameters: {'n_estimators': 667, 'lambda': 0.2582116590506145, 'subsample': 0.950332355282933, 'colsample_bytree': 0.7079432105688162, 'learning_rate': 0.05782788551489898, 'max_depth': 3, 'min_child_weight': 10}. Best is trial 182 with value: 4.983573420941456.
[I 2026-03-17 14:08:31,074] Trial 229 finished with value: 4.91705047850699 and parameters: {'n_estimators': 667, 'lambda': 0.13635102490478873, 'subsample': 0.9539547944429686, 'colsample_bytree': 0.5894863164850371, 'learning_rate': 0.05829345400292604, 'max_depth': 3, 'min_child_weight': 10}. Best is trial 182 with value: 4.983573420941456.
[I 2026-03-17 14:08:31,772] Trial 230 finished with value: 4.951467456253634 and parameters: {'n_estimators': 670, 'lambda': 0.13510456923180628, 'subsample': 0.902092783349545, 'colsample_bytree': 0.6607089020174073, 'learning_rate': 0.05808083793517586, 'max_depth': 3, 'min_child_weight': 10}. Best is trial 182 with value: 4.983573420941456.
[I 2026-03-17 14:08:56,167] Trial 232 finished with value: 4.938166803086432 and parameters: {'n_estimators': 664, 'lambda': 0.2674333340418015, 'subsample': 0.8918325212882674, 'colsample_bytree': 0.670502281399056, 'learning_rate': 0.057948003859569136, 'max_depth': 3, 'min_child_weight': 10}. Best is trial 182 with value: 4.983573420941456.
[I 2026-03-17 14:09:33,479] Trial 233 finished with value: 4.923567084762773 and parameters: {'n_estimators': 652, 'lambda': 0.16786385132205367, 'subsample': 0.904702149177879, 'colsample_bytree': 0.656298390043718, 'learning_rate': 0.06316534622503409, 'max_depth': 3, 'min_child_weight': 10}. Best is trial 182 with value: 4.983573420941456.
[I 2026-03-17 14:10:46,737] Trial 234 finished with value: 4.965575823399718 and parameters: {'n_estimators': 663, 'lambda': 0.17307813608953299, 'subsample': 0.953052207938802, 'colsample_bytree': 0.6760590310189739, 'learning_rate': 0.059544157789551105, 'max_depth': 3, 'min_child_weight': 10}. Best is trial 182 with value: 4.983573420941456.
[I 2026-03-17 14:11:32,356] Trial 235 finished with value: 4.670104553247495 and parameters: {'n_estimators': 655, 'lambda': 0.1493754868001862, 'subsample': 0.8957011853337816, 'colsample_bytree': 0.6492828276006832, 'learning_rate': 0.11181053212618977, 'max_depth': 3, 'min_child_weight': 10}. Best is trial 182 with value: 4.983573420941456.
[I 2026-03-17 14:11:40,305] Trial 236 finished with value: 4.892066487044305 and parameters: {'n_estimators': 652, 'lambda': 0.15628593597498874, 'subsample': 0.8964729846481648, 'colsample_bytree': 0.6582643643445836, 'learning_rate': 0.059357112565686404, 'max_depth': 3, 'min_child_weight': 10}. Best is trial 182 with value: 4.983573420941456.
[I 2026-03-17 14:11:40,383] Trial 237 finished with value: 4.863986529357934 and parameters: {'n_estimators': 654, 'lambda': 0.18539375501998445, 'subsample': 0.8933632957776131, 'colsample_bytree': 0.6779082100074002, 'learning_rate': 0.05908592991297497, 'max_depth': 3, 'min_child_weight': 10}. Best is trial 182 with value: 4.983573420941456.
[I 2026-03-17 14:12:00,570] Trial 238 finished with value: 4.9277005707307335 and parameters: {'n_estimators': 650, 'lambda': 0.16334486809444065, 'subsample': 0.916363587982142, 'colsample_bytree': 0.6349007822746394, 'learning_rate': 0.05497588153429372, 'max_depth': 3, 'min_child_weight': 10}. Best is trial 182 with value: 4.983573420941456.
[I 2026-03-17 14:12:43,140] Trial 239 finished with value: 4.914329571864599 and parameters: {'n_estimators': 653, 'lambda': 0.15756946891969878, 'subsample': 0.8899808638065796, 'colsample_bytree': 0.6741593122834001, 'learning_rate': 0.05513929554527851, 'max_depth': 3, 'min_child_weight': 10}. Best is trial 182 with value: 4.983573420941456.
[I 2026-03-17 14:14:00,549] Trial 240 finished with value: 4.952526537555152 and parameters: {'n_estimators': 654, 'lambda': 0.13147783256115111, 'subsample': 0.8909059035344841, 'colsample_bytree': 0.6754866252953724, 'learning_rate': 0.0553937698372053, 'max_depth': 3, 'min_child_weight': 10}. Best is trial 182 with value: 4.983573420941456.
[I 2026-03-17 14:14:45,149] Trial 241 finished with value: 4.942719917623816 and parameters: {'n_estimators': 674, 'lambda': 0.1238765679278132, 'subsample': 0.9110267565431464, 'colsample_bytree': 0.6727745239848607, 'learning_rate': 0.05182135808673963, 'max_depth': 3, 'min_child_weight': 10}. Best is trial 182 with value: 4.983573420941456.
