[I 2026-03-16 23:50:43,675] Trial 375 finished with value: 4.77668614847737 and parameters: {'n_estimators': 597, 'lambda': 0.0005335894300931558, 'subsample': 0.8943353227895595, 'colsample_bytree': 0.21566690616989928, 'learning_rate': 0.072797724494776, 'max_depth': 6, 'min_child_weight': 10}. Best is trial 311 with value: 5.101188394588651.
[I 2026-03-16 23:50:46,474] Trial 376 finished with value: 4.875357233642172 and parameters: {'n_estimators': 534, 'lambda': 0.0005147997880109186, 'subsample': 0.8588621754168878, 'colsample_bytree': 0.22926932630272628, 'learning_rate': 0.07353251157828561, 'max_depth': 6, 'min_child_weight': 10}. Best is trial 311 with value: 5.101188394588651.
[I 2026-03-16 23:51:02,725] Trial 377 finished with value: 4.828512839383908 and parameters: {'n_estimators': 598, 'lambda': 0.00037933592591451586, 'subsample': 0.8592661177737037, 'colsample_bytree': 0.21282637800244802, 'learning_rate': 0.07727999082989083, 'max_depth': 6, 'min_child_weight': 10}. Best is trial 311 with value: 5.101188394588651.
[I 2026-03-16 23:51:53,546] Trial 378 finished with value: 4.989173206467427 and parameters: {'n_estimators': 600, 'lambda': 0.0004616594979303405, 'subsample': 0.8639770660878698, 'colsample_bytree': 0.21176819749717524, 'learning_rate': 0.030614581303677443, 'max_depth': 6, 'min_child_weight': 10}. Best is trial 311 with value: 5.101188394588651.
[I 2026-03-16 23:52:18,576] Trial 379 finished with value: 4.9322657559766485 and parameters: {'n_estimators': 590, 'lambda': 0.0004010961597909821, 'subsample': 0.8583707810277967, 'colsample_bytree': 0.2162105123549138, 'learning_rate': 0.031297590372393665, 'max_depth': 6, 'min_child_weight': 10}. Best is trial 311 with value: 5.101188394588651.
[I 2026-03-16 23:52:59,242] Trial 380 finished with value: 5.016013078462661 and parameters: {'n_estimators': 594, 'lambda': 0.00039176698849499293, 'subsample': 0.8640836924895747, 'colsample_bytree': 0.22979763148542393, 'learning_rate': 0.030867998330627384, 'max_depth': 6, 'min_child_weight': 10}. Best is trial 311 with value: 5.101188394588651.
[I 2026-03-16 23:53:10,611] Trial 381 finished with value: 4.736029921481789 and parameters: {'n_estimators': 595, 'lambda': 0.0003879282039922419, 'subsample': 0.7161082996190904, 'colsample_bytree': 0.2305482860154539, 'learning_rate': 0.030323537163961595, 'max_depth': 6, 'min_child_weight': 10}. Best is trial 311 with value: 5.101188394588651.
[I 2026-03-16 23:53:20,855] Trial 382 finished with value: 5.04177781424054 and parameters: {'n_estimators': 598, 'lambda': 0.00037535862649696586, 'subsample': 0.8630523047035977, 'colsample_bytree': 0.22858811261015416, 'learning_rate': 0.030167348626437197, 'max_depth': 6, 'min_child_weight': 10}. Best is trial 311 with value: 5.101188394588651.
[I 2026-03-16 23:53:33,572] Trial 383 finished with value: 4.4469951452742835 and parameters: {'n_estimators': 577, 'lambda': 0.00013878929690989454, 'subsample': 0.8712948779487129, 'colsample_bytree': 0.30853092224980583, 'learning_rate': 0.2152679679284787, 'max_depth': 6, 'min_child_weight': 10}. Best is trial 311 with value: 5.101188394588651.
[I 2026-03-16 23:54:36,940] Trial 384 finished with value: 4.962530648354157 and parameters: {'n_estimators': 690, 'lambda': 0.0009738813349352593, 'subsample': 0.8758506468091545, 'colsample_bytree': 0.23221382208721647, 'learning_rate': 0.042542083458584054, 'max_depth': 6, 'min_child_weight': 10}. Best is trial 311 with value: 5.101188394588651.
[I 2026-03-16 23:54:58,666] Trial 385 finished with value: 4.969759702202952 and parameters: {'n_estimators': 666, 'lambda': 0.0056825261372813705, 'subsample': 0.9102980869484352, 'colsample_bytree': 0.23211169104073112, 'learning_rate': 0.042644131036296606, 'max_depth': 6, 'min_child_weight': 10}. Best is trial 311 with value: 5.101188394588651.
[I 2026-03-16 23:55:38,752] Trial 386 finished with value: 4.52486236113759 and parameters: {'n_estimators': 685, 'lambda': 0.0009794306441714715, 'subsample': 0.910533913309589, 'colsample_bytree': 0.3091059740126064, 'learning_rate': 0.04215375806076428, 'max_depth': 6, 'min_child_weight': 10}. Best is trial 311 with value: 5.101188394588651.
[I 2026-03-16 23:55:44,635] Trial 387 finished with value: 4.937156615878385 and parameters: {'n_estimators': 662, 'lambda': 0.0009204881322209956, 'subsample': 0.8767960760589926, 'colsample_bytree': 0.2001172176491743, 'learning_rate': 0.04372015759801022, 'max_depth': 6, 'min_child_weight': 10}. Best is trial 311 with value: 5.101188394588651.
[I 2026-03-16 23:56:21,756] Trial 388 finished with value: 4.924614204795466 and parameters: {'n_estimators': 664, 'lambda': 0.0008520085039799051, 'subsample': 0.875050503852706, 'colsample_bytree': 0.2374110734854379, 'learning_rate': 0.042820541543774626, 'max_depth': 6, 'min_child_weight': 10}. Best is trial 311 with value: 5.101188394588651.
[I 2026-03-16 23:56:35,673] Trial 389 finished with value: 4.740127972684819 and parameters: {'n_estimators': 684, 'lambda': 0.0009157492342972937, 'subsample': 0.87676277167099, 'colsample_bytree': 0.201174239977317, 'learning_rate': 0.042808589019433255, 'max_depth': 6, 'min_child_weight': 10}. Best is trial 311 with value: 5.101188394588651.
[I 2026-03-16 23:57:14,340] Trial 390 finished with value: 4.741060026468393 and parameters: {'n_estimators': 657, 'lambda': 0.0017948394335333523, 'subsample': 0.8791315920084108, 'colsample_bytree': 0.20054698819413258, 'learning_rate': 0.0421629027032053, 'max_depth': 6, 'min_child_weight': 10}. Best is trial 311 with value: 5.101188394588651.
[I 2026-03-16 23:57:27,073] Trial 391 finished with value: 4.865489596276212 and parameters: {'n_estimators': 619, 'lambda': 0.0009373401038347117, 'subsample': 0.8766010149232781, 'colsample_bytree': 0.2006808223301491, 'learning_rate': 0.05797930833584962, 'max_depth': 6, 'min_child_weight': 10}. Best is trial 311 with value: 5.101188394588651.
[I 2026-03-16 23:58:01,118] Trial 392 finished with value: 4.909812700195866 and parameters: {'n_estimators': 620, 'lambda': 0.0007797168057503712, 'subsample': 0.8484393222784428, 'colsample_bytree': 0.24038937840946858, 'learning_rate': 0.05605672277579353, 'max_depth': 6, 'min_child_weight': 10}. Best is trial 311 with value: 5.101188394588651.
[I 2026-03-16 23:58:04,561] Trial 393 finished with value: 4.957878388503749 and parameters: {'n_estimators': 616, 'lambda': 0.001983080062496803, 'subsample': 0.8449706752004339, 'colsample_bytree': 0.24152888432933178, 'learning_rate': 0.0579715479248766, 'max_depth': 6, 'min_child_weight': 10}. Best is trial 311 with value: 5.101188394588651.
[I 2026-03-16 23:59:09,157] Trial 394 finished with value: 5.024701637753654 and parameters: {'n_estimators': 616, 'lambda': 0.0018420059991495245, 'subsample': 0.8473628606974355, 'colsample_bytree': 0.24731180780170292, 'learning_rate': 0.030029962093320997, 'max_depth': 6, 'min_child_weight': 10}. Best is trial 311 with value: 5.101188394588651.
[I 2026-03-16 23:59:09,234] Trial 395 finished with value: 4.441223315102059 and parameters: {'n_estimators': 624, 'lambda': 0.002025702049815001, 'subsample': 0.8495614478307087, 'colsample_bytree': 0.24809296698177885, 'learning_rate': 0.5733157803420699, 'max_depth': 6, 'min_child_weight': 10}. Best is trial 311 with value: 5.101188394588651.
[I 2026-03-16 23:59:48,435] Trial 396 finished with value: 4.966871545611344 and parameters: {'n_estimators': 616, 'lambda': 0.0003023641832004096, 'subsample': 0.8490734071191853, 'colsample_bytree': 0.24299036088150308, 'learning_rate': 0.05982895223599623, 'max_depth': 6, 'min_child_weight': 10}. Best is trial 311 with value: 5.101188394588651.
[I 2026-03-17 00:00:01,952] Trial 397 finished with value: 5.023807758189781 and parameters: {'n_estimators': 620, 'lambda': 0.002114307360127478, 'subsample': 0.8438413225452603, 'colsample_bytree': 0.24596953451453704, 'learning_rate': 0.030292220282557212, 'max_depth': 6, 'min_child_weight': 10}. Best is trial 311 with value: 5.101188394588651.
[I 2026-03-17 00:00:32,941] Trial 398 finished with value: 4.981269086488101 and parameters: {'n_estimators': 636, 'lambda': 0.0002852169132402476, 'subsample': 0.8246815316854539, 'colsample_bytree': 0.24682662434825056, 'learning_rate': 0.031226919045117686, 'max_depth': 6, 'min_child_weight': 10}. Best is trial 311 with value: 5.101188394588651.
[I 2026-03-17 00:00:34,500] Trial 399 finished with value: 5.041721110404254 and parameters: {'n_estimators': 631, 'lambda': 0.00027469210422190334, 'subsample': 0.854294508176242, 'colsample_bytree': 0.22296400841431444, 'learning_rate': 0.030024374383188068, 'max_depth': 6, 'min_child_weight': 10}. Best is trial 311 with value: 5.101188394588651.
[I 2026-03-17 00:01:51,920] Trial 400 finished with value: 5.013881058037997 and parameters: {'n_estimators': 641, 'lambda': 0.00027991369080377054, 'subsample': 0.8290078008724294, 'colsample_bytree': 0.2222229978349973, 'learning_rate': 0.03118392298762158, 'max_depth': 6, 'min_child_weight': 10}. Best is trial 311 with value: 5.101188394588651.
[I 2026-03-17 00:01:53,249] Trial 401 finished with value: 4.968410069857836 and parameters: {'n_estimators': 642, 'lambda': 0.0002934022301781094, 'subsample': 0.8272284179111326, 'colsample_bytree': 0.22315573761595037, 'learning_rate': 0.030589945434776077, 'max_depth': 6, 'min_child_weight': 10}. Best is trial 311 with value: 5.101188394588651.
[I 2026-03-17 00:02:15,614] Trial 402 finished with value: 5.048668694208979 and parameters: {'n_estimators': 577, 'lambda': 0.00025461613099628873, 'subsample': 0.8258147311152823, 'colsample_bytree': 0.21974440426332376, 'learning_rate': 0.030770813092657636, 'max_depth': 6, 'min_child_weight': 10}. Best is trial 311 with value: 5.101188394588651.
[I 2026-03-17 00:02:41,350] Trial 403 finished with value: 4.726576762870252 and parameters: {'n_estimators': 637, 'lambda': 0.00027785226739525035, 'subsample': 0.895709125216349, 'colsample_bytree': 0.2231731423785317, 'learning_rate': 0.030059248357610237, 'max_depth': 6, 'min_child_weight': 10}. Best is trial 311 with value: 5.101188394588651.
[I 2026-03-17 00:02:51,387] Trial 405 finished with value: 4.67452872191172 and parameters: {'n_estimators': 575, 'lambda': 0.0001596167082521259, 'subsample': 0.9050822896961932, 'colsample_bytree': 0.9466553615181664, 'learning_rate': 0.053464640917019815, 'max_depth': 6, 'min_child_weight': 10}. Best is trial 311 with value: 5.101188394588651.
[I 2026-03-17 00:02:51,573] Trial 404 finished with value: 4.981648615321467 and parameters: {'n_estimators': 572, 'lambda': 0.0005888665203167154, 'subsample': 0.9018056267448421, 'colsample_bytree': 0.22086174234793163, 'learning_rate': 0.04318493562921938, 'max_depth': 6, 'min_child_weight': 10}. Best is trial 311 with value: 5.101188394588651.
[I 2026-03-17 00:04:10,130] Trial 407 finished with value: 4.968592992630301 and parameters: {'n_estimators': 565, 'lambda': 0.00019370750669784532, 'subsample': 0.9029408630891307, 'colsample_bytree': 0.2664656845969557, 'learning_rate': 0.052224505175721164, 'max_depth': 6, 'min_child_weight': 10}. Best is trial 311 with value: 5.101188394588651.
[I 2026-03-17 00:04:14,345] Trial 406 finished with value: 4.85066431086306 and parameters: {'n_estimators': 570, 'lambda': 0.0001586060498740133, 'subsample': 0.9034478820608568, 'colsample_bytree': 0.21841233355484843, 'learning_rate': 0.05304993832551118, 'max_depth': 6, 'min_child_weight': 10}. Best is trial 311 with value: 5.101188394588651.
[I 2026-03-17 00:04:33,006] Trial 408 finished with value: 3.9424874865112347 and parameters: {'n_estimators': 568, 'lambda': 0.0001580103189675441, 'subsample': 0.5887121527302335, 'colsample_bytree': 0.26371147619419116, 'learning_rate': 0.632413455766269, 'max_depth': 6, 'min_child_weight': 10}. Best is trial 311 with value: 5.101188394588651.
[I 2026-03-17 00:05:05,482] Trial 409 finished with value: 4.701292294648738 and parameters: {'n_estimators': 577, 'lambda': 0.0001431953293575705, 'subsample': 0.7446727313955692, 'colsample_bytree': 0.26399427311385193, 'learning_rate': 0.05279390163331826, 'max_depth': 6, 'min_child_weight': 10}. Best is trial 311 with value: 5.101188394588651.
[I 2026-03-17 00:05:06,199] Trial 411 finished with value: 4.980740046596447 and parameters: {'n_estimators': 560, 'lambda': 0.00018072729167536042, 'subsample': 0.8854482657480985, 'colsample_bytree': 0.26285206444994613, 'learning_rate': 0.06075604065871354, 'max_depth': 6, 'min_child_weight': 10}. Best is trial 311 with value: 5.101188394588651.
[I 2026-03-17 00:05:06,465] Trial 410 finished with value: 4.869148913273198 and parameters: {'n_estimators': 558, 'lambda': 0.00016573764138252245, 'subsample': 0.937476728164886, 'colsample_bytree': 0.25926046109824796, 'learning_rate': 0.0633327853536787, 'max_depth': 6, 'min_child_weight': 10}. Best is trial 311 with value: 5.101188394588651.
[I 2026-03-17 00:06:27,394] Trial 413 finished with value: 4.896956167247211 and parameters: {'n_estimators': 548, 'lambda': 1.6663108877345014e-08, 'subsample': 0.9438917316522384, 'colsample_bytree': 0.29039758413037486, 'learning_rate': 0.06499134210743701, 'max_depth': 6, 'min_child_weight': 10}. Best is trial 311 with value: 5.101188394588651.
[I 2026-03-17 00:06:44,700] Trial 414 finished with value: 4.80546579080447 and parameters: {'n_estimators': 550, 'lambda': 9.726095694208537e-05, 'subsample': 0.7573033734889384, 'colsample_bytree': 0.2863429955946235, 'learning_rate': 0.06267190859733057, 'max_depth': 6, 'min_child_weight': 10}. Best is trial 311 with value: 5.101188394588651.
[I 2026-03-17 00:06:58,344] Trial 412 finished with value: 4.93724328859093 and parameters: {'n_estimators': 710, 'lambda': 0.00014035319077114635, 'subsample': 0.94157162273187, 'colsample_bytree': 0.26354760062986926, 'learning_rate': 0.06158285130499405, 'max_depth': 6, 'min_child_weight': 10}. Best is trial 311 with value: 5.101188394588651.
[I 2026-03-17 00:07:32,665] Trial 416 finished with value: 4.885564613472949 and parameters: {'n_estimators': 609, 'lambda': 0.0005425130917889298, 'subsample': 0.8678573024338468, 'colsample_bytree': 0.23252433484306095, 'learning_rate': 0.04283716732925581, 'max_depth': 6, 'min_child_weight': 10}. Best is trial 311 with value: 5.101188394588651.
[I 2026-03-17 00:07:35,539] Trial 417 finished with value: 4.7622253976879385 and parameters: {'n_estimators': 610, 'lambda': 3.4351040067342005e-07, 'subsample': 0.8627096620862794, 'colsample_bytree': 0.21252514071320278, 'learning_rate': 0.04250331793172325, 'max_depth': 6, 'min_child_weight': 10}. Best is trial 311 with value: 5.101188394588651.
[I 2026-03-17 00:08:03,001] Trial 415 finished with value: 4.858883035379428 and parameters: {'n_estimators': 709, 'lambda': 0.0005383356434605693, 'subsample': 0.9407882075766808, 'colsample_bytree': 0.2932043094241984, 'learning_rate': 0.06477467428937181, 'max_depth': 6, 'min_child_weight': 10}. Best is trial 311 with value: 5.101188394588651.
[I 2026-03-17 00:09:05,611] Trial 418 finished with value: 4.950942234534775 and parameters: {'n_estimators': 599, 'lambda': 0.0005481426171284197, 'subsample': 0.8702146922869205, 'colsample_bytree': 0.21212304573206084, 'learning_rate': 0.04093352472816839, 'max_depth': 6, 'min_child_weight': 10}. Best is trial 311 with value: 5.101188394588651.
[I 2026-03-17 00:09:11,048] Trial 419 finished with value: 4.951217294018203 and parameters: {'n_estimators': 594, 'lambda': 0.0005392106417396967, 'subsample': 0.864387380046209, 'colsample_bytree': 0.2130090386832059, 'learning_rate': 0.04080032668079072, 'max_depth': 6, 'min_child_weight': 10}. Best is trial 311 with value: 5.101188394588651.
[I 2026-03-17 00:09:22,645] Trial 420 finished with value: 4.916765019603465 and parameters: {'n_estimators': 600, 'lambda': 0.0005568462043104708, 'subsample': 0.8658035694642934, 'colsample_bytree': 0.23174003047469496, 'learning_rate': 0.04273273697971028, 'max_depth': 6, 'min_child_weight': 10}. Best is trial 311 with value: 5.101188394588651.
[I 2026-03-17 00:09:52,956] Trial 421 finished with value: 4.69169674616124 and parameters: {'n_estimators': 603, 'lambda': 0.0004247204204764366, 'subsample': 0.9205259441145747, 'colsample_bytree': 0.8634241524213275, 'learning_rate': 0.04108450985457694, 'max_depth': 6, 'min_child_weight': 10}. Best is trial 311 with value: 5.101188394588651.
[I 2026-03-17 00:10:23,928] Trial 422 finished with value: 4.829090253096813 and parameters: {'n_estimators': 592, 'lambda': 0.00044525251371335526, 'subsample': 0.9218008519028634, 'colsample_bytree': 0.21313900920499185, 'learning_rate': 0.04282929840114851, 'max_depth': 7, 'min_child_weight': 10}. Best is trial 311 with value: 5.101188394588651.
[I 2026-03-17 00:10:55,976] Trial 423 finished with value: 4.728239331319537 and parameters: {'n_estimators': 595, 'lambda': 0.0003890946357639981, 'subsample': 0.9172673912128347, 'colsample_bytree': 0.212362319170937, 'learning_rate': 0.042021437112928675, 'max_depth': 7, 'min_child_weight': 10}. Best is trial 311 with value: 5.101188394588651.
[I 2026-03-17 00:12:12,801] Trial 427 finished with value: 0.0 and parameters: {'n_estimators': 644, 'lambda': 7.004314604751493e-07, 'subsample': 0.8868849346038878, 'colsample_bytree': 0.23587997539436006, 'learning_rate': 0.3090427260601865, 'max_depth': 6, 'min_child_weight': 9}. Best is trial 311 with value: 5.101188394588651.
[I 2026-03-17 00:12:14,049] Trial 425 finished with value: 4.667735277323574 and parameters: {'n_estimators': 656, 'lambda': 0.00036303046145890215, 'subsample': 0.9174077663466215, 'colsample_bytree': 0.8671599785151476, 'learning_rate': 0.04234820049746657, 'max_depth': 7, 'min_child_weight': 10}. Best is trial 311 with value: 5.101188394588651.
[I 2026-03-17 00:12:26,071] Trial 426 finished with value: 4.681632516597926 and parameters: {'n_estimators': 658, 'lambda': 0.0003622263337417344, 'subsample': 0.9192299385003165, 'colsample_bytree': 0.4992655145722711, 'learning_rate': 0.04337520927869981, 'max_depth': 7, 'min_child_weight': 10}. Best is trial 311 with value: 5.101188394588651.
[I 2026-03-17 00:12:51,743] Trial 428 finished with value: 4.333112899472361 and parameters: {'n_estimators': 651, 'lambda': 0.0002383145549614137, 'subsample': 0.8853699615189833, 'colsample_bytree': 0.23938290139187884, 'learning_rate': 0.2889789776329933, 'max_depth': 6, 'min_child_weight': 9}. Best is trial 311 with value: 5.101188394588651.
[I 2026-03-17 00:13:29,116] Trial 429 finished with value: 4.881025033207569 and parameters: {'n_estimators': 652, 'lambda': 0.00026219115517910735, 'subsample': 0.8885831424620377, 'colsample_bytree': 0.237329933879525, 'learning_rate': 0.05175777814393999, 'max_depth': 6, 'min_child_weight': 9}. Best is trial 311 with value: 5.101188394588651.
[I 2026-03-17 00:14:18,742] Trial 431 finished with value: 4.715267188785193 and parameters: {'n_estimators': 520, 'lambda': 0.0002560761346133527, 'subsample': 0.8867517989716445, 'colsample_bytree': 0.24992908006378253, 'learning_rate': 0.03113293683300623, 'max_depth': 6, 'min_child_weight': 10}. Best is trial 311 with value: 5.101188394588651.
[I 2026-03-17 00:14:42,142] Trial 430 finished with value: 4.751785620054427 and parameters: {'n_estimators': 649, 'lambda': 0.001407451983835695, 'subsample': 0.8877799588710829, 'colsample_bytree': 0.2511247776111658, 'learning_rate': 0.03042686602507369, 'max_depth': 6, 'min_child_weight': 10}. Best is trial 311 with value: 5.101188394588651.
[I 2026-03-17 00:14:52,581] Trial 433 finished with value: 4.990954144721988 and parameters: {'n_estimators': 515, 'lambda': 0.0012602945882444199, 'subsample': 0.5510008905427709, 'colsample_bytree': 0.38901732903346325, 'learning_rate': 0.03061820325828292, 'max_depth': 6, 'min_child_weight': 10}. Best is trial 311 with value: 5.101188394588651.
[I 2026-03-17 00:14:55,907] Trial 432 finished with value: 4.779545292306155 and parameters: {'n_estimators': 629, 'lambda': 0.0011534067519159172, 'subsample': 0.8829081334378404, 'colsample_bytree': 0.2494642847270911, 'learning_rate': 0.031253104416357175, 'max_depth': 6, 'min_child_weight': 10}. Best is trial 311 with value: 5.101188394588651.
[I 2026-03-17 00:15:03,074] Trial 424 finished with value: 4.429857647533568 and parameters: {'n_estimators': 656, 'lambda': 0.00039449877667008216, 'subsample': 0.883306138915787, 'colsample_bytree': 0.23228613541348359, 'learning_rate': 0.04302810017559638, 'max_depth': 9, 'min_child_weight': 10}. Best is trial 311 with value: 5.101188394588651.
[I 2026-03-17 00:15:03,392] Trial 436 finished with value: 0.0 and parameters: {'n_estimators': 81, 'lambda': 9.835825013346758e-05, 'subsample': 0.7940317973786992, 'colsample_bytree': 0.2289723299692788, 'learning_rate': 0.05174334424182909, 'max_depth': 6, 'min_child_weight': 10}. Best is trial 311 with value: 5.101188394588651.
[I 2026-03-17 00:15:38,944] Trial 434 finished with value: 5.085242247371408 and parameters: {'n_estimators': 524, 'lambda': 6.776409068084647e-05, 'subsample': 0.8845805650585897, 'colsample_bytree': 0.25114197465496674, 'learning_rate': 0.03114947541270771, 'max_depth': 6, 'min_child_weight': 10}. Best is trial 311 with value: 5.101188394588651.
[I 2026-03-17 00:16:52,017] Trial 435 finished with value: 4.981516859486041 and parameters: {'n_estimators': 625, 'lambda': 0.001217748422047645, 'subsample': 0.9010835403829033, 'colsample_bytree': 0.22932887792556728, 'learning_rate': 0.030784456966535135, 'max_depth': 6, 'min_child_weight': 10}. Best is trial 311 with value: 5.101188394588651.
