[I 2026-03-17 15:23:20,652] Trial 367 finished with value: 4.894942790323909 and parameters: {'n_estimators': 597, 'lambda': 0.001448632365794403, 'subsample': 0.9994949366654571, 'colsample_bytree': 0.6005022883532233, 'learning_rate': 0.0829859667324091, 'max_depth': 3, 'min_child_weight': 8}. Best is trial 350 with value: 4.999194949595861.
[I 2026-03-17 15:23:20,669] Trial 368 finished with value: 4.896767383033051 and parameters: {'n_estimators': 587, 'lambda': 0.0024524318756988122, 'subsample': 0.9633676868891801, 'colsample_bytree': 0.59225566669251, 'learning_rate': 0.08068792075251799, 'max_depth': 3, 'min_child_weight': 7}. Best is trial 350 with value: 4.999194949595861.
[I 2026-03-17 15:23:58,562] Trial 370 finished with value: 4.936527197878149 and parameters: {'n_estimators': 585, 'lambda': 0.0013476814189266081, 'subsample': 0.9874629977139838, 'colsample_bytree': 0.5903585049651499, 'learning_rate': 0.08257386312763687, 'max_depth': 3, 'min_child_weight': 9}. Best is trial 350 with value: 4.999194949595861.
[I 2026-03-17 15:26:00,031] Trial 373 finished with value: 4.9094408614789415 and parameters: {'n_estimators': 586, 'lambda': 0.003606583510426479, 'subsample': 0.9296933262077903, 'colsample_bytree': 0.5941831681897781, 'learning_rate': 0.07856644980870972, 'max_depth': 3, 'min_child_weight': 6}. Best is trial 350 with value: 4.999194949595861.
[I 2026-03-17 15:26:00,104] Trial 372 finished with value: 4.841395222481021 and parameters: {'n_estimators': 589, 'lambda': 0.0012365077089367107, 'subsample': 0.9237407086503135, 'colsample_bytree': 0.5936097386578625, 'learning_rate': 0.07566979876460483, 'max_depth': 3, 'min_child_weight': 8}. Best is trial 350 with value: 4.999194949595861.
[I 2026-03-17 15:26:16,929] Trial 375 finished with value: 4.7903794589864646 and parameters: {'n_estimators': 638, 'lambda': 0.003095114426557057, 'subsample': 0.928580124507553, 'colsample_bytree': 0.5721842347397272, 'learning_rate': 0.04169073760529615, 'max_depth': 3, 'min_child_weight': 9}. Best is trial 350 with value: 4.999194949595861.
[I 2026-03-17 15:26:26,132] Trial 374 finished with value: 4.905879696560971 and parameters: {'n_estimators': 655, 'lambda': 0.0033205181935382967, 'subsample': 0.9249834213672964, 'colsample_bytree': 0.6398260880386489, 'learning_rate': 0.04413948485010097, 'max_depth': 3, 'min_child_weight': 9}. Best is trial 350 with value: 4.999194949595861.
[I 2026-03-17 15:27:08,270] Trial 376 finished with value: 4.819570680670404 and parameters: {'n_estimators': 650, 'lambda': 0.0007648801438820412, 'subsample': 0.9271185421902377, 'colsample_bytree': 0.642497724725964, 'learning_rate': 0.040885068118207815, 'max_depth': 3, 'min_child_weight': 8}. Best is trial 350 with value: 4.999194949595861.
[I 2026-03-17 15:29:02,610] Trial 378 finished with value: 4.847608821223414 and parameters: {'n_estimators': 653, 'lambda': 0.004894341652183376, 'subsample': 0.9093151445656024, 'colsample_bytree': 0.647388167511422, 'learning_rate': 0.04293142244045786, 'max_depth': 3, 'min_child_weight': 8}. Best is trial 350 with value: 4.999194949595861.
[I 2026-03-17 15:29:03,709] Trial 377 finished with value: 4.859922768383712 and parameters: {'n_estimators': 652, 'lambda': 0.004273508586878832, 'subsample': 0.907047372055933, 'colsample_bytree': 0.6468576187933965, 'learning_rate': 0.04076946867086832, 'max_depth': 3, 'min_child_weight': 8}. Best is trial 350 with value: 4.999194949595861.
[I 2026-03-17 15:29:10,993] Trial 371 finished with value: 4.577614929996196 and parameters: {'n_estimators': 569, 'lambda': 0.0033575173552163975, 'subsample': 0.9312034300310705, 'colsample_bytree': 0.5745934368747614, 'learning_rate': 0.07408262407481908, 'max_depth': 8, 'min_child_weight': 8}. Best is trial 350 with value: 4.999194949595861.
[I 2026-03-17 15:29:20,923] Trial 379 finished with value: 4.902673480230471 and parameters: {'n_estimators': 657, 'lambda': 0.005153752307023331, 'subsample': 0.9113463398663275, 'colsample_bytree': 0.6423435924969564, 'learning_rate': 0.11290623026103189, 'max_depth': 3, 'min_child_weight': 8}. Best is trial 350 with value: 4.999194949595861.
[I 2026-03-17 15:29:25,661] Trial 380 finished with value: 4.706616403109492 and parameters: {'n_estimators': 659, 'lambda': 0.006042227832204463, 'subsample': 0.9065602460607203, 'colsample_bytree': 0.6417769371959292, 'learning_rate': 0.11500594286467747, 'max_depth': 3, 'min_child_weight': 10}. Best is trial 350 with value: 4.999194949595861.
[I 2026-03-17 15:30:18,916] Trial 381 finished with value: 4.832324101066937 and parameters: {'n_estimators': 672, 'lambda': 0.0008429653124396179, 'subsample': 0.9102989095106716, 'colsample_bytree': 0.6711331859489372, 'learning_rate': 0.11264868289149668, 'max_depth': 3, 'min_child_weight': 6}. Best is trial 350 with value: 4.999194949595861.
[I 2026-03-17 15:31:59,463] Trial 382 finished with value: 4.920591315635683 and parameters: {'n_estimators': 633, 'lambda': 0.007762560988913756, 'subsample': 0.9088007661249446, 'colsample_bytree': 0.6727816548326582, 'learning_rate': 0.06339325955876604, 'max_depth': 3, 'min_child_weight': 8}. Best is trial 350 with value: 4.999194949595861.
[I 2026-03-17 15:32:03,029] Trial 383 finished with value: 4.864679320611726 and parameters: {'n_estimators': 630, 'lambda': 0.28093455414200613, 'subsample': 0.952713287333909, 'colsample_bytree': 0.6734654648659149, 'learning_rate': 0.11298181036747929, 'max_depth': 3, 'min_child_weight': 10}. Best is trial 350 with value: 4.999194949595861.
[I 2026-03-17 15:32:07,759] Trial 384 finished with value: 4.890843155109446 and parameters: {'n_estimators': 632, 'lambda': 0.0007025542286746005, 'subsample': 0.9050543151332656, 'colsample_bytree': 0.5376646628941675, 'learning_rate': 0.11280180018647187, 'max_depth': 3, 'min_child_weight': 10}. Best is trial 350 with value: 4.999194949595861.
[I 2026-03-17 15:32:29,047] Trial 386 finished with value: 4.939794609917559 and parameters: {'n_estimators': 630, 'lambda': 0.0006828372228681934, 'subsample': 0.8949249990589276, 'colsample_bytree': 0.6737546138550887, 'learning_rate': 0.06093310596391496, 'max_depth': 3, 'min_child_weight': 10}. Best is trial 350 with value: 4.999194949595861.
[I 2026-03-17 15:32:33,073] Trial 385 finished with value: 4.9298777776052845 and parameters: {'n_estimators': 674, 'lambda': 0.000792578647121202, 'subsample': 0.9504109555564766, 'colsample_bytree': 0.6762513090254952, 'learning_rate': 0.062368589535109376, 'max_depth': 3, 'min_child_weight': 6}. Best is trial 350 with value: 4.999194949595861.
[I 2026-03-17 15:33:24,097] Trial 387 finished with value: 4.792146482204577 and parameters: {'n_estimators': 623, 'lambda': 0.0010813110190069266, 'subsample': 0.8905470031186172, 'colsample_bytree': 0.23364619461236225, 'learning_rate': 0.0624661451055547, 'max_depth': 3, 'min_child_weight': 10}. Best is trial 350 with value: 4.999194949595861.
[I 2026-03-17 15:34:52,644] Trial 389 finished with value: 4.872896635726212 and parameters: {'n_estimators': 606, 'lambda': 0.0008612705180388591, 'subsample': 0.8891845616269041, 'colsample_bytree': 0.6635511070557802, 'learning_rate': 0.060683253305899076, 'max_depth': 3, 'min_child_weight': 10}. Best is trial 350 with value: 4.999194949595861.
[I 2026-03-17 15:34:56,094] Trial 388 finished with value: 4.920991819326078 and parameters: {'n_estimators': 613, 'lambda': 0.924897691288208, 'subsample': 0.9554199871418252, 'colsample_bytree': 0.6667514686272792, 'learning_rate': 0.06063958239609702, 'max_depth': 3, 'min_child_weight': 10}. Best is trial 350 with value: 4.999194949595861.
[I 2026-03-17 15:35:00,209] Trial 392 finished with value: 4.931685684945768 and parameters: {'n_estimators': 517, 'lambda': 0.9895303994468158, 'subsample': 0.8891547666747008, 'colsample_bytree': 0.6905043379410362, 'learning_rate': 0.09368456890987271, 'max_depth': 3, 'min_child_weight': 10}. Best is trial 350 with value: 4.999194949595861.
[I 2026-03-17 15:35:05,452] Trial 390 finished with value: 4.914081801225226 and parameters: {'n_estimators': 614, 'lambda': 0.0010427522053657896, 'subsample': 0.9524667511017796, 'colsample_bytree': 0.623408938616672, 'learning_rate': 0.061163977259611, 'max_depth': 3, 'min_child_weight': 10}. Best is trial 350 with value: 4.999194949595861.
[I 2026-03-17 15:35:23,220] Trial 391 finished with value: 4.937124540591081 and parameters: {'n_estimators': 613, 'lambda': 0.000951911346204052, 'subsample': 0.8923589892520847, 'colsample_bytree': 0.6863579832016982, 'learning_rate': 0.06639504694288698, 'max_depth': 3, 'min_child_weight': 10}. Best is trial 350 with value: 4.999194949595861.
[I 2026-03-17 15:36:15,705] Trial 393 finished with value: 4.918773020599391 and parameters: {'n_estimators': 604, 'lambda': 0.0005225287097745129, 'subsample': 0.8898280646232746, 'colsample_bytree': 0.6927872299643857, 'learning_rate': 0.06632984750210232, 'max_depth': 3, 'min_child_weight': 10}. Best is trial 350 with value: 4.999194949595861.
[I 2026-03-17 15:38:01,129] Trial 394 finished with value: 4.614666992833774 and parameters: {'n_estimators': 669, 'lambda': 0.0004559517206724221, 'subsample': 0.8891392795131586, 'colsample_bytree': 0.689960456564032, 'learning_rate': 0.40554151929583504, 'max_depth': 3, 'min_child_weight': 10}. Best is trial 350 with value: 4.999194949595861.
[I 2026-03-17 15:38:06,628] Trial 395 finished with value: 4.862372489286621 and parameters: {'n_estimators': 672, 'lambda': 0.00044843332085125223, 'subsample': 0.8834106150502155, 'colsample_bytree': 0.6902268459863614, 'learning_rate': 0.09489682976053684, 'max_depth': 3, 'min_child_weight': 10}. Best is trial 350 with value: 4.999194949595861.
[I 2026-03-17 15:38:15,458] Trial 396 finished with value: 4.934797886945301 and parameters: {'n_estimators': 677, 'lambda': 0.0006314060176849342, 'subsample': 0.8918507500227266, 'colsample_bytree': 0.6592656318801736, 'learning_rate': 0.07008268895683238, 'max_depth': 3, 'min_child_weight': 10}. Best is trial 350 with value: 4.999194949595861.
[I 2026-03-17 15:38:16,356] Trial 397 finished with value: 4.90164376247853 and parameters: {'n_estimators': 673, 'lambda': 0.0005498313213041147, 'subsample': 0.8874127316431488, 'colsample_bytree': 0.6916735112987841, 'learning_rate': 0.07269849441780427, 'max_depth': 3, 'min_child_weight': 10}. Best is trial 350 with value: 4.999194949595861.
[I 2026-03-17 15:38:36,954] Trial 398 finished with value: 4.89338664433811 and parameters: {'n_estimators': 677, 'lambda': 0.11305650861519771, 'subsample': 0.8835552346101417, 'colsample_bytree': 0.6564727004942698, 'learning_rate': 0.08925653735275307, 'max_depth': 3, 'min_child_weight': 10}. Best is trial 350 with value: 4.999194949595861.
[I 2026-03-17 15:39:23,729] Trial 399 finished with value: 4.90237355624749 and parameters: {'n_estimators': 674, 'lambda': 0.11445404660920737, 'subsample': 0.8994688930852155, 'colsample_bytree': 0.6603311422223715, 'learning_rate': 0.08925398955325982, 'max_depth': 3, 'min_child_weight': 10}. Best is trial 350 with value: 4.999194949595861.
[I 2026-03-17 15:41:10,507] Trial 401 finished with value: 4.931154137394186 and parameters: {'n_estimators': 644, 'lambda': 0.31090161217347406, 'subsample': 0.9128791293777557, 'colsample_bytree': 0.6559558780009273, 'learning_rate': 0.048486470755543624, 'max_depth': 3, 'min_child_weight': 10}. Best is trial 350 with value: 4.999194949595861.
[I 2026-03-17 15:41:17,449] Trial 400 finished with value: 4.610107591257995 and parameters: {'n_estimators': 678, 'lambda': 0.1372939285455489, 'subsample': 0.9161413850721907, 'colsample_bytree': 0.6581603596602978, 'learning_rate': 0.2960652465877228, 'max_depth': 3, 'min_child_weight': 10}. Best is trial 350 with value: 4.999194949595861.
[I 2026-03-17 15:41:19,580] Trial 402 finished with value: 4.775486801854068 and parameters: {'n_estimators': 643, 'lambda': 0.11837485264869897, 'subsample': 0.9171972239752801, 'colsample_bytree': 0.6552442178068673, 'learning_rate': 0.03153495601000417, 'max_depth': 3, 'min_child_weight': 10}. Best is trial 350 with value: 4.999194949595861.
[I 2026-03-17 15:41:20,845] Trial 403 finished with value: 4.749899183973756 and parameters: {'n_estimators': 642, 'lambda': 0.11695476897045283, 'subsample': 0.9200023064827, 'colsample_bytree': 0.6536751681575433, 'learning_rate': 0.030554189221712647, 'max_depth': 3, 'min_child_weight': 10}. Best is trial 350 with value: 4.999194949595861.
[I 2026-03-17 15:41:36,084] Trial 404 finished with value: 4.7732628510568 and parameters: {'n_estimators': 637, 'lambda': 0.32162832395033764, 'subsample': 0.9193720920777897, 'colsample_bytree': 0.6730748461560405, 'learning_rate': 0.030465547449240585, 'max_depth': 3, 'min_child_weight': 2}. Best is trial 350 with value: 4.999194949595861.
[I 2026-03-17 15:42:19,151] Trial 406 finished with value: 4.611291780651012 and parameters: {'n_estimators': 244, 'lambda': 0.18767892543194037, 'subsample': 0.9373458627862509, 'colsample_bytree': 0.6735597428611957, 'learning_rate': 0.32451325134456177, 'max_depth': 3, 'min_child_weight': 10}. Best is trial 350 with value: 4.999194949595861.
[I 2026-03-17 15:42:30,056] Trial 405 finished with value: 4.605480522121555 and parameters: {'n_estimators': 642, 'lambda': 0.2912564129467548, 'subsample': 0.9366396083743617, 'colsample_bytree': 0.6740965151508046, 'learning_rate': 0.34193239903180933, 'max_depth': 3, 'min_child_weight': 10}. Best is trial 350 with value: 4.999194949595861.
[I 2026-03-17 15:43:57,417] Trial 409 finished with value: 4.823351379744675 and parameters: {'n_estimators': 546, 'lambda': 0.05367208799624538, 'subsample': 0.940491791653951, 'colsample_bytree': 0.6770158252781631, 'learning_rate': 0.05045197398467826, 'max_depth': 3, 'min_child_weight': 10}. Best is trial 350 with value: 4.999194949595861.
[I 2026-03-17 15:44:36,978] Trial 407 finished with value: 4.823135189693017 and parameters: {'n_estimators': 703, 'lambda': 0.20099614191750917, 'subsample': 0.9394358150804767, 'colsample_bytree': 0.6741180143048786, 'learning_rate': 0.03310413421292677, 'max_depth': 3, 'min_child_weight': 10}. Best is trial 350 with value: 4.999194949595861.
[I 2026-03-17 15:44:40,902] Trial 408 finished with value: 4.944818365780085 and parameters: {'n_estimators': 701, 'lambda': 0.1945483646134756, 'subsample': 0.9386383035278764, 'colsample_bytree': 0.6742946731109134, 'learning_rate': 0.04877252533265061, 'max_depth': 3, 'min_child_weight': 10}. Best is trial 350 with value: 4.999194949595861.
[I 2026-03-17 15:44:52,338] Trial 410 finished with value: 4.935150397009934 and parameters: {'n_estimators': 695, 'lambda': 0.19747847333392285, 'subsample': 0.9413926566778308, 'colsample_bytree': 0.6792777355662276, 'learning_rate': 0.05296911542489777, 'max_depth': 3, 'min_child_weight': 9}. Best is trial 350 with value: 4.999194949595861.
[I 2026-03-17 15:45:40,960] Trial 411 finished with value: 4.474023398800121 and parameters: {'n_estimators': 702, 'lambda': 0.19113448297895036, 'subsample': 0.937215920840763, 'colsample_bytree': 0.631227570596999, 'learning_rate': 0.4499960288989119, 'max_depth': 3, 'min_child_weight': 9}. Best is trial 350 with value: 4.999194949595861.
[I 2026-03-17 15:45:51,265] Trial 412 finished with value: 4.960792848799167 and parameters: {'n_estimators': 702, 'lambda': 0.054146827729873274, 'subsample': 0.9025897585826782, 'colsample_bytree': 0.630643274646415, 'learning_rate': 0.05138769252660098, 'max_depth': 3, 'min_child_weight': 9}. Best is trial 350 with value: 4.999194949595861.
[I 2026-03-17 15:47:21,135] Trial 413 finished with value: 4.957940824596057 and parameters: {'n_estimators': 708, 'lambda': 0.18496326975737667, 'subsample': 0.9026370145934307, 'colsample_bytree': 0.6986160258360482, 'learning_rate': 0.04993498123925512, 'max_depth': 3, 'min_child_weight': 9}. Best is trial 350 with value: 4.999194949595861.
[I 2026-03-17 15:47:57,629] Trial 414 finished with value: 4.937559433259002 and parameters: {'n_estimators': 704, 'lambda': 0.00023041076689057536, 'subsample': 0.9019685649964617, 'colsample_bytree': 0.6313997800272694, 'learning_rate': 0.050432362859044524, 'max_depth': 3, 'min_child_weight': 9}. Best is trial 350 with value: 4.999194949595861.
[I 2026-03-17 15:48:00,528] Trial 415 finished with value: 4.446753175431912 and parameters: {'n_estimators': 704, 'lambda': 0.18885203165792397, 'subsample': 0.9054077117370453, 'colsample_bytree': 0.6303580630844783, 'learning_rate': 0.4501927503539193, 'max_depth': 3, 'min_child_weight': 9}. Best is trial 350 with value: 4.999194949595861.
[I 2026-03-17 15:48:23,256] Trial 416 finished with value: 4.911850549417403 and parameters: {'n_estimators': 745, 'lambda': 0.17396648800322587, 'subsample': 0.9054294512520105, 'colsample_bytree': 0.3847850107524792, 'learning_rate': 0.04925138552198328, 'max_depth': 3, 'min_child_weight': 10}. Best is trial 350 with value: 4.999194949595861.
[I 2026-03-17 15:49:15,971] Trial 418 finished with value: 4.902727929371329 and parameters: {'n_estimators': 712, 'lambda': 0.021549576961017197, 'subsample': 0.902171389125021, 'colsample_bytree': 0.6421203606571454, 'learning_rate': 0.04793802371868831, 'max_depth': 3, 'min_child_weight': 9}. Best is trial 350 with value: 4.999194949595861.
[I 2026-03-17 15:49:18,198] Trial 417 finished with value: 4.906837040905716 and parameters: {'n_estimators': 750, 'lambda': 0.0002480289182014604, 'subsample': 0.9029160176947515, 'colsample_bytree': 0.7083248699522395, 'learning_rate': 0.04854554195071722, 'max_depth': 3, 'min_child_weight': 10}. Best is trial 350 with value: 4.999194949595861.
[I 2026-03-17 15:50:47,520] Trial 419 finished with value: 4.889966395696272 and parameters: {'n_estimators': 741, 'lambda': 0.06449762236679882, 'subsample': 0.9050452369250892, 'colsample_bytree': 0.7144569861296504, 'learning_rate': 0.04570290972136515, 'max_depth': 3, 'min_child_weight': 9}. Best is trial 350 with value: 4.999194949595861.
[I 2026-03-17 15:51:28,925] Trial 420 finished with value: 4.944701246553529 and parameters: {'n_estimators': 739, 'lambda': 0.09123536392320442, 'subsample': 0.9243490392584668, 'colsample_bytree': 0.7168931277549851, 'learning_rate': 0.04311722506269626, 'max_depth': 3, 'min_child_weight': 9}. Best is trial 350 with value: 4.999194949595861.
[I 2026-03-17 15:51:33,408] Trial 421 finished with value: 4.906343519814294 and parameters: {'n_estimators': 742, 'lambda': 0.062138703043437105, 'subsample': 0.9248790887292045, 'colsample_bytree': 0.7209913737093722, 'learning_rate': 0.04470864402809397, 'max_depth': 3, 'min_child_weight': 9}. Best is trial 350 with value: 4.999194949595861.
[I 2026-03-17 15:51:59,515] Trial 422 finished with value: 4.885634307422226 and parameters: {'n_estimators': 732, 'lambda': 0.058158544416120256, 'subsample': 0.9277932760661832, 'colsample_bytree': 0.7076021131212789, 'learning_rate': 0.043714344732371166, 'max_depth': 3, 'min_child_weight': 9}. Best is trial 350 with value: 4.999194949595861.
[I 2026-03-17 15:52:43,554] Trial 424 finished with value: 4.899680324297061 and parameters: {'n_estimators': 732, 'lambda': 0.10460962465507503, 'subsample': 0.9238347381923177, 'colsample_bytree': 0.7160900092162216, 'learning_rate': 0.07709895013933446, 'max_depth': 3, 'min_child_weight': 9}. Best is trial 350 with value: 4.999194949595861.
[I 2026-03-17 15:52:48,989] Trial 423 finished with value: 4.898904194979419 and parameters: {'n_estimators': 740, 'lambda': 0.047497057810802795, 'subsample': 0.9229764718716099, 'colsample_bytree': 0.7170579256977535, 'learning_rate': 0.07618394361238782, 'max_depth': 3, 'min_child_weight': 9}. Best is trial 350 with value: 4.999194949595861.
[I 2026-03-17 15:54:15,361] Trial 425 finished with value: 4.950843120252436 and parameters: {'n_estimators': 729, 'lambda': 0.09171086380419878, 'subsample': 0.9278699077568542, 'colsample_bytree': 0.6999198011923042, 'learning_rate': 0.07533496043757916, 'max_depth': 3, 'min_child_weight': 9}. Best is trial 350 with value: 4.999194949595861.
[I 2026-03-17 15:54:57,042] Trial 426 finished with value: 4.906551716670553 and parameters: {'n_estimators': 726, 'lambda': 0.05181158115383071, 'subsample': 0.9823775759840198, 'colsample_bytree': 0.7213202236245544, 'learning_rate': 0.07434129087759099, 'max_depth': 3, 'min_child_weight': 9}. Best is trial 350 with value: 4.999194949595861.
[I 2026-03-17 15:55:26,405] Trial 428 finished with value: 4.884052682767827 and parameters: {'n_estimators': 724, 'lambda': 0.0365054592607167, 'subsample': 0.9583348500932714, 'colsample_bytree': 0.7393267002386882, 'learning_rate': 0.08043961818820095, 'max_depth': 3, 'min_child_weight': 9}. Best is trial 350 with value: 4.999194949595861.
[I 2026-03-17 15:56:25,240] Trial 430 finished with value: 4.80508828460156 and parameters: {'n_estimators': 769, 'lambda': 0.07845415302861436, 'subsample': 0.9819404678624996, 'colsample_bytree': 0.7395575019108928, 'learning_rate': 0.030255981738912367, 'max_depth': 3, 'min_child_weight': 9}. Best is trial 350 with value: 4.999194949595861.
[I 2026-03-17 15:56:31,550] Trial 427 finished with value: 4.6556462496006965 and parameters: {'n_estimators': 776, 'lambda': 0.05169797561077758, 'subsample': 0.9617983966922695, 'colsample_bytree': 0.7074465877894539, 'learning_rate': 0.07621794664984778, 'max_depth': 5, 'min_child_weight': 9}. Best is trial 350 with value: 4.999194949595861.
[I 2026-03-17 15:57:39,438] Trial 429 finished with value: 4.6767396917678195 and parameters: {'n_estimators': 762, 'lambda': 0.03971372628409423, 'subsample': 0.9835360601671277, 'colsample_bytree': 0.6099587360672944, 'learning_rate': 0.07364529691178541, 'max_depth': 5, 'min_child_weight': 9}. Best is trial 350 with value: 4.999194949595861.
