[I 2026-03-17 14:49:44,358] Trial 305 finished with value: 4.706611578047038 and parameters: {'n_estimators': 710, 'lambda': 0.33845591781336076, 'subsample': 0.8812488229601741, 'colsample_bytree': 0.7054495113694785, 'learning_rate': 0.030060248028071425, 'max_depth': 3, 'min_child_weight': 10}. Best is trial 253 with value: 4.9907630322303635.
[I 2026-03-17 14:50:17,987] Trial 306 finished with value: 4.849237020453138 and parameters: {'n_estimators': 744, 'lambda': 0.31411158146913626, 'subsample': 0.8834251000276747, 'colsample_bytree': 0.6897129689344553, 'learning_rate': 0.03810364960715123, 'max_depth': 3, 'min_child_weight': 10}. Best is trial 253 with value: 4.9907630322303635.
[I 2026-03-17 14:50:48,709] Trial 307 finished with value: 4.853088771470038 and parameters: {'n_estimators': 715, 'lambda': 0.27758709159122363, 'subsample': 0.8786304622454526, 'colsample_bytree': 0.6838852157197365, 'learning_rate': 0.031096112204373746, 'max_depth': 3, 'min_child_weight': 10}. Best is trial 253 with value: 4.9907630322303635.
[I 2026-03-17 14:51:27,080] Trial 308 finished with value: 4.871087008485283 and parameters: {'n_estimators': 749, 'lambda': 0.35450548884986843, 'subsample': 0.8785092097327175, 'colsample_bytree': 0.6848472738982591, 'learning_rate': 0.04048283608901322, 'max_depth': 3, 'min_child_weight': 10}. Best is trial 253 with value: 4.9907630322303635.
[I 2026-03-17 14:51:52,257] Trial 309 finished with value: 4.839555007450683 and parameters: {'n_estimators': 715, 'lambda': 0.32906030238612105, 'subsample': 0.8789797350511263, 'colsample_bytree': 0.6842701621898659, 'learning_rate': 0.041619164713218144, 'max_depth': 3, 'min_child_weight': 10}. Best is trial 253 with value: 4.9907630322303635.
[I 2026-03-17 14:53:09,424] Trial 310 finished with value: 4.8688896634759695 and parameters: {'n_estimators': 749, 'lambda': 0.36121443241363377, 'subsample': 0.5855924351395752, 'colsample_bytree': 0.6877768532635699, 'learning_rate': 0.06343946629935576, 'max_depth': 3, 'min_child_weight': 10}. Best is trial 253 with value: 4.9907630322303635.
[I 2026-03-17 14:53:12,611] Trial 311 finished with value: 4.848767944657373 and parameters: {'n_estimators': 743, 'lambda': 0.07385837037236936, 'subsample': 0.8495341738612124, 'colsample_bytree': 0.6823513639710301, 'learning_rate': 0.061020673749009144, 'max_depth': 3, 'min_child_weight': 10}. Best is trial 253 with value: 4.9907630322303635.
[I 2026-03-17 14:53:48,402] Trial 312 finished with value: 4.898993253019887 and parameters: {'n_estimators': 743, 'lambda': 0.08763154193938688, 'subsample': 0.8582173255445802, 'colsample_bytree': 0.680629112976055, 'learning_rate': 0.06196759690258364, 'max_depth': 3, 'min_child_weight': 10}. Best is trial 253 with value: 4.9907630322303635.
[I 2026-03-17 14:54:27,294] Trial 313 finished with value: 4.851338139204566 and parameters: {'n_estimators': 741, 'lambda': 0.06908563930406389, 'subsample': 0.8509624737844647, 'colsample_bytree': 0.6764803396496563, 'learning_rate': 0.06338234029404025, 'max_depth': 3, 'min_child_weight': 10}. Best is trial 253 with value: 4.9907630322303635.
[I 2026-03-17 14:54:31,664] Trial 314 finished with value: 0.0 and parameters: {'n_estimators': 667, 'lambda': 0.08805897691498563, 'subsample': 0.8484266815429795, 'colsample_bytree': 0.6730053140563278, 'learning_rate': 0.6373754232382299, 'max_depth': 3, 'min_child_weight': 10}. Best is trial 253 with value: 4.9907630322303635.
[I 2026-03-17 14:55:02,592] Trial 315 finished with value: 0.0 and parameters: {'n_estimators': 670, 'lambda': 0.07042122138197558, 'subsample': 0.8541833605965197, 'colsample_bytree': 0.6544866306275755, 'learning_rate': 0.6295604340742866, 'max_depth': 3, 'min_child_weight': 10}. Best is trial 253 with value: 4.9907630322303635.
[I 2026-03-17 14:56:15,564] Trial 316 finished with value: 4.847272334119575 and parameters: {'n_estimators': 668, 'lambda': 0.08667678420542804, 'subsample': 0.8485895381234106, 'colsample_bytree': 0.6691499994588086, 'learning_rate': 0.06373874253850163, 'max_depth': 3, 'min_child_weight': 10}. Best is trial 253 with value: 4.9907630322303635.
[I 2026-03-17 14:56:21,587] Trial 317 finished with value: 4.927642562303764 and parameters: {'n_estimators': 667, 'lambda': 0.08702224776650005, 'subsample': 0.9210469227110539, 'colsample_bytree': 0.6534075460663707, 'learning_rate': 0.07385063805480382, 'max_depth': 3, 'min_child_weight': 10}. Best is trial 253 with value: 4.9907630322303635.
[I 2026-03-17 14:56:59,840] Trial 318 finished with value: 4.953965327178061 and parameters: {'n_estimators': 663, 'lambda': 0.039671812459341774, 'subsample': 0.9217278415998382, 'colsample_bytree': 0.728661160084414, 'learning_rate': 0.07678959764852314, 'max_depth': 3, 'min_child_weight': 10}. Best is trial 253 with value: 4.9907630322303635.
[I 2026-03-17 14:57:31,480] Trial 320 finished with value: 4.919622270898691 and parameters: {'n_estimators': 632, 'lambda': 0.22767804951374582, 'subsample': 0.9260914358544536, 'colsample_bytree': 0.6490269577215884, 'learning_rate': 0.07337210531552339, 'max_depth': 3, 'min_child_weight': 10}. Best is trial 253 with value: 4.9907630322303635.
[I 2026-03-17 14:57:41,117] Trial 319 finished with value: 4.910060578387194 and parameters: {'n_estimators': 667, 'lambda': 0.2139838387878884, 'subsample': 0.9271313536224065, 'colsample_bytree': 0.6496862036965738, 'learning_rate': 0.07631004797240903, 'max_depth': 3, 'min_child_weight': 10}. Best is trial 253 with value: 4.9907630322303635.
[I 2026-03-17 14:58:02,222] Trial 321 finished with value: 4.872807998917635 and parameters: {'n_estimators': 630, 'lambda': 0.21439779080515423, 'subsample': 0.922854770092308, 'colsample_bytree': 0.873715088898015, 'learning_rate': 0.07765985037179846, 'max_depth': 3, 'min_child_weight': 8}. Best is trial 253 with value: 4.9907630322303635.
[I 2026-03-17 14:59:17,632] Trial 322 finished with value: 4.873094945474353 and parameters: {'n_estimators': 625, 'lambda': 0.20695027208532935, 'subsample': 0.9229239859671833, 'colsample_bytree': 0.5637447711281547, 'learning_rate': 0.08035137040269677, 'max_depth': 3, 'min_child_weight': 9}. Best is trial 253 with value: 4.9907630322303635.
[I 2026-03-17 14:59:22,758] Trial 323 finished with value: 4.731706478707244 and parameters: {'n_estimators': 638, 'lambda': 0.21505027730436602, 'subsample': 0.9276711228634641, 'colsample_bytree': 0.7274917714836775, 'learning_rate': 0.36290585246880913, 'max_depth': 3, 'min_child_weight': 10}. Best is trial 253 with value: 4.9907630322303635.
[I 2026-03-17 14:59:54,095] Trial 324 finished with value: 0.0 and parameters: {'n_estimators': 626, 'lambda': 0.00013172365330313597, 'subsample': 0.9565792087151966, 'colsample_bytree': 0.7320160467769785, 'learning_rate': 0.3589878422803868, 'max_depth': 3, 'min_child_weight': 8}. Best is trial 253 with value: 4.9907630322303635.
[I 2026-03-17 15:00:02,647] Trial 325 finished with value: 4.880764410956576 and parameters: {'n_estimators': 532, 'lambda': 0.00015341758635769621, 'subsample': 0.8281102642487078, 'colsample_bytree': 0.7346841862406793, 'learning_rate': 0.10779146368580779, 'max_depth': 3, 'min_child_weight': 8}. Best is trial 253 with value: 4.9907630322303635.
[I 2026-03-17 15:00:08,804] Trial 327 finished with value: 4.764863628670746 and parameters: {'n_estimators': 449, 'lambda': 0.04710130136849323, 'subsample': 0.8345406777914851, 'colsample_bytree': 0.7298202142904353, 'learning_rate': 0.05471691253860357, 'max_depth': 3, 'min_child_weight': 10}. Best is trial 253 with value: 4.9907630322303635.
[I 2026-03-17 15:00:41,284] Trial 326 finished with value: 4.913694595497974 and parameters: {'n_estimators': 625, 'lambda': 0.036793829324869486, 'subsample': 0.8319160626008114, 'colsample_bytree': 0.8822621735734975, 'learning_rate': 0.05732097772405433, 'max_depth': 3, 'min_child_weight': 10}. Best is trial 253 with value: 4.9907630322303635.
[I 2026-03-17 15:02:13,731] Trial 328 finished with value: 4.78801264120237 and parameters: {'n_estimators': 585, 'lambda': 0.04029944295192628, 'subsample': 0.8301215978185355, 'colsample_bytree': 0.7405130214965217, 'learning_rate': 0.10725591597028593, 'max_depth': 3, 'min_child_weight': 10}. Best is trial 253 with value: 4.9907630322303635.
[I 2026-03-17 15:02:15,120] Trial 331 finished with value: 4.839045751470428 and parameters: {'n_estimators': 447, 'lambda': 0.000427379110888496, 'subsample': 0.8912105754755917, 'colsample_bytree': 0.6032222691184526, 'learning_rate': 0.053328160406362624, 'max_depth': 3, 'min_child_weight': 10}. Best is trial 253 with value: 4.9907630322303635.
[I 2026-03-17 15:02:24,495] Trial 329 finished with value: 4.914429178290039 and parameters: {'n_estimators': 652, 'lambda': 0.005871442623012367, 'subsample': 0.8299511761369753, 'colsample_bytree': 0.7291686981060475, 'learning_rate': 0.052739617903047424, 'max_depth': 3, 'min_child_weight': 10}. Best is trial 253 with value: 4.9907630322303635.
[I 2026-03-17 15:02:55,471] Trial 332 finished with value: 4.848514249149478 and parameters: {'n_estimators': 582, 'lambda': 0.03576472451136113, 'subsample': 0.8902702767961137, 'colsample_bytree': 0.6078680882781695, 'learning_rate': 0.05172132420128176, 'max_depth': 3, 'min_child_weight': 10}. Best is trial 253 with value: 4.9907630322303635.
[I 2026-03-17 15:02:55,667] Trial 330 finished with value: 4.89877785001049 and parameters: {'n_estimators': 657, 'lambda': 0.029392880177943937, 'subsample': 0.8952338665179492, 'colsample_bytree': 0.7226802286971825, 'learning_rate': 0.04751698468739717, 'max_depth': 3, 'min_child_weight': 10}. Best is trial 253 with value: 4.9907630322303635.
[I 2026-03-17 15:03:45,300] Trial 333 finished with value: 4.88425140878966 and parameters: {'n_estimators': 654, 'lambda': 0.0005442200621269851, 'subsample': 0.8920128946981162, 'colsample_bytree': 0.6097487983683549, 'learning_rate': 0.04648662336180852, 'max_depth': 3, 'min_child_weight': 10}. Best is trial 253 with value: 4.9907630322303635.
[I 2026-03-17 15:05:17,751] Trial 334 finished with value: 4.867759976277477 and parameters: {'n_estimators': 651, 'lambda': 0.1246124127185635, 'subsample': 0.8913104952969423, 'colsample_bytree': 0.7234450793881833, 'learning_rate': 0.08656572290706865, 'max_depth': 3, 'min_child_weight': 10}. Best is trial 253 with value: 4.9907630322303635.
[I 2026-03-17 15:06:13,003] Trial 337 finished with value: 4.811027281188881 and parameters: {'n_estimators': 693, 'lambda': 0.0006524492134694611, 'subsample': 0.9525561817491918, 'colsample_bytree': 0.7008176390829008, 'learning_rate': 0.08820358600811809, 'max_depth': 3, 'min_child_weight': 10}. Best is trial 253 with value: 4.9907630322303635.
[I 2026-03-17 15:06:59,946] Trial 339 finished with value: 4.834434152519455 and parameters: {'n_estimators': 692, 'lambda': 0.013654353441821808, 'subsample': 0.9104933549787709, 'colsample_bytree': 0.7061520945833382, 'learning_rate': 0.08516085294523876, 'max_depth': 3, 'min_child_weight': 10}. Best is trial 253 with value: 4.9907630322303635.
[I 2026-03-17 15:07:34,429] Trial 335 finished with value: 4.684130278493741 and parameters: {'n_estimators': 688, 'lambda': 0.015809849906487896, 'subsample': 0.8904402871972674, 'colsample_bytree': 0.7187789525484681, 'learning_rate': 0.049932190941009424, 'max_depth': 6, 'min_child_weight': 10}. Best is trial 253 with value: 4.9907630322303635.
[I 2026-03-17 15:07:36,309] Trial 336 finished with value: 4.613608116308617 and parameters: {'n_estimators': 690, 'lambda': 0.0006475652073084047, 'subsample': 0.9083277502186635, 'colsample_bytree': 0.7021345519057131, 'learning_rate': 0.08401602909735298, 'max_depth': 6, 'min_child_weight': 10}. Best is trial 253 with value: 4.9907630322303635.
[I 2026-03-17 15:08:09,283] Trial 338 finished with value: 4.543965052384279 and parameters: {'n_estimators': 684, 'lambda': 0.015435033429931537, 'subsample': 0.4604306356023935, 'colsample_bytree': 0.700796828099698, 'learning_rate': 0.08321095082226108, 'max_depth': 6, 'min_child_weight': 10}. Best is trial 253 with value: 4.9907630322303635.
[I 2026-03-17 15:08:14,766] Trial 344 finished with value: 4.494452734047421 and parameters: {'n_estimators': 110, 'lambda': 0.127180202497156, 'subsample': 0.8642512922290126, 'colsample_bytree': 0.7489320155016892, 'learning_rate': 0.0702257353813925, 'max_depth': 4, 'min_child_weight': 10}. Best is trial 253 with value: 4.9907630322303635.
[I 2026-03-17 15:09:07,169] Trial 340 finished with value: 4.800400435980546 and parameters: {'n_estimators': 690, 'lambda': 0.01492128879442455, 'subsample': 0.8717727728229911, 'colsample_bytree': 0.668435102582778, 'learning_rate': 0.07073553952095858, 'max_depth': 4, 'min_child_weight': 10}. Best is trial 253 with value: 4.9907630322303635.
[I 2026-03-17 15:10:00,608] Trial 341 finished with value: 0.0 and parameters: {'n_estimators': 684, 'lambda': 0.13679516569745262, 'subsample': 0.8736806455933676, 'colsample_bytree': 0.9133085216656625, 'learning_rate': 0.2584523974722259, 'max_depth': 4, 'min_child_weight': 10}. Best is trial 253 with value: 4.9907630322303635.
[I 2026-03-17 15:11:01,716] Trial 342 finished with value: 4.850698246390252 and parameters: {'n_estimators': 720, 'lambda': 0.00021263490593502688, 'subsample': 0.871948742253459, 'colsample_bytree': 0.7528449316465586, 'learning_rate': 0.06955769548236797, 'max_depth': 4, 'min_child_weight': 10}. Best is trial 253 with value: 4.9907630322303635.
[I 2026-03-17 15:11:33,632] Trial 343 finished with value: 4.646510616723514 and parameters: {'n_estimators': 718, 'lambda': 4.8119383090257024e-05, 'subsample': 0.8624903914394606, 'colsample_bytree': 0.754072870567571, 'learning_rate': 0.06955973918167224, 'max_depth': 4, 'min_child_weight': 10}. Best is trial 253 with value: 4.9907630322303635.
[I 2026-03-17 15:11:35,263] Trial 346 finished with value: 4.901920587930016 and parameters: {'n_estimators': 715, 'lambda': 0.46827447467269967, 'subsample': 0.8707706674924324, 'colsample_bytree': 0.6632819358021521, 'learning_rate': 0.06824203608224569, 'max_depth': 3, 'min_child_weight': 9}. Best is trial 253 with value: 4.9907630322303635.
[I 2026-03-17 15:11:38,657] Trial 345 finished with value: 4.873441081782565 and parameters: {'n_estimators': 728, 'lambda': 0.0003575661605854683, 'subsample': 0.8698615438748418, 'colsample_bytree': 0.7534331472862206, 'learning_rate': 0.06646370946702732, 'max_depth': 3, 'min_child_weight': 10}. Best is trial 253 with value: 4.9907630322303635.
[I 2026-03-17 15:12:27,653] Trial 347 finished with value: 4.819520171105282 and parameters: {'n_estimators': 722, 'lambda': 0.00035044410816602274, 'subsample': 0.8705152784442267, 'colsample_bytree': 0.6347216363206938, 'learning_rate': 0.0665346988925794, 'max_depth': 3, 'min_child_weight': 9}. Best is trial 253 with value: 4.9907630322303635.
[I 2026-03-17 15:13:22,299] Trial 348 finished with value: 4.879259293302783 and parameters: {'n_estimators': 726, 'lambda': 0.500489270907155, 'subsample': 0.9097404346293082, 'colsample_bytree': 0.6366802385577408, 'learning_rate': 0.06523597285635678, 'max_depth': 3, 'min_child_weight': 9}. Best is trial 253 with value: 4.9907630322303635.
[I 2026-03-17 15:14:20,143] Trial 349 finished with value: 4.968224299841099 and parameters: {'n_estimators': 720, 'lambda': 0.5126173034195812, 'subsample': 0.949199641808983, 'colsample_bytree': 0.6595858556515223, 'learning_rate': 0.06427605810835166, 'max_depth': 3, 'min_child_weight': 9}. Best is trial 253 with value: 4.9907630322303635.
[I 2026-03-17 15:14:44,023] Trial 352 finished with value: 4.850312035578012 and parameters: {'n_estimators': 640, 'lambda': 0.4341611072023302, 'subsample': 0.9469873580299482, 'colsample_bytree': 0.6454027060691443, 'learning_rate': 0.041638792902934055, 'max_depth': 3, 'min_child_weight': 9}. Best is trial 253 with value: 4.9907630322303635.
[I 2026-03-17 15:14:44,463] Trial 350 finished with value: 4.999194949595861 and parameters: {'n_estimators': 645, 'lambda': 0.0013764286685905968, 'subsample': 0.9116527361012492, 'colsample_bytree': 0.6291126367160862, 'learning_rate': 0.05598976663510685, 'max_depth': 3, 'min_child_weight': 9}. Best is trial 350 with value: 4.999194949595861.
[I 2026-03-17 15:14:46,194] Trial 351 finished with value: 4.884425746870347 and parameters: {'n_estimators': 645, 'lambda': 0.16371768902898148, 'subsample': 0.9462467146655373, 'colsample_bytree': 0.6374354425961893, 'learning_rate': 0.04500531116352942, 'max_depth': 3, 'min_child_weight': 9}. Best is trial 350 with value: 4.999194949595861.
[I 2026-03-17 15:15:35,206] Trial 353 finished with value: 4.810803646901628 and parameters: {'n_estimators': 643, 'lambda': 0.47198437347766947, 'subsample': 0.947033391492479, 'colsample_bytree': 0.6548125744300167, 'learning_rate': 0.04211297836261408, 'max_depth': 3, 'min_child_weight': 10}. Best is trial 350 with value: 4.999194949595861.
[I 2026-03-17 15:15:42,527] Trial 355 finished with value: 4.880671719239575 and parameters: {'n_estimators': 297, 'lambda': 0.4529470366271389, 'subsample': 0.9556664263541272, 'colsample_bytree': 0.6573213987768604, 'learning_rate': 0.09602102487846913, 'max_depth': 3, 'min_child_weight': 9}. Best is trial 350 with value: 4.999194949595861.
[I 2026-03-17 15:16:25,522] Trial 354 finished with value: 4.862120940063486 and parameters: {'n_estimators': 638, 'lambda': 0.18198353382107493, 'subsample': 0.9492609423759089, 'colsample_bytree': 0.6577049892472012, 'learning_rate': 0.04135167356229799, 'max_depth': 3, 'min_child_weight': 10}. Best is trial 350 with value: 4.999194949595861.
[I 2026-03-17 15:17:41,559] Trial 357 finished with value: 4.936606501327637 and parameters: {'n_estimators': 635, 'lambda': 0.0017429323304841702, 'subsample': 0.9612907975634745, 'colsample_bytree': 0.622811154404206, 'learning_rate': 0.054227021560171965, 'max_depth': 3, 'min_child_weight': 7}. Best is trial 350 with value: 4.999194949595861.
[I 2026-03-17 15:17:42,969] Trial 358 finished with value: 4.908271201088331 and parameters: {'n_estimators': 621, 'lambda': 0.4875047018149572, 'subsample': 0.9329973343738156, 'colsample_bytree': 0.6218514157730748, 'learning_rate': 0.055061099709325344, 'max_depth': 3, 'min_child_weight': 9}. Best is trial 350 with value: 4.999194949595861.
[I 2026-03-17 15:17:47,595] Trial 356 finished with value: 4.881812901083752 and parameters: {'n_estimators': 670, 'lambda': 0.5132934005800713, 'subsample': 0.9358861976491624, 'colsample_bytree': 0.6573928329584507, 'learning_rate': 0.09359532127731698, 'max_depth': 3, 'min_child_weight': 10}. Best is trial 350 with value: 4.999194949595861.
[I 2026-03-17 15:18:28,089] Trial 359 finished with value: 4.888712252686091 and parameters: {'n_estimators': 612, 'lambda': 0.2445655991624689, 'subsample': 0.9699002420577986, 'colsample_bytree': 0.6279599464230756, 'learning_rate': 0.10017957419056564, 'max_depth': 3, 'min_child_weight': 8}. Best is trial 350 with value: 4.999194949595861.
[I 2026-03-17 15:19:21,175] Trial 361 finished with value: 4.868680997301474 and parameters: {'n_estimators': 620, 'lambda': 0.0016084270346073506, 'subsample': 0.969295602590593, 'colsample_bytree': 0.6180891173008497, 'learning_rate': 0.056972958054776854, 'max_depth': 3, 'min_child_weight': 7}. Best is trial 350 with value: 4.999194949595861.
[I 2026-03-17 15:20:32,184] Trial 363 finished with value: 4.945778132700825 and parameters: {'n_estimators': 596, 'lambda': 0.001947121712658399, 'subsample': 0.9627167743693879, 'colsample_bytree': 0.623712897393065, 'learning_rate': 0.0573434076157532, 'max_depth': 3, 'min_child_weight': 8}. Best is trial 350 with value: 4.999194949595861.
[I 2026-03-17 15:20:37,123] Trial 364 finished with value: 4.925078350792112 and parameters: {'n_estimators': 609, 'lambda': 0.0011165085945420985, 'subsample': 0.9756629236095911, 'colsample_bytree': 0.6114532160577149, 'learning_rate': 0.05843585604531479, 'max_depth': 3, 'min_child_weight': 7}. Best is trial 350 with value: 4.999194949595861.
[I 2026-03-17 15:20:38,802] Trial 362 finished with value: 4.8820283854993285 and parameters: {'n_estimators': 626, 'lambda': 0.0014754324023280574, 'subsample': 0.9692928957102657, 'colsample_bytree': 0.5821125100675577, 'learning_rate': 0.055016954491710325, 'max_depth': 3, 'min_child_weight': 9}. Best is trial 350 with value: 4.999194949595861.
[I 2026-03-17 15:21:18,015] Trial 365 finished with value: 4.894409186093467 and parameters: {'n_estimators': 601, 'lambda': 0.0019713933743687696, 'subsample': 0.9709207466074675, 'colsample_bytree': 0.631284988047272, 'learning_rate': 0.05857604418259633, 'max_depth': 3, 'min_child_weight': 7}. Best is trial 350 with value: 4.999194949595861.
[I 2026-03-17 15:22:28,156] Trial 366 finished with value: 4.9125766986164 and parameters: {'n_estimators': 661, 'lambda': 0.002069006566243204, 'subsample': 0.915887285783293, 'colsample_bytree': 0.6216528448336845, 'learning_rate': 0.07681368645838799, 'max_depth': 3, 'min_child_weight': 8}. Best is trial 350 with value: 4.999194949595861.
[I 2026-03-17 15:23:13,723] Trial 369 finished with value: 4.915531467000674 and parameters: {'n_estimators': 561, 'lambda': 0.0017835676303954856, 'subsample': 0.9979219917903547, 'colsample_bytree': 0.6190109899316125, 'learning_rate': 0.08071064019375249, 'max_depth': 3, 'min_child_weight': 7}. Best is trial 350 with value: 4.999194949595861.
[I 2026-03-17 15:23:14,974] Trial 360 finished with value: 4.608447386144381 and parameters: {'n_estimators': 622, 'lambda': 0.001658368499416523, 'subsample': 0.9735645948343494, 'colsample_bytree': 0.6669698490139857, 'learning_rate': 0.055595535643259086, 'max_depth': 8, 'min_child_weight': 9}. Best is trial 350 with value: 4.999194949595861.
