[I 2026-03-16 23:24:14,434] Trial 313 finished with value: 5.065723574137243 and parameters: {'n_estimators': 627, 'lambda': 4.593579743225018e-08, 'subsample': 0.873611335762487, 'colsample_bytree': 0.23396689753536037, 'learning_rate': 0.030571180774928493, 'max_depth': 6, 'min_child_weight': 10}. Best is trial 311 with value: 5.101188394588651.
[I 2026-03-16 23:25:52,850] Trial 314 finished with value: 4.900440101304902 and parameters: {'n_estimators': 630, 'lambda': 0.0003226822908315114, 'subsample': 0.8709979481720439, 'colsample_bytree': 0.21206868055216127, 'learning_rate': 0.03174922550947141, 'max_depth': 7, 'min_child_weight': 10}. Best is trial 311 with value: 5.101188394588651.
[I 2026-03-16 23:25:56,690] Trial 315 finished with value: 4.8664036055287685 and parameters: {'n_estimators': 628, 'lambda': 0.0003294964726192722, 'subsample': 0.8692013676713761, 'colsample_bytree': 0.20755880233092688, 'learning_rate': 0.0313420921784101, 'max_depth': 6, 'min_child_weight': 10}. Best is trial 311 with value: 5.101188394588651.
[I 2026-03-16 23:26:17,243] Trial 316 finished with value: 4.972666904817673 and parameters: {'n_estimators': 587, 'lambda': 0.00032596747232624054, 'subsample': 0.7875807508138553, 'colsample_bytree': 0.20190877106371607, 'learning_rate': 0.03076890243178832, 'max_depth': 6, 'min_child_weight': 10}. Best is trial 311 with value: 5.101188394588651.
[I 2026-03-16 23:26:21,676] Trial 317 finished with value: 4.931563802543289 and parameters: {'n_estimators': 571, 'lambda': 0.0003048932886015736, 'subsample': 0.869657448427439, 'colsample_bytree': 0.2013797335519151, 'learning_rate': 0.042952740216880794, 'max_depth': 6, 'min_child_weight': 10}. Best is trial 311 with value: 5.101188394588651.
[I 2026-03-16 23:26:24,618] Trial 318 finished with value: 4.979535175041134 and parameters: {'n_estimators': 581, 'lambda': 0.000329433093355014, 'subsample': 0.872677962323124, 'colsample_bytree': 0.20115920463500864, 'learning_rate': 0.030490490915856136, 'max_depth': 6, 'min_child_weight': 10}. Best is trial 311 with value: 5.101188394588651.
[I 2026-03-16 23:26:35,486] Trial 319 finished with value: 5.014179997178939 and parameters: {'n_estimators': 578, 'lambda': 4.317002277700052e-08, 'subsample': 0.8719216256925254, 'colsample_bytree': 0.20015701503784758, 'learning_rate': 0.03054495931369183, 'max_depth': 6, 'min_child_weight': 10}. Best is trial 311 with value: 5.101188394588651.
[I 2026-03-16 23:28:09,823] Trial 320 finished with value: 4.521696216387239 and parameters: {'n_estimators': 579, 'lambda': 0.00033710153303734015, 'subsample': 0.8722974107178267, 'colsample_bytree': 0.28155378407139653, 'learning_rate': 0.04566927652340574, 'max_depth': 6, 'min_child_weight': 10}. Best is trial 311 with value: 5.101188394588651.
[I 2026-03-16 23:28:17,629] Trial 321 finished with value: 4.684445864422872 and parameters: {'n_estimators': 572, 'lambda': 5.716716886238087e-07, 'subsample': 0.8950159625086213, 'colsample_bytree': 0.27998709327188903, 'learning_rate': 0.047440968585617464, 'max_depth': 6, 'min_child_weight': 10}. Best is trial 311 with value: 5.101188394588651.
[I 2026-03-16 23:28:40,962] Trial 322 finished with value: 4.693903552172969 and parameters: {'n_estimators': 578, 'lambda': 1.0242535348876205e-08, 'subsample': 0.8956891926751771, 'colsample_bytree': 0.28354022767171666, 'learning_rate': 0.1742357541275345, 'max_depth': 6, 'min_child_weight': 10}. Best is trial 311 with value: 5.101188394588651.
[I 2026-03-16 23:28:42,465] Trial 323 finished with value: 4.670686784655644 and parameters: {'n_estimators': 575, 'lambda': 9.080022267367211e-08, 'subsample': 0.8950479643261327, 'colsample_bytree': 0.27772855094822785, 'learning_rate': 0.06295566561039119, 'max_depth': 6, 'min_child_weight': 10}. Best is trial 311 with value: 5.101188394588651.
[I 2026-03-16 23:28:44,446] Trial 325 finished with value: 4.881993804286805 and parameters: {'n_estimators': 550, 'lambda': 1.4721767515976545e-06, 'subsample': 0.8941491421097213, 'colsample_bytree': 0.23740379914581922, 'learning_rate': 0.05069513660814094, 'max_depth': 6, 'min_child_weight': 10}. Best is trial 311 with value: 5.101188394588651.
[I 2026-03-16 23:28:45,366] Trial 324 finished with value: 4.705824964711248 and parameters: {'n_estimators': 548, 'lambda': 0.0008573840833395793, 'subsample': 0.8896935456723357, 'colsample_bytree': 0.2768339958137549, 'learning_rate': 0.0632772062864928, 'max_depth': 6, 'min_child_weight': 10}. Best is trial 311 with value: 5.101188394588651.
[I 2026-03-16 23:30:12,665] Trial 326 finished with value: 4.831320518325427 and parameters: {'n_estimators': 551, 'lambda': 0.0009313164455765193, 'subsample': 0.8946480581622615, 'colsample_bytree': 0.235508348326329, 'learning_rate': 0.06720442379804598, 'max_depth': 6, 'min_child_weight': 10}. Best is trial 311 with value: 5.101188394588651.
[I 2026-03-16 23:30:29,095] Trial 327 finished with value: 4.871582872455836 and parameters: {'n_estimators': 544, 'lambda': 1.1737678861487187e-06, 'subsample': 0.8950458019892101, 'colsample_bytree': 0.24079842607557808, 'learning_rate': 0.054178277343341644, 'max_depth': 6, 'min_child_weight': 10}. Best is trial 311 with value: 5.101188394588651.
[I 2026-03-16 23:31:10,178] Trial 328 finished with value: 4.8949651646019205 and parameters: {'n_estimators': 604, 'lambda': 0.00018261621571089907, 'subsample': 0.9010767924336639, 'colsample_bytree': 0.2395025478432058, 'learning_rate': 0.049764037500659, 'max_depth': 6, 'min_child_weight': 10}. Best is trial 311 with value: 5.101188394588651.
[I 2026-03-16 23:31:13,679] Trial 330 finished with value: 4.928217970978515 and parameters: {'n_estimators': 607, 'lambda': 0.00019364073631151604, 'subsample': 0.904514950146238, 'colsample_bytree': 0.24068992252448468, 'learning_rate': 0.044847867328084, 'max_depth': 6, 'min_child_weight': 10}. Best is trial 311 with value: 5.101188394588651.
[I 2026-03-16 23:31:16,338] Trial 329 finished with value: 5.020357646175331 and parameters: {'n_estimators': 608, 'lambda': 0.00019678687880476627, 'subsample': 0.9027639661457173, 'colsample_bytree': 0.24881788110548392, 'learning_rate': 0.04444704092667639, 'max_depth': 6, 'min_child_weight': 10}. Best is trial 311 with value: 5.101188394588651.
[I 2026-03-16 23:31:19,382] Trial 331 finished with value: 4.928407111697873 and parameters: {'n_estimators': 607, 'lambda': 0.000890102943617761, 'subsample': 0.8608468016448, 'colsample_bytree': 0.24680494420971044, 'learning_rate': 0.04630313565878757, 'max_depth': 6, 'min_child_weight': 10}. Best is trial 311 with value: 5.101188394588651.
[I 2026-03-16 23:32:40,439] Trial 332 finished with value: 4.9218603616989105 and parameters: {'n_estimators': 600, 'lambda': 0.00018468525334542447, 'subsample': 0.8607737539925324, 'colsample_bytree': 0.24869540742217738, 'learning_rate': 0.04553163470449509, 'max_depth': 6, 'min_child_weight': 10}. Best is trial 311 with value: 5.101188394588651.
[I 2026-03-16 23:32:59,129] Trial 333 finished with value: 4.939702438529195 and parameters: {'n_estimators': 610, 'lambda': 0.00020310409134210251, 'subsample': 0.8607605525169122, 'colsample_bytree': 0.25242302472750444, 'learning_rate': 0.04378661078540956, 'max_depth': 6, 'min_child_weight': 10}. Best is trial 311 with value: 5.101188394588651.
[I 2026-03-16 23:33:40,634] Trial 334 finished with value: 4.9430515561043915 and parameters: {'n_estimators': 607, 'lambda': 0.0004594964551687823, 'subsample': 0.8599003566480068, 'colsample_bytree': 0.2178430013567113, 'learning_rate': 0.04171513196239671, 'max_depth': 6, 'min_child_weight': 10}. Best is trial 311 with value: 5.101188394588651.
[I 2026-03-16 23:33:43,335] Trial 337 finished with value: 4.270337279998911 and parameters: {'n_estimators': 597, 'lambda': 6.787810447117706e-06, 'subsample': 0.8795383364332638, 'colsample_bytree': 0.2215851237191551, 'learning_rate': 0.4758585004974677, 'max_depth': 6, 'min_child_weight': 10}. Best is trial 311 with value: 5.101188394588651.
[I 2026-03-16 23:33:53,658] Trial 335 finished with value: 4.977679196263967 and parameters: {'n_estimators': 671, 'lambda': 0.00046134906952626957, 'subsample': 0.8610512449526624, 'colsample_bytree': 0.2198354836484784, 'learning_rate': 0.04236516908693887, 'max_depth': 6, 'min_child_weight': 10}. Best is trial 311 with value: 5.101188394588651.
[I 2026-03-16 23:33:58,330] Trial 336 finished with value: 4.959371281977596 and parameters: {'n_estimators': 672, 'lambda': 0.00048743229061945633, 'subsample': 0.8575222517670815, 'colsample_bytree': 0.21816351269712853, 'learning_rate': 0.04192776769448589, 'max_depth': 6, 'min_child_weight': 10}. Best is trial 311 with value: 5.101188394588651.
[I 2026-03-16 23:35:12,331] Trial 338 finished with value: 4.781721817351212 and parameters: {'n_estimators': 673, 'lambda': 0.00039955383001241354, 'subsample': 0.8790291183534489, 'colsample_bytree': 0.21847362317114274, 'learning_rate': 0.06661484761532224, 'max_depth': 6, 'min_child_weight': 10}. Best is trial 311 with value: 5.101188394588651.
[I 2026-03-16 23:36:15,415] Trial 340 finished with value: 4.936034413749454 and parameters: {'n_estimators': 665, 'lambda': 0.00046240168142589713, 'subsample': 0.8826476307329729, 'colsample_bytree': 0.21894708650531777, 'learning_rate': 0.06164130461285548, 'max_depth': 6, 'min_child_weight': 10}. Best is trial 311 with value: 5.101188394588651.
[I 2026-03-16 23:36:17,447] Trial 341 finished with value: 4.198487814695914 and parameters: {'n_estimators': 656, 'lambda': 0.0004538232389835337, 'subsample': 0.8748990085320634, 'colsample_bytree': 0.21693464465181128, 'learning_rate': 0.41664082779609346, 'max_depth': 6, 'min_child_weight': 10}. Best is trial 311 with value: 5.101188394588651.
[I 2026-03-16 23:36:22,245] Trial 342 finished with value: 4.801409252714031 and parameters: {'n_estimators': 670, 'lambda': 0.0009653711710841967, 'subsample': 0.8793140356914956, 'colsample_bytree': 0.22729959377633116, 'learning_rate': 0.06378835584470918, 'max_depth': 6, 'min_child_weight': 10}. Best is trial 311 with value: 5.101188394588651.
[I 2026-03-16 23:36:33,374] Trial 343 finished with value: 4.330880506478918 and parameters: {'n_estimators': 650, 'lambda': 0.0009296156092423858, 'subsample': 0.885952216418277, 'colsample_bytree': 0.23016116626545607, 'learning_rate': 0.4224417227216917, 'max_depth': 6, 'min_child_weight': 10}. Best is trial 311 with value: 5.101188394588651.
[I 2026-03-16 23:37:19,119] Trial 339 finished with value: 4.712098518425412 and parameters: {'n_estimators': 649, 'lambda': 2.2363185153062264e-08, 'subsample': 0.8814693543793745, 'colsample_bytree': 0.22139999486681552, 'learning_rate': 0.06604982645408275, 'max_depth': 8, 'min_child_weight': 10}. Best is trial 311 with value: 5.101188394588651.
[I 2026-03-16 23:37:44,124] Trial 344 finished with value: 4.834385508155256 and parameters: {'n_estimators': 650, 'lambda': 0.00011904504987209777, 'subsample': 0.8766164429790738, 'colsample_bytree': 0.23405946604189193, 'learning_rate': 0.06041385696600132, 'max_depth': 6, 'min_child_weight': 10}. Best is trial 311 with value: 5.101188394588651.
[I 2026-03-16 23:38:39,870] Trial 347 finished with value: 4.7475975578651735 and parameters: {'n_estimators': 563, 'lambda': 0.00011438222200963036, 'subsample': 0.8407069821715806, 'colsample_bytree': 0.26209091066828877, 'learning_rate': 0.030415622337159404, 'max_depth': 6, 'min_child_weight': 10}. Best is trial 311 with value: 5.101188394588651.
[I 2026-03-16 23:38:49,275] Trial 346 finished with value: 4.896632360462972 and parameters: {'n_estimators': 620, 'lambda': 0.006514609317602374, 'subsample': 0.9086297570852503, 'colsample_bytree': 0.29750558098165136, 'learning_rate': 0.06547604679373162, 'max_depth': 6, 'min_child_weight': 10}. Best is trial 311 with value: 5.101188394588651.
[I 2026-03-16 23:38:51,241] Trial 345 finished with value: 5.05099611284864 and parameters: {'n_estimators': 622, 'lambda': 0.0001297160818336151, 'subsample': 0.8779582566732126, 'colsample_bytree': 0.2330045024482453, 'learning_rate': 0.031095814999187243, 'max_depth': 6, 'min_child_weight': 10}. Best is trial 311 with value: 5.101188394588651.
[I 2026-03-16 23:38:55,734] Trial 348 finished with value: 4.94289625783013 and parameters: {'n_estimators': 587, 'lambda': 0.00011881755824074009, 'subsample': 0.9086855275727133, 'colsample_bytree': 0.2622681950415235, 'learning_rate': 0.0538759984522058, 'max_depth': 6, 'min_child_weight': 10}. Best is trial 311 with value: 5.101188394588651.
[I 2026-03-16 23:39:53,901] Trial 349 finished with value: 5.050230053903119 and parameters: {'n_estimators': 623, 'lambda': 0.00011417546243199933, 'subsample': 0.9112479933018434, 'colsample_bytree': 0.25978294783681505, 'learning_rate': 0.030240363858963983, 'max_depth': 6, 'min_child_weight': 10}. Best is trial 311 with value: 5.101188394588651.
[I 2026-03-16 23:40:08,075] Trial 350 finished with value: 4.750189673330853 and parameters: {'n_estimators': 586, 'lambda': 0.00023419987519240922, 'subsample': 0.9101366944313907, 'colsample_bytree': 0.29965053332584835, 'learning_rate': 0.03972264337280661, 'max_depth': 6, 'min_child_weight': 10}. Best is trial 311 with value: 5.101188394588651.
[I 2026-03-16 23:41:03,295] Trial 351 finished with value: 5.010685752091468 and parameters: {'n_estimators': 587, 'lambda': 0.0002653671945321684, 'subsample': 0.9111850680228072, 'colsample_bytree': 0.2527116492876542, 'learning_rate': 0.0302551221808249, 'max_depth': 6, 'min_child_weight': 10}. Best is trial 311 with value: 5.101188394588651.
[I 2026-03-16 23:41:18,342] Trial 353 finished with value: 5.012965589589291 and parameters: {'n_estimators': 590, 'lambda': 0.0008324880597799369, 'subsample': 0.9116723047635515, 'colsample_bytree': 0.25237695754009604, 'learning_rate': 0.030911934526538277, 'max_depth': 6, 'min_child_weight': 10}. Best is trial 311 with value: 5.101188394588651.
[I 2026-03-16 23:41:20,791] Trial 352 finished with value: 4.724229497650455 and parameters: {'n_estimators': 589, 'lambda': 2.001738403785366e-07, 'subsample': 0.9096064489239877, 'colsample_bytree': 0.26090401300989097, 'learning_rate': 0.03078516439733133, 'max_depth': 6, 'min_child_weight': 10}. Best is trial 311 with value: 5.101188394588651.
[I 2026-03-16 23:41:32,322] Trial 354 finished with value: 4.987225167332687 and parameters: {'n_estimators': 621, 'lambda': 0.00025895714648280357, 'subsample': 0.8346615603008395, 'colsample_bytree': 0.23615188899642678, 'learning_rate': 0.04070752878137861, 'max_depth': 6, 'min_child_weight': 10}. Best is trial 311 with value: 5.101188394588651.
[I 2026-03-16 23:42:30,716] Trial 355 finished with value: 5.060373715570438 and parameters: {'n_estimators': 622, 'lambda': 0.001247661186886462, 'subsample': 0.9078340730106725, 'colsample_bytree': 0.2511028009598777, 'learning_rate': 0.03175228544565126, 'max_depth': 6, 'min_child_weight': 10}. Best is trial 311 with value: 5.101188394588651.
[I 2026-03-16 23:42:42,782] Trial 356 finished with value: 4.674160774074728 and parameters: {'n_estimators': 622, 'lambda': 5.813330669274078e-05, 'subsample': 0.28747886743207995, 'colsample_bytree': 0.25067261424174464, 'learning_rate': 0.032041360477618325, 'max_depth': 6, 'min_child_weight': 10}. Best is trial 311 with value: 5.101188394588651.
[I 2026-03-16 23:43:35,199] Trial 357 finished with value: 5.016075359191485 and parameters: {'n_estimators': 622, 'lambda': 0.0011192794301850219, 'subsample': 0.8399697274511831, 'colsample_bytree': 0.2394012926964753, 'learning_rate': 0.03135480244484337, 'max_depth': 6, 'min_child_weight': 10}. Best is trial 311 with value: 5.101188394588651.
[I 2026-03-16 23:43:49,840] Trial 358 finished with value: 4.906961791828156 and parameters: {'n_estimators': 622, 'lambda': 2.9032788505429257e-07, 'subsample': 0.8373240820611483, 'colsample_bytree': 0.23771585341853488, 'learning_rate': 0.052510941944771405, 'max_depth': 6, 'min_child_weight': 10}. Best is trial 311 with value: 5.101188394588651.
[I 2026-03-16 23:43:56,504] Trial 359 finished with value: 4.984721135537734 and parameters: {'n_estimators': 621, 'lambda': 7.263749555830037e-05, 'subsample': 0.8395865813280401, 'colsample_bytree': 0.239141080841829, 'learning_rate': 0.0301874474367358, 'max_depth': 6, 'min_child_weight': 10}. Best is trial 311 with value: 5.101188394588651.
[I 2026-03-16 23:44:05,961] Trial 360 finished with value: 4.490839648704674 and parameters: {'n_estimators': 621, 'lambda': 0.001411254256032907, 'subsample': 0.6676208309270132, 'colsample_bytree': 0.27523298127833024, 'learning_rate': 0.05223565868272122, 'max_depth': 6, 'min_child_weight': 10}. Best is trial 311 with value: 5.101188394588651.
[I 2026-03-16 23:45:02,786] Trial 361 finished with value: 4.943831921114205 and parameters: {'n_estimators': 625, 'lambda': 0.0012456379096085898, 'subsample': 0.8035051325686606, 'colsample_bytree': 0.27141663847125796, 'learning_rate': 0.05244438331061742, 'max_depth': 6, 'min_child_weight': 10}. Best is trial 311 with value: 5.101188394588651.
[I 2026-03-16 23:45:56,428] Trial 362 finished with value: 4.618349555272975 and parameters: {'n_estimators': 642, 'lambda': 0.0012840788041393147, 'subsample': 0.9333867796924142, 'colsample_bytree': 0.2711718601312828, 'learning_rate': 0.05314607654682284, 'max_depth': 7, 'min_child_weight': 10}. Best is trial 311 with value: 5.101188394588651.
[I 2026-03-16 23:46:04,609] Trial 363 finished with value: 4.949240374973908 and parameters: {'n_estimators': 641, 'lambda': 0.0014226438432654916, 'subsample': 0.92230654870036, 'colsample_bytree': 0.27668747371352354, 'learning_rate': 0.0535466111246468, 'max_depth': 6, 'min_child_weight': 10}. Best is trial 311 with value: 5.101188394588651.
[I 2026-03-16 23:46:14,092] Trial 365 finished with value: 4.959628250595802 and parameters: {'n_estimators': 566, 'lambda': 0.0011764763075676472, 'subsample': 0.9278564454232382, 'colsample_bytree': 0.2781506443433407, 'learning_rate': 0.05189204417412738, 'max_depth': 6, 'min_child_weight': 10}. Best is trial 311 with value: 5.101188394588651.
[I 2026-03-16 23:46:23,662] Trial 364 finished with value: 4.900221229007439 and parameters: {'n_estimators': 641, 'lambda': 0.0014464520973702486, 'subsample': 0.9273233904210655, 'colsample_bytree': 0.2703931745262093, 'learning_rate': 0.052589717298351574, 'max_depth': 6, 'min_child_weight': 10}. Best is trial 311 with value: 5.101188394588651.
[I 2026-03-16 23:47:16,098] Trial 366 finished with value: 4.419049137233578 and parameters: {'n_estimators': 640, 'lambda': 0.0007102652257143259, 'subsample': 0.6141487498675137, 'colsample_bytree': 0.2832152601955576, 'learning_rate': 0.05157038113931067, 'max_depth': 7, 'min_child_weight': 10}. Best is trial 311 with value: 5.101188394588651.
[I 2026-03-16 23:47:41,464] Trial 367 finished with value: 4.700896239313215 and parameters: {'n_estimators': 645, 'lambda': 0.000708222605518016, 'subsample': 0.9239723174641337, 'colsample_bytree': 0.27001494835773643, 'learning_rate': 0.044806594143288345, 'max_depth': 6, 'min_child_weight': 6}. Best is trial 311 with value: 5.101188394588651.
[I 2026-03-16 23:48:09,617] Trial 368 finished with value: 4.524319189163295 and parameters: {'n_estimators': 562, 'lambda': 0.000751188791377575, 'subsample': 0.6421782564191479, 'colsample_bytree': 0.2477784881346607, 'learning_rate': 0.0433763560990293, 'max_depth': 6, 'min_child_weight': 10}. Best is trial 311 with value: 5.101188394588651.
[I 2026-03-16 23:48:18,665] Trial 369 finished with value: 4.98533220568768 and parameters: {'n_estimators': 567, 'lambda': 2.343300908402304e-06, 'subsample': 0.8947541738818888, 'colsample_bytree': 0.257730441199882, 'learning_rate': 0.04367207389333403, 'max_depth': 6, 'min_child_weight': 10}. Best is trial 311 with value: 5.101188394588651.
[I 2026-03-16 23:48:31,881] Trial 370 finished with value: 4.778856991078191 and parameters: {'n_estimators': 557, 'lambda': 0.0006516781883473544, 'subsample': 0.8939190263809254, 'colsample_bytree': 0.2522768861960038, 'learning_rate': 0.24810868267493075, 'max_depth': 6, 'min_child_weight': 6}. Best is trial 311 with value: 5.101188394588651.
[I 2026-03-16 23:48:36,204] Trial 371 finished with value: 4.725076167967752 and parameters: {'n_estimators': 538, 'lambda': 1.8209466683363393e-06, 'subsample': 0.6368783311469605, 'colsample_bytree': 0.25397060229413276, 'learning_rate': 0.04159914890360913, 'max_depth': 6, 'min_child_weight': 6}. Best is trial 311 with value: 5.101188394588651.
[I 2026-03-16 23:49:25,304] Trial 372 finished with value: 4.677314663736993 and parameters: {'n_estimators': 535, 'lambda': 0.0006936074003409985, 'subsample': 0.8939126602118084, 'colsample_bytree': 0.23025132762656292, 'learning_rate': 0.07164375623509561, 'max_depth': 6, 'min_child_weight': 10}. Best is trial 311 with value: 5.101188394588651.
[I 2026-03-16 23:49:54,131] Trial 373 finished with value: 4.876555853679619 and parameters: {'n_estimators': 540, 'lambda': 0.0005629526994864473, 'subsample': 0.894423432629056, 'colsample_bytree': 0.2507537695025218, 'learning_rate': 0.07122722439300296, 'max_depth': 6, 'min_child_weight': 10}. Best is trial 311 with value: 5.101188394588651.
[I 2026-03-16 23:50:33,866] Trial 374 finished with value: 4.718847985180661 and parameters: {'n_estimators': 601, 'lambda': 7.953320467605176e-08, 'subsample': 0.8897489451847638, 'colsample_bytree': 0.2121603558374833, 'learning_rate': 0.07307940819951242, 'max_depth': 6, 'min_child_weight': 10}. Best is trial 311 with value: 5.101188394588651.
