[I 2026-03-16 13:37:34,764] Trial 1352 finished with value: 7.1822514074078665 and parameters: {'n_estimators': 272, 'lambda': 0.005619832580952804, 'subsample': 0.959862477455339, 'colsample_bytree': 0.8522612280907462, 'learning_rate': 0.5748435936404873, 'max_depth': 3, 'min_child_weight': 6}. Best is trial 1273 with value: 7.5236404426698495.
[I 2026-03-16 13:38:29,249] Trial 1353 finished with value: 7.208340563125177 and parameters: {'n_estimators': 277, 'lambda': 0.015524447779146012, 'subsample': 0.9592692475617504, 'colsample_bytree': 0.8409830467879897, 'learning_rate': 0.5739543950716416, 'max_depth': 3, 'min_child_weight': 5}. Best is trial 1273 with value: 7.5236404426698495.
[I 2026-03-16 13:38:29,374] Trial 1354 finished with value: 7.267827139003027 and parameters: {'n_estimators': 246, 'lambda': 0.015638095939810928, 'subsample': 0.9528604061344461, 'colsample_bytree': 0.8871405374372555, 'learning_rate': 0.5726077810988652, 'max_depth': 3, 'min_child_weight': 5}. Best is trial 1273 with value: 7.5236404426698495.
[I 2026-03-16 13:38:31,658] Trial 1356 finished with value: 7.223307139935791 and parameters: {'n_estimators': 246, 'lambda': 0.007118027344210185, 'subsample': 0.998813135282565, 'colsample_bytree': 0.8875301027040103, 'learning_rate': 0.5794785424574118, 'max_depth': 3, 'min_child_weight': 5}. Best is trial 1273 with value: 7.5236404426698495.
[I 2026-03-16 13:38:36,588] Trial 1355 finished with value: 7.317476623008222 and parameters: {'n_estimators': 268, 'lambda': 0.020418514090548415, 'subsample': 0.9467694589638398, 'colsample_bytree': 0.8905457065487863, 'learning_rate': 0.5748612047785279, 'max_depth': 3, 'min_child_weight': 5}. Best is trial 1273 with value: 7.5236404426698495.
[I 2026-03-16 13:38:41,406] Trial 1357 finished with value: 7.246805790597497 and parameters: {'n_estimators': 275, 'lambda': 0.006882140493396241, 'subsample': 0.9443206228582876, 'colsample_bytree': 0.8839876121134888, 'learning_rate': 0.6486230852610003, 'max_depth': 3, 'min_child_weight': 5}. Best is trial 1273 with value: 7.5236404426698495.
[I 2026-03-16 13:38:55,654] Trial 1358 finished with value: 7.329850401601512 and parameters: {'n_estimators': 292, 'lambda': 0.018879897019394937, 'subsample': 0.9436960381381126, 'colsample_bytree': 0.8893146231917071, 'learning_rate': 0.5767664902921344, 'max_depth': 3, 'min_child_weight': 5}. Best is trial 1273 with value: 7.5236404426698495.
[I 2026-03-16 13:39:40,949] Trial 1362 finished with value: 7.263243661797793 and parameters: {'n_estimators': 205, 'lambda': 0.00030208545016506577, 'subsample': 0.888388273272256, 'colsample_bytree': 0.8677100864586313, 'learning_rate': 0.6419918435107361, 'max_depth': 3, 'min_child_weight': 6}. Best is trial 1273 with value: 7.5236404426698495.
[I 2026-03-16 13:39:50,581] Trial 1359 finished with value: 7.2683747726088 and parameters: {'n_estimators': 294, 'lambda': 0.00026798609600726145, 'subsample': 0.9881360462120343, 'colsample_bytree': 0.8877674843044198, 'learning_rate': 0.6457776033847067, 'max_depth': 3, 'min_child_weight': 7}. Best is trial 1273 with value: 7.5236404426698495.
[I 2026-03-16 13:39:50,602] Trial 1360 finished with value: 7.215647338605626 and parameters: {'n_estimators': 289, 'lambda': 0.00031441210805321717, 'subsample': 0.9999148243031746, 'colsample_bytree': 0.8836280289938729, 'learning_rate': 0.6452788867382552, 'max_depth': 3, 'min_child_weight': 7}. Best is trial 1273 with value: 7.5236404426698495.
[I 2026-03-16 13:39:53,488] Trial 1361 finished with value: 7.2935855603405155 and parameters: {'n_estimators': 296, 'lambda': 0.0002797341521564143, 'subsample': 0.9817807520023827, 'colsample_bytree': 0.885916940533653, 'learning_rate': 0.6475551274417942, 'max_depth': 3, 'min_child_weight': 6}. Best is trial 1273 with value: 7.5236404426698495.
[I 2026-03-16 13:40:06,202] Trial 1363 finished with value: 7.226393026869266 and parameters: {'n_estimators': 299, 'lambda': 0.00020034128040217035, 'subsample': 0.986831082020494, 'colsample_bytree': 0.8643471907461927, 'learning_rate': 0.6464843305017087, 'max_depth': 3, 'min_child_weight': 7}. Best is trial 1273 with value: 7.5236404426698495.
[I 2026-03-16 13:40:20,655] Trial 1364 finished with value: 7.330798621385361 and parameters: {'n_estimators': 300, 'lambda': 0.0005838464253212561, 'subsample': 0.9866488254705029, 'colsample_bytree': 0.8649700941779483, 'learning_rate': 0.5954788702754027, 'max_depth': 3, 'min_child_weight': 7}. Best is trial 1273 with value: 7.5236404426698495.
[I 2026-03-16 13:41:14,237] Trial 1365 finished with value: 7.3509257298396395 and parameters: {'n_estimators': 324, 'lambda': 0.0001880556912893772, 'subsample': 0.985801733524599, 'colsample_bytree': 0.8381852768804783, 'learning_rate': 0.5985656779370535, 'max_depth': 3, 'min_child_weight': 7}. Best is trial 1273 with value: 7.5236404426698495.
[I 2026-03-16 13:41:24,385] Trial 1368 finished with value: 7.275565514679894 and parameters: {'n_estimators': 325, 'lambda': 0.0005929979013149916, 'subsample': 0.97349393010746, 'colsample_bytree': 0.8373408763443337, 'learning_rate': 0.5964760161250396, 'max_depth': 3, 'min_child_weight': 6}. Best is trial 1273 with value: 7.5236404426698495.
[I 2026-03-16 13:41:24,398] Trial 1366 finished with value: 7.167794912261521 and parameters: {'n_estimators': 330, 'lambda': 0.0006153139446840038, 'subsample': 0.9751678163134262, 'colsample_bytree': 0.8352150018852188, 'learning_rate': 0.5967409311388009, 'max_depth': 3, 'min_child_weight': 6}. Best is trial 1273 with value: 7.5236404426698495.
[I 2026-03-16 13:41:24,595] Trial 1367 finished with value: 7.245044734192481 and parameters: {'n_estimators': 319, 'lambda': 0.000570354319922303, 'subsample': 0.9998712431464646, 'colsample_bytree': 0.8375248675369754, 'learning_rate': 0.5972666650761593, 'max_depth': 3, 'min_child_weight': 6}. Best is trial 1273 with value: 7.5236404426698495.
[I 2026-03-16 13:41:37,733] Trial 1369 finished with value: 7.194065926228669 and parameters: {'n_estimators': 328, 'lambda': 0.0005717079792075277, 'subsample': 0.9195860317651146, 'colsample_bytree': 0.837979017926444, 'learning_rate': 0.5988895553922059, 'max_depth': 3, 'min_child_weight': 6}. Best is trial 1273 with value: 7.5236404426698495.
[I 2026-03-16 13:41:53,294] Trial 1370 finished with value: 7.266555104816833 and parameters: {'n_estimators': 338, 'lambda': 0.00147519687738674, 'subsample': 0.9713884723688004, 'colsample_bytree': 0.8349964673533788, 'learning_rate': 0.5922430514961113, 'max_depth': 3, 'min_child_weight': 6}. Best is trial 1273 with value: 7.5236404426698495.
[I 2026-03-16 13:42:45,758] Trial 1371 finished with value: 7.327711581707459 and parameters: {'n_estimators': 325, 'lambda': 0.0005790139912700415, 'subsample': 0.9709344446044532, 'colsample_bytree': 0.8570277423497749, 'learning_rate': 0.5950738849006407, 'max_depth': 3, 'min_child_weight': 6}. Best is trial 1273 with value: 7.5236404426698495.
[I 2026-03-16 13:43:01,166] Trial 1372 finished with value: 7.205589390192808 and parameters: {'n_estimators': 348, 'lambda': 0.0013685387799102554, 'subsample': 0.9235621940394245, 'colsample_bytree': 0.8652545475087859, 'learning_rate': 0.5849719842375148, 'max_depth': 3, 'min_child_weight': 6}. Best is trial 1273 with value: 7.5236404426698495.
[I 2026-03-16 13:43:20,278] Trial 1374 finished with value: 7.320271114742003 and parameters: {'n_estimators': 357, 'lambda': 0.0013825232184649973, 'subsample': 0.9150180798331156, 'colsample_bytree': 0.8568897729526412, 'learning_rate': 0.5828993518140644, 'max_depth': 3, 'min_child_weight': 6}. Best is trial 1273 with value: 7.5236404426698495.
[I 2026-03-16 13:43:20,757] Trial 1373 finished with value: 7.229333360997435 and parameters: {'n_estimators': 404, 'lambda': 0.0015412012417144554, 'subsample': 0.9233872923823166, 'colsample_bytree': 0.8680893334526779, 'learning_rate': 0.5819538247186967, 'max_depth': 3, 'min_child_weight': 6}. Best is trial 1273 with value: 7.5236404426698495.
[I 2026-03-16 13:43:26,825] Trial 1375 finished with value: 7.207618343350315 and parameters: {'n_estimators': 396, 'lambda': 0.0011732369624405823, 'subsample': 0.9651918592590408, 'colsample_bytree': 0.8577288367263383, 'learning_rate': 0.5813645823476897, 'max_depth': 3, 'min_child_weight': 6}. Best is trial 1273 with value: 7.5236404426698495.
[I 2026-03-16 13:43:41,172] Trial 1376 finished with value: 7.214632476508548 and parameters: {'n_estimators': 395, 'lambda': 0.0004005813099809891, 'subsample': 0.9416776189432674, 'colsample_bytree': 0.8650554415861542, 'learning_rate': 0.5813364706374677, 'max_depth': 3, 'min_child_weight': 6}. Best is trial 1273 with value: 7.5236404426698495.
[I 2026-03-16 13:44:18,913] Trial 1379 finished with value: 7.225571004512475 and parameters: {'n_estimators': 195, 'lambda': 0.00041063786158388246, 'subsample': 0.9384401138385948, 'colsample_bytree': 0.9058978732789971, 'learning_rate': 0.6260931587370483, 'max_depth': 3, 'min_child_weight': 6}. Best is trial 1273 with value: 7.5236404426698495.
[I 2026-03-16 13:44:22,799] Trial 1381 finished with value: 7.2290654755567445 and parameters: {'n_estimators': 192, 'lambda': 0.00041488627180380494, 'subsample': 0.9445841938253768, 'colsample_bytree': 0.9009200617536388, 'learning_rate': 0.6244668959300759, 'max_depth': 3, 'min_child_weight': 6}. Best is trial 1273 with value: 7.5236404426698495.
[I 2026-03-16 13:44:24,761] Trial 1380 finished with value: 7.135916664169825 and parameters: {'n_estimators': 222, 'lambda': 0.00042130894094659425, 'subsample': 0.9482394911497547, 'colsample_bytree': 0.9089535798123545, 'learning_rate': 0.6275606914158827, 'max_depth': 3, 'min_child_weight': 6}. Best is trial 1273 with value: 7.5236404426698495.
[I 2026-03-16 13:44:30,921] Trial 1377 finished with value: 7.344686305822148 and parameters: {'n_estimators': 397, 'lambda': 0.0003945693693282827, 'subsample': 0.9403292036007402, 'colsample_bytree': 0.8618456152595815, 'learning_rate': 0.582313114046182, 'max_depth': 3, 'min_child_weight': 6}. Best is trial 1273 with value: 7.5236404426698495.
[I 2026-03-16 13:44:52,190] Trial 1378 finished with value: 7.209622233031155 and parameters: {'n_estimators': 401, 'lambda': 0.0004016909925227491, 'subsample': 0.9470236324748983, 'colsample_bytree': 0.9025196793400097, 'learning_rate': 0.5634098449463008, 'max_depth': 3, 'min_child_weight': 6}. Best is trial 1273 with value: 7.5236404426698495.
[I 2026-03-16 13:44:56,490] Trial 1382 finished with value: 7.15428326159056 and parameters: {'n_estimators': 258, 'lambda': 0.0003335708399818052, 'subsample': 0.9426467564781182, 'colsample_bytree': 0.880009357609811, 'learning_rate': 0.625845725470806, 'max_depth': 3, 'min_child_weight': 6}. Best is trial 1273 with value: 7.5236404426698495.
[I 2026-03-16 13:45:26,716] Trial 1384 finished with value: 7.254139168897192 and parameters: {'n_estimators': 223, 'lambda': 0.004272905745939677, 'subsample': 0.999975115471989, 'colsample_bytree': 0.8786525546481109, 'learning_rate': 0.5627785915732288, 'max_depth': 3, 'min_child_weight': 6}. Best is trial 1273 with value: 7.5236404426698495.
[I 2026-03-16 13:45:35,313] Trial 1383 finished with value: 7.2873585482711425 and parameters: {'n_estimators': 259, 'lambda': 0.005128966584349197, 'subsample': 0.9594100582291281, 'colsample_bytree': 0.8980206081106682, 'learning_rate': 0.6116226824046116, 'max_depth': 3, 'min_child_weight': 6}. Best is trial 1273 with value: 7.5236404426698495.
[I 2026-03-16 13:45:46,733] Trial 1386 finished with value: 7.171217799623937 and parameters: {'n_estimators': 259, 'lambda': 0.004817258916302231, 'subsample': 0.9996376661259396, 'colsample_bytree': 0.880054275044595, 'learning_rate': 0.6099229795019843, 'max_depth': 3, 'min_child_weight': 6}. Best is trial 1273 with value: 7.5236404426698495.
[I 2026-03-16 13:46:02,047] Trial 1385 finished with value: 7.2550030164160315 and parameters: {'n_estimators': 358, 'lambda': 0.0056834069555780995, 'subsample': 0.9658833637398089, 'colsample_bytree': 0.8266324928851164, 'learning_rate': 0.5647579826137472, 'max_depth': 3, 'min_child_weight': 6}. Best is trial 1273 with value: 7.5236404426698495.
[I 2026-03-16 13:46:03,737] Trial 1387 finished with value: 7.297180888340861 and parameters: {'n_estimators': 253, 'lambda': 0.004507340273209543, 'subsample': 0.8971393258704554, 'colsample_bytree': 0.8770555846922553, 'learning_rate': 0.6112782847089923, 'max_depth': 3, 'min_child_weight': 6}. Best is trial 1273 with value: 7.5236404426698495.
[I 2026-03-16 13:46:36,352] Trial 1388 finished with value: 7.283318570823081 and parameters: {'n_estimators': 359, 'lambda': 0.004973332777694059, 'subsample': 0.9679370850670124, 'colsample_bytree': 0.824797882877641, 'learning_rate': 0.6088143153792989, 'max_depth': 3, 'min_child_weight': 6}. Best is trial 1273 with value: 7.5236404426698495.
[I 2026-03-16 13:47:09,530] Trial 1389 finished with value: 7.327632631944237 and parameters: {'n_estimators': 364, 'lambda': 0.010169334641083636, 'subsample': 0.8963027394929148, 'colsample_bytree': 0.8265075359701676, 'learning_rate': 0.6164458472938436, 'max_depth': 3, 'min_child_weight': 6}. Best is trial 1273 with value: 7.5236404426698495.
[I 2026-03-16 13:47:30,688] Trial 1390 finished with value: 7.3022513711782295 and parameters: {'n_estimators': 362, 'lambda': 0.010128464928249462, 'subsample': 0.9737866194828118, 'colsample_bytree': 0.8291964718954198, 'learning_rate': 0.5412062243386057, 'max_depth': 3, 'min_child_weight': 6}. Best is trial 1273 with value: 7.5236404426698495.
[I 2026-03-16 13:47:42,762] Trial 1392 finished with value: 7.306823092740692 and parameters: {'n_estimators': 308, 'lambda': 0.00011264152738603446, 'subsample': 0.9732855006189917, 'colsample_bytree': 0.8313520915026372, 'learning_rate': 0.604906979002436, 'max_depth': 3, 'min_child_weight': 6}. Best is trial 1273 with value: 7.5236404426698495.
[I 2026-03-16 13:47:43,704] Trial 1393 finished with value: 7.356607790718082 and parameters: {'n_estimators': 358, 'lambda': 0.009557291198364024, 'subsample': 0.9770698939298154, 'colsample_bytree': 0.8510516573300513, 'learning_rate': 0.5386278481537136, 'max_depth': 3, 'min_child_weight': 6}. Best is trial 1273 with value: 7.5236404426698495.
[I 2026-03-16 13:47:45,617] Trial 1391 finished with value: 7.367777273819007 and parameters: {'n_estimators': 361, 'lambda': 0.000886491878302734, 'subsample': 0.9693932149323302, 'colsample_bytree': 0.8333792610209773, 'learning_rate': 0.6091097047221901, 'max_depth': 3, 'min_child_weight': 6}. Best is trial 1273 with value: 7.5236404426698495.
[I 2026-03-16 13:47:50,713] Trial 1394 finished with value: 7.236349159141245 and parameters: {'n_estimators': 310, 'lambda': 0.009413404593982853, 'subsample': 0.9803772512027724, 'colsample_bytree': 0.8496034483177964, 'learning_rate': 0.5681259710355128, 'max_depth': 3, 'min_child_weight': 8}. Best is trial 1273 with value: 7.5236404426698495.
[I 2026-03-16 13:47:55,223] Trial 1395 finished with value: 7.249255984614639 and parameters: {'n_estimators': 305, 'lambda': 0.0009409027755969757, 'subsample': 0.9863256336385279, 'colsample_bytree': 0.8491299451917734, 'learning_rate': 0.539444492765002, 'max_depth': 3, 'min_child_weight': 6}. Best is trial 1273 with value: 7.5236404426698495.
[I 2026-03-16 13:49:03,273] Trial 1396 finished with value: 7.260340956196609 and parameters: {'n_estimators': 309, 'lambda': 0.0008600938036641232, 'subsample': 0.9879639162822711, 'colsample_bytree': 0.8532182713432662, 'learning_rate': 0.5687662650659449, 'max_depth': 3, 'min_child_weight': 6}. Best is trial 1273 with value: 7.5236404426698495.
[I 2026-03-16 13:49:13,814] Trial 1400 finished with value: 7.248515626564953 and parameters: {'n_estimators': 277, 'lambda': 0.0007735760406371594, 'subsample': 0.9592254780088025, 'colsample_bytree': 0.8963062336265177, 'learning_rate': 0.637518533068615, 'max_depth': 3, 'min_child_weight': 6}. Best is trial 1273 with value: 7.5236404426698495.
[I 2026-03-16 13:49:14,770] Trial 1399 finished with value: 7.298926596470444 and parameters: {'n_estimators': 277, 'lambda': 0.0009881003878333102, 'subsample': 0.9994481731493771, 'colsample_bytree': 0.8968443084749411, 'learning_rate': 0.6365518411230746, 'max_depth': 3, 'min_child_weight': 6}. Best is trial 1273 with value: 7.5236404426698495.
[I 2026-03-16 13:49:16,431] Trial 1397 finished with value: 7.264512933078422 and parameters: {'n_estimators': 276, 'lambda': 0.0008942323798333117, 'subsample': 0.9572295930995481, 'colsample_bytree': 0.8453535712147859, 'learning_rate': 0.5709392127738662, 'max_depth': 3, 'min_child_weight': 6}. Best is trial 1273 with value: 7.5236404426698495.
[I 2026-03-16 13:49:18,479] Trial 1401 finished with value: 7.2402286017826665 and parameters: {'n_estimators': 286, 'lambda': 0.0006765310818720085, 'subsample': 0.9566123427176461, 'colsample_bytree': 0.9142833333540181, 'learning_rate': 0.6360763211965108, 'max_depth': 3, 'min_child_weight': 6}. Best is trial 1273 with value: 7.5236404426698495.
[I 2026-03-16 13:49:24,506] Trial 1398 finished with value: 7.362536056366375 and parameters: {'n_estimators': 308, 'lambda': 0.0008929814021474323, 'subsample': 0.9855216288448584, 'colsample_bytree': 0.8517645770362026, 'learning_rate': 0.5690608021894356, 'max_depth': 3, 'min_child_weight': 6}. Best is trial 1273 with value: 7.5236404426698495.
[I 2026-03-16 13:50:21,485] Trial 1402 finished with value: 7.18897200171148 and parameters: {'n_estimators': 276, 'lambda': 0.0007200861994240734, 'subsample': 0.9576624176106082, 'colsample_bytree': 0.9183069607928513, 'learning_rate': 0.6377076980479324, 'max_depth': 3, 'min_child_weight': 6}. Best is trial 1273 with value: 7.5236404426698495.
[I 2026-03-16 13:50:34,766] Trial 1403 finished with value: 7.290045131177731 and parameters: {'n_estimators': 282, 'lambda': 0.00017590293021320618, 'subsample': 0.9993459968794217, 'colsample_bytree': 0.9179087510066212, 'learning_rate': 0.6535041109850324, 'max_depth': 3, 'min_child_weight': 6}. Best is trial 1273 with value: 7.5236404426698495.
[I 2026-03-16 13:50:56,205] Trial 1406 finished with value: 7.196100540744572 and parameters: {'n_estimators': 338, 'lambda': 0.00027324865753413773, 'subsample': 0.9154804211813292, 'colsample_bytree': 0.8658136465689147, 'learning_rate': 0.5519221058322813, 'max_depth': 3, 'min_child_weight': 6}. Best is trial 1273 with value: 7.5236404426698495.
[I 2026-03-16 13:50:56,210] Trial 1405 finished with value: 7.209555045289521 and parameters: {'n_estimators': 341, 'lambda': 0.00018461789377810547, 'subsample': 0.9294892710041689, 'colsample_bytree': 0.9186666353322794, 'learning_rate': 0.6535744824201193, 'max_depth': 3, 'min_child_weight': 6}. Best is trial 1273 with value: 7.5236404426698495.
[I 2026-03-16 13:50:56,320] Trial 1404 finished with value: 7.222810764402457 and parameters: {'n_estimators': 340, 'lambda': 0.00019862384444782814, 'subsample': 0.9559860788253345, 'colsample_bytree': 0.9157984763366918, 'learning_rate': 0.5860734385347178, 'max_depth': 3, 'min_child_weight': 6}. Best is trial 1273 with value: 7.5236404426698495.
[I 2026-03-16 13:50:59,365] Trial 1407 finished with value: 7.23684906701667 and parameters: {'n_estimators': 336, 'lambda': 0.000226035907755462, 'subsample': 0.932547569513273, 'colsample_bytree': 0.8727988117623815, 'learning_rate': 0.5868926219158825, 'max_depth': 3, 'min_child_weight': 6}. Best is trial 1273 with value: 7.5236404426698495.
[I 2026-03-16 13:51:52,127] Trial 1408 finished with value: 7.145358029507692 and parameters: {'n_estimators': 337, 'lambda': 0.00028809129564828914, 'subsample': 0.9222446152906635, 'colsample_bytree': 0.8710213048568711, 'learning_rate': 0.5874097025379698, 'max_depth': 3, 'min_child_weight': 6}. Best is trial 1273 with value: 7.5236404426698495.
[I 2026-03-16 13:51:58,426] Trial 1410 finished with value: 7.228845882711384 and parameters: {'n_estimators': 210, 'lambda': 0.0013346959261814006, 'subsample': 0.9356290295876978, 'colsample_bytree': 0.8818665815691819, 'learning_rate': 0.5968278033925215, 'max_depth': 3, 'min_child_weight': 6}. Best is trial 1273 with value: 7.5236404426698495.
[I 2026-03-16 13:52:03,734] Trial 1409 finished with value: 7.086862869892892 and parameters: {'n_estimators': 344, 'lambda': 0.0002390289842755695, 'subsample': 0.9192372075317168, 'colsample_bytree': 0.8764058163555473, 'learning_rate': 0.5863239352245372, 'max_depth': 3, 'min_child_weight': 6}. Best is trial 1273 with value: 7.5236404426698495.
[I 2026-03-16 13:52:06,900] Trial 1412 finished with value: 7.344081172974618 and parameters: {'n_estimators': 238, 'lambda': 0.0018781431527504515, 'subsample': 0.9367769857709479, 'colsample_bytree': 0.8757976177489051, 'learning_rate': 0.6003823352370209, 'max_depth': 3, 'min_child_weight': 6}. Best is trial 1273 with value: 7.5236404426698495.
[I 2026-03-16 13:52:06,911] Trial 1411 finished with value: 7.210099902324503 and parameters: {'n_estimators': 239, 'lambda': 0.0012762815870979588, 'subsample': 0.8742319082442555, 'colsample_bytree': 0.879738623691534, 'learning_rate': 0.595014773612383, 'max_depth': 3, 'min_child_weight': 6}. Best is trial 1273 with value: 7.5236404426698495.
[I 2026-03-16 13:52:44,865] Trial 1413 finished with value: 7.192173626633515 and parameters: {'n_estimators': 375, 'lambda': 0.001832271480833739, 'subsample': 0.9857511335407863, 'colsample_bytree': 0.8735723389590743, 'learning_rate': 0.5995072995560695, 'max_depth': 3, 'min_child_weight': 6}. Best is trial 1273 with value: 7.5236404426698495.
