[I 2026-03-17 01:06:10,319] Trial 562 finished with value: 4.715653662943836 and parameters: {'n_estimators': 634, 'lambda': 0.0016342860902178948, 'subsample': 0.8982915064290926, 'colsample_bytree': 0.337488316602738, 'learning_rate': 0.041170515688540986, 'max_depth': 6, 'min_child_weight': 10}. Best is trial 558 with value: 5.110424551198749.
[I 2026-03-17 01:06:29,650] Trial 563 finished with value: 4.71501370851035 and parameters: {'n_estimators': 636, 'lambda': 0.001693951847714794, 'subsample': 0.8995886259272122, 'colsample_bytree': 0.26374319527666334, 'learning_rate': 0.030458793083194758, 'max_depth': 6, 'min_child_weight': 10}. Best is trial 558 with value: 5.110424551198749.
[I 2026-03-17 01:07:18,878] Trial 565 finished with value: 4.638056311841849 and parameters: {'n_estimators': 516, 'lambda': 0.0003202069133957665, 'subsample': 0.8992384393905276, 'colsample_bytree': 0.21214561842076843, 'learning_rate': 0.16380279799437286, 'max_depth': 6, 'min_child_weight': 10}. Best is trial 558 with value: 5.110424551198749.
[I 2026-03-17 01:07:20,874] Trial 564 finished with value: 4.7834354315720695 and parameters: {'n_estimators': 521, 'lambda': 0.0211308489000585, 'subsample': 0.8202103728475932, 'colsample_bytree': 0.21295659417202417, 'learning_rate': 0.069322011377862, 'max_depth': 6, 'min_child_weight': 10}. Best is trial 558 with value: 5.110424551198749.
[I 2026-03-17 01:07:30,911] Trial 566 finished with value: 4.781638488392693 and parameters: {'n_estimators': 517, 'lambda': 3.012740703314501e-06, 'subsample': 0.8190466217310105, 'colsample_bytree': 0.20124488302288404, 'learning_rate': 0.07270512222403169, 'max_depth': 6, 'min_child_weight': 10}. Best is trial 558 with value: 5.110424551198749.
[I 2026-03-17 01:08:15,211] Trial 569 finished with value: 4.8391551616792645 and parameters: {'n_estimators': 518, 'lambda': 0.0004212030488810606, 'subsample': 0.8193567691647369, 'colsample_bytree': 0.20327099068008406, 'learning_rate': 0.07022343449715734, 'max_depth': 5, 'min_child_weight': 10}. Best is trial 558 with value: 5.110424551198749.
[I 2026-03-17 01:08:19,614] Trial 567 finished with value: 4.7501556722680816 and parameters: {'n_estimators': 524, 'lambda': 0.0004299650190976929, 'subsample': 0.9496070598169545, 'colsample_bytree': 0.21310880748903635, 'learning_rate': 0.06028918925935149, 'max_depth': 7, 'min_child_weight': 10}. Best is trial 558 with value: 5.110424551198749.
[I 2026-03-17 01:08:59,617] Trial 570 finished with value: 4.830316705349768 and parameters: {'n_estimators': 512, 'lambda': 0.0009063423174453559, 'subsample': 0.8187635677286542, 'colsample_bytree': 0.22894680858815988, 'learning_rate': 0.07136963863929549, 'max_depth': 5, 'min_child_weight': 10}. Best is trial 558 with value: 5.110424551198749.
[I 2026-03-17 01:09:07,171] Trial 572 finished with value: 4.984153436252148 and parameters: {'n_estimators': 497, 'lambda': 0.0008398790031089818, 'subsample': 0.9556537629389943, 'colsample_bytree': 0.239758376888244, 'learning_rate': 0.061264411906823496, 'max_depth': 5, 'min_child_weight': 10}. Best is trial 558 with value: 5.110424551198749.
[I 2026-03-17 01:09:07,188] Trial 571 finished with value: 4.795776878387681 and parameters: {'n_estimators': 530, 'lambda': 0.0004057105630699633, 'subsample': 0.8629850020851115, 'colsample_bytree': 0.20199599989720338, 'learning_rate': 0.22944699940826352, 'max_depth': 5, 'min_child_weight': 10}. Best is trial 558 with value: 5.110424551198749.
[I 2026-03-17 01:10:15,748] Trial 574 finished with value: 5.069677536740041 and parameters: {'n_estimators': 482, 'lambda': 0.014093356573000319, 'subsample': 0.8684525966408106, 'colsample_bytree': 0.24190612421663021, 'learning_rate': 0.030260258439417133, 'max_depth': 6, 'min_child_weight': 10}. Best is trial 558 with value: 5.110424551198749.
[I 2026-03-17 01:10:43,834] Trial 568 finished with value: 4.356956166291509 and parameters: {'n_estimators': 527, 'lambda': 0.023078072802255236, 'subsample': 0.8647934243921221, 'colsample_bytree': 0.36880112891206485, 'learning_rate': 0.06875647354013895, 'max_depth': 9, 'min_child_weight': 10}. Best is trial 558 with value: 5.110424551198749.
[I 2026-03-17 01:10:52,138] Trial 575 finished with value: 5.0992520681435956 and parameters: {'n_estimators': 481, 'lambda': 0.0008618509893866405, 'subsample': 0.862679693385993, 'colsample_bytree': 0.24355948967197616, 'learning_rate': 0.030123621362047156, 'max_depth': 6, 'min_child_weight': 10}. Best is trial 558 with value: 5.110424551198749.
[I 2026-03-17 01:11:06,713] Trial 576 finished with value: 5.065583710014403 and parameters: {'n_estimators': 483, 'lambda': 8.16377432936617e-05, 'subsample': 0.8698128463031793, 'colsample_bytree': 0.24551852716149627, 'learning_rate': 0.030014522281975993, 'max_depth': 6, 'min_child_weight': 3}. Best is trial 558 with value: 5.110424551198749.
[I 2026-03-17 01:11:23,311] Trial 573 finished with value: 4.81915037946319 and parameters: {'n_estimators': 660, 'lambda': 9.056112796990498e-05, 'subsample': 0.864268208258194, 'colsample_bytree': 0.24518709365319413, 'learning_rate': 0.058041163778647625, 'max_depth': 7, 'min_child_weight': 3}. Best is trial 558 with value: 5.110424551198749.
[I 2026-03-17 01:11:51,455] Trial 577 finished with value: 4.976639249752083 and parameters: {'n_estimators': 662, 'lambda': 8.168576849623528e-05, 'subsample': 0.9180271277400209, 'colsample_bytree': 0.2467226204979577, 'learning_rate': 0.03027643068616325, 'max_depth': 6, 'min_child_weight': 10}. Best is trial 558 with value: 5.110424551198749.
[I 2026-03-17 01:12:21,840] Trial 578 finished with value: 4.932769678795236 and parameters: {'n_estimators': 501, 'lambda': 9.280835230978948e-05, 'subsample': 0.9215676017678465, 'colsample_bytree': 0.24209653109010884, 'learning_rate': 0.04231634963243086, 'max_depth': 6, 'min_child_weight': 10}. Best is trial 558 with value: 5.110424551198749.
[I 2026-03-17 01:12:38,099] Trial 579 finished with value: 4.948496926619063 and parameters: {'n_estimators': 464, 'lambda': 0.016320608843906986, 'subsample': 0.9168876499090065, 'colsample_bytree': 0.24547261791970487, 'learning_rate': 0.042205514167061524, 'max_depth': 6, 'min_child_weight': 10}. Best is trial 558 with value: 5.110424551198749.
[I 2026-03-17 01:12:43,887] Trial 580 finished with value: 4.971905581268416 and parameters: {'n_estimators': 445, 'lambda': 0.0012087812220941709, 'subsample': 0.84053879903324, 'colsample_bytree': 0.24751509803074495, 'learning_rate': 0.04215658126314631, 'max_depth': 6, 'min_child_weight': 8}. Best is trial 558 with value: 5.110424551198749.
[I 2026-03-17 01:13:03,639] Trial 581 finished with value: 4.99314624369963 and parameters: {'n_estimators': 473, 'lambda': 0.011336482541945508, 'subsample': 0.8376011731482768, 'colsample_bytree': 0.5267153808768517, 'learning_rate': 0.04252636964414866, 'max_depth': 6, 'min_child_weight': 8}. Best is trial 558 with value: 5.110424551198749.
[I 2026-03-17 01:13:12,713] Trial 582 finished with value: 4.771437569309935 and parameters: {'n_estimators': 452, 'lambda': 0.04418929676119689, 'subsample': 0.8392336811965757, 'colsample_bytree': 0.2775431303509785, 'learning_rate': 0.04274996747775355, 'max_depth': 6, 'min_child_weight': 6}. Best is trial 558 with value: 5.110424551198749.
[I 2026-03-17 01:13:50,387] Trial 583 finished with value: 4.7604488406803185 and parameters: {'n_estimators': 475, 'lambda': 0.03929626559028874, 'subsample': 0.8346498409182977, 'colsample_bytree': 0.274270736867229, 'learning_rate': 0.04176275557663805, 'max_depth': 6, 'min_child_weight': 6}. Best is trial 558 with value: 5.110424551198749.
[I 2026-03-17 01:14:25,828] Trial 584 finished with value: 4.754509436124131 and parameters: {'n_estimators': 492, 'lambda': 0.04590735086765865, 'subsample': 0.839506669353019, 'colsample_bytree': 0.2728230698293743, 'learning_rate': 0.04263955226616231, 'max_depth': 6, 'min_child_weight': 6}. Best is trial 558 with value: 5.110424551198749.
[I 2026-03-17 01:14:42,868] Trial 585 finished with value: 4.7585618767820925 and parameters: {'n_estimators': 494, 'lambda': 5.011382578536889e-05, 'subsample': 0.3934385843580831, 'colsample_bytree': 0.27719598521930816, 'learning_rate': 0.04293610609021031, 'max_depth': 6, 'min_child_weight': 2}. Best is trial 558 with value: 5.110424551198749.
[I 2026-03-17 01:14:48,002] Trial 586 finished with value: 4.725996981154246 and parameters: {'n_estimators': 487, 'lambda': 6.598268315054386e-05, 'subsample': 0.8429188367636757, 'colsample_bytree': 0.2739942942207301, 'learning_rate': 0.03046680859873912, 'max_depth': 6, 'min_child_weight': 2}. Best is trial 558 with value: 5.110424551198749.
[I 2026-03-17 01:14:56,201] Trial 588 finished with value: 4.96748124157549 and parameters: {'n_estimators': 432, 'lambda': 4.707709171287311e-05, 'subsample': 0.879403209517631, 'colsample_bytree': 0.2581594015666324, 'learning_rate': 0.05421674784984737, 'max_depth': 6, 'min_child_weight': 9}. Best is trial 558 with value: 5.110424551198749.
[I 2026-03-17 01:15:05,673] Trial 587 finished with value: 4.731898916925056 and parameters: {'n_estimators': 489, 'lambda': 0.04859837008022298, 'subsample': 0.878808729838806, 'colsample_bytree': 0.2717953292171416, 'learning_rate': 0.04105181588900428, 'max_depth': 6, 'min_child_weight': 3}. Best is trial 558 with value: 5.110424551198749.
[I 2026-03-17 01:15:53,021] Trial 589 finished with value: 5.002937033745823 and parameters: {'n_estimators': 481, 'lambda': 3.4823142711478e-05, 'subsample': 0.8823279680066861, 'colsample_bytree': 0.2546494476023512, 'learning_rate': 0.05443831811623866, 'max_depth': 6, 'min_child_weight': 2}. Best is trial 558 with value: 5.110424551198749.
[I 2026-03-17 01:16:15,542] Trial 590 finished with value: 4.949079044504357 and parameters: {'n_estimators': 434, 'lambda': 7.627617826642525e-05, 'subsample': 0.874456250248546, 'colsample_bytree': 0.25970313489959296, 'learning_rate': 0.05866450304348681, 'max_depth': 6, 'min_child_weight': 3}. Best is trial 558 with value: 5.110424551198749.
[I 2026-03-17 01:16:40,634] Trial 591 finished with value: 4.734058640073153 and parameters: {'n_estimators': 435, 'lambda': 3.9657993327183863e-05, 'subsample': 0.8769941428508635, 'colsample_bytree': 0.26148116612763966, 'learning_rate': 0.05654535301139993, 'max_depth': 6, 'min_child_weight': 5}. Best is trial 558 with value: 5.110424551198749.
[I 2026-03-17 01:16:46,849] Trial 592 finished with value: 4.906272022938888 and parameters: {'n_estimators': 489, 'lambda': 5.4277361943316995e-05, 'subsample': 0.8800695456015376, 'colsample_bytree': 0.25882233023502094, 'learning_rate': 0.057722578712321115, 'max_depth': 6, 'min_child_weight': 10}. Best is trial 558 with value: 5.110424551198749.
[I 2026-03-17 01:16:48,452] Trial 593 finished with value: 4.748312066977566 and parameters: {'n_estimators': 477, 'lambda': 0.01267982852868089, 'subsample': 0.8727125520954206, 'colsample_bytree': 0.2653087941650169, 'learning_rate': 0.030022448094409186, 'max_depth': 6, 'min_child_weight': 4}. Best is trial 558 with value: 5.110424551198749.
[I 2026-03-17 01:16:52,296] Trial 594 finished with value: 4.9410776259626425 and parameters: {'n_estimators': 454, 'lambda': 0.0013385233249586766, 'subsample': 0.8605746208671649, 'colsample_bytree': 0.25706538322812544, 'learning_rate': 0.05802174555654783, 'max_depth': 6, 'min_child_weight': 4}. Best is trial 558 with value: 5.110424551198749.
[I 2026-03-17 01:17:49,824] Trial 595 finished with value: 4.943570672359718 and parameters: {'n_estimators': 464, 'lambda': 0.0126148758900817, 'subsample': 0.859434216071404, 'colsample_bytree': 0.25859354865797196, 'learning_rate': 0.05903894265827832, 'max_depth': 6, 'min_child_weight': 3}. Best is trial 558 with value: 5.110424551198749.
[I 2026-03-17 01:18:08,693] Trial 596 finished with value: 5.011663476614798 and parameters: {'n_estimators': 456, 'lambda': 0.0013508271847602214, 'subsample': 0.858137142662013, 'colsample_bytree': 0.2356650094705011, 'learning_rate': 0.030012012156556293, 'max_depth': 6, 'min_child_weight': 10}. Best is trial 558 with value: 5.110424551198749.
[I 2026-03-17 01:18:26,011] Trial 599 finished with value: 4.67988590578042 and parameters: {'n_estimators': 390, 'lambda': 0.0013438703972104029, 'subsample': 0.7599407161401843, 'colsample_bytree': 0.22549071266432621, 'learning_rate': 0.030107409992423492, 'max_depth': 6, 'min_child_weight': 4}. Best is trial 558 with value: 5.110424551198749.
[I 2026-03-17 01:18:33,465] Trial 600 finished with value: 5.0324087608162635 and parameters: {'n_estimators': 407, 'lambda': 0.0009338585745628747, 'subsample': 0.7373556003570463, 'colsample_bytree': 0.23354933889958743, 'learning_rate': 0.041870545518376406, 'max_depth': 6, 'min_child_weight': 10}. Best is trial 558 with value: 5.110424551198749.
[I 2026-03-17 01:18:40,681] Trial 597 finished with value: 4.868424317019129 and parameters: {'n_estimators': 473, 'lambda': 0.0015486634157494226, 'subsample': 0.8579894156587803, 'colsample_bytree': 0.22851709789535005, 'learning_rate': 0.08051244698115956, 'max_depth': 6, 'min_child_weight': 4}. Best is trial 558 with value: 5.110424551198749.
[I 2026-03-17 01:18:44,097] Trial 598 finished with value: 5.030569454993069 and parameters: {'n_estimators': 465, 'lambda': 0.0007328873378973904, 'subsample': 0.8612508740054248, 'colsample_bytree': 0.2301104964980179, 'learning_rate': 0.030124721971845115, 'max_depth': 6, 'min_child_weight': 10}. Best is trial 558 with value: 5.110424551198749.
[I 2026-03-17 01:19:50,491] Trial 601 finished with value: 4.843926593591021 and parameters: {'n_estimators': 476, 'lambda': 0.0006811576754881638, 'subsample': 0.8951136397502568, 'colsample_bytree': 0.23195033313260888, 'learning_rate': 0.08180704628327887, 'max_depth': 6, 'min_child_weight': 10}. Best is trial 558 with value: 5.110424551198749.
[I 2026-03-17 01:20:10,164] Trial 602 finished with value: 4.684636100421788 and parameters: {'n_estimators': 477, 'lambda': 0.0007574335519209703, 'subsample': 0.8898798301816795, 'colsample_bytree': 0.22847578336472357, 'learning_rate': 0.07783986117579941, 'max_depth': 6, 'min_child_weight': 10}. Best is trial 558 with value: 5.110424551198749.
[I 2026-03-17 01:20:27,109] Trial 603 finished with value: 5.068524227827572 and parameters: {'n_estimators': 508, 'lambda': 7.839752567900806e-06, 'subsample': 0.8962098746475513, 'colsample_bytree': 0.22907130454650895, 'learning_rate': 0.030244543644908858, 'max_depth': 6, 'min_child_weight': 10}. Best is trial 558 with value: 5.110424551198749.
[I 2026-03-17 01:20:30,785] Trial 604 finished with value: 4.824042120903382 and parameters: {'n_estimators': 509, 'lambda': 0.0002482322689493326, 'subsample': 0.8937675795367944, 'colsample_bytree': 0.2310332725515367, 'learning_rate': 0.081879617811406, 'max_depth': 6, 'min_child_weight': 10}. Best is trial 558 with value: 5.110424551198749.
[I 2026-03-17 01:20:45,012] Trial 605 finished with value: 5.112889304716095 and parameters: {'n_estimators': 507, 'lambda': 0.0005939607885864436, 'subsample': 0.8935925847880031, 'colsample_bytree': 0.22747187595248855, 'learning_rate': 0.030563084716245977, 'max_depth': 6, 'min_child_weight': 10}. Best is trial 605 with value: 5.112889304716095.
[I 2026-03-17 01:20:46,537] Trial 606 finished with value: 4.196373626221028 and parameters: {'n_estimators': 506, 'lambda': 0.0002545161371069652, 'subsample': 0.8897339098935877, 'colsample_bytree': 0.30385190259902833, 'learning_rate': 0.3992150357979596, 'max_depth': 6, 'min_child_weight': 10}. Best is trial 605 with value: 5.112889304716095.
[I 2026-03-17 01:21:52,896] Trial 607 finished with value: 4.180768490260743 and parameters: {'n_estimators': 496, 'lambda': 0.0006573522789455225, 'subsample': 0.898022478606944, 'colsample_bytree': 0.2449488072216611, 'learning_rate': 0.5363119630640042, 'max_depth': 6, 'min_child_weight': 10}. Best is trial 605 with value: 5.112889304716095.
[I 2026-03-17 01:22:22,325] Trial 608 finished with value: 4.723413974719368 and parameters: {'n_estimators': 508, 'lambda': 0.00027723993228124486, 'subsample': 0.7871100518939088, 'colsample_bytree': 0.30447695792123597, 'learning_rate': 0.04356070347508814, 'max_depth': 6, 'min_child_weight': 10}. Best is trial 605 with value: 5.112889304716095.
[I 2026-03-17 01:22:29,675] Trial 609 finished with value: 4.94425782551836 and parameters: {'n_estimators': 505, 'lambda': 1.6452875033594568e-07, 'subsample': 0.8989765764014997, 'colsample_bytree': 0.24556768970352502, 'learning_rate': 0.0434431292841789, 'max_depth': 6, 'min_child_weight': 10}. Best is trial 605 with value: 5.112889304716095.
[I 2026-03-17 01:22:31,503] Trial 610 finished with value: 5.0773655661110055 and parameters: {'n_estimators': 498, 'lambda': 8.386012842621093e-06, 'subsample': 0.9059164637393593, 'colsample_bytree': 0.24778423044236703, 'learning_rate': 0.030112341420394213, 'max_depth': 6, 'min_child_weight': 10}. Best is trial 605 with value: 5.112889304716095.
[I 2026-03-17 01:22:51,153] Trial 612 finished with value: 4.973908190865689 and parameters: {'n_estimators': 495, 'lambda': 3.0851326153114546e-05, 'subsample': 0.9016544688556862, 'colsample_bytree': 0.24457694127380433, 'learning_rate': 0.043004367756127586, 'max_depth': 6, 'min_child_weight': 9}. Best is trial 605 with value: 5.112889304716095.
[I 2026-03-17 01:22:52,987] Trial 611 finished with value: 4.949135716891023 and parameters: {'n_estimators': 505, 'lambda': 7.803077131251618e-06, 'subsample': 0.9011813590471645, 'colsample_bytree': 0.242535869072282, 'learning_rate': 0.04412292696816568, 'max_depth': 6, 'min_child_weight': 10}. Best is trial 605 with value: 5.112889304716095.
[I 2026-03-17 01:23:42,038] Trial 613 finished with value: 5.004376902316899 and parameters: {'n_estimators': 510, 'lambda': 2.025935901208384e-05, 'subsample': 0.9028470749311721, 'colsample_bytree': 0.21620348695484246, 'learning_rate': 0.043987075177844864, 'max_depth': 5, 'min_child_weight': 9}. Best is trial 605 with value: 5.112889304716095.
[I 2026-03-17 01:24:07,719] Trial 614 finished with value: 4.9634619633234465 and parameters: {'n_estimators': 500, 'lambda': 2.8332660243642763e-07, 'subsample': 0.9043598923846004, 'colsample_bytree': 0.20044612821092928, 'learning_rate': 0.041940517189213336, 'max_depth': 5, 'min_child_weight': 9}. Best is trial 605 with value: 5.112889304716095.
[I 2026-03-17 01:24:13,003] Trial 615 finished with value: 4.9701239337898 and parameters: {'n_estimators': 503, 'lambda': 1.5079970614754152e-05, 'subsample': 0.866455168712878, 'colsample_bytree': 0.22025924262859908, 'learning_rate': 0.0503865043266727, 'max_depth': 5, 'min_child_weight': 7}. Best is trial 605 with value: 5.112889304716095.
[I 2026-03-17 01:24:13,357] Trial 616 finished with value: 5.055838290428765 and parameters: {'n_estimators': 498, 'lambda': 1.7786720780600636e-05, 'subsample': 0.9067511850965709, 'colsample_bytree': 0.2174253629438045, 'learning_rate': 0.030256854936326977, 'max_depth': 5, 'min_child_weight': 7}. Best is trial 605 with value: 5.112889304716095.
[I 2026-03-17 01:24:37,626] Trial 618 finished with value: 4.612344129719433 and parameters: {'n_estimators': 481, 'lambda': 4.982561370212062e-06, 'subsample': 0.8731132469940529, 'colsample_bytree': 0.21661085208157274, 'learning_rate': 0.030401446279665574, 'max_depth': 5, 'min_child_weight': 7}. Best is trial 605 with value: 5.112889304716095.
[I 2026-03-17 01:24:38,110] Trial 617 finished with value: 4.901328119306844 and parameters: {'n_estimators': 478, 'lambda': 1.119940798307324e-05, 'subsample': 0.8767114141919077, 'colsample_bytree': 0.21553367416522812, 'learning_rate': 0.05291599262638486, 'max_depth': 5, 'min_child_weight': 10}. Best is trial 605 with value: 5.112889304716095.
[I 2026-03-17 01:25:44,235] Trial 619 finished with value: 4.895411961673487 and parameters: {'n_estimators': 487, 'lambda': 5.563237504826595e-06, 'subsample': 0.8676871646498259, 'colsample_bytree': 0.21521706271962074, 'learning_rate': 0.05252999726150241, 'max_depth': 6, 'min_child_weight': 10}. Best is trial 605 with value: 5.112889304716095.
[I 2026-03-17 01:25:51,204] Trial 622 finished with value: 4.930073789678335 and parameters: {'n_estimators': 480, 'lambda': 1.0493989618327771e-05, 'subsample': 0.9400741557370763, 'colsample_bytree': 0.2161953808638968, 'learning_rate': 0.06112981459815843, 'max_depth': 5, 'min_child_weight': 8}. Best is trial 605 with value: 5.112889304716095.
[I 2026-03-17 01:25:53,103] Trial 621 finished with value: 4.928018754546066 and parameters: {'n_estimators': 483, 'lambda': 2.350173819342771e-05, 'subsample': 0.920115798726077, 'colsample_bytree': 0.20019516564705328, 'learning_rate': 0.0625806299763233, 'max_depth': 5, 'min_child_weight': 8}. Best is trial 605 with value: 5.112889304716095.
[I 2026-03-17 01:26:07,298] Trial 620 finished with value: 4.899480377502438 and parameters: {'n_estimators': 483, 'lambda': 1.9158180530653322e-05, 'subsample': 0.8710723970997741, 'colsample_bytree': 0.21807656464651193, 'learning_rate': 0.05702394645470234, 'max_depth': 6, 'min_child_weight': 10}. Best is trial 605 with value: 5.112889304716095.
[I 2026-03-17 01:26:15,510] Trial 624 finished with value: 4.89175866446818 and parameters: {'n_estimators': 446, 'lambda': 1.4171799061145881e-05, 'subsample': 0.9273873894058804, 'colsample_bytree': 0.20028453325171552, 'learning_rate': 0.0610115246009878, 'max_depth': 5, 'min_child_weight': 8}. Best is trial 605 with value: 5.112889304716095.
[I 2026-03-17 01:26:15,748] Trial 623 finished with value: 4.731518989158107 and parameters: {'n_estimators': 453, 'lambda': 9.957239186307192e-06, 'subsample': 0.942951614956895, 'colsample_bytree': 0.20132275123577503, 'learning_rate': 0.17912746221050146, 'max_depth': 5, 'min_child_weight': 8}. Best is trial 605 with value: 5.112889304716095.
