[I 2026-03-17 01:45:30,837] Trial 689 finished with value: 4.701063376532236 and parameters: {'n_estimators': 337, 'lambda': 6.601959507781462e-06, 'subsample': 0.8783472692019988, 'colsample_bytree': 0.26738141350625244, 'learning_rate': 0.03050378346929452, 'max_depth': 6, 'min_child_weight': 9}. Best is trial 605 with value: 5.112889304716095.
[I 2026-03-17 01:45:32,690] Trial 686 finished with value: 4.70636851116552 and parameters: {'n_estimators': 468, 'lambda': 7.27456848495653e-06, 'subsample': 0.8963053376898702, 'colsample_bytree': 0.2650951226601909, 'learning_rate': 0.08059777198774208, 'max_depth': 6, 'min_child_weight': 9}. Best is trial 605 with value: 5.112889304716095.
[I 2026-03-17 01:45:47,456] Trial 690 finished with value: 5.042173345061963 and parameters: {'n_estimators': 399, 'lambda': 8.227533097094047e-06, 'subsample': 0.8787456324435496, 'colsample_bytree': 0.27009321828955396, 'learning_rate': 0.05273602036130566, 'max_depth': 6, 'min_child_weight': 9}. Best is trial 605 with value: 5.112889304716095.
[I 2026-03-17 01:46:08,088] Trial 691 finished with value: 4.654940770863657 and parameters: {'n_estimators': 348, 'lambda': 1.5606508037787527e-06, 'subsample': 0.5637933243948205, 'colsample_bytree': 0.836628270877628, 'learning_rate': 0.055382064669616565, 'max_depth': 6, 'min_child_weight': 9}. Best is trial 605 with value: 5.112889304716095.
[I 2026-03-17 01:46:42,809] Trial 692 finished with value: 0.0 and parameters: {'n_estimators': 342, 'lambda': 6.2550673312443375e-06, 'subsample': 0.558188652049448, 'colsample_bytree': 0.27037231358635905, 'learning_rate': 0.05296342488448194, 'max_depth': 6, 'min_child_weight': 9}. Best is trial 605 with value: 5.112889304716095.
[I 2026-03-17 01:47:02,829] Trial 695 finished with value: 4.9862465232599416 and parameters: {'n_estimators': 355, 'lambda': 3.4949254564057968e-06, 'subsample': 0.8742636413355457, 'colsample_bytree': 0.23153001739909587, 'learning_rate': 0.051425695574723, 'max_depth': 6, 'min_child_weight': 9}. Best is trial 605 with value: 5.112889304716095.
[I 2026-03-17 01:47:05,847] Trial 693 finished with value: 4.614639758886945 and parameters: {'n_estimators': 372, 'lambda': 7.80005771221836e-06, 'subsample': 0.8754596623363997, 'colsample_bytree': 0.20081282252265398, 'learning_rate': 0.03011760116479733, 'max_depth': 6, 'min_child_weight': 9}. Best is trial 605 with value: 5.112889304716095.
[I 2026-03-17 01:47:08,122] Trial 694 finished with value: 4.919312066836374 and parameters: {'n_estimators': 373, 'lambda': 1.2402176599060402e-06, 'subsample': 0.8740753748208716, 'colsample_bytree': 0.20120587904433188, 'learning_rate': 0.05324318188388423, 'max_depth': 6, 'min_child_weight': 9}. Best is trial 605 with value: 5.112889304716095.
[I 2026-03-17 01:47:23,943] Trial 696 finished with value: 5.031936063383902 and parameters: {'n_estimators': 368, 'lambda': 3.3316373794159594e-06, 'subsample': 0.5610006847658959, 'colsample_bytree': 0.2323821374999253, 'learning_rate': 0.052876224722843604, 'max_depth': 6, 'min_child_weight': 9}. Best is trial 605 with value: 5.112889304716095.
[I 2026-03-17 01:47:37,530] Trial 697 finished with value: 5.001804915906339 and parameters: {'n_estimators': 374, 'lambda': 4.840827178952132e-07, 'subsample': 0.8719406050366185, 'colsample_bytree': 0.23197216109341678, 'learning_rate': 0.030079558920619923, 'max_depth': 6, 'min_child_weight': 9}. Best is trial 605 with value: 5.112889304716095.
[I 2026-03-17 01:48:15,952] Trial 698 finished with value: 5.044944258162136 and parameters: {'n_estimators': 365, 'lambda': 3.527128706524535e-06, 'subsample': 0.869628410773781, 'colsample_bytree': 0.2328494871209783, 'learning_rate': 0.04275581994432323, 'max_depth': 6, 'min_child_weight': 9}. Best is trial 605 with value: 5.112889304716095.
[I 2026-03-17 01:48:36,165] Trial 699 finished with value: 5.03236152993863 and parameters: {'n_estimators': 376, 'lambda': 1.897937819829705e-05, 'subsample': 0.8728603149992558, 'colsample_bytree': 0.23091835163144503, 'learning_rate': 0.04211283142288888, 'max_depth': 6, 'min_child_weight': 9}. Best is trial 605 with value: 5.112889304716095.
[I 2026-03-17 01:48:47,565] Trial 700 finished with value: 4.712411487204152 and parameters: {'n_estimators': 408, 'lambda': 4.492805330249075e-07, 'subsample': 0.4918933882770122, 'colsample_bytree': 0.23121120296030603, 'learning_rate': 0.042360054479043605, 'max_depth': 6, 'min_child_weight': 9}. Best is trial 605 with value: 5.112889304716095.
[I 2026-03-17 01:49:01,011] Trial 701 finished with value: 4.719176782134763 and parameters: {'n_estimators': 462, 'lambda': 1.6388842662876495e-05, 'subsample': 0.8837485990032297, 'colsample_bytree': 0.30004066701173066, 'learning_rate': 0.042113821070722895, 'max_depth': 6, 'min_child_weight': 9}. Best is trial 605 with value: 5.112889304716095.
[I 2026-03-17 01:49:18,392] Trial 703 finished with value: 0.0 and parameters: {'n_estimators': 413, 'lambda': 1.875726486654639e-05, 'subsample': 0.8854413448354026, 'colsample_bytree': 0.22709328021562303, 'learning_rate': 0.4902201193925418, 'max_depth': 6, 'min_child_weight': 9}. Best is trial 605 with value: 5.112889304716095.
[I 2026-03-17 01:49:21,649] Trial 702 finished with value: 4.981039076246341 and parameters: {'n_estimators': 464, 'lambda': 2.1795906484937345e-05, 'subsample': 0.883060044806731, 'colsample_bytree': 0.2321346785728322, 'learning_rate': 0.042195089330723065, 'max_depth': 6, 'min_child_weight': 9}. Best is trial 605 with value: 5.112889304716095.
[I 2026-03-17 01:49:52,607] Trial 705 finished with value: 4.673162165472419 and parameters: {'n_estimators': 305, 'lambda': 1.1276819991630339e-05, 'subsample': 0.8919878238554171, 'colsample_bytree': 0.2941870839484415, 'learning_rate': 0.03017887555349847, 'max_depth': 6, 'min_child_weight': 9}. Best is trial 605 with value: 5.112889304716095.
[I 2026-03-17 01:50:03,542] Trial 706 finished with value: 4.764651116008556 and parameters: {'n_estimators': 307, 'lambda': 2.102561875316481e-06, 'subsample': 0.8936789557469685, 'colsample_bytree': 0.30362911314478713, 'learning_rate': 0.07145652886788498, 'max_depth': 6, 'min_child_weight': 8}. Best is trial 605 with value: 5.112889304716095.
[I 2026-03-17 01:50:09,533] Trial 704 finished with value: 4.7012882243581355 and parameters: {'n_estimators': 470, 'lambda': 0.21783608662575052, 'subsample': 0.8871240356852647, 'colsample_bytree': 0.30298701403202055, 'learning_rate': 0.06996495188704281, 'max_depth': 6, 'min_child_weight': 9}. Best is trial 605 with value: 5.112889304716095.
[I 2026-03-17 01:50:16,693] Trial 707 finished with value: 4.677147963664022 and parameters: {'n_estimators': 309, 'lambda': 1.1744414263530909e-05, 'subsample': 0.8991058477523226, 'colsample_bytree': 0.21615436417443887, 'learning_rate': 0.07112625692916821, 'max_depth': 6, 'min_child_weight': 9}. Best is trial 605 with value: 5.112889304716095.
[I 2026-03-17 01:51:30,039] Trial 709 finished with value: 4.445125187073771 and parameters: {'n_estimators': 539, 'lambda': 2.159207748838162e-06, 'subsample': 0.3220316117575714, 'colsample_bytree': 0.25206960009479085, 'learning_rate': 0.06959099828643452, 'max_depth': 6, 'min_child_weight': 8}. Best is trial 605 with value: 5.112889304716095.
[I 2026-03-17 01:51:30,884] Trial 708 finished with value: 4.306242375409778 and parameters: {'n_estimators': 468, 'lambda': 1.7225689843605592e-06, 'subsample': 0.9003385382018372, 'colsample_bytree': 0.2123738737476874, 'learning_rate': 0.32417832936715946, 'max_depth': 7, 'min_child_weight': 8}. Best is trial 605 with value: 5.112889304716095.
[I 2026-03-17 01:51:55,480] Trial 710 finished with value: 4.382433422928509 and parameters: {'n_estimators': 544, 'lambda': 2.427154384145292e-06, 'subsample': 0.9201344833158294, 'colsample_bytree': 0.21363653753510553, 'learning_rate': 0.14943218838150746, 'max_depth': 6, 'min_child_weight': 10}. Best is trial 605 with value: 5.112889304716095.
[I 2026-03-17 01:52:03,735] Trial 711 finished with value: 4.935196608206437 and parameters: {'n_estimators': 434, 'lambda': 1.1567438957381948e-05, 'subsample': 0.28236604325188597, 'colsample_bytree': 0.2162811837525025, 'learning_rate': 0.03031044208902687, 'max_depth': 7, 'min_child_weight': 10}. Best is trial 605 with value: 5.112889304716095.
[I 2026-03-17 01:52:23,235] Trial 713 finished with value: 4.815679531248284 and parameters: {'n_estimators': 548, 'lambda': 3.194061737021797e-05, 'subsample': 0.9210439317157404, 'colsample_bytree': 0.2521172926253637, 'learning_rate': 0.10702712393779645, 'max_depth': 6, 'min_child_weight': 10}. Best is trial 605 with value: 5.112889304716095.
[I 2026-03-17 01:53:15,935] Trial 714 finished with value: 5.031204173076402 and parameters: {'n_estimators': 439, 'lambda': 3.292397808570937e-05, 'subsample': 0.27930009267809186, 'colsample_bytree': 0.2510765528948588, 'learning_rate': 0.030828467983509456, 'max_depth': 6, 'min_child_weight': 10}. Best is trial 605 with value: 5.112889304716095.
[I 2026-03-17 01:53:33,301] Trial 715 finished with value: 0.0 and parameters: {'n_estimators': 538, 'lambda': 4.629953443125397e-05, 'subsample': 0.9167326475076306, 'colsample_bytree': 0.25284716346791075, 'learning_rate': 0.6017181816751471, 'max_depth': 6, 'min_child_weight': 10}. Best is trial 605 with value: 5.112889304716095.
[I 2026-03-17 01:53:37,060] Trial 716 finished with value: 4.67335690327054 and parameters: {'n_estimators': 421, 'lambda': 3.77391725142489e-05, 'subsample': 0.6046233148982243, 'colsample_bytree': 0.247917512345403, 'learning_rate': 0.041451554655368955, 'max_depth': 6, 'min_child_weight': 10}. Best is trial 605 with value: 5.112889304716095.
[I 2026-03-17 01:54:08,469] Trial 717 finished with value: 4.998410330891643 and parameters: {'n_estimators': 542, 'lambda': 3.385058062262841e-05, 'subsample': 0.7310377719753918, 'colsample_bytree': 0.2515396782504479, 'learning_rate': 0.05569652850389464, 'max_depth': 6, 'min_child_weight': 10}. Best is trial 605 with value: 5.112889304716095.
[I 2026-03-17 01:54:12,031] Trial 712 finished with value: 4.416773770392913 and parameters: {'n_estimators': 434, 'lambda': 4.0023692404851926e-05, 'subsample': 0.9220611663352667, 'colsample_bytree': 0.21131204840749443, 'learning_rate': 0.06367334408467505, 'max_depth': 9, 'min_child_weight': 10}. Best is trial 605 with value: 5.112889304716095.
[I 2026-03-17 01:54:22,224] Trial 718 finished with value: 4.668476562040393 and parameters: {'n_estimators': 484, 'lambda': 1.6859870357263242e-08, 'subsample': 0.7249247839217987, 'colsample_bytree': 0.25431415809369673, 'learning_rate': 0.03035780983493676, 'max_depth': 6, 'min_child_weight': 10}. Best is trial 605 with value: 5.112889304716095.
[I 2026-03-17 01:54:45,765] Trial 719 finished with value: 5.0530500656376915 and parameters: {'n_estimators': 390, 'lambda': 6.332259680374268e-06, 'subsample': 0.85864617862569, 'colsample_bytree': 0.24278322732373897, 'learning_rate': 0.056041809226475045, 'max_depth': 6, 'min_child_weight': 10}. Best is trial 605 with value: 5.112889304716095.
[I 2026-03-17 01:55:09,581] Trial 720 finished with value: 0.0 and parameters: {'n_estimators': 409, 'lambda': 9.73243897895466e-07, 'subsample': 0.8611217997319683, 'colsample_bytree': 0.2760682540287386, 'learning_rate': 0.0588537753472405, 'max_depth': 6, 'min_child_weight': 10}. Best is trial 605 with value: 5.112889304716095.
[I 2026-03-17 01:55:32,057] Trial 721 finished with value: 5.028075063829956 and parameters: {'n_estimators': 486, 'lambda': 5.921683597581029e-06, 'subsample': 0.8565134634714976, 'colsample_bytree': 0.27552841537372186, 'learning_rate': 0.058345935862581064, 'max_depth': 6, 'min_child_weight': 10}. Best is trial 605 with value: 5.112889304716095.
[I 2026-03-17 01:55:48,415] Trial 724 finished with value: 4.960490205035585 and parameters: {'n_estimators': 329, 'lambda': 6.842041225348634e-06, 'subsample': 0.8573836190742595, 'colsample_bytree': 0.27697615161081074, 'learning_rate': 0.051476090510692546, 'max_depth': 6, 'min_child_weight': 10}. Best is trial 605 with value: 5.112889304716095.
[I 2026-03-17 01:56:05,527] Trial 722 finished with value: 4.746054617787758 and parameters: {'n_estimators': 486, 'lambda': 5.933258795989626e-05, 'subsample': 0.8611463800472596, 'colsample_bytree': 0.23751343726589105, 'learning_rate': 0.12668001550198316, 'max_depth': 6, 'min_child_weight': 10}. Best is trial 605 with value: 5.112889304716095.
[I 2026-03-17 01:56:19,704] Trial 723 finished with value: 4.71480282746438 and parameters: {'n_estimators': 486, 'lambda': 5.2597631586306664e-06, 'subsample': 0.8554971730897442, 'colsample_bytree': 0.2780201545465596, 'learning_rate': 0.030134450989460694, 'max_depth': 6, 'min_child_weight': 10}. Best is trial 605 with value: 5.112889304716095.
[I 2026-03-17 01:56:47,060] Trial 725 finished with value: 4.696473994227784 and parameters: {'n_estimators': 481, 'lambda': 9.78282500545482e-06, 'subsample': 0.8671062990017624, 'colsample_bytree': 0.2747596741592718, 'learning_rate': 0.030026242644579645, 'max_depth': 6, 'min_child_weight': 10}. Best is trial 605 with value: 5.112889304716095.
[I 2026-03-17 01:57:13,555] Trial 726 finished with value: 4.9932455154480735 and parameters: {'n_estimators': 508, 'lambda': 2.2131018293923968e-05, 'subsample': 0.903899453797408, 'colsample_bytree': 0.23292221578392175, 'learning_rate': 0.04295521952589503, 'max_depth': 6, 'min_child_weight': 3}. Best is trial 605 with value: 5.112889304716095.
[I 2026-03-17 01:57:42,595] Trial 727 finished with value: 5.022795134216182 and parameters: {'n_estimators': 509, 'lambda': 2.297596579429022e-05, 'subsample': 0.9042906008610418, 'colsample_bytree': 0.2281174535587891, 'learning_rate': 0.04341654451689943, 'max_depth': 6, 'min_child_weight': 3}. Best is trial 605 with value: 5.112889304716095.
[I 2026-03-17 01:57:58,905] Trial 728 finished with value: 5.057104683188343 and parameters: {'n_estimators': 518, 'lambda': 1.0840217063631426e-05, 'subsample': 0.8982407807032395, 'colsample_bytree': 0.2273995094946322, 'learning_rate': 0.041569556620621756, 'max_depth': 6, 'min_child_weight': 9}. Best is trial 605 with value: 5.112889304716095.
[I 2026-03-17 01:58:10,574] Trial 729 finished with value: 4.942193098147825 and parameters: {'n_estimators': 510, 'lambda': 1.623899991620266e-05, 'subsample': 0.903333952314274, 'colsample_bytree': 0.22572764814947113, 'learning_rate': 0.04459547314640583, 'max_depth': 6, 'min_child_weight': 9}. Best is trial 605 with value: 5.112889304716095.
[I 2026-03-17 01:58:27,889] Trial 730 finished with value: 4.974661588696922 and parameters: {'n_estimators': 509, 'lambda': 2.210270167808253e-05, 'subsample': 0.9046816469679236, 'colsample_bytree': 0.22711447984074054, 'learning_rate': 0.0422315039234558, 'max_depth': 6, 'min_child_weight': 9}. Best is trial 605 with value: 5.112889304716095.
[I 2026-03-17 01:58:53,935] Trial 731 finished with value: 4.987647575421315 and parameters: {'n_estimators': 504, 'lambda': 2.3002589229125318e-05, 'subsample': 0.9078946674707239, 'colsample_bytree': 0.2265987547661526, 'learning_rate': 0.04230326554934226, 'max_depth': 6, 'min_child_weight': 9}. Best is trial 605 with value: 5.112889304716095.
[I 2026-03-17 01:59:15,913] Trial 732 finished with value: 4.932310886281241 and parameters: {'n_estimators': 515, 'lambda': 1.1149653743084272e-07, 'subsample': 0.8999882253172062, 'colsample_bytree': 0.22602769572990802, 'learning_rate': 0.04317467300815627, 'max_depth': 6, 'min_child_weight': 9}. Best is trial 605 with value: 5.112889304716095.
[I 2026-03-17 01:59:33,673] Trial 733 finished with value: 4.35173447536002 and parameters: {'n_estimators': 454, 'lambda': 1.558566856473048e-05, 'subsample': 0.8831848495769747, 'colsample_bytree': 0.20019704359063625, 'learning_rate': 0.2406669338587845, 'max_depth': 6, 'min_child_weight': 9}. Best is trial 605 with value: 5.112889304716095.
[I 2026-03-17 01:59:49,988] Trial 738 finished with value: 4.381551272426671 and parameters: {'n_estimators': 134, 'lambda': 5.248030070921405e-05, 'subsample': 0.8807178348971746, 'colsample_bytree': 0.20011002737067624, 'learning_rate': 0.059023341859075235, 'max_depth': 6, 'min_child_weight': 10}. Best is trial 605 with value: 5.112889304716095.
[I 2026-03-17 01:59:51,600] Trial 734 finished with value: 4.695837563659442 and parameters: {'n_estimators': 456, 'lambda': 5.845021605237213e-05, 'subsample': 0.9383216574859136, 'colsample_bytree': 0.21156590294003233, 'learning_rate': 0.044279441422472976, 'max_depth': 6, 'min_child_weight': 9}. Best is trial 605 with value: 5.112889304716095.
[I 2026-03-17 01:59:56,245] Trial 736 finished with value: 4.417642488070106 and parameters: {'n_estimators': 350, 'lambda': 1.6826504146349258e-05, 'subsample': 0.938102536296024, 'colsample_bytree': 0.20668963703381554, 'learning_rate': 0.4522937881529552, 'max_depth': 6, 'min_child_weight': 10}. Best is trial 605 with value: 5.112889304716095.
[I 2026-03-17 02:00:00,381] Trial 735 finished with value: 4.6473580845458455 and parameters: {'n_estimators': 449, 'lambda': 2.3313979974093737e-05, 'subsample': 0.9396288081910904, 'colsample_bytree': 0.20366540992957732, 'learning_rate': 0.030505470300034126, 'max_depth': 6, 'min_child_weight': 9}. Best is trial 605 with value: 5.112889304716095.
[I 2026-03-17 02:00:35,143] Trial 737 finished with value: 4.719416448196583 and parameters: {'n_estimators': 396, 'lambda': 1.4262843716775197e-05, 'subsample': 0.9388855989143368, 'colsample_bytree': 0.20053839119987749, 'learning_rate': 0.053623609157018345, 'max_depth': 6, 'min_child_weight': 10}. Best is trial 605 with value: 5.112889304716095.
[I 2026-03-17 02:01:20,037] Trial 741 finished with value: 4.708721745007905 and parameters: {'n_estimators': 355, 'lambda': 9.323432322105551e-06, 'subsample': 0.8715161215888555, 'colsample_bytree': 0.26138432489551033, 'learning_rate': 0.05328664634411911, 'max_depth': 6, 'min_child_weight': 10}. Best is trial 605 with value: 5.112889304716095.
[I 2026-03-17 02:01:27,398] Trial 740 finished with value: 4.710698513220962 and parameters: {'n_estimators': 386, 'lambda': 1.2509894816326962e-05, 'subsample': 0.9304701963336616, 'colsample_bytree': 0.2644087636652638, 'learning_rate': 0.030555803520514513, 'max_depth': 6, 'min_child_weight': 10}. Best is trial 605 with value: 5.112889304716095.
[I 2026-03-17 02:01:36,668] Trial 743 finished with value: 4.857645883727905 and parameters: {'n_estimators': 393, 'lambda': 0.0004516152568080322, 'subsample': 0.874542353237252, 'colsample_bytree': 0.26230282860278614, 'learning_rate': 0.20674496244844465, 'max_depth': 6, 'min_child_weight': 10}. Best is trial 605 with value: 5.112889304716095.
[I 2026-03-17 02:01:43,267] Trial 739 finished with value: 4.658397025777491 and parameters: {'n_estimators': 537, 'lambda': 4.535174237572626e-06, 'subsample': 0.8793073278264664, 'colsample_bytree': 0.20060811129647899, 'learning_rate': 0.03025423419628943, 'max_depth': 6, 'min_child_weight': 10}. Best is trial 605 with value: 5.112889304716095.
[I 2026-03-17 02:02:12,020] Trial 742 finished with value: 4.738404103351249 and parameters: {'n_estimators': 548, 'lambda': 0.0004836744135158271, 'subsample': 0.87437204344899, 'colsample_bytree': 0.26278132300312596, 'learning_rate': 0.030192897911404826, 'max_depth': 6, 'min_child_weight': 10}. Best is trial 605 with value: 5.112889304716095.
[I 2026-03-17 02:02:50,850] Trial 744 finished with value: 4.691686765809854 and parameters: {'n_estimators': 537, 'lambda': 0.026313152002697918, 'subsample': 0.8733031059021102, 'colsample_bytree': 0.26333221992244504, 'learning_rate': 0.06329804359590803, 'max_depth': 6, 'min_child_weight': 10}. Best is trial 605 with value: 5.112889304716095.
[I 2026-03-17 02:03:28,610] Trial 745 finished with value: 4.829088044354846 and parameters: {'n_estimators': 555, 'lambda': 0.00045323293194274495, 'subsample': 0.9745635644960213, 'colsample_bytree': 0.24298926790699882, 'learning_rate': 0.07608861156526997, 'max_depth': 6, 'min_child_weight': 10}. Best is trial 605 with value: 5.112889304716095.
[I 2026-03-17 02:03:30,278] Trial 746 finished with value: 4.4223104113781275 and parameters: {'n_estimators': 540, 'lambda': 0.0004995852272641502, 'subsample': 0.5234137150661342, 'colsample_bytree': 0.6787237862030747, 'learning_rate': 0.07377673576627838, 'max_depth': 6, 'min_child_weight': 10}. Best is trial 605 with value: 5.112889304716095.
[I 2026-03-17 02:03:31,807] Trial 748 finished with value: 5.074179944093254 and parameters: {'n_estimators': 468, 'lambda': 2.152793738324494e-07, 'subsample': 0.891978655182984, 'colsample_bytree': 0.24275181244189192, 'learning_rate': 0.030059882786221036, 'max_depth': 6, 'min_child_weight': 10}. Best is trial 605 with value: 5.112889304716095.
[I 2026-03-17 02:03:33,066] Trial 747 finished with value: 4.84522015206392 and parameters: {'n_estimators': 539, 'lambda': 2.716836735010053e-07, 'subsample': 0.9773640840524368, 'colsample_bytree': 0.24173851897147713, 'learning_rate': 0.06592365697528664, 'max_depth': 6, 'min_child_weight': 10}. Best is trial 605 with value: 5.112889304716095.
[I 2026-03-17 02:03:40,080] Trial 749 finished with value: 4.668326206091891 and parameters: {'n_estimators': 529, 'lambda': 0.0006597956924253503, 'subsample': 0.9196273724994037, 'colsample_bytree': 0.2393119065861751, 'learning_rate': 0.07541986997796388, 'max_depth': 6, 'min_child_weight': 10}. Best is trial 605 with value: 5.112889304716095.
