[I 2026-03-17 18:23:29,752] Trial 684 finished with value: 4.850344590193581 and parameters: {'n_estimators': 677, 'lambda': 0.23485583599038246, 'subsample': 0.8695546167282108, 'colsample_bytree': 0.4049420107270486, 'learning_rate': 0.04505814918116635, 'max_depth': 3, 'min_child_weight': 10}. Best is trial 350 with value: 4.999194949595861.
[I 2026-03-17 18:24:14,374] Trial 685 finished with value: 4.938840176818508 and parameters: {'n_estimators': 677, 'lambda': 0.3185125532688522, 'subsample': 0.8659246567908747, 'colsample_bytree': 0.6860607782637168, 'learning_rate': 0.04050104037152015, 'max_depth': 3, 'min_child_weight': 10}. Best is trial 350 with value: 4.999194949595861.
[I 2026-03-17 18:25:19,797] Trial 686 finished with value: 4.841039344633508 and parameters: {'n_estimators': 677, 'lambda': 0.2797553472097645, 'subsample': 0.8667498605622549, 'colsample_bytree': 0.6466778617874765, 'learning_rate': 0.043411955376720254, 'max_depth': 3, 'min_child_weight': 10}. Best is trial 350 with value: 4.999194949595861.
[I 2026-03-17 18:25:31,250] Trial 687 finished with value: 4.454716308366194 and parameters: {'n_estimators': 681, 'lambda': 0.23433605812198868, 'subsample': 0.8758623341396813, 'colsample_bytree': 0.6428684298264954, 'learning_rate': 0.6006941385676717, 'max_depth': 3, 'min_child_weight': 10}. Best is trial 350 with value: 4.999194949595861.
[I 2026-03-17 18:25:31,255] Trial 675 finished with value: 4.269246459280319 and parameters: {'n_estimators': 682, 'lambda': 0.2729422895099125, 'subsample': 0.801962078051239, 'colsample_bytree': 0.6724845322557799, 'learning_rate': 0.0876078664497084, 'max_depth': 9, 'min_child_weight': 7}. Best is trial 350 with value: 4.999194949595861.
[I 2026-03-17 18:25:43,687] Trial 688 finished with value: 4.909806259849905 and parameters: {'n_estimators': 680, 'lambda': 0.22154365661155154, 'subsample': 0.8837440070020555, 'colsample_bytree': 0.6864466508838996, 'learning_rate': 0.048407325530423824, 'max_depth': 3, 'min_child_weight': 10}. Best is trial 350 with value: 4.999194949595861.
[I 2026-03-17 18:27:25,649] Trial 690 finished with value: 4.659634162615852 and parameters: {'n_estimators': 696, 'lambda': 0.19821394136544038, 'subsample': 0.7975417377276763, 'colsample_bytree': 0.6412659495669034, 'learning_rate': 0.0528305489897771, 'max_depth': 3, 'min_child_weight': 10}. Best is trial 350 with value: 4.999194949595861.
[I 2026-03-17 18:28:06,536] Trial 692 finished with value: 4.825408409107881 and parameters: {'n_estimators': 533, 'lambda': 0.18855194612904386, 'subsample': 0.886133206493143, 'colsample_bytree': 0.2952365326894805, 'learning_rate': 0.053749747729053325, 'max_depth': 3, 'min_child_weight': 10}. Best is trial 350 with value: 4.999194949595861.
[I 2026-03-17 18:28:34,725] Trial 691 finished with value: 4.917385920783911 and parameters: {'n_estimators': 698, 'lambda': 0.9880448349991316, 'subsample': 0.879428002908638, 'colsample_bytree': 0.41688710941681517, 'learning_rate': 0.05368133639694802, 'max_depth': 3, 'min_child_weight': 10}. Best is trial 350 with value: 4.999194949595861.
[I 2026-03-17 18:28:52,177] Trial 693 finished with value: 4.945181959691582 and parameters: {'n_estimators': 705, 'lambda': 0.00037839685138993953, 'subsample': 0.8873219435636391, 'colsample_bytree': 0.6882378472683595, 'learning_rate': 0.05303167515077822, 'max_depth': 3, 'min_child_weight': 10}. Best is trial 350 with value: 4.999194949595861.
[I 2026-03-17 18:29:02,060] Trial 694 finished with value: 4.89011567899951 and parameters: {'n_estimators': 700, 'lambda': 0.0003622031756832458, 'subsample': 0.8866504193215471, 'colsample_bytree': 0.7560046098823091, 'learning_rate': 0.060354953083331254, 'max_depth': 3, 'min_child_weight': 10}. Best is trial 350 with value: 4.999194949595861.
[I 2026-03-17 18:30:22,467] Trial 695 finished with value: 4.895733711135145 and parameters: {'n_estimators': 632, 'lambda': 0.0003496347907152385, 'subsample': 0.8893332853916571, 'colsample_bytree': 0.8511537901925829, 'learning_rate': 0.06713248867774027, 'max_depth': 3, 'min_child_weight': 10}. Best is trial 350 with value: 4.999194949595861.
[I 2026-03-17 18:30:54,126] Trial 696 finished with value: 4.893955340665412 and parameters: {'n_estimators': 595, 'lambda': 0.00042727967335011473, 'subsample': 0.8527541825888628, 'colsample_bytree': 0.7527545541197341, 'learning_rate': 0.06830164578157118, 'max_depth': 3, 'min_child_weight': 10}. Best is trial 350 with value: 4.999194949595861.
[I 2026-03-17 18:31:32,267] Trial 697 finished with value: 4.910590630078286 and parameters: {'n_estimators': 631, 'lambda': 0.015802040956030737, 'subsample': 0.8855636758276053, 'colsample_bytree': 0.7924441382471397, 'learning_rate': 0.0676811176687217, 'max_depth': 3, 'min_child_weight': 10}. Best is trial 350 with value: 4.999194949595861.
[I 2026-03-17 18:31:43,785] Trial 689 finished with value: 4.5827523211332455 and parameters: {'n_estimators': 696, 'lambda': 0.17698131603073725, 'subsample': 0.8835259927613958, 'colsample_bytree': 0.32200533715394464, 'learning_rate': 0.048224243736810765, 'max_depth': 8, 'min_child_weight': 10}. Best is trial 350 with value: 4.999194949595861.
[I 2026-03-17 18:31:53,928] Trial 698 finished with value: 4.892474893293364 and parameters: {'n_estimators': 634, 'lambda': 0.004718865487969369, 'subsample': 0.8502602799423581, 'colsample_bytree': 0.8500666852663239, 'learning_rate': 0.06967204665750373, 'max_depth': 3, 'min_child_weight': 10}. Best is trial 350 with value: 4.999194949595861.
[I 2026-03-17 18:31:59,825] Trial 699 finished with value: 4.969402568120931 and parameters: {'n_estimators': 638, 'lambda': 0.015939039941955148, 'subsample': 0.8508017927753309, 'colsample_bytree': 0.7321733973136157, 'learning_rate': 0.06318036915220304, 'max_depth': 3, 'min_child_weight': 10}. Best is trial 350 with value: 4.999194949595861.
[I 2026-03-17 18:33:19,694] Trial 700 finished with value: 4.817957482627971 and parameters: {'n_estimators': 636, 'lambda': 0.004178869913274124, 'subsample': 0.5652982847278674, 'colsample_bytree': 0.793516898159923, 'learning_rate': 0.07252687445773273, 'max_depth': 3, 'min_child_weight': 10}. Best is trial 350 with value: 4.999194949595861.
[I 2026-03-17 18:34:26,438] Trial 702 finished with value: 4.811760676226614 and parameters: {'n_estimators': 618, 'lambda': 0.40412352463420176, 'subsample': 0.8665864272501558, 'colsample_bytree': 0.7358234611107161, 'learning_rate': 0.03137398370976868, 'max_depth': 3, 'min_child_weight': 10}. Best is trial 350 with value: 4.999194949595861.
[I 2026-03-17 18:34:35,745] Trial 703 finished with value: 4.807886032209542 and parameters: {'n_estimators': 618, 'lambda': 0.4026213501318732, 'subsample': 0.8532408053541155, 'colsample_bytree': 0.6919000642640831, 'learning_rate': 0.03012099325616147, 'max_depth': 3, 'min_child_weight': 10}. Best is trial 350 with value: 4.999194949595861.
[I 2026-03-17 18:34:39,045] Trial 704 finished with value: 4.736614318758313 and parameters: {'n_estimators': 572, 'lambda': 0.43787567650148973, 'subsample': 0.8622710618187982, 'colsample_bytree': 0.7337519196491248, 'learning_rate': 0.030142378773215253, 'max_depth': 3, 'min_child_weight': 10}. Best is trial 350 with value: 4.999194949595861.
[I 2026-03-17 18:36:20,548] Trial 705 finished with value: 4.650277708811956 and parameters: {'n_estimators': 941, 'lambda': 0.38735221601402764, 'subsample': 0.8316905278015695, 'colsample_bytree': 0.738743691611651, 'learning_rate': 0.0832652744932956, 'max_depth': 3, 'min_child_weight': 10}. Best is trial 350 with value: 4.999194949595861.
[I 2026-03-17 18:36:25,793] Trial 706 finished with value: 4.890160465287799 and parameters: {'n_estimators': 662, 'lambda': 0.43241532940163585, 'subsample': 0.8349977469279147, 'colsample_bytree': 0.5349369772579577, 'learning_rate': 0.09380087250410057, 'max_depth': 3, 'min_child_weight': 10}. Best is trial 350 with value: 4.999194949595861.
[I 2026-03-17 18:37:38,027] Trial 708 finished with value: 4.93889808714243 and parameters: {'n_estimators': 658, 'lambda': 0.009370716573121059, 'subsample': 0.8247850942101069, 'colsample_bytree': 0.7357333315438608, 'learning_rate': 0.09391606738175265, 'max_depth': 3, 'min_child_weight': 10}. Best is trial 350 with value: 4.999194949595861.
[I 2026-03-17 18:37:45,399] Trial 709 finished with value: 4.637058223847527 and parameters: {'n_estimators': 666, 'lambda': 0.011985848454228225, 'subsample': 0.8487364579912977, 'colsample_bytree': 0.7479247569598827, 'learning_rate': 0.09186213276600985, 'max_depth': 3, 'min_child_weight': 10}. Best is trial 350 with value: 4.999194949595861.
[I 2026-03-17 18:38:18,618] Trial 701 finished with value: 4.828522035934254 and parameters: {'n_estimators': 637, 'lambda': 0.4045625487920279, 'subsample': 0.2934964873223164, 'colsample_bytree': 0.7405132521068746, 'learning_rate': 0.07532820693850437, 'max_depth': 8, 'min_child_weight': 10}. Best is trial 350 with value: 4.999194949595861.
[I 2026-03-17 18:38:23,180] Trial 710 finished with value: 4.818997225515766 and parameters: {'n_estimators': 433, 'lambda': 0.010565013666940142, 'subsample': 0.8343801425648109, 'colsample_bytree': 0.7573408138170271, 'learning_rate': 0.08936373992961824, 'max_depth': 3, 'min_child_weight': 10}. Best is trial 350 with value: 4.999194949595861.
[I 2026-03-17 18:38:25,903] Trial 711 finished with value: 4.8615372791858 and parameters: {'n_estimators': 423, 'lambda': 0.02025885840721559, 'subsample': 0.8655743686931844, 'colsample_bytree': 0.7520655223477771, 'learning_rate': 0.08122357273222347, 'max_depth': 3, 'min_child_weight': 10}. Best is trial 350 with value: 4.999194949595861.
[I 2026-03-17 18:38:50,385] Trial 707 finished with value: 4.661342220221469 and parameters: {'n_estimators': 665, 'lambda': 0.022438061282002136, 'subsample': 0.8342126410164523, 'colsample_bytree': 0.7377338190706901, 'learning_rate': 0.08779396092728545, 'max_depth': 5, 'min_child_weight': 10}. Best is trial 350 with value: 4.999194949595861.
[I 2026-03-17 18:41:00,691] Trial 712 finished with value: 4.875384229278796 and parameters: {'n_estimators': 710, 'lambda': 0.015958597973902294, 'subsample': 0.8474245969247417, 'colsample_bytree': 0.7529532386269029, 'learning_rate': 0.08146687343393481, 'max_depth': 3, 'min_child_weight': 10}. Best is trial 350 with value: 4.999194949595861.
[I 2026-03-17 18:41:09,120] Trial 713 finished with value: 4.87933209326461 and parameters: {'n_estimators': 717, 'lambda': 0.016759225390550005, 'subsample': 0.8667486264349848, 'colsample_bytree': 0.7233390278268449, 'learning_rate': 0.07770381642815358, 'max_depth': 3, 'min_child_weight': 10}. Best is trial 350 with value: 4.999194949595861.
[I 2026-03-17 18:41:42,652] Trial 714 finished with value: 4.926796115800176 and parameters: {'n_estimators': 710, 'lambda': 0.021511310974914506, 'subsample': 0.8598838415717627, 'colsample_bytree': 0.7250096418065669, 'learning_rate': 0.07931796951063862, 'max_depth': 3, 'min_child_weight': 10}. Best is trial 350 with value: 4.999194949595861.
[I 2026-03-17 18:41:44,365] Trial 715 finished with value: 4.87334812004985 and parameters: {'n_estimators': 709, 'lambda': 0.6380667257235966, 'subsample': 0.8675398299231494, 'colsample_bytree': 0.7288156562491654, 'learning_rate': 0.06104245244561514, 'max_depth': 3, 'min_child_weight': 10}. Best is trial 350 with value: 4.999194949595861.
[I 2026-03-17 18:41:51,090] Trial 716 finished with value: 4.913690719180066 and parameters: {'n_estimators': 710, 'lambda': 0.6287048962553213, 'subsample': 0.8632837280447357, 'colsample_bytree': 0.7170778751194891, 'learning_rate': 0.056928690605870746, 'max_depth': 3, 'min_child_weight': 10}. Best is trial 350 with value: 4.999194949595861.
[I 2026-03-17 18:42:09,481] Trial 717 finished with value: 4.901009200553533 and parameters: {'n_estimators': 713, 'lambda': 0.016897848805355928, 'subsample': 0.8595708876904966, 'colsample_bytree': 0.7221703066134123, 'learning_rate': 0.058137975919826404, 'max_depth': 3, 'min_child_weight': 10}. Best is trial 350 with value: 4.999194949595861.
[I 2026-03-17 18:44:24,682] Trial 719 finished with value: 4.901136178868451 and parameters: {'n_estimators': 683, 'lambda': 0.14742645821901104, 'subsample': 0.9024835732932449, 'colsample_bytree': 0.7047774294348924, 'learning_rate': 0.06537047355386244, 'max_depth': 3, 'min_child_weight': 10}. Best is trial 350 with value: 4.999194949595861.
[I 2026-03-17 18:44:26,105] Trial 718 finished with value: 4.879585462042305 and parameters: {'n_estimators': 715, 'lambda': 0.6718318019598488, 'subsample': 0.9035726558939935, 'colsample_bytree': 0.7181329150920925, 'learning_rate': 0.06120561872265522, 'max_depth': 3, 'min_child_weight': 10}. Best is trial 350 with value: 4.999194949595861.
[I 2026-03-17 18:45:00,316] Trial 721 finished with value: 4.875612736935208 and parameters: {'n_estimators': 682, 'lambda': 0.1393361648415699, 'subsample': 0.8956984146452772, 'colsample_bytree': 0.7055467276673041, 'learning_rate': 0.05981292668327763, 'max_depth': 3, 'min_child_weight': 10}. Best is trial 350 with value: 4.999194949595861.
[I 2026-03-17 18:45:00,335] Trial 720 finished with value: 4.942831338046452 and parameters: {'n_estimators': 691, 'lambda': 0.6767060245288014, 'subsample': 0.9006547608184228, 'colsample_bytree': 0.7042340355433706, 'learning_rate': 0.06232424651807115, 'max_depth': 3, 'min_child_weight': 10}. Best is trial 350 with value: 4.999194949595861.
[I 2026-03-17 18:45:05,212] Trial 722 finished with value: 4.903447033493888 and parameters: {'n_estimators': 688, 'lambda': 0.1464245759762205, 'subsample': 0.9018454307701373, 'colsample_bytree': 0.6976488443762766, 'learning_rate': 0.06496936358615688, 'max_depth': 3, 'min_child_weight': 10}. Best is trial 350 with value: 4.999194949595861.
[I 2026-03-17 18:45:23,994] Trial 723 finished with value: 4.8832941788566515 and parameters: {'n_estimators': 681, 'lambda': 0.12981530887900536, 'subsample': 0.9020983155447904, 'colsample_bytree': 0.2015333834256226, 'learning_rate': 0.041439324700150375, 'max_depth': 3, 'min_child_weight': 10}. Best is trial 350 with value: 4.999194949595861.
[I 2026-03-17 18:47:32,352] Trial 724 finished with value: 4.834641034764985 and parameters: {'n_estimators': 653, 'lambda': 0.13848164869840326, 'subsample': 0.8988573026237898, 'colsample_bytree': 0.6965103370596001, 'learning_rate': 0.044461369752526694, 'max_depth': 3, 'min_child_weight': 10}. Best is trial 350 with value: 4.999194949595861.
[I 2026-03-17 18:47:32,692] Trial 725 finished with value: 4.832895172499095 and parameters: {'n_estimators': 647, 'lambda': 0.1643372855869775, 'subsample': 0.7714477889395718, 'colsample_bytree': 0.6969524388436004, 'learning_rate': 0.043818408712723536, 'max_depth': 3, 'min_child_weight': 10}. Best is trial 350 with value: 4.999194949595861.
[I 2026-03-17 18:48:05,292] Trial 726 finished with value: 4.893625379855054 and parameters: {'n_estimators': 647, 'lambda': 0.13042278074264974, 'subsample': 0.8045340921410682, 'colsample_bytree': 0.6566256687752884, 'learning_rate': 0.04386864955614479, 'max_depth': 3, 'min_child_weight': 10}. Best is trial 350 with value: 4.999194949595861.
[I 2026-03-17 18:48:09,253] Trial 727 finished with value: 4.79489325995972 and parameters: {'n_estimators': 653, 'lambda': 0.19177743505201406, 'subsample': 0.4712524921056642, 'colsample_bytree': 0.7752657338784136, 'learning_rate': 0.04407394104412635, 'max_depth': 3, 'min_child_weight': 10}. Best is trial 350 with value: 4.999194949595861.
[I 2026-03-17 18:48:10,338] Trial 728 finished with value: 4.619757601106735 and parameters: {'n_estimators': 653, 'lambda': 0.27759798354796167, 'subsample': 0.81336666464824, 'colsample_bytree': 0.777106059939544, 'learning_rate': 0.10790635229729459, 'max_depth': 3, 'min_child_weight': 9}. Best is trial 350 with value: 4.999194949595861.
[I 2026-03-17 18:48:31,755] Trial 729 finished with value: 4.85320070332813 and parameters: {'n_estimators': 654, 'lambda': 0.005892900471423628, 'subsample': 0.8826844716820674, 'colsample_bytree': 0.7800542226453697, 'learning_rate': 0.11197941391450508, 'max_depth': 3, 'min_child_weight': 9}. Best is trial 350 with value: 4.999194949595861.
[I 2026-03-17 18:50:34,322] Trial 730 finished with value: 4.66293606024151 and parameters: {'n_estimators': 643, 'lambda': 0.31611223829973206, 'subsample': 0.8785809234469186, 'colsample_bytree': 0.6349889711574312, 'learning_rate': 0.11164350338605612, 'max_depth': 3, 'min_child_weight': 9}. Best is trial 350 with value: 4.999194949595861.
[I 2026-03-17 18:50:45,216] Trial 731 finished with value: 4.722602229595276 and parameters: {'n_estimators': 670, 'lambda': 0.3018059133569041, 'subsample': 0.880479910828588, 'colsample_bytree': 0.24406778661731512, 'learning_rate': 0.10655498085067933, 'max_depth': 3, 'min_child_weight': 9}. Best is trial 350 with value: 4.999194949595861.
[I 2026-03-17 18:51:08,717] Trial 732 finished with value: 4.76296540191297 and parameters: {'n_estimators': 668, 'lambda': 0.3087935803868049, 'subsample': 0.8813382831084908, 'colsample_bytree': 0.7831994914527913, 'learning_rate': 0.11985764133825266, 'max_depth': 3, 'min_child_weight': 9}. Best is trial 350 with value: 4.999194949595861.
[I 2026-03-17 18:51:20,363] Trial 733 finished with value: 4.7702808654548825 and parameters: {'n_estimators': 670, 'lambda': 0.31795336858707146, 'subsample': 0.8830788792261456, 'colsample_bytree': 0.25060211607874183, 'learning_rate': 0.1350884371235999, 'max_depth': 3, 'min_child_weight': 9}. Best is trial 350 with value: 4.999194949595861.
[I 2026-03-17 18:51:49,292] Trial 734 finished with value: 4.920901600398027 and parameters: {'n_estimators': 765, 'lambda': 0.5371012624381497, 'subsample': 0.8856503290162744, 'colsample_bytree': 0.6400821732229124, 'learning_rate': 0.07363880774181174, 'max_depth': 3, 'min_child_weight': 9}. Best is trial 350 with value: 4.999194949595861.
[I 2026-03-17 18:53:41,323] Trial 736 finished with value: 4.9182941280002055 and parameters: {'n_estimators': 669, 'lambda': 0.008103987369515047, 'subsample': 0.9145146235080726, 'colsample_bytree': 0.6689290014595046, 'learning_rate': 0.07527040145903577, 'max_depth': 3, 'min_child_weight': 10}. Best is trial 350 with value: 4.999194949595861.
[I 2026-03-17 18:54:25,641] Trial 735 finished with value: 4.64394709783185 and parameters: {'n_estimators': 759, 'lambda': 0.33584268454082944, 'subsample': 0.8770861296152963, 'colsample_bytree': 0.6320327698591517, 'learning_rate': 0.07397753151748393, 'max_depth': 6, 'min_child_weight': 10}. Best is trial 350 with value: 4.999194949595861.
[I 2026-03-17 18:54:25,695] Trial 737 finished with value: 4.948784886444926 and parameters: {'n_estimators': 772, 'lambda': 0.5333652437979698, 'subsample': 0.9156813673831118, 'colsample_bytree': 0.6754101423626612, 'learning_rate': 0.0741883364242918, 'max_depth': 3, 'min_child_weight': 5}. Best is trial 350 with value: 4.999194949595861.
[I 2026-03-17 18:54:46,649] Trial 738 finished with value: 4.853943757280955 and parameters: {'n_estimators': 761, 'lambda': 0.5493792539577851, 'subsample': 0.9158438325367203, 'colsample_bytree': 0.6344536175812322, 'learning_rate': 0.0697669280295738, 'max_depth': 3, 'min_child_weight': 10}. Best is trial 350 with value: 4.999194949595861.
[I 2026-03-17 18:54:52,776] Trial 739 finished with value: 4.901631330469485 and parameters: {'n_estimators': 742, 'lambda': 0.7206814777471658, 'subsample': 0.9159341194776491, 'colsample_bytree': 0.6766559127689777, 'learning_rate': 0.07664657089513567, 'max_depth': 3, 'min_child_weight': 10}. Best is trial 350 with value: 4.999194949595861.
[I 2026-03-17 18:55:14,403] Trial 740 finished with value: 4.918668994287151 and parameters: {'n_estimators': 736, 'lambda': 0.0032396768322584626, 'subsample': 0.9117895525849766, 'colsample_bytree': 0.676555555933473, 'learning_rate': 0.07406400495508181, 'max_depth': 3, 'min_child_weight': 10}. Best is trial 350 with value: 4.999194949595861.
[I 2026-03-17 18:57:00,123] Trial 741 finished with value: 4.681437475352284 and parameters: {'n_estimators': 600, 'lambda': 0.9856121175569033, 'subsample': 0.8505245504048137, 'colsample_bytree': 0.9540642478086028, 'learning_rate': 0.053626590334710476, 'max_depth': 4, 'min_child_weight': 10}. Best is trial 350 with value: 4.999194949595861.
[I 2026-03-17 18:57:13,153] Trial 743 finished with value: 4.891874100845914 and parameters: {'n_estimators': 593, 'lambda': 0.8546731670172437, 'subsample': 0.8492428596023073, 'colsample_bytree': 0.6518499373280054, 'learning_rate': 0.05075438481547623, 'max_depth': 3, 'min_child_weight': 10}. Best is trial 350 with value: 4.999194949595861.
[I 2026-03-17 18:57:54,745] Trial 745 finished with value: 4.883953346322231 and parameters: {'n_estimators': 613, 'lambda': 0.23109648292835835, 'subsample': 0.8458574369894153, 'colsample_bytree': 0.6564993057345048, 'learning_rate': 0.05395883936217101, 'max_depth': 3, 'min_child_weight': 10}. Best is trial 350 with value: 4.999194949595861.
[I 2026-03-17 18:58:27,868] Trial 742 finished with value: 4.65014264972759 and parameters: {'n_estimators': 735, 'lambda': 0.0027933487356139315, 'subsample': 0.8480127529984279, 'colsample_bytree': 0.653326741154823, 'learning_rate': 0.05126610395847922, 'max_depth': 4, 'min_child_weight': 10}. Best is trial 350 with value: 4.999194949595861.
[I 2026-03-17 18:58:38,283] Trial 746 finished with value: 4.6741093186273135 and parameters: {'n_estimators': 597, 'lambda': 0.21528966081999298, 'subsample': 0.8298363606684004, 'colsample_bytree': 0.6540264524736358, 'learning_rate': 0.05347196435636084, 'max_depth': 4, 'min_child_weight': 10}. Best is trial 350 with value: 4.999194949595861.
