[I 2026-03-16 13:24:17,134] Trial 1290 finished with value: 7.252580158125444 and parameters: {'n_estimators': 245, 'lambda': 0.0003994487727910805, 'subsample': 0.9853236334477949, 'colsample_bytree': 0.8938776937924738, 'learning_rate': 0.6177445014677833, 'max_depth': 3, 'min_child_weight': 6}. Best is trial 1273 with value: 7.5236404426698495.
[I 2026-03-16 13:24:19,783] Trial 1289 finished with value: 7.218319108281369 and parameters: {'n_estimators': 266, 'lambda': 0.00016603455702727477, 'subsample': 0.9831041691725934, 'colsample_bytree': 0.8986948961579003, 'learning_rate': 0.6199711448559484, 'max_depth': 3, 'min_child_weight': 6}. Best is trial 1273 with value: 7.5236404426698495.
[I 2026-03-16 13:24:19,787] Trial 1292 finished with value: 7.170102115826124 and parameters: {'n_estimators': 230, 'lambda': 0.0008693645567705903, 'subsample': 0.9835653194013497, 'colsample_bytree': 0.8889845487454209, 'learning_rate': 0.618941592697445, 'max_depth': 3, 'min_child_weight': 6}. Best is trial 1273 with value: 7.5236404426698495.
[I 2026-03-16 13:25:16,104] Trial 1294 finished with value: 7.284065525197179 and parameters: {'n_estimators': 231, 'lambda': 0.0008839728106097027, 'subsample': 0.9313129988844173, 'colsample_bytree': 0.865283443783428, 'learning_rate': 0.6119304276406734, 'max_depth': 3, 'min_child_weight': 6}. Best is trial 1273 with value: 7.5236404426698495.
[I 2026-03-16 13:25:17,888] Trial 1293 finished with value: 7.361287831167931 and parameters: {'n_estimators': 259, 'lambda': 0.00014993069530569317, 'subsample': 0.9323389275905642, 'colsample_bytree': 0.864943927686124, 'learning_rate': 0.6187162082468648, 'max_depth': 3, 'min_child_weight': 6}. Best is trial 1273 with value: 7.5236404426698495.
[I 2026-03-16 13:25:23,840] Trial 1295 finished with value: 7.172982995552273 and parameters: {'n_estimators': 256, 'lambda': 0.00013581095482854036, 'subsample': 0.9321134459157384, 'colsample_bytree': 0.8640712696174193, 'learning_rate': 0.6200176649865962, 'max_depth': 3, 'min_child_weight': 6}. Best is trial 1273 with value: 7.5236404426698495.
[I 2026-03-16 13:25:34,747] Trial 1296 finished with value: 7.310328399536088 and parameters: {'n_estimators': 258, 'lambda': 0.00013208735185405693, 'subsample': 0.9312036830993898, 'colsample_bytree': 0.8689766982243896, 'learning_rate': 0.6255091145672745, 'max_depth': 3, 'min_child_weight': 6}. Best is trial 1273 with value: 7.5236404426698495.
[I 2026-03-16 13:25:34,761] Trial 1298 finished with value: 7.232679071155685 and parameters: {'n_estimators': 260, 'lambda': 0.0009372517090312329, 'subsample': 0.9324474681978385, 'colsample_bytree': 0.8671733802149084, 'learning_rate': 0.6340534716231229, 'max_depth': 3, 'min_child_weight': 6}. Best is trial 1273 with value: 7.5236404426698495.
[I 2026-03-16 13:25:35,595] Trial 1297 finished with value: 7.16719873041143 and parameters: {'n_estimators': 257, 'lambda': 0.0009431151576037183, 'subsample': 0.9277362720060884, 'colsample_bytree': 0.8670133696292582, 'learning_rate': 0.6363275691444639, 'max_depth': 3, 'min_child_weight': 6}. Best is trial 1273 with value: 7.5236404426698495.
[I 2026-03-16 13:26:24,846] Trial 1300 finished with value: 7.2252789051974915 and parameters: {'n_estimators': 248, 'lambda': 0.0006982868496010638, 'subsample': 0.9655955990930851, 'colsample_bytree': 0.915106298631854, 'learning_rate': 0.6365147610797632, 'max_depth': 3, 'min_child_weight': 6}. Best is trial 1273 with value: 7.5236404426698495.
[I 2026-03-16 13:26:27,996] Trial 1299 finished with value: 7.189788561111215 and parameters: {'n_estimators': 265, 'lambda': 0.0009278825839014101, 'subsample': 0.967560778933156, 'colsample_bytree': 0.9271990423369716, 'learning_rate': 0.6295883385544003, 'max_depth': 3, 'min_child_weight': 6}. Best is trial 1273 with value: 7.5236404426698495.
[I 2026-03-16 13:26:43,509] Trial 1301 finished with value: 7.161413882668303 and parameters: {'n_estimators': 294, 'lambda': 0.000639039369854002, 'subsample': 0.96782561725105, 'colsample_bytree': 0.9114474162070478, 'learning_rate': 0.6443579101397969, 'max_depth': 3, 'min_child_weight': 6}. Best is trial 1273 with value: 7.5236404426698495.
[I 2026-03-16 13:26:57,874] Trial 1304 finished with value: 7.123941766164508 and parameters: {'n_estimators': 283, 'lambda': 0.0006407032533588062, 'subsample': 0.964113149509314, 'colsample_bytree': 0.9131824283254285, 'learning_rate': 0.6475512035060781, 'max_depth': 3, 'min_child_weight': 6}. Best is trial 1273 with value: 7.5236404426698495.
[I 2026-03-16 13:27:03,753] Trial 1302 finished with value: 7.278696264164046 and parameters: {'n_estimators': 284, 'lambda': 0.000549684501010989, 'subsample': 0.965144488746001, 'colsample_bytree': 0.9274081355215749, 'learning_rate': 0.6473644875058723, 'max_depth': 3, 'min_child_weight': 6}. Best is trial 1273 with value: 7.5236404426698495.
[I 2026-03-16 13:27:04,203] Trial 1303 finished with value: 7.1756394145711395 and parameters: {'n_estimators': 281, 'lambda': 0.0006448029542182004, 'subsample': 0.969652499026763, 'colsample_bytree': 0.9204933848539226, 'learning_rate': 0.6434344859184973, 'max_depth': 3, 'min_child_weight': 6}. Best is trial 1273 with value: 7.5236404426698495.
[I 2026-03-16 13:27:20,016] Trial 1305 finished with value: 7.197772746083876 and parameters: {'n_estimators': 209, 'lambda': 0.0005833003056932142, 'subsample': 0.9673184657450279, 'colsample_bytree': 0.9340240467783818, 'learning_rate': 0.604114007330171, 'max_depth': 3, 'min_child_weight': 7}. Best is trial 1273 with value: 7.5236404426698495.
[I 2026-03-16 13:27:26,228] Trial 1306 finished with value: 7.429354584896762 and parameters: {'n_estimators': 212, 'lambda': 0.0005800068655005655, 'subsample': 0.9681493818369366, 'colsample_bytree': 0.9199169538377705, 'learning_rate': 0.6073693830307547, 'max_depth': 3, 'min_child_weight': 6}. Best is trial 1273 with value: 7.5236404426698495.
[I 2026-03-16 13:28:16,646] Trial 1307 finished with value: 7.1710383723848174 and parameters: {'n_estimators': 368, 'lambda': 0.0005488593874419736, 'subsample': 0.9619102921194779, 'colsample_bytree': 0.8807001837726888, 'learning_rate': 0.6051119187318321, 'max_depth': 3, 'min_child_weight': 7}. Best is trial 1273 with value: 7.5236404426698495.
[I 2026-03-16 13:28:28,923] Trial 1312 finished with value: 7.191090926551408 and parameters: {'n_estimators': 196, 'lambda': 0.00023661236254240544, 'subsample': 0.9974458127883701, 'colsample_bytree': 0.9297680982525021, 'learning_rate': 0.604954480798734, 'max_depth': 3, 'min_child_weight': 6}. Best is trial 1273 with value: 7.5236404426698495.
[I 2026-03-16 13:28:42,082] Trial 1308 finished with value: 7.217845874839481 and parameters: {'n_estimators': 368, 'lambda': 0.0004350003548010834, 'subsample': 0.9556435376099068, 'colsample_bytree': 0.880744776301107, 'learning_rate': 0.608460785720666, 'max_depth': 3, 'min_child_weight': 7}. Best is trial 1273 with value: 7.5236404426698495.
[I 2026-03-16 13:28:43,699] Trial 1310 finished with value: 7.192477718435235 and parameters: {'n_estimators': 368, 'lambda': 0.00023591311806276757, 'subsample': 0.99902776571815, 'colsample_bytree': 0.885749589533263, 'learning_rate': 0.6046769100126527, 'max_depth': 3, 'min_child_weight': 7}. Best is trial 1273 with value: 7.5236404426698495.
[I 2026-03-16 13:28:44,017] Trial 1309 finished with value: 7.229365659120487 and parameters: {'n_estimators': 367, 'lambda': 0.00022967663422752198, 'subsample': 0.9492263219835279, 'colsample_bytree': 0.8556228729454016, 'learning_rate': 0.6048879494329317, 'max_depth': 3, 'min_child_weight': 6}. Best is trial 1273 with value: 7.5236404426698495.
[I 2026-03-16 13:28:56,428] Trial 1311 finished with value: 7.262332616117019 and parameters: {'n_estimators': 307, 'lambda': 0.0002513999263966644, 'subsample': 0.9992006785074127, 'colsample_bytree': 0.8808958237228115, 'learning_rate': 0.6078513327983314, 'max_depth': 3, 'min_child_weight': 6}. Best is trial 1273 with value: 7.5236404426698495.
[I 2026-03-16 13:29:10,200] Trial 1313 finished with value: 7.15797946097042 and parameters: {'n_estimators': 183, 'lambda': 0.00024645731092032427, 'subsample': 0.9994137156093246, 'colsample_bytree': 0.9531356924169104, 'learning_rate': 0.6120439158848612, 'max_depth': 3, 'min_child_weight': 6}. Best is trial 1273 with value: 7.5236404426698495.
[I 2026-03-16 13:29:25,802] Trial 1314 finished with value: 7.330271960808007 and parameters: {'n_estimators': 221, 'lambda': 0.0003537959438633603, 'subsample': 0.9868507011169151, 'colsample_bytree': 0.9376084960222032, 'learning_rate': 0.6057206414507621, 'max_depth': 3, 'min_child_weight': 6}. Best is trial 1273 with value: 7.5236404426698495.
[I 2026-03-16 13:29:49,127] Trial 1315 finished with value: 7.171151614886801 and parameters: {'n_estimators': 210, 'lambda': 0.00024338656449608028, 'subsample': 0.9992211197212572, 'colsample_bytree': 0.9410275600001208, 'learning_rate': 0.6115245016741233, 'max_depth': 3, 'min_child_weight': 6}. Best is trial 1273 with value: 7.5236404426698495.
[I 2026-03-16 13:29:49,141] Trial 1316 finished with value: 7.256658568895965 and parameters: {'n_estimators': 207, 'lambda': 0.00037471359749641404, 'subsample': 0.9790016765915939, 'colsample_bytree': 0.9339758176426441, 'learning_rate': 0.5950223426933716, 'max_depth': 3, 'min_child_weight': 6}. Best is trial 1273 with value: 7.5236404426698495.
[I 2026-03-16 13:29:49,651] Trial 1317 finished with value: 7.32408893120079 and parameters: {'n_estimators': 201, 'lambda': 0.0003753699958944159, 'subsample': 0.9772090772363948, 'colsample_bytree': 0.9090885706025501, 'learning_rate': 0.6213486856777884, 'max_depth': 3, 'min_child_weight': 6}. Best is trial 1273 with value: 7.5236404426698495.
[I 2026-03-16 13:29:54,686] Trial 1319 finished with value: 7.151137673673252 and parameters: {'n_estimators': 182, 'lambda': 0.00038930559938928, 'subsample': 0.9775694137304961, 'colsample_bytree': 0.9248762060447524, 'learning_rate': 0.6234213268421915, 'max_depth': 3, 'min_child_weight': 6}. Best is trial 1273 with value: 7.5236404426698495.
[I 2026-03-16 13:29:55,859] Trial 1318 finished with value: 7.332666784307918 and parameters: {'n_estimators': 213, 'lambda': 0.00034187342845729316, 'subsample': 0.977941993137739, 'colsample_bytree': 0.9111329736115275, 'learning_rate': 0.6224321293022126, 'max_depth': 3, 'min_child_weight': 6}. Best is trial 1273 with value: 7.5236404426698495.
[I 2026-03-16 13:30:16,638] Trial 1320 finished with value: 7.1430547477333075 and parameters: {'n_estimators': 215, 'lambda': 0.0003583430298474773, 'subsample': 0.9761834899710442, 'colsample_bytree': 0.9111716090852695, 'learning_rate': 0.6262798233905958, 'max_depth': 3, 'min_child_weight': 6}. Best is trial 1273 with value: 7.5236404426698495.
[I 2026-03-16 13:30:45,549] Trial 1325 finished with value: 7.229145502058424 and parameters: {'n_estimators': 170, 'lambda': 0.00045658937595200464, 'subsample': 0.9105874151928346, 'colsample_bytree': 0.8987256382939799, 'learning_rate': 0.5908957635128665, 'max_depth': 3, 'min_child_weight': 5}. Best is trial 1273 with value: 7.5236404426698495.
[I 2026-03-16 13:30:53,955] Trial 1323 finished with value: 7.131350530803923 and parameters: {'n_estimators': 218, 'lambda': 0.0004958728556555521, 'subsample': 0.949350690656202, 'colsample_bytree': 0.9085561394223465, 'learning_rate': 0.588528172402925, 'max_depth': 3, 'min_child_weight': 6}. Best is trial 1273 with value: 7.5236404426698495.
[I 2026-03-16 13:30:56,324] Trial 1322 finished with value: 7.178540432618465 and parameters: {'n_estimators': 237, 'lambda': 0.0004277706736070872, 'subsample': 0.9090108779283067, 'colsample_bytree': 0.9179801282770739, 'learning_rate': 0.5914107948782039, 'max_depth': 3, 'min_child_weight': 6}. Best is trial 1273 with value: 7.5236404426698495.
[I 2026-03-16 13:30:58,246] Trial 1321 finished with value: 7.228967740603393 and parameters: {'n_estimators': 237, 'lambda': 0.00046849818064972773, 'subsample': 0.9113256012604087, 'colsample_bytree': 0.9244424714691694, 'learning_rate': 0.5895389497690212, 'max_depth': 3, 'min_child_weight': 6}. Best is trial 1273 with value: 7.5236404426698495.
[I 2026-03-16 13:31:01,072] Trial 1324 finished with value: 7.189500320582544 and parameters: {'n_estimators': 237, 'lambda': 0.0004753644750580261, 'subsample': 0.9104182084473591, 'colsample_bytree': 0.9033461538653906, 'learning_rate': 0.5914953319374708, 'max_depth': 3, 'min_child_weight': 6}. Best is trial 1273 with value: 7.5236404426698495.
[I 2026-03-16 13:31:09,843] Trial 1326 finished with value: 7.185006944979426 and parameters: {'n_estimators': 174, 'lambda': 0.0005073406463237439, 'subsample': 0.9068554671852944, 'colsample_bytree': 0.9001630282500097, 'learning_rate': 0.5895353003005356, 'max_depth': 3, 'min_child_weight': 5}. Best is trial 1273 with value: 7.5236404426698495.
[I 2026-03-16 13:31:50,276] Trial 1330 finished with value: 7.211614914013376 and parameters: {'n_estimators': 173, 'lambda': 0.0008367399658311368, 'subsample': 0.9492155396979658, 'colsample_bytree': 0.8776278944998117, 'learning_rate': 0.63513970163312, 'max_depth': 3, 'min_child_weight': 6}. Best is trial 1273 with value: 7.5236404426698495.
[I 2026-03-16 13:31:51,385] Trial 1327 finished with value: 7.13259823631585 and parameters: {'n_estimators': 232, 'lambda': 0.0007510546568333563, 'subsample': 0.9481985637271975, 'colsample_bytree': 0.8926258134931924, 'learning_rate': 0.5896329299940004, 'max_depth': 3, 'min_child_weight': 6}. Best is trial 1273 with value: 7.5236404426698495.
[I 2026-03-16 13:32:04,566] Trial 1331 finished with value: 7.03115122654941 and parameters: {'n_estimators': 229, 'lambda': 0.0007591767384312212, 'subsample': 0.871774952894524, 'colsample_bytree': 0.9539154023039456, 'learning_rate': 0.6368915841311764, 'max_depth': 3, 'min_child_weight': 6}. Best is trial 1273 with value: 7.5236404426698495.
[I 2026-03-16 13:32:07,735] Trial 1329 finished with value: 7.252320221042868 and parameters: {'n_estimators': 234, 'lambda': 0.000959799004919134, 'subsample': 0.9519691374839011, 'colsample_bytree': 0.9500249764618186, 'learning_rate': 0.6365088017872486, 'max_depth': 3, 'min_child_weight': 6}. Best is trial 1273 with value: 7.5236404426698495.
[I 2026-03-16 13:32:08,504] Trial 1332 finished with value: 7.1820310759470205 and parameters: {'n_estimators': 189, 'lambda': 0.0007989040560511904, 'subsample': 0.9500535184525224, 'colsample_bytree': 0.9480333459748334, 'learning_rate': 0.6281066335135569, 'max_depth': 3, 'min_child_weight': 6}. Best is trial 1273 with value: 7.5236404426698495.
[I 2026-03-16 13:32:17,001] Trial 1328 finished with value: 7.158829804941655 and parameters: {'n_estimators': 335, 'lambda': 0.0008146369471251277, 'subsample': 0.9491416626120145, 'colsample_bytree': 0.8915109530150546, 'learning_rate': 0.5894505003605514, 'max_depth': 3, 'min_child_weight': 6}. Best is trial 1273 with value: 7.5236404426698495.
[I 2026-03-16 13:33:20,564] Trial 1333 finished with value: 7.300272513439947 and parameters: {'n_estimators': 343, 'lambda': 0.0011383604467529325, 'subsample': 0.9756663982072674, 'colsample_bytree': 0.9442548089321763, 'learning_rate': 0.6138661829284489, 'max_depth': 3, 'min_child_weight': 6}. Best is trial 1273 with value: 7.5236404426698495.
[I 2026-03-16 13:33:20,596] Trial 1334 finished with value: 7.186245088234461 and parameters: {'n_estimators': 336, 'lambda': 0.0010201846973085498, 'subsample': 0.9720129725962899, 'colsample_bytree': 0.8587580910929322, 'learning_rate': 0.6138732518888008, 'max_depth': 3, 'min_child_weight': 6}. Best is trial 1273 with value: 7.5236404426698495.
[I 2026-03-16 13:33:50,375] Trial 1336 finished with value: 7.373391259756474 and parameters: {'n_estimators': 337, 'lambda': 0.011741045895408572, 'subsample': 0.971947255965998, 'colsample_bytree': 0.8580372309638756, 'learning_rate': 0.6618690114090771, 'max_depth': 3, 'min_child_weight': 6}. Best is trial 1273 with value: 7.5236404426698495.
[I 2026-03-16 13:33:52,548] Trial 1337 finished with value: 7.339692447244645 and parameters: {'n_estimators': 339, 'lambda': 0.001148690019503733, 'subsample': 0.9781046391253622, 'colsample_bytree': 0.858880267182114, 'learning_rate': 0.6126367737956335, 'max_depth': 3, 'min_child_weight': 6}. Best is trial 1273 with value: 7.5236404426698495.
[I 2026-03-16 13:33:53,023] Trial 1338 finished with value: 7.318440224870871 and parameters: {'n_estimators': 332, 'lambda': 0.011099569212700423, 'subsample': 0.9746850620690806, 'colsample_bytree': 0.8592130004896688, 'learning_rate': 0.6619768231807976, 'max_depth': 3, 'min_child_weight': 6}. Best is trial 1273 with value: 7.5236404426698495.
[I 2026-03-16 13:33:53,391] Trial 1335 finished with value: 7.293997402933867 and parameters: {'n_estimators': 341, 'lambda': 0.011431743076454061, 'subsample': 0.9730859055925455, 'colsample_bytree': 0.8593919506742093, 'learning_rate': 0.6126494622676522, 'max_depth': 3, 'min_child_weight': 6}. Best is trial 1273 with value: 7.5236404426698495.
[I 2026-03-16 13:34:46,240] Trial 1339 finished with value: 7.199079989344726 and parameters: {'n_estimators': 354, 'lambda': 0.000597479493737815, 'subsample': 0.9852024824023758, 'colsample_bytree': 0.8773863449926323, 'learning_rate': 0.6567853095401419, 'max_depth': 3, 'min_child_weight': 6}. Best is trial 1273 with value: 7.5236404426698495.
[I 2026-03-16 13:34:49,219] Trial 1340 finished with value: 7.225058009053389 and parameters: {'n_estimators': 357, 'lambda': 0.00132328934957737, 'subsample': 0.987133052978012, 'colsample_bytree': 0.8773061650543353, 'learning_rate': 0.5995874504590496, 'max_depth': 3, 'min_child_weight': 6}. Best is trial 1273 with value: 7.5236404426698495.
[I 2026-03-16 13:35:24,577] Trial 1341 finished with value: 7.240024522221046 and parameters: {'n_estimators': 316, 'lambda': 0.010192833970063809, 'subsample': 0.9335219365377119, 'colsample_bytree': 0.8583441625211797, 'learning_rate': 0.5736530626829156, 'max_depth': 3, 'min_child_weight': 6}. Best is trial 1273 with value: 7.5236404426698495.
[I 2026-03-16 13:35:24,591] Trial 1342 finished with value: 7.228499533989731 and parameters: {'n_estimators': 309, 'lambda': 0.009304785329295776, 'subsample': 0.9302570649911048, 'colsample_bytree': 0.8719748130155714, 'learning_rate': 0.6619455822104477, 'max_depth': 3, 'min_child_weight': 6}. Best is trial 1273 with value: 7.5236404426698495.
[I 2026-03-16 13:35:34,754] Trial 1344 finished with value: 7.26302018738637 and parameters: {'n_estimators': 358, 'lambda': 0.013313788376775397, 'subsample': 0.9316513480592111, 'colsample_bytree': 0.8721691297004982, 'learning_rate': 0.6620566848407219, 'max_depth': 3, 'min_child_weight': 6}. Best is trial 1273 with value: 7.5236404426698495.
[I 2026-03-16 13:35:38,359] Trial 1343 finished with value: 7.108827263063974 and parameters: {'n_estimators': 363, 'lambda': 0.014103867332862324, 'subsample': 0.9351447152519773, 'colsample_bytree': 0.8714437287397034, 'learning_rate': 0.6652066276036536, 'max_depth': 3, 'min_child_weight': 6}. Best is trial 1273 with value: 7.5236404426698495.
[I 2026-03-16 13:36:15,133] Trial 1345 finished with value: 7.173118085026637 and parameters: {'n_estimators': 315, 'lambda': 0.02144557127246747, 'subsample': 0.9296790072416145, 'colsample_bytree': 0.8726235493427829, 'learning_rate': 0.6570624850000242, 'max_depth': 3, 'min_child_weight': 6}. Best is trial 1273 with value: 7.5236404426698495.
[I 2026-03-16 13:36:18,596] Trial 1346 finished with value: 7.29561244485853 and parameters: {'n_estimators': 311, 'lambda': 0.009765610790913445, 'subsample': 0.9301229825334499, 'colsample_bytree': 0.8471685213347735, 'learning_rate': 0.6710128841342065, 'max_depth': 3, 'min_child_weight': 6}. Best is trial 1273 with value: 7.5236404426698495.
[I 2026-03-16 13:37:08,762] Trial 1347 finished with value: 7.147899076875424 and parameters: {'n_estimators': 379, 'lambda': 0.013894636681146905, 'subsample': 0.9609685379486402, 'colsample_bytree': 0.8505911540921098, 'learning_rate': 0.6687347258028772, 'max_depth': 3, 'min_child_weight': 6}. Best is trial 1273 with value: 7.5236404426698495.
[I 2026-03-16 13:37:11,047] Trial 1348 finished with value: 7.360480535740415 and parameters: {'n_estimators': 373, 'lambda': 0.006658506304193809, 'subsample': 0.9628870886806912, 'colsample_bytree': 0.8497070409346472, 'learning_rate': 0.6651804115409297, 'max_depth': 3, 'min_child_weight': 6}. Best is trial 1273 with value: 7.5236404426698495.
[I 2026-03-16 13:37:18,751] Trial 1350 finished with value: 7.269323111079182 and parameters: {'n_estimators': 377, 'lambda': 0.00634189472620359, 'subsample': 0.9597511884519698, 'colsample_bytree': 0.8470930096184079, 'learning_rate': 0.6676877797824655, 'max_depth': 3, 'min_child_weight': 6}. Best is trial 1273 with value: 7.5236404426698495.
[I 2026-03-16 13:37:19,654] Trial 1349 finished with value: 7.179958862504011 and parameters: {'n_estimators': 384, 'lambda': 0.00018012681270050386, 'subsample': 0.9626665271089182, 'colsample_bytree': 0.8449759707570322, 'learning_rate': 0.6663175351598217, 'max_depth': 3, 'min_child_weight': 6}. Best is trial 1273 with value: 7.5236404426698495.
[I 2026-03-16 13:37:22,667] Trial 1351 finished with value: 7.306550293881516 and parameters: {'n_estimators': 246, 'lambda': 0.01337144943823317, 'subsample': 0.9596456135955391, 'colsample_bytree': 0.8441826597810825, 'learning_rate': 0.5751062067463537, 'max_depth': 3, 'min_child_weight': 6}. Best is trial 1273 with value: 7.5236404426698495.
