[I 2026-03-16 22:36:04,616] Trial 184 finished with value: 4.725452194215142 and parameters: {'n_estimators': 446, 'lambda': 0.00015229531386344813, 'subsample': 0.8545234279876788, 'colsample_bytree': 0.464394709845362, 'learning_rate': 0.04510964848856172, 'max_depth': 5, 'min_child_weight': 10}. Best is trial 164 with value: 5.065580341986379.
[I 2026-03-16 22:36:17,411] Trial 185 finished with value: 4.705441188614795 and parameters: {'n_estimators': 473, 'lambda': 0.6231807852782167, 'subsample': 0.8096895558660779, 'colsample_bytree': 0.46258113862293176, 'learning_rate': 0.0460415951233422, 'max_depth': 5, 'min_child_weight': 10}. Best is trial 164 with value: 5.065580341986379.
[I 2026-03-16 22:36:35,904] Trial 190 finished with value: 4.687042672667896 and parameters: {'n_estimators': 266, 'lambda': 3.938942921133875e-05, 'subsample': 0.9700061540096944, 'colsample_bytree': 0.6140362717789717, 'learning_rate': 0.06622878642816578, 'max_depth': 5, 'min_child_weight': 10}. Best is trial 164 with value: 5.065580341986379.
[I 2026-03-16 22:36:43,962] Trial 191 finished with value: 4.66258594797531 and parameters: {'n_estimators': 289, 'lambda': 3.940982350539212e-05, 'subsample': 0.9861239931885035, 'colsample_bytree': 0.6606053004890979, 'learning_rate': 0.08516591599466412, 'max_depth': 5, 'min_child_weight': 10}. Best is trial 164 with value: 5.065580341986379.
[I 2026-03-16 22:37:30,451] Trial 192 finished with value: 4.81189667924451 and parameters: {'n_estimators': 471, 'lambda': 0.00019821125538856327, 'subsample': 0.9998526939974391, 'colsample_bytree': 0.20018388674968904, 'learning_rate': 0.08585596654255304, 'max_depth': 5, 'min_child_weight': 10}. Best is trial 164 with value: 5.065580341986379.
[I 2026-03-16 22:37:41,372] Trial 193 finished with value: 4.8947799350948 and parameters: {'n_estimators': 462, 'lambda': 0.00019703311968971725, 'subsample': 0.9875104137686839, 'colsample_bytree': 0.32198424025577077, 'learning_rate': 0.0660710340285455, 'max_depth': 5, 'min_child_weight': 10}. Best is trial 164 with value: 5.065580341986379.
[I 2026-03-16 22:37:41,671] Trial 194 finished with value: 4.45400809469799 and parameters: {'n_estimators': 467, 'lambda': 4.432670755463819e-05, 'subsample': 0.5396211336570598, 'colsample_bytree': 0.5810443955025273, 'learning_rate': 0.06655493587319052, 'max_depth': 5, 'min_child_weight': 10}. Best is trial 164 with value: 5.065580341986379.
[I 2026-03-16 22:37:46,080] Trial 196 finished with value: 4.639931360576137 and parameters: {'n_estimators': 334, 'lambda': 0.00022119580121428742, 'subsample': 0.516291178728593, 'colsample_bytree': 0.23957904002973263, 'learning_rate': 0.08373998648527894, 'max_depth': 5, 'min_child_weight': 10}. Best is trial 164 with value: 5.065580341986379.
[I 2026-03-16 22:38:04,017] Trial 195 finished with value: 4.76393698598187 and parameters: {'n_estimators': 415, 'lambda': 4.0763806969456395e-05, 'subsample': 0.9859258938120967, 'colsample_bytree': 0.3315541769582787, 'learning_rate': 0.06620797439025464, 'max_depth': 6, 'min_child_weight': 10}. Best is trial 164 with value: 5.065580341986379.
[I 2026-03-16 22:38:21,632] Trial 197 finished with value: 4.937670867392856 and parameters: {'n_estimators': 466, 'lambda': 0.0004764269522881557, 'subsample': 0.9182684639270544, 'colsample_bytree': 0.24107650974897996, 'learning_rate': 0.06986885968637957, 'max_depth': 5, 'min_child_weight': 10}. Best is trial 164 with value: 5.065580341986379.
[I 2026-03-16 22:38:21,708] Trial 198 finished with value: 4.983653553841252 and parameters: {'n_estimators': 205, 'lambda': 0.0004298474399844948, 'subsample': 0.91829227966661, 'colsample_bytree': 0.5822689452789558, 'learning_rate': 0.0666269970440724, 'max_depth': 6, 'min_child_weight': 10}. Best is trial 164 with value: 5.065580341986379.
[I 2026-03-16 22:39:13,023] Trial 203 finished with value: 4.650137184157254 and parameters: {'n_estimators': 194, 'lambda': 7.494524908961647e-05, 'subsample': 0.942305793689881, 'colsample_bytree': 0.5445563922885487, 'learning_rate': 0.030225327914375735, 'max_depth': 6, 'min_child_weight': 10}. Best is trial 164 with value: 5.065580341986379.
[I 2026-03-16 22:39:27,735] Trial 199 finished with value: 5.060319392966096 and parameters: {'n_estimators': 513, 'lambda': 7.618602799880311e-05, 'subsample': 0.9222011487474029, 'colsample_bytree': 0.24318495309062851, 'learning_rate': 0.030186834431728163, 'max_depth': 5, 'min_child_weight': 10}. Best is trial 164 with value: 5.065580341986379.
[I 2026-03-16 22:39:33,963] Trial 201 finished with value: 4.998254967071475 and parameters: {'n_estimators': 414, 'lambda': 9.639869327217439e-05, 'subsample': 0.9174579464014293, 'colsample_bytree': 0.23820272546044455, 'learning_rate': 0.05121126402753702, 'max_depth': 6, 'min_child_weight': 10}. Best is trial 164 with value: 5.065580341986379.
[I 2026-03-16 22:39:47,675] Trial 205 finished with value: 4.9334830966885574 and parameters: {'n_estimators': 127, 'lambda': 8.835703212767488e-05, 'subsample': 0.9296088422886438, 'colsample_bytree': 0.6289720241759064, 'learning_rate': 0.05344469655235038, 'max_depth': 6, 'min_child_weight': 10}. Best is trial 164 with value: 5.065580341986379.
[I 2026-03-16 22:39:51,168] Trial 202 finished with value: 5.010210975444419 and parameters: {'n_estimators': 524, 'lambda': 0.000452989417648713, 'subsample': 0.9160473701000276, 'colsample_bytree': 0.24130916998460372, 'learning_rate': 0.051263083842199325, 'max_depth': 5, 'min_child_weight': 9}. Best is trial 164 with value: 5.065580341986379.
[I 2026-03-16 22:39:51,261] Trial 200 finished with value: 4.9826402313887375 and parameters: {'n_estimators': 514, 'lambda': 0.000460568539379001, 'subsample': 0.9226567638647002, 'colsample_bytree': 0.23988714788971724, 'learning_rate': 0.053731572581116036, 'max_depth': 6, 'min_child_weight': 10}. Best is trial 164 with value: 5.065580341986379.
[I 2026-03-16 22:40:07,828] Trial 206 finished with value: 0.0 and parameters: {'n_estimators': 184, 'lambda': 8.931564744480191e-05, 'subsample': 0.9304007298610705, 'colsample_bytree': 0.5906718565592616, 'learning_rate': 0.052007642068856455, 'max_depth': 5, 'min_child_weight': 10}. Best is trial 164 with value: 5.065580341986379.
[I 2026-03-16 22:40:30,555] Trial 204 finished with value: 4.7095695304130665 and parameters: {'n_estimators': 517, 'lambda': 8.836013467731042e-05, 'subsample': 0.9428552963291756, 'colsample_bytree': 0.5608500065806907, 'learning_rate': 0.030021457671934308, 'max_depth': 6, 'min_child_weight': 10}. Best is trial 164 with value: 5.065580341986379.
[I 2026-03-16 22:40:31,020] Trial 207 finished with value: 4.901158452195867 and parameters: {'n_estimators': 221, 'lambda': 8.377891490018314e-05, 'subsample': 0.9339823216278638, 'colsample_bytree': 0.22201532166747573, 'learning_rate': 0.05068266898429383, 'max_depth': 6, 'min_child_weight': 10}. Best is trial 164 with value: 5.065580341986379.
[I 2026-03-16 22:41:21,911] Trial 208 finished with value: 4.949423865928543 and parameters: {'n_estimators': 376, 'lambda': 7.491125581774973e-05, 'subsample': 0.8961022977004746, 'colsample_bytree': 0.21753084933813682, 'learning_rate': 0.04913243620013494, 'max_depth': 6, 'min_child_weight': 10}. Best is trial 164 with value: 5.065580341986379.
[I 2026-03-16 22:41:54,769] Trial 209 finished with value: 4.887131110710566 and parameters: {'n_estimators': 510, 'lambda': 0.0008998507450937866, 'subsample': 0.9124846506451622, 'colsample_bytree': 0.22240036455374942, 'learning_rate': 0.04974584464687242, 'max_depth': 6, 'min_child_weight': 10}. Best is trial 164 with value: 5.065580341986379.
[I 2026-03-16 22:42:02,373] Trial 210 finished with value: 4.963853512379028 and parameters: {'n_estimators': 524, 'lambda': 0.0004401197666962442, 'subsample': 0.915991874417512, 'colsample_bytree': 0.22180219032057302, 'learning_rate': 0.04848994375004479, 'max_depth': 6, 'min_child_weight': 10}. Best is trial 164 with value: 5.065580341986379.
[I 2026-03-16 22:42:17,871] Trial 211 finished with value: 4.314721614153027 and parameters: {'n_estimators': 524, 'lambda': 0.0004180490845255112, 'subsample': 0.9101966876685484, 'colsample_bytree': 0.22187615274425734, 'learning_rate': 0.277732394964632, 'max_depth': 6, 'min_child_weight': 10}. Best is trial 164 with value: 5.065580341986379.
[I 2026-03-16 22:42:40,666] Trial 212 finished with value: 4.917029346904839 and parameters: {'n_estimators': 543, 'lambda': 0.0009583083713159198, 'subsample': 0.9103756993518248, 'colsample_bytree': 0.21774001364535273, 'learning_rate': 0.05021751695870702, 'max_depth': 6, 'min_child_weight': 10}. Best is trial 164 with value: 5.065580341986379.
[I 2026-03-16 22:42:47,300] Trial 213 finished with value: 4.7325606551899995 and parameters: {'n_estimators': 554, 'lambda': 0.0003759970880762896, 'subsample': 0.9099400909532822, 'colsample_bytree': 0.21636127551096448, 'learning_rate': 0.05915502801145506, 'max_depth': 6, 'min_child_weight': 10}. Best is trial 164 with value: 5.065580341986379.
[I 2026-03-16 22:43:35,878] Trial 214 finished with value: 4.881513186174347 and parameters: {'n_estimators': 553, 'lambda': 0.0008403104302100989, 'subsample': 0.9138853881125815, 'colsample_bytree': 0.23870418799437765, 'learning_rate': 0.05848735062947942, 'max_depth': 6, 'min_child_weight': 10}. Best is trial 164 with value: 5.065580341986379.
[I 2026-03-16 22:44:07,790] Trial 215 finished with value: 4.457543421596941 and parameters: {'n_estimators': 561, 'lambda': 0.0004498846470078769, 'subsample': 0.9143289242839582, 'colsample_bytree': 0.24151761386478998, 'learning_rate': 0.2819651537462933, 'max_depth': 6, 'min_child_weight': 9}. Best is trial 164 with value: 5.065580341986379.
[I 2026-03-16 22:44:20,450] Trial 216 finished with value: 4.842036291282821 and parameters: {'n_estimators': 564, 'lambda': 0.0007483879731242318, 'subsample': 0.9233205005431623, 'colsample_bytree': 0.23957157931237144, 'learning_rate': 0.060755376409543795, 'max_depth': 6, 'min_child_weight': 9}. Best is trial 164 with value: 5.065580341986379.
[I 2026-03-16 22:44:35,538] Trial 217 finished with value: 4.954676693093308 and parameters: {'n_estimators': 564, 'lambda': 0.0006856801943670416, 'subsample': 0.9197486092838134, 'colsample_bytree': 0.23678513941369705, 'learning_rate': 0.058532947553823114, 'max_depth': 6, 'min_child_weight': 10}. Best is trial 164 with value: 5.065580341986379.
[I 2026-03-16 22:44:57,057] Trial 218 finished with value: 4.859779336902068 and parameters: {'n_estimators': 567, 'lambda': 0.0005543171973940908, 'subsample': 0.950121240790324, 'colsample_bytree': 0.24107699542917047, 'learning_rate': 0.05966198527746081, 'max_depth': 6, 'min_child_weight': 10}. Best is trial 164 with value: 5.065580341986379.
[I 2026-03-16 22:45:09,413] Trial 219 finished with value: 4.874809343396773 and parameters: {'n_estimators': 595, 'lambda': 0.0006941714351970105, 'subsample': 0.9521140267615643, 'colsample_bytree': 0.2337728622225209, 'learning_rate': 0.06308305392698024, 'max_depth': 6, 'min_child_weight': 9}. Best is trial 164 with value: 5.065580341986379.
[I 2026-03-16 22:45:37,039] Trial 220 finished with value: 4.336977919052332 and parameters: {'n_estimators': 499, 'lambda': 0.0004881736210760396, 'subsample': 0.9567943157053417, 'colsample_bytree': 0.2802859579591662, 'learning_rate': 0.4475299533685526, 'max_depth': 6, 'min_child_weight': 9}. Best is trial 164 with value: 5.065580341986379.
[I 2026-03-16 22:46:19,698] Trial 222 finished with value: 4.7125260847356465 and parameters: {'n_estimators': 602, 'lambda': 0.15884573800631652, 'subsample': 0.9568382274621142, 'colsample_bytree': 0.27844829372069047, 'learning_rate': 0.043061856076675044, 'max_depth': 5, 'min_child_weight': 10}. Best is trial 164 with value: 5.065580341986379.
[I 2026-03-16 22:46:31,399] Trial 221 finished with value: 4.969526232563293 and parameters: {'n_estimators': 600, 'lambda': 0.00024108369053294355, 'subsample': 0.9528571574380333, 'colsample_bytree': 0.2577410244155344, 'learning_rate': 0.04204361088853302, 'max_depth': 6, 'min_child_weight': 10}. Best is trial 164 with value: 5.065580341986379.
[I 2026-03-16 22:46:36,550] Trial 223 finished with value: 4.719183103249081 and parameters: {'n_estimators': 506, 'lambda': 0.15808047904337377, 'subsample': 0.8844473304597178, 'colsample_bytree': 0.27805080268015986, 'learning_rate': 0.04210817589703822, 'max_depth': 6, 'min_child_weight': 10}. Best is trial 164 with value: 5.065580341986379.
[I 2026-03-16 22:47:08,999] Trial 225 finished with value: 4.71075335996602 and parameters: {'n_estimators': 497, 'lambda': 0.00024858516917632785, 'subsample': 0.8856582749092462, 'colsample_bytree': 0.2803802086396193, 'learning_rate': 0.0417582808669475, 'max_depth': 6, 'min_child_weight': 10}. Best is trial 164 with value: 5.065580341986379.
[I 2026-03-16 22:47:44,911] Trial 227 finished with value: 5.030486318142 and parameters: {'n_estimators': 427, 'lambda': 0.0002586529516901692, 'subsample': 0.8860175201375775, 'colsample_bytree': 0.2596350130774021, 'learning_rate': 0.030050505797372343, 'max_depth': 5, 'min_child_weight': 10}. Best is trial 164 with value: 5.065580341986379.
[I 2026-03-16 22:48:09,058] Trial 226 finished with value: 4.734272322513671 and parameters: {'n_estimators': 501, 'lambda': 0.164644913786605, 'subsample': 0.8843703676932032, 'colsample_bytree': 0.25977360600212307, 'learning_rate': 0.04072881151975647, 'max_depth': 7, 'min_child_weight': 10}. Best is trial 164 with value: 5.065580341986379.
[I 2026-03-16 22:48:37,556] Trial 228 finished with value: 4.739099741171316 and parameters: {'n_estimators': 533, 'lambda': 0.00025357353072766455, 'subsample': 0.8828287540815077, 'colsample_bytree': 0.26287886541473987, 'learning_rate': 0.03057530383952777, 'max_depth': 6, 'min_child_weight': 10}. Best is trial 164 with value: 5.065580341986379.
[I 2026-03-16 22:48:44,483] Trial 229 finished with value: 5.038122727797315 and parameters: {'n_estimators': 530, 'lambda': 0.00021240368035027417, 'subsample': 0.9290183448081476, 'colsample_bytree': 0.25463533209876, 'learning_rate': 0.03073295414558774, 'max_depth': 6, 'min_child_weight': 10}. Best is trial 164 with value: 5.065580341986379.
[I 2026-03-16 22:49:25,513] Trial 224 finished with value: 0.0 and parameters: {'n_estimators': 510, 'lambda': 0.00023810017118457944, 'subsample': 0.8881094562329337, 'colsample_bytree': 0.27398113160031107, 'learning_rate': 0.040902814163938025, 'max_depth': 9, 'min_child_weight': 9}. Best is trial 164 with value: 5.065580341986379.
[I 2026-03-16 22:49:49,407] Trial 230 finished with value: 4.787024345156318 and parameters: {'n_estimators': 532, 'lambda': 0.00023245628272245387, 'subsample': 0.9289636277592099, 'colsample_bytree': 0.25963210369679246, 'learning_rate': 0.03958476669137297, 'max_depth': 7, 'min_child_weight': 10}. Best is trial 164 with value: 5.065580341986379.
[I 2026-03-16 22:49:54,670] Trial 231 finished with value: 4.317358427225506 and parameters: {'n_estimators': 544, 'lambda': 0.00035670428683015344, 'subsample': 0.9288591444585191, 'colsample_bytree': 0.2604031976727925, 'learning_rate': 0.20582125983292776, 'max_depth': 6, 'min_child_weight': 10}. Best is trial 164 with value: 5.065580341986379.
[I 2026-03-16 22:50:15,545] Trial 233 finished with value: 4.792845810156032 and parameters: {'n_estimators': 423, 'lambda': 0.00036793332206727116, 'subsample': 0.9309507407400736, 'colsample_bytree': 0.25466640565161747, 'learning_rate': 0.07528563198744982, 'max_depth': 6, 'min_child_weight': 10}. Best is trial 164 with value: 5.065580341986379.
[I 2026-03-16 22:50:17,701] Trial 232 finished with value: 4.697648607051654 and parameters: {'n_estimators': 531, 'lambda': 0.00026608375679604637, 'subsample': 0.928841931248503, 'colsample_bytree': 0.26888349844924264, 'learning_rate': 0.07529512033334429, 'max_depth': 6, 'min_child_weight': 10}. Best is trial 164 with value: 5.065580341986379.
[I 2026-03-16 22:50:54,742] Trial 234 finished with value: 4.734084948269816 and parameters: {'n_estimators': 539, 'lambda': 0.00023226355937337037, 'subsample': 0.9306774759462368, 'colsample_bytree': 0.26508111362643844, 'learning_rate': 0.04319751106931069, 'max_depth': 6, 'min_child_weight': 10}. Best is trial 164 with value: 5.065580341986379.
[I 2026-03-16 22:51:45,292] Trial 235 finished with value: 5.040378077918479 and parameters: {'n_estimators': 583, 'lambda': 0.0003268248529420975, 'subsample': 0.9271027583979946, 'colsample_bytree': 0.2559290905767314, 'learning_rate': 0.030616348997464238, 'max_depth': 6, 'min_child_weight': 10}. Best is trial 164 with value: 5.065580341986379.
[I 2026-03-16 22:51:46,643] Trial 237 finished with value: 4.930978632415144 and parameters: {'n_estimators': 434, 'lambda': 0.00034880387183284703, 'subsample': 0.8996062584542556, 'colsample_bytree': 0.24732915995457566, 'learning_rate': 0.05331596255712273, 'max_depth': 6, 'min_child_weight': 10}. Best is trial 164 with value: 5.065580341986379.
[I 2026-03-16 22:52:21,226] Trial 239 finished with value: 4.681541081142816 and parameters: {'n_estimators': 588, 'lambda': 0.00040471014466616936, 'subsample': 0.8976846503088421, 'colsample_bytree': 0.24278805394587433, 'learning_rate': 0.030786660278778674, 'max_depth': 5, 'min_child_weight': 10}. Best is trial 164 with value: 5.065580341986379.
[I 2026-03-16 22:52:30,576] Trial 236 finished with value: 4.91461677268281 and parameters: {'n_estimators': 644, 'lambda': 0.0003383043788726644, 'subsample': 0.9294046841049332, 'colsample_bytree': 0.2519788012929312, 'learning_rate': 0.052344905073161925, 'max_depth': 6, 'min_child_weight': 10}. Best is trial 164 with value: 5.065580341986379.
[I 2026-03-16 22:52:39,062] Trial 238 finished with value: 4.6808023381000226 and parameters: {'n_estimators': 586, 'lambda': 0.00018666882650499768, 'subsample': 0.9024880439715502, 'colsample_bytree': 0.9188134796458132, 'learning_rate': 0.054366397749000296, 'max_depth': 6, 'min_child_weight': 10}. Best is trial 164 with value: 5.065580341986379.
[I 2026-03-16 22:52:56,769] Trial 240 finished with value: 4.9305146900384 and parameters: {'n_estimators': 590, 'lambda': 0.00011760242583998655, 'subsample': 0.8995451713211173, 'colsample_bytree': 0.2368328181260249, 'learning_rate': 0.05510953011085837, 'max_depth': 5, 'min_child_weight': 10}. Best is trial 164 with value: 5.065580341986379.
[I 2026-03-16 22:54:10,980] Trial 241 finished with value: 5.0504093910129555 and parameters: {'n_estimators': 591, 'lambda': 0.0004959587660109772, 'subsample': 0.8992019878615515, 'colsample_bytree': 0.2368858472709365, 'learning_rate': 0.0317277179422541, 'max_depth': 6, 'min_child_weight': 10}. Best is trial 164 with value: 5.065580341986379.
[I 2026-03-16 22:54:20,016] Trial 242 finished with value: 4.9936687134718705 and parameters: {'n_estimators': 591, 'lambda': 0.0004555393881456632, 'subsample': 0.9037569662675055, 'colsample_bytree': 0.2328223950256193, 'learning_rate': 0.03029698630501511, 'max_depth': 6, 'min_child_weight': 10}. Best is trial 164 with value: 5.065580341986379.
[I 2026-03-16 22:55:02,508] Trial 244 finished with value: 5.031507478067593 and parameters: {'n_estimators': 608, 'lambda': 0.00016570143928522167, 'subsample': 0.8681155061106692, 'colsample_bytree': 0.23531466932172157, 'learning_rate': 0.030424150906635673, 'max_depth': 6, 'min_child_weight': 10}. Best is trial 164 with value: 5.065580341986379.
[I 2026-03-16 22:55:03,315] Trial 243 finished with value: 4.95948302923501 and parameters: {'n_estimators': 632, 'lambda': 0.0001684467347548638, 'subsample': 0.9132461913962917, 'colsample_bytree': 0.23218330268183213, 'learning_rate': 0.050172975814922006, 'max_depth': 6, 'min_child_weight': 10}. Best is trial 164 with value: 5.065580341986379.
[I 2026-03-16 22:55:05,032] Trial 245 finished with value: 4.923834023697726 and parameters: {'n_estimators': 599, 'lambda': 0.00013041345874289232, 'subsample': 0.9436250291430324, 'colsample_bytree': 0.23395549877106045, 'learning_rate': 0.0416698430549283, 'max_depth': 6, 'min_child_weight': 10}. Best is trial 164 with value: 5.065580341986379.
[I 2026-03-16 22:55:26,526] Trial 246 finished with value: 5.0683463117799405 and parameters: {'n_estimators': 604, 'lambda': 0.0006145861984382113, 'subsample': 0.9444581913924518, 'colsample_bytree': 0.2286109334678051, 'learning_rate': 0.031689913650111624, 'max_depth': 6, 'min_child_weight': 10}. Best is trial 246 with value: 5.0683463117799405.
[I 2026-03-16 22:56:28,495] Trial 247 finished with value: 5.046907426619102 and parameters: {'n_estimators': 570, 'lambda': 0.0001746437849404658, 'subsample': 0.9166812923548627, 'colsample_bytree': 0.22728107524939734, 'learning_rate': 0.03112180166174993, 'max_depth': 6, 'min_child_weight': 10}. Best is trial 246 with value: 5.0683463117799405.
[I 2026-03-16 22:56:55,781] Trial 248 finished with value: 5.043272799257517 and parameters: {'n_estimators': 623, 'lambda': 0.0005669503963171301, 'subsample': 0.91128210522363, 'colsample_bytree': 0.2254739369102538, 'learning_rate': 0.03163687184531802, 'max_depth': 6, 'min_child_weight': 10}. Best is trial 246 with value: 5.0683463117799405.
[I 2026-03-16 22:57:38,785] Trial 251 finished with value: 4.736594391860347 and parameters: {'n_estimators': 621, 'lambda': 0.00048712847292299853, 'subsample': 0.9462190162807345, 'colsample_bytree': 0.28959806772608876, 'learning_rate': 0.03165663890394853, 'max_depth': 6, 'min_child_weight': 10}. Best is trial 246 with value: 5.0683463117799405.
[I 2026-03-16 22:57:43,471] Trial 250 finished with value: 5.046413514111864 and parameters: {'n_estimators': 595, 'lambda': 0.0005917837372906521, 'subsample': 0.8706574409810334, 'colsample_bytree': 0.22588601272961822, 'learning_rate': 0.03060500690180026, 'max_depth': 6, 'min_child_weight': 10}. Best is trial 246 with value: 5.0683463117799405.
