[I 2026-03-16 13:10:33,658] Trial 1227 finished with value: 7.194230387108215 and parameters: {'n_estimators': 325, 'lambda': 0.0009084362638648022, 'subsample': 0.9560459125050934, 'colsample_bytree': 0.9521462646454691, 'learning_rate': 0.6357632970404441, 'max_depth': 3, 'min_child_weight': 6}. Best is trial 830 with value: 7.454100209461071.
[I 2026-03-16 13:10:43,780] Trial 1228 finished with value: 7.275333106293548 and parameters: {'n_estimators': 324, 'lambda': 0.0008325330472495269, 'subsample': 0.952054083339965, 'colsample_bytree': 0.9119410353437942, 'learning_rate': 0.6347817636852469, 'max_depth': 3, 'min_child_weight': 6}. Best is trial 830 with value: 7.454100209461071.
[I 2026-03-16 13:10:52,601] Trial 1229 finished with value: 7.190287592036107 and parameters: {'n_estimators': 251, 'lambda': 0.0009227722133032422, 'subsample': 0.999795391460014, 'colsample_bytree': 0.8996605439472383, 'learning_rate': 0.6381081990063083, 'max_depth': 3, 'min_child_weight': 6}. Best is trial 830 with value: 7.454100209461071.
[I 2026-03-16 13:11:36,462] Trial 1230 finished with value: 7.178139527695988 and parameters: {'n_estimators': 355, 'lambda': 0.0009635930130637619, 'subsample': 0.9981842233653423, 'colsample_bytree': 0.9234880116294968, 'learning_rate': 0.6379885819999027, 'max_depth': 3, 'min_child_weight': 7}. Best is trial 830 with value: 7.454100209461071.
[I 2026-03-16 13:11:42,383] Trial 1231 finished with value: 7.219716189732737 and parameters: {'n_estimators': 314, 'lambda': 0.000926791896977007, 'subsample': 0.9537527593978551, 'colsample_bytree': 0.9430711788238967, 'learning_rate': 0.6394137682413349, 'max_depth': 3, 'min_child_weight': 7}. Best is trial 830 with value: 7.454100209461071.
[I 2026-03-16 13:11:45,288] Trial 1232 finished with value: 7.1368163299779255 and parameters: {'n_estimators': 316, 'lambda': 0.0009298880579609776, 'subsample': 0.9550953650281444, 'colsample_bytree': 0.9207223864228375, 'learning_rate': 0.6459749515864851, 'max_depth': 3, 'min_child_weight': 7}. Best is trial 830 with value: 7.454100209461071.
[I 2026-03-16 13:11:49,347] Trial 1233 finished with value: 7.18815053882144 and parameters: {'n_estimators': 256, 'lambda': 0.0009786792862770673, 'subsample': 0.9374890384365109, 'colsample_bytree': 0.9395557747243889, 'learning_rate': 0.6463265869446386, 'max_depth': 3, 'min_child_weight': 7}. Best is trial 830 with value: 7.454100209461071.
[I 2026-03-16 13:12:10,892] Trial 1234 finished with value: 7.1637540634562615 and parameters: {'n_estimators': 293, 'lambda': 0.0010672154630027163, 'subsample': 0.9353357043160488, 'colsample_bytree': 0.9430808528572239, 'learning_rate': 0.6537161718504244, 'max_depth': 3, 'min_child_weight': 6}. Best is trial 830 with value: 7.454100209461071.
[I 2026-03-16 13:12:12,645] Trial 1235 finished with value: 7.119397402222766 and parameters: {'n_estimators': 290, 'lambda': 0.0011520651655742545, 'subsample': 0.9397147374173126, 'colsample_bytree': 0.925738022696561, 'learning_rate': 0.6493117237500569, 'max_depth': 3, 'min_child_weight': 7}. Best is trial 830 with value: 7.454100209461071.
[I 2026-03-16 13:12:57,227] Trial 1236 finished with value: 7.14459801620975 and parameters: {'n_estimators': 292, 'lambda': 0.001089999325815122, 'subsample': 0.9358084368924503, 'colsample_bytree': 0.9451149043359992, 'learning_rate': 0.652100647985279, 'max_depth': 3, 'min_child_weight': 7}. Best is trial 830 with value: 7.454100209461071.
[I 2026-03-16 13:13:09,357] Trial 1240 finished with value: 7.172587838495678 and parameters: {'n_estimators': 205, 'lambda': 0.0005689523052629273, 'subsample': 0.9386528151194949, 'colsample_bytree': 0.9597073117150221, 'learning_rate': 0.6258283538838427, 'max_depth': 3, 'min_child_weight': 7}. Best is trial 830 with value: 7.454100209461071.
[I 2026-03-16 13:13:10,943] Trial 1239 finished with value: 7.233092294904411 and parameters: {'n_estimators': 288, 'lambda': 0.0005247655615268535, 'subsample': 0.9358007878121618, 'colsample_bytree': 0.9430228401737004, 'learning_rate': 0.653761348947486, 'max_depth': 3, 'min_child_weight': 7}. Best is trial 830 with value: 7.454100209461071.
[I 2026-03-16 13:13:15,445] Trial 1237 finished with value: 7.116221521491605 and parameters: {'n_estimators': 298, 'lambda': 0.0005157134973087118, 'subsample': 0.9432003810085614, 'colsample_bytree': 0.9411185683348219, 'learning_rate': 0.6510570676510568, 'max_depth': 3, 'min_child_weight': 7}. Best is trial 830 with value: 7.454100209461071.
[I 2026-03-16 13:13:15,927] Trial 1238 finished with value: 7.261941816015824 and parameters: {'n_estimators': 292, 'lambda': 0.0004973440554468201, 'subsample': 0.93404102082743, 'colsample_bytree': 0.9071690171310138, 'learning_rate': 0.6272926472848049, 'max_depth': 3, 'min_child_weight': 7}. Best is trial 830 with value: 7.454100209461071.
[I 2026-03-16 13:13:35,214] Trial 1241 finished with value: 7.332824873001332 and parameters: {'n_estimators': 303, 'lambda': 0.0004698754551389947, 'subsample': 0.9548002381505195, 'colsample_bytree': 0.912672104713897, 'learning_rate': 0.6265602703750164, 'max_depth': 3, 'min_child_weight': 7}. Best is trial 830 with value: 7.454100209461071.
[I 2026-03-16 13:14:26,423] Trial 1242 finished with value: 7.286893697468916 and parameters: {'n_estimators': 306, 'lambda': 0.00046343627952475036, 'subsample': 0.9573322930336603, 'colsample_bytree': 0.9212788506326773, 'learning_rate': 0.626790490947051, 'max_depth': 3, 'min_child_weight': 6}. Best is trial 830 with value: 7.454100209461071.
[I 2026-03-16 13:14:31,523] Trial 1243 finished with value: 7.178317597947174 and parameters: {'n_estimators': 305, 'lambda': 0.00043247523490139373, 'subsample': 0.9599214297564884, 'colsample_bytree': 0.9436837170247167, 'learning_rate': 0.6289987903847873, 'max_depth': 3, 'min_child_weight': 6}. Best is trial 830 with value: 7.454100209461071.
[I 2026-03-16 13:14:44,731] Trial 1244 finished with value: 7.251097437366262 and parameters: {'n_estimators': 352, 'lambda': 0.0004993679866511991, 'subsample': 0.9601115971669169, 'colsample_bytree': 0.9148626002637786, 'learning_rate': 0.6274685868455657, 'max_depth': 3, 'min_child_weight': 6}. Best is trial 830 with value: 7.454100209461071.
[I 2026-03-16 13:14:56,222] Trial 1246 finished with value: 7.241255448716363 and parameters: {'n_estimators': 348, 'lambda': 0.00046396783042507405, 'subsample': 0.9576772941159027, 'colsample_bytree': 0.9259824217810925, 'learning_rate': 0.6215181378243048, 'max_depth': 3, 'min_child_weight': 6}. Best is trial 830 with value: 7.454100209461071.
[I 2026-03-16 13:15:02,407] Trial 1245 finished with value: 7.2176551286738295 and parameters: {'n_estimators': 351, 'lambda': 0.0006899862349154675, 'subsample': 0.9593302900767473, 'colsample_bytree': 0.9103944821677648, 'learning_rate': 0.6268700734362767, 'max_depth': 3, 'min_child_weight': 6}. Best is trial 830 with value: 7.454100209461071.
[I 2026-03-16 13:15:07,940] Trial 1247 finished with value: 7.109411530080374 and parameters: {'n_estimators': 347, 'lambda': 0.0006958350621841754, 'subsample': 0.9639106761520128, 'colsample_bytree': 0.9148300712473252, 'learning_rate': 0.6253887118319643, 'max_depth': 3, 'min_child_weight': 6}. Best is trial 830 with value: 7.454100209461071.
[I 2026-03-16 13:16:09,281] Trial 1248 finished with value: 7.241922933904309 and parameters: {'n_estimators': 351, 'lambda': 0.0006626635233602167, 'subsample': 0.9687575931664737, 'colsample_bytree': 0.9137459587936665, 'learning_rate': 0.624084933398482, 'max_depth': 3, 'min_child_weight': 6}. Best is trial 830 with value: 7.454100209461071.
[I 2026-03-16 13:16:10,722] Trial 1249 finished with value: 7.13430609524795 and parameters: {'n_estimators': 348, 'lambda': 0.0006992567270586471, 'subsample': 0.9999426433446083, 'colsample_bytree': 0.917281843971037, 'learning_rate': 0.6184523900698651, 'max_depth': 3, 'min_child_weight': 6}. Best is trial 830 with value: 7.454100209461071.
[I 2026-03-16 13:16:22,511] Trial 1250 finished with value: 7.3427912526437 and parameters: {'n_estimators': 348, 'lambda': 0.0005995856238131434, 'subsample': 0.977268884876786, 'colsample_bytree': 0.9628886998569952, 'learning_rate': 0.6153643140038251, 'max_depth': 3, 'min_child_weight': 6}. Best is trial 830 with value: 7.454100209461071.
[I 2026-03-16 13:16:28,258] Trial 1251 finished with value: 7.197449670860986 and parameters: {'n_estimators': 325, 'lambda': 0.0007181299724917371, 'subsample': 0.9747486310744309, 'colsample_bytree': 0.9031337622398729, 'learning_rate': 0.6187321125398425, 'max_depth': 3, 'min_child_weight': 6}. Best is trial 830 with value: 7.454100209461071.
[I 2026-03-16 13:16:34,661] Trial 1252 finished with value: 7.29909385208684 and parameters: {'n_estimators': 323, 'lambda': 0.0007344460571040195, 'subsample': 0.9816624271216757, 'colsample_bytree': 0.9668850321962337, 'learning_rate': 0.6146898281700897, 'max_depth': 3, 'min_child_weight': 6}. Best is trial 830 with value: 7.454100209461071.
[I 2026-03-16 13:16:41,286] Trial 1253 finished with value: 7.27101293008538 and parameters: {'n_estimators': 323, 'lambda': 0.0006971981967992632, 'subsample': 0.9800115829300708, 'colsample_bytree': 0.8977409849386755, 'learning_rate': 0.6423442315479714, 'max_depth': 3, 'min_child_weight': 6}. Best is trial 830 with value: 7.454100209461071.
[I 2026-03-16 13:17:13,946] Trial 1254 finished with value: 7.153326831174137 and parameters: {'n_estimators': 232, 'lambda': 0.0010946368790507458, 'subsample': 0.9886063026313827, 'colsample_bytree': 0.9644500162965679, 'learning_rate': 0.642338145452852, 'max_depth': 3, 'min_child_weight': 6}. Best is trial 830 with value: 7.454100209461071.
[I 2026-03-16 13:17:18,734] Trial 1255 finished with value: 7.208363885174395 and parameters: {'n_estimators': 240, 'lambda': 0.0010779267079334786, 'subsample': 0.9792820385817439, 'colsample_bytree': 0.9610295199244914, 'learning_rate': 0.6417868174202448, 'max_depth': 3, 'min_child_weight': 6}. Best is trial 830 with value: 7.454100209461071.
[I 2026-03-16 13:17:35,945] Trial 1257 finished with value: 7.31069736008479 and parameters: {'n_estimators': 242, 'lambda': 0.001201882713534752, 'subsample': 0.985664951782608, 'colsample_bytree': 0.88835662166873, 'learning_rate': 0.5830415810417809, 'max_depth': 3, 'min_child_weight': 6}. Best is trial 830 with value: 7.454100209461071.
[I 2026-03-16 13:17:40,407] Trial 1258 finished with value: 7.17809275369121 and parameters: {'n_estimators': 242, 'lambda': 0.00034914577062976105, 'subsample': 0.9207890164597023, 'colsample_bytree': 0.898176964428264, 'learning_rate': 0.6450729363454608, 'max_depth': 3, 'min_child_weight': 6}. Best is trial 830 with value: 7.454100209461071.
[I 2026-03-16 13:17:45,407] Trial 1256 finished with value: 7.2072927602542265 and parameters: {'n_estimators': 318, 'lambda': 0.001090092260994444, 'subsample': 0.9805222552140055, 'colsample_bytree': 0.8856852739185356, 'learning_rate': 0.6111364236314345, 'max_depth': 3, 'min_child_weight': 6}. Best is trial 830 with value: 7.454100209461071.
[I 2026-03-16 13:17:51,897] Trial 1259 finished with value: 7.302208762830244 and parameters: {'n_estimators': 264, 'lambda': 0.0011612021749824477, 'subsample': 0.9202689459574307, 'colsample_bytree': 0.9358828458446312, 'learning_rate': 0.6365958215613515, 'max_depth': 3, 'min_child_weight': 6}. Best is trial 830 with value: 7.454100209461071.
[I 2026-03-16 13:18:37,783] Trial 1260 finished with value: 7.160487905818241 and parameters: {'n_estimators': 265, 'lambda': 0.00035303610206445404, 'subsample': 0.9179555887207628, 'colsample_bytree': 0.8886861414138948, 'learning_rate': 0.5818317720017028, 'max_depth': 3, 'min_child_weight': 6}. Best is trial 830 with value: 7.454100209461071.
[I 2026-03-16 13:18:42,775] Trial 1261 finished with value: 7.250996822850601 and parameters: {'n_estimators': 266, 'lambda': 0.00035466522217249925, 'subsample': 0.9187184761070298, 'colsample_bytree': 0.898543988205861, 'learning_rate': 0.582026276001319, 'max_depth': 3, 'min_child_weight': 6}. Best is trial 830 with value: 7.454100209461071.
[I 2026-03-16 13:18:51,318] Trial 1262 finished with value: 7.192264182763429 and parameters: {'n_estimators': 258, 'lambda': 0.0003088916589321221, 'subsample': 0.9998382632985361, 'colsample_bytree': 0.8929015676371245, 'learning_rate': 0.6109100809356361, 'max_depth': 3, 'min_child_weight': 6}. Best is trial 830 with value: 7.454100209461071.
[I 2026-03-16 13:18:56,234] Trial 1263 finished with value: 7.200203813750099 and parameters: {'n_estimators': 273, 'lambda': 0.000403860708058246, 'subsample': 0.9216048487763346, 'colsample_bytree': 0.9353531470389962, 'learning_rate': 0.6087569486062901, 'max_depth': 3, 'min_child_weight': 6}. Best is trial 830 with value: 7.454100209461071.
[I 2026-03-16 13:18:57,664] Trial 1264 finished with value: 7.087386256027434 and parameters: {'n_estimators': 269, 'lambda': 0.0004186634082933831, 'subsample': 0.9456060495004257, 'colsample_bytree': 0.9370443856205849, 'learning_rate': 0.5844428466761284, 'max_depth': 3, 'min_child_weight': 6}. Best is trial 830 with value: 7.454100209461071.
[I 2026-03-16 13:19:12,052] Trial 1265 finished with value: 7.371462564066652 and parameters: {'n_estimators': 269, 'lambda': 0.0003337231463839989, 'subsample': 0.9471003072299137, 'colsample_bytree': 0.8985764528042018, 'learning_rate': 0.5808847027946783, 'max_depth': 3, 'min_child_weight': 6}. Best is trial 830 with value: 7.454100209461071.
[I 2026-03-16 13:19:57,292] Trial 1266 finished with value: 7.169560209365208 and parameters: {'n_estimators': 281, 'lambda': 0.0003356093880397297, 'subsample': 0.9998919077533905, 'colsample_bytree': 0.8907950500995941, 'learning_rate': 0.605989785424113, 'max_depth': 3, 'min_child_weight': 6}. Best is trial 830 with value: 7.454100209461071.
[I 2026-03-16 13:20:26,586] Trial 1267 finished with value: 7.374836871742945 and parameters: {'n_estimators': 308, 'lambda': 0.000367702088186938, 'subsample': 0.966498271485825, 'colsample_bytree': 0.8790705305518698, 'learning_rate': 0.6061378968885005, 'max_depth': 3, 'min_child_weight': 6}. Best is trial 830 with value: 7.454100209461071.
[I 2026-03-16 13:20:27,222] Trial 1269 finished with value: 7.326321167195857 and parameters: {'n_estimators': 313, 'lambda': 0.0014023971649341925, 'subsample': 0.9999751452039163, 'colsample_bytree': 0.8737053381076488, 'learning_rate': 0.6023983561630472, 'max_depth': 3, 'min_child_weight': 6}. Best is trial 830 with value: 7.454100209461071.
[I 2026-03-16 13:20:27,234] Trial 1271 finished with value: 7.1852389116237525 and parameters: {'n_estimators': 230, 'lambda': 0.00028489231096882607, 'subsample': 0.9674531788174604, 'colsample_bytree': 0.9034311505789361, 'learning_rate': 0.60116155324627, 'max_depth': 3, 'min_child_weight': 6}. Best is trial 830 with value: 7.454100209461071.
[I 2026-03-16 13:20:27,235] Trial 1270 finished with value: 7.337206701872224 and parameters: {'n_estimators': 331, 'lambda': 0.0013629852546566434, 'subsample': 0.9483518496646844, 'colsample_bytree': 0.8815883401244623, 'learning_rate': 0.6027746031653021, 'max_depth': 3, 'min_child_weight': 6}. Best is trial 830 with value: 7.454100209461071.
[I 2026-03-16 13:20:27,706] Trial 1268 finished with value: 7.305563118768804 and parameters: {'n_estimators': 284, 'lambda': 0.0007779825756506879, 'subsample': 0.947039777020317, 'colsample_bytree': 0.8770503212524082, 'learning_rate': 0.6007110112630905, 'max_depth': 3, 'min_child_weight': 6}. Best is trial 830 with value: 7.454100209461071.
[I 2026-03-16 13:20:32,345] Trial 1272 finished with value: 7.233233361473678 and parameters: {'n_estimators': 284, 'lambda': 0.0002780683396988999, 'subsample': 0.9669271677712605, 'colsample_bytree': 0.8925048588143312, 'learning_rate': 0.5960113720743623, 'max_depth': 3, 'min_child_weight': 6}. Best is trial 830 with value: 7.454100209461071.
[I 2026-03-16 13:21:27,847] Trial 1274 finished with value: 7.268463277910632 and parameters: {'n_estimators': 217, 'lambda': 0.0004915069928410057, 'subsample': 0.9666323652656992, 'colsample_bytree': 0.8973068397065251, 'learning_rate': 0.6209675173491436, 'max_depth': 3, 'min_child_weight': 6}. Best is trial 830 with value: 7.454100209461071.
[I 2026-03-16 13:21:29,564] Trial 1273 finished with value: 7.5236404426698495 and parameters: {'n_estimators': 216, 'lambda': 0.0005313627060666906, 'subsample': 0.9639545163565166, 'colsample_bytree': 0.898068334732543, 'learning_rate': 0.6382996935033061, 'max_depth': 3, 'min_child_weight': 6}. Best is trial 1273 with value: 7.5236404426698495.
[I 2026-03-16 13:21:32,224] Trial 1275 finished with value: 7.2216990247594435 and parameters: {'n_estimators': 199, 'lambda': 0.0004856184027572924, 'subsample': 0.9667571163921478, 'colsample_bytree': 0.8789683883759942, 'learning_rate': 0.6330540030512485, 'max_depth': 3, 'min_child_weight': 6}. Best is trial 1273 with value: 7.5236404426698495.
[I 2026-03-16 13:21:32,231] Trial 1276 finished with value: 7.165194135933695 and parameters: {'n_estimators': 198, 'lambda': 0.0004567729016118025, 'subsample': 0.963216408030234, 'colsample_bytree': 0.8762096444503116, 'learning_rate': 0.6322075997912545, 'max_depth': 3, 'min_child_weight': 6}. Best is trial 1273 with value: 7.5236404426698495.
[I 2026-03-16 13:21:39,601] Trial 1278 finished with value: 7.23131635300388 and parameters: {'n_estimators': 221, 'lambda': 0.0004783410203548799, 'subsample': 0.9481371100140494, 'colsample_bytree': 0.8774112225216965, 'learning_rate': 0.6321160432744753, 'max_depth': 3, 'min_child_weight': 6}. Best is trial 1273 with value: 7.5236404426698495.
[I 2026-03-16 13:21:41,205] Trial 1277 finished with value: 7.249468837219104 and parameters: {'n_estimators': 251, 'lambda': 0.0004884500985685946, 'subsample': 0.966510652315343, 'colsample_bytree': 0.8962818453573136, 'learning_rate': 0.6317203050700102, 'max_depth': 3, 'min_child_weight': 6}. Best is trial 1273 with value: 7.5236404426698495.
[I 2026-03-16 13:22:19,478] Trial 1280 finished with value: 7.229977396699363 and parameters: {'n_estimators': 203, 'lambda': 0.0005676945629924088, 'subsample': 0.9519255261071011, 'colsample_bytree': 0.9052504564205922, 'learning_rate': 0.6534046897707123, 'max_depth': 3, 'min_child_weight': 6}. Best is trial 1273 with value: 7.5236404426698495.
[I 2026-03-16 13:22:29,994] Trial 1281 finished with value: 7.264121411049679 and parameters: {'n_estimators': 184, 'lambda': 0.000671513537773136, 'subsample': 0.9478389103859933, 'colsample_bytree': 0.9103888031358582, 'learning_rate': 0.6462474745624395, 'max_depth': 3, 'min_child_weight': 5}. Best is trial 1273 with value: 7.5236404426698495.
[I 2026-03-16 13:22:38,813] Trial 1282 finished with value: 7.245954617592256 and parameters: {'n_estimators': 192, 'lambda': 0.0006508744022027033, 'subsample': 0.9470186644449843, 'colsample_bytree': 0.9089088498053606, 'learning_rate': 0.6530457422008713, 'max_depth': 3, 'min_child_weight': 6}. Best is trial 1273 with value: 7.5236404426698495.
[I 2026-03-16 13:22:47,530] Trial 1283 finished with value: 7.220444748754277 and parameters: {'n_estimators': 193, 'lambda': 0.00025406326429529123, 'subsample': 0.942629140361011, 'colsample_bytree': 0.9097791753819424, 'learning_rate': 0.6619654408339998, 'max_depth': 3, 'min_child_weight': 5}. Best is trial 1273 with value: 7.5236404426698495.
[I 2026-03-16 13:22:48,309] Trial 1279 finished with value: 7.205637263983515 and parameters: {'n_estimators': 286, 'lambda': 0.0007829793444820297, 'subsample': 0.9499209356508228, 'colsample_bytree': 0.8742543832208296, 'learning_rate': 0.6360227627314042, 'max_depth': 3, 'min_child_weight': 6}. Best is trial 1273 with value: 7.5236404426698495.
[I 2026-03-16 13:22:57,897] Trial 1284 finished with value: 7.200023526086575 and parameters: {'n_estimators': 242, 'lambda': 0.0002992166993210478, 'subsample': 0.9474027538183536, 'colsample_bytree': 0.8820672024233677, 'learning_rate': 0.6493907240878035, 'max_depth': 3, 'min_child_weight': 5}. Best is trial 1273 with value: 7.5236404426698495.
[I 2026-03-16 13:23:01,382] Trial 1285 finished with value: 7.275235877939466 and parameters: {'n_estimators': 222, 'lambda': 0.0002857468863000718, 'subsample': 0.9835608369894636, 'colsample_bytree': 0.9205816286906141, 'learning_rate': 0.6385226598354402, 'max_depth': 3, 'min_child_weight': 5}. Best is trial 1273 with value: 7.5236404426698495.
[I 2026-03-16 13:23:14,773] Trial 1286 finished with value: 7.191805006894086 and parameters: {'n_estimators': 221, 'lambda': 0.00037416026042132096, 'subsample': 0.9855347503953942, 'colsample_bytree': 0.8996595632723132, 'learning_rate': 0.6592376699290949, 'max_depth': 3, 'min_child_weight': 6}. Best is trial 1273 with value: 7.5236404426698495.
[I 2026-03-16 13:24:02,764] Trial 1287 finished with value: 7.23769552044782 and parameters: {'n_estimators': 229, 'lambda': 0.0003728296572571281, 'subsample': 0.9848065512366224, 'colsample_bytree': 0.8949420156584729, 'learning_rate': 0.6186000117769531, 'max_depth': 3, 'min_child_weight': 6}. Best is trial 1273 with value: 7.5236404426698495.
[I 2026-03-16 13:24:03,775] Trial 1288 finished with value: 7.2337780674479255 and parameters: {'n_estimators': 252, 'lambda': 0.00033050948492439685, 'subsample': 0.9860572755170838, 'colsample_bytree': 0.8929854081429419, 'learning_rate': 0.6591451337178948, 'max_depth': 3, 'min_child_weight': 6}. Best is trial 1273 with value: 7.5236404426698495.
[I 2026-03-16 13:24:10,423] Trial 1291 finished with value: 7.278481991993253 and parameters: {'n_estimators': 213, 'lambda': 0.0001798826928546295, 'subsample': 0.9849729068837997, 'colsample_bytree': 0.8956882711252242, 'learning_rate': 0.6179612100074133, 'max_depth': 3, 'min_child_weight': 6}. Best is trial 1273 with value: 7.5236404426698495.
