[I 2026-03-16 22:18:01,499] Trial 123 finished with value: 4.734232604421257 and parameters: {'n_estimators': 622, 'lambda': 0.00016940571863686385, 'subsample': 0.9720603659652063, 'colsample_bytree': 0.2329373661188816, 'learning_rate': 0.04612969504602207, 'max_depth': 7, 'min_child_weight': 10}. Best is trial 125 with value: 5.030897024351013.
[I 2026-03-16 22:18:20,421] Trial 127 finished with value: 4.9054359820272655 and parameters: {'n_estimators': 612, 'lambda': 0.0003788777963508603, 'subsample': 0.983638360661859, 'colsample_bytree': 0.32546507847710415, 'learning_rate': 0.06349177254198485, 'max_depth': 4, 'min_child_weight': 9}. Best is trial 125 with value: 5.030897024351013.
[I 2026-03-16 22:19:17,908] Trial 128 finished with value: 4.88930811210561 and parameters: {'n_estimators': 623, 'lambda': 2.172934445711921e-05, 'subsample': 0.959113040348111, 'colsample_bytree': 0.20397766845426019, 'learning_rate': 0.06452258503218553, 'max_depth': 4, 'min_child_weight': 9}. Best is trial 125 with value: 5.030897024351013.
[I 2026-03-16 22:19:41,564] Trial 126 finished with value: 4.7977293286445475 and parameters: {'n_estimators': 694, 'lambda': 0.00028853212389156057, 'subsample': 0.9851872426663905, 'colsample_bytree': 0.2103371393953125, 'learning_rate': 0.06675169090047678, 'max_depth': 7, 'min_child_weight': 10}. Best is trial 125 with value: 5.030897024351013.
[I 2026-03-16 22:19:43,278] Trial 129 finished with value: 4.865427731162258 and parameters: {'n_estimators': 644, 'lambda': 3.2393568713465765e-05, 'subsample': 0.9851054342103179, 'colsample_bytree': 0.2072362820796489, 'learning_rate': 0.07157198759294098, 'max_depth': 4, 'min_child_weight': 10}. Best is trial 125 with value: 5.030897024351013.
[I 2026-03-16 22:19:51,598] Trial 130 finished with value: 4.818830865225987 and parameters: {'n_estimators': 630, 'lambda': 2.076765540645255e-05, 'subsample': 0.9841102730935475, 'colsample_bytree': 0.20764086453144617, 'learning_rate': 0.06598005639645126, 'max_depth': 4, 'min_child_weight': 10}. Best is trial 125 with value: 5.030897024351013.
[I 2026-03-16 22:20:03,969] Trial 131 finished with value: 4.901950936374458 and parameters: {'n_estimators': 708, 'lambda': 2.9033727593980706e-05, 'subsample': 0.9852522708455429, 'colsample_bytree': 0.21220546253382405, 'learning_rate': 0.09212429207336727, 'max_depth': 4, 'min_child_weight': 10}. Best is trial 125 with value: 5.030897024351013.
[I 2026-03-16 22:20:22,683] Trial 132 finished with value: 4.671887640124821 and parameters: {'n_estimators': 720, 'lambda': 2.748895812314036e-05, 'subsample': 0.9610821112951523, 'colsample_bytree': 0.20955900734115665, 'learning_rate': 0.0935602259178897, 'max_depth': 4, 'min_child_weight': 10}. Best is trial 125 with value: 5.030897024351013.
[I 2026-03-16 22:21:24,693] Trial 133 finished with value: 4.6590390753728785 and parameters: {'n_estimators': 705, 'lambda': 2.9845078142743242e-05, 'subsample': 0.9330732793777239, 'colsample_bytree': 0.2775091595080841, 'learning_rate': 0.09462364730160018, 'max_depth': 4, 'min_child_weight': 10}. Best is trial 125 with value: 5.030897024351013.
[I 2026-03-16 22:21:40,633] Trial 135 finished with value: 4.755242196998621 and parameters: {'n_estimators': 668, 'lambda': 1.1396403771961108e-05, 'subsample': 0.9324345424183553, 'colsample_bytree': 0.28207568918220105, 'learning_rate': 0.09534586658624172, 'max_depth': 4, 'min_child_weight': 10}. Best is trial 125 with value: 5.030897024351013.
[I 2026-03-16 22:21:49,983] Trial 134 finished with value: 4.777659085682837 and parameters: {'n_estimators': 722, 'lambda': 1.8808449134024585e-05, 'subsample': 0.9400944490967879, 'colsample_bytree': 0.27882867592123517, 'learning_rate': 0.09190948718605563, 'max_depth': 4, 'min_child_weight': 10}. Best is trial 125 with value: 5.030897024351013.
[I 2026-03-16 22:21:58,498] Trial 136 finished with value: 4.824869396072685 and parameters: {'n_estimators': 717, 'lambda': 8.32276917630872e-05, 'subsample': 0.9334557247393351, 'colsample_bytree': 0.24332859317085018, 'learning_rate': 0.09320505192300163, 'max_depth': 4, 'min_child_weight': 7}. Best is trial 125 with value: 5.030897024351013.
[I 2026-03-16 22:22:01,797] Trial 137 finished with value: 4.922018840459001 and parameters: {'n_estimators': 669, 'lambda': 1.1621559532227145e-05, 'subsample': 0.9345785073478127, 'colsample_bytree': 0.29338496117301155, 'learning_rate': 0.04406760259325425, 'max_depth': 4, 'min_child_weight': 9}. Best is trial 125 with value: 5.030897024351013.
[I 2026-03-16 22:22:18,501] Trial 138 finished with value: 4.892779234274807 and parameters: {'n_estimators': 666, 'lambda': 0.0005396542309793782, 'subsample': 0.9183904740633565, 'colsample_bytree': 0.24828877264957294, 'learning_rate': 0.042456191760562284, 'max_depth': 4, 'min_child_weight': 9}. Best is trial 125 with value: 5.030897024351013.
[I 2026-03-16 22:23:07,349] Trial 142 finished with value: 4.923037980927957 and parameters: {'n_estimators': 376, 'lambda': 0.0002234103215461153, 'subsample': 0.9098176789826531, 'colsample_bytree': 0.2519918092239902, 'learning_rate': 0.04128698466532145, 'max_depth': 4, 'min_child_weight': 9}. Best is trial 125 with value: 5.030897024351013.
[I 2026-03-16 22:23:24,560] Trial 140 finished with value: 5.031560913169511 and parameters: {'n_estimators': 576, 'lambda': 0.00010057700416681464, 'subsample': 0.9188901019426695, 'colsample_bytree': 0.252692867615989, 'learning_rate': 0.04051999057713491, 'max_depth': 4, 'min_child_weight': 9}. Best is trial 140 with value: 5.031560913169511.
[I 2026-03-16 22:23:44,332] Trial 143 finished with value: 4.157658766349632 and parameters: {'n_estimators': 568, 'lambda': 3.765275443223666e-06, 'subsample': 0.9079911132272966, 'colsample_bytree': 0.35101852084777346, 'learning_rate': 0.597253390867341, 'max_depth': 4, 'min_child_weight': 9}. Best is trial 140 with value: 5.031560913169511.
[I 2026-03-16 22:23:52,805] Trial 139 finished with value: 4.8848922881862995 and parameters: {'n_estimators': 828, 'lambda': 0.00010252940346299216, 'subsample': 0.9126728638190262, 'colsample_bytree': 0.2938339484825561, 'learning_rate': 0.04278567805017303, 'max_depth': 4, 'min_child_weight': 9}. Best is trial 140 with value: 5.031560913169511.
[I 2026-03-16 22:23:58,674] Trial 144 finished with value: 4.925545391249559 and parameters: {'n_estimators': 580, 'lambda': 3.3854252801241984e-06, 'subsample': 0.9562727312498018, 'colsample_bytree': 0.35549136069240567, 'learning_rate': 0.04460747626373658, 'max_depth': 4, 'min_child_weight': 9}. Best is trial 140 with value: 5.031560913169511.
[I 2026-03-16 22:24:14,910] Trial 145 finished with value: 4.933652036683162 and parameters: {'n_estimators': 364, 'lambda': 0.0002534727368169132, 'subsample': 0.959512320788915, 'colsample_bytree': 0.2561121716040286, 'learning_rate': 0.04399152230577472, 'max_depth': 4, 'min_child_weight': 9}. Best is trial 140 with value: 5.031560913169511.
[I 2026-03-16 22:24:16,742] Trial 141 finished with value: 4.939244962191532 and parameters: {'n_estimators': 829, 'lambda': 0.0005360834387929665, 'subsample': 0.9153499687328911, 'colsample_bytree': 0.2515712612812463, 'learning_rate': 0.041061210092161654, 'max_depth': 4, 'min_child_weight': 9}. Best is trial 140 with value: 5.031560913169511.
[I 2026-03-16 22:24:48,430] Trial 147 finished with value: 4.813761079260185 and parameters: {'n_estimators': 371, 'lambda': 0.00025977917336348125, 'subsample': 0.9580102537397429, 'colsample_bytree': 0.254794396183847, 'learning_rate': 0.03015797318977352, 'max_depth': 4, 'min_child_weight': 9}. Best is trial 140 with value: 5.031560913169511.
[I 2026-03-16 22:25:14,845] Trial 150 finished with value: 4.44217356799809 and parameters: {'n_estimators': 312, 'lambda': 0.0001086313491778185, 'subsample': 0.9526277545710305, 'colsample_bytree': 0.31862978806792613, 'learning_rate': 0.03074124919437641, 'max_depth': 4, 'min_child_weight': 8}. Best is trial 140 with value: 5.031560913169511.
[I 2026-03-16 22:25:15,050] Trial 151 finished with value: 4.89201124044617 and parameters: {'n_estimators': 306, 'lambda': 0.0005232635050036747, 'subsample': 0.9980691662592892, 'colsample_bytree': 0.25649386641634503, 'learning_rate': 0.07458245396396364, 'max_depth': 4, 'min_child_weight': 9}. Best is trial 140 with value: 5.031560913169511.
[I 2026-03-16 22:25:37,813] Trial 149 finished with value: 4.70168305870866 and parameters: {'n_estimators': 580, 'lambda': 1.8912684156946451e-07, 'subsample': 0.95744889987307, 'colsample_bytree': 0.564586166900266, 'learning_rate': 0.053057488985793974, 'max_depth': 4, 'min_child_weight': 8}. Best is trial 140 with value: 5.031560913169511.
[I 2026-03-16 22:26:06,797] Trial 148 finished with value: 4.94616309337322 and parameters: {'n_estimators': 794, 'lambda': 0.00011320102969580174, 'subsample': 0.9593380160897401, 'colsample_bytree': 0.24963360775523483, 'learning_rate': 0.03230615403229319, 'max_depth': 4, 'min_child_weight': 8}. Best is trial 140 with value: 5.031560913169511.
[I 2026-03-16 22:26:27,985] Trial 152 finished with value: 4.877518756104777 and parameters: {'n_estimators': 599, 'lambda': 0.0005931412609863206, 'subsample': 0.9997169071132924, 'colsample_bytree': 0.576372830787784, 'learning_rate': 0.07638394277281614, 'max_depth': 4, 'min_child_weight': 8}. Best is trial 140 with value: 5.031560913169511.
[I 2026-03-16 22:26:50,208] Trial 153 finished with value: 4.8571043145696216 and parameters: {'n_estimators': 525, 'lambda': 5.786201239781529e-05, 'subsample': 0.9699744772430375, 'colsample_bytree': 0.22303044289175478, 'learning_rate': 0.0565666638689902, 'max_depth': 4, 'min_child_weight': 8}. Best is trial 140 with value: 5.031560913169511.
[I 2026-03-16 22:27:18,663] Trial 146 finished with value: 4.6463232246758785 and parameters: {'n_estimators': 577, 'lambda': 5.005140850778989e-05, 'subsample': 0.9541116578549894, 'colsample_bytree': 0.5700943186480029, 'learning_rate': 0.05252342049962888, 'max_depth': 8, 'min_child_weight': 8}. Best is trial 140 with value: 5.031560913169511.
[I 2026-03-16 22:27:31,679] Trial 154 finished with value: 4.442145209898964 and parameters: {'n_estimators': 751, 'lambda': 0.0006262202386553111, 'subsample': 0.20172488438428784, 'colsample_bytree': 0.22866530680173094, 'learning_rate': 0.05376826059803193, 'max_depth': 4, 'min_child_weight': 8}. Best is trial 140 with value: 5.031560913169511.
[I 2026-03-16 22:27:52,507] Trial 155 finished with value: 4.654518341109334 and parameters: {'n_estimators': 789, 'lambda': 5.327283508707365e-05, 'subsample': 0.5753152772255249, 'colsample_bytree': 0.22671215236050885, 'learning_rate': 0.05830731056726135, 'max_depth': 4, 'min_child_weight': 8}. Best is trial 140 with value: 5.031560913169511.
[I 2026-03-16 22:28:28,454] Trial 156 finished with value: 4.85017382899535 and parameters: {'n_estimators': 790, 'lambda': 6.156160046128836e-05, 'subsample': 0.9766125365720598, 'colsample_bytree': 0.2308743675102839, 'learning_rate': 0.058204718116591836, 'max_depth': 4, 'min_child_weight': 8}. Best is trial 140 with value: 5.031560913169511.
[I 2026-03-16 22:28:43,585] Trial 157 finished with value: 4.87519766747833 and parameters: {'n_estimators': 785, 'lambda': 0.00034968617696955813, 'subsample': 0.9651708904121853, 'colsample_bytree': 0.22568052245766995, 'learning_rate': 0.05765368629744183, 'max_depth': 4, 'min_child_weight': 8}. Best is trial 140 with value: 5.031560913169511.
[I 2026-03-16 22:29:06,699] Trial 161 finished with value: 4.5111508809028695 and parameters: {'n_estimators': 414, 'lambda': 0.0003188604900229612, 'subsample': 0.9721988673408558, 'colsample_bytree': 0.2904022795066299, 'learning_rate': 0.5017527128061501, 'max_depth': 4, 'min_child_weight': 7}. Best is trial 140 with value: 5.031560913169511.
[I 2026-03-16 22:29:11,413] Trial 158 finished with value: 4.751684738615649 and parameters: {'n_estimators': 796, 'lambda': 0.000313339032355739, 'subsample': 0.24987988127009084, 'colsample_bytree': 0.2264147069698338, 'learning_rate': 0.05513131772541354, 'max_depth': 4, 'min_child_weight': 7}. Best is trial 140 with value: 5.031560913169511.
[I 2026-03-16 22:29:38,154] Trial 159 finished with value: 4.480798565463491 and parameters: {'n_estimators': 799, 'lambda': 0.00028261020262953845, 'subsample': 0.22804017087957834, 'colsample_bytree': 0.2908844616444189, 'learning_rate': 0.06324781336744707, 'max_depth': 4, 'min_child_weight': 7}. Best is trial 140 with value: 5.031560913169511.
[I 2026-03-16 22:29:42,790] Trial 162 finished with value: 4.397947224116944 and parameters: {'n_estimators': 351, 'lambda': 0.000312905515483634, 'subsample': 0.9202673264805071, 'colsample_bytree': 0.2984052575324996, 'learning_rate': 0.5182234316642762, 'max_depth': 5, 'min_child_weight': 9}. Best is trial 140 with value: 5.031560913169511.
[I 2026-03-16 22:29:50,556] Trial 160 finished with value: 4.671252296890253 and parameters: {'n_estimators': 791, 'lambda': 0.00011010822906514459, 'subsample': 0.9745856248463125, 'colsample_bytree': 0.30681360374458244, 'learning_rate': 0.03773455578516184, 'max_depth': 4, 'min_child_weight': 7}. Best is trial 140 with value: 5.031560913169511.
[I 2026-03-16 22:29:56,992] Trial 163 finished with value: 4.471449986480407 and parameters: {'n_estimators': 358, 'lambda': 0.00012667065837079793, 'subsample': 0.9225491387363315, 'colsample_bytree': 0.2902170560307717, 'learning_rate': 0.509943646487755, 'max_depth': 5, 'min_child_weight': 7}. Best is trial 140 with value: 5.031560913169511.
[I 2026-03-16 22:30:30,436] Trial 164 finished with value: 5.065580341986379 and parameters: {'n_estimators': 396, 'lambda': 0.00012625489705696445, 'subsample': 0.8724675862805304, 'colsample_bytree': 0.2561131686691534, 'learning_rate': 0.03021939876856918, 'max_depth': 5, 'min_child_weight': 9}. Best is trial 164 with value: 5.065580341986379.
[I 2026-03-16 22:30:55,746] Trial 166 finished with value: 5.011440870026378 and parameters: {'n_estimators': 358, 'lambda': 0.00012558491903986869, 'subsample': 0.9224048173454159, 'colsample_bytree': 0.250309212475331, 'learning_rate': 0.03166544192087835, 'max_depth': 5, 'min_child_weight': 9}. Best is trial 164 with value: 5.065580341986379.
[I 2026-03-16 22:31:39,860] Trial 170 finished with value: 4.826808166398211 and parameters: {'n_estimators': 394, 'lambda': 0.3667529197410328, 'subsample': 0.8734931475096673, 'colsample_bytree': 0.24819574437563807, 'learning_rate': 0.03369356531280836, 'max_depth': 4, 'min_child_weight': 9}. Best is trial 164 with value: 5.065580341986379.
[I 2026-03-16 22:31:53,120] Trial 165 finished with value: 4.717027590643047 and parameters: {'n_estimators': 741, 'lambda': 0.00011409698907809055, 'subsample': 0.9206877395100908, 'colsample_bytree': 0.30532011997613784, 'learning_rate': 0.03771305216142151, 'max_depth': 5, 'min_child_weight': 9}. Best is trial 164 with value: 5.065580341986379.
[I 2026-03-16 22:31:54,684] Trial 167 finished with value: 4.86963877876619 and parameters: {'n_estimators': 740, 'lambda': 9.666285768493698e-05, 'subsample': 0.943607456611258, 'colsample_bytree': 0.2564707824673556, 'learning_rate': 0.03879222676423788, 'max_depth': 4, 'min_child_weight': 9}. Best is trial 164 with value: 5.065580341986379.
[I 2026-03-16 22:32:19,279] Trial 168 finished with value: 4.894644223385625 and parameters: {'n_estimators': 848, 'lambda': 0.3071738725649943, 'subsample': 0.946206349063514, 'colsample_bytree': 0.24748723338393955, 'learning_rate': 0.032134334357471574, 'max_depth': 4, 'min_child_weight': 9}. Best is trial 164 with value: 5.065580341986379.
[I 2026-03-16 22:32:24,034] Trial 171 finished with value: 4.4993327128931035 and parameters: {'n_estimators': 390, 'lambda': 8.227494285311343e-05, 'subsample': 0.873839998401987, 'colsample_bytree': 0.24571258020192702, 'learning_rate': 0.3928813940420598, 'max_depth': 5, 'min_child_weight': 9}. Best is trial 164 with value: 5.065580341986379.
[I 2026-03-16 22:32:26,934] Trial 169 finished with value: 4.8736668023323535 and parameters: {'n_estimators': 845, 'lambda': 0.3842895193042913, 'subsample': 0.3347592334820212, 'colsample_bytree': 0.2629350263172146, 'learning_rate': 0.03018956989397606, 'max_depth': 4, 'min_child_weight': 9}. Best is trial 164 with value: 5.065580341986379.
[I 2026-03-16 22:33:12,673] Trial 172 finished with value: 4.986940507968275 and parameters: {'n_estimators': 454, 'lambda': 7.683409002288782e-05, 'subsample': 0.941281285127062, 'colsample_bytree': 0.26582736962670406, 'learning_rate': 0.03141140269924537, 'max_depth': 5, 'min_child_weight': 9}. Best is trial 164 with value: 5.065580341986379.
[I 2026-03-16 22:33:21,325] Trial 174 finished with value: 4.9155821859699635 and parameters: {'n_estimators': 409, 'lambda': 6.728023344224005e-05, 'subsample': 0.942606036862734, 'colsample_bytree': 0.20072014923271578, 'learning_rate': 0.0738504211786806, 'max_depth': 5, 'min_child_weight': 9}. Best is trial 164 with value: 5.065580341986379.
[I 2026-03-16 22:33:26,529] Trial 177 finished with value: 4.956254822131315 and parameters: {'n_estimators': 278, 'lambda': 0.00020359612754585493, 'subsample': 0.9000438896521569, 'colsample_bytree': 0.20087261230005315, 'learning_rate': 0.07395015163072993, 'max_depth': 5, 'min_child_weight': 10}. Best is trial 164 with value: 5.065580341986379.
[I 2026-03-16 22:33:50,370] Trial 173 finished with value: 0.0 and parameters: {'n_estimators': 452, 'lambda': 4.2421805023335684e-05, 'subsample': 0.8698852328332565, 'colsample_bytree': 0.2657271376708623, 'learning_rate': 0.07736665971829848, 'max_depth': 6, 'min_child_weight': 9}. Best is trial 164 with value: 5.065580341986379.
[I 2026-03-16 22:33:54,056] Trial 175 finished with value: 4.717473718662416 and parameters: {'n_estimators': 439, 'lambda': 7.635591160766775e-05, 'subsample': 0.8993717226790003, 'colsample_bytree': 0.27329127134725895, 'learning_rate': 0.08165456369544391, 'max_depth': 5, 'min_child_weight': 10}. Best is trial 164 with value: 5.065580341986379.
[I 2026-03-16 22:33:57,210] Trial 176 finished with value: 4.941649710884919 and parameters: {'n_estimators': 453, 'lambda': 0.00015930862494257554, 'subsample': 0.8985805558279318, 'colsample_bytree': 0.626963230078565, 'learning_rate': 0.07767913359514056, 'max_depth': 5, 'min_child_weight': 10}. Best is trial 164 with value: 5.065580341986379.
[I 2026-03-16 22:34:32,225] Trial 182 finished with value: 4.5627716092123025 and parameters: {'n_estimators': 160, 'lambda': 0.00020303952969154943, 'subsample': 0.9320339469221357, 'colsample_bytree': 0.2222155444453236, 'learning_rate': 0.06981946796418409, 'max_depth': 5, 'min_child_weight': 10}. Best is trial 164 with value: 5.065580341986379.
[I 2026-03-16 22:34:39,741] Trial 178 finished with value: 3.957368070226244 and parameters: {'n_estimators': 446, 'lambda': 0.00019129316482864613, 'subsample': 0.8998151925001566, 'colsample_bytree': 0.2664369203521049, 'learning_rate': 0.6970555564413679, 'max_depth': 5, 'min_child_weight': 10}. Best is trial 164 with value: 5.065580341986379.
[I 2026-03-16 22:34:48,968] Trial 181 finished with value: 4.9686229812458755 and parameters: {'n_estimators': 269, 'lambda': 0.00016660593098913592, 'subsample': 0.9289662965414377, 'colsample_bytree': 0.2008371894514542, 'learning_rate': 0.07494837700338286, 'max_depth': 5, 'min_child_weight': 10}. Best is trial 164 with value: 5.065580341986379.
[I 2026-03-16 22:34:51,978] Trial 183 finished with value: 4.774600535846735 and parameters: {'n_estimators': 248, 'lambda': 0.00014736405618631627, 'subsample': 0.9080405736150431, 'colsample_bytree': 0.21475795481657825, 'learning_rate': 0.04667450002377854, 'max_depth': 5, 'min_child_weight': 10}. Best is trial 164 with value: 5.065580341986379.
[I 2026-03-16 22:34:57,969] Trial 180 finished with value: 4.9608527967679095 and parameters: {'n_estimators': 452, 'lambda': 0.00020223822278687593, 'subsample': 0.9005475486746712, 'colsample_bytree': 0.2711233820650101, 'learning_rate': 0.07557568085884409, 'max_depth': 5, 'min_child_weight': 10}. Best is trial 164 with value: 5.065580341986379.
[I 2026-03-16 22:35:00,128] Trial 179 finished with value: 4.7235538463355295 and parameters: {'n_estimators': 487, 'lambda': 0.6937237466579603, 'subsample': 0.8997267126304629, 'colsample_bytree': 0.2752423777871294, 'learning_rate': 0.07529958932211012, 'max_depth': 5, 'min_child_weight': 10}. Best is trial 164 with value: 5.065580341986379.
[I 2026-03-16 22:35:40,341] Trial 187 finished with value: 4.880803349508451 and parameters: {'n_estimators': 206, 'lambda': 0.00014208126598387843, 'subsample': 0.9472013573763345, 'colsample_bytree': 0.45765558513074484, 'learning_rate': 0.046154425265973006, 'max_depth': 5, 'min_child_weight': 10}. Best is trial 164 with value: 5.065580341986379.
[I 2026-03-16 22:35:44,166] Trial 186 finished with value: 4.7203805354301664 and parameters: {'n_estimators': 259, 'lambda': 0.711947059820581, 'subsample': 0.9760457674950248, 'colsample_bytree': 0.6138965585163333, 'learning_rate': 0.10730374420998426, 'max_depth': 5, 'min_child_weight': 10}. Best is trial 164 with value: 5.065580341986379.
[I 2026-03-16 22:35:55,838] Trial 188 finished with value: 4.771279590656972 and parameters: {'n_estimators': 266, 'lambda': 0.00013960707726631808, 'subsample': 0.8533763806624739, 'colsample_bytree': 0.2008374280077876, 'learning_rate': 0.10535367764245393, 'max_depth': 5, 'min_child_weight': 10}. Best is trial 164 with value: 5.065580341986379.
[I 2026-03-16 22:36:02,981] Trial 189 finished with value: 4.840308025209399 and parameters: {'n_estimators': 287, 'lambda': 0.00013138169940099187, 'subsample': 0.8605172961289687, 'colsample_bytree': 0.20018347948341814, 'learning_rate': 0.08887603404845776, 'max_depth': 5, 'min_child_weight': 10}. Best is trial 164 with value: 5.065580341986379.
