[I 2026-03-17 00:17:18,230] Trial 438 finished with value: 4.7286166664987785 and parameters: {'n_estimators': 582, 'lambda': 0.0007057268563082182, 'subsample': 0.8059666607680958, 'colsample_bytree': 0.22574314666771877, 'learning_rate': 0.08339795675814743, 'max_depth': 6, 'min_child_weight': 10}. Best is trial 311 with value: 5.101188394588651.
[I 2026-03-17 00:17:24,168] Trial 440 finished with value: 4.920935958607293 and parameters: {'n_estimators': 584, 'lambda': 6.248630990086082e-05, 'subsample': 0.9044737614911506, 'colsample_bytree': 0.20075649555666333, 'learning_rate': 0.053932540373637025, 'max_depth': 6, 'min_child_weight': 10}. Best is trial 311 with value: 5.101188394588651.
[I 2026-03-17 00:17:25,894] Trial 437 finished with value: 4.95550852189928 and parameters: {'n_estimators': 630, 'lambda': 9.454867165449033e-05, 'subsample': 0.8014543101590366, 'colsample_bytree': 0.23248089239151884, 'learning_rate': 0.03001855618386511, 'max_depth': 6, 'min_child_weight': 10}. Best is trial 311 with value: 5.101188394588651.
[I 2026-03-17 00:17:29,167] Trial 439 finished with value: 4.828417736510151 and parameters: {'n_estimators': 580, 'lambda': 0.0007886109483930183, 'subsample': 0.9043395120486994, 'colsample_bytree': 0.22696221709507686, 'learning_rate': 0.0833306560173607, 'max_depth': 6, 'min_child_weight': 10}. Best is trial 311 with value: 5.101188394588651.
[I 2026-03-17 00:18:12,607] Trial 441 finished with value: 4.828567956555975 and parameters: {'n_estimators': 623, 'lambda': 4.9654635283013934e-05, 'subsample': 0.8587232334718775, 'colsample_bytree': 0.2139673366885924, 'learning_rate': 0.053417326917023486, 'max_depth': 6, 'min_child_weight': 10}. Best is trial 311 with value: 5.101188394588651.
[I 2026-03-17 00:19:39,063] Trial 442 finished with value: 4.804115595576095 and parameters: {'n_estimators': 680, 'lambda': 4.8527913968674565e-05, 'subsample': 0.8595914267580467, 'colsample_bytree': 0.2149519639904193, 'learning_rate': 0.05245901920979069, 'max_depth': 6, 'min_child_weight': 10}. Best is trial 311 with value: 5.101188394588651.
[I 2026-03-17 00:19:45,583] Trial 443 finished with value: 4.80932842560778 and parameters: {'n_estimators': 613, 'lambda': 8.534087501040803e-06, 'subsample': 0.8559497925613576, 'colsample_bytree': 0.20212704464170902, 'learning_rate': 0.05392639299991529, 'max_depth': 6, 'min_child_weight': 10}. Best is trial 311 with value: 5.101188394588651.
[I 2026-03-17 00:20:05,084] Trial 444 finished with value: 4.698958042563518 and parameters: {'n_estimators': 683, 'lambda': 3.899685387280096e-05, 'subsample': 0.8586728912807934, 'colsample_bytree': 0.4244345031026959, 'learning_rate': 0.05385749389701494, 'max_depth': 6, 'min_child_weight': 10}. Best is trial 311 with value: 5.101188394588651.
[I 2026-03-17 00:20:08,175] Trial 445 finished with value: 4.892090040520833 and parameters: {'n_estimators': 681, 'lambda': 4.8475653833195375e-05, 'subsample': 0.8592139854928451, 'colsample_bytree': 0.2765841735890298, 'learning_rate': 0.05261772180727012, 'max_depth': 6, 'min_child_weight': 10}. Best is trial 311 with value: 5.101188394588651.
[I 2026-03-17 00:20:15,441] Trial 446 finished with value: 4.447612155261973 and parameters: {'n_estimators': 678, 'lambda': 4.356537119357879e-05, 'subsample': 0.3600850941270256, 'colsample_bytree': 0.2719750374214096, 'learning_rate': 0.0576691740275631, 'max_depth': 6, 'min_child_weight': 10}. Best is trial 311 with value: 5.101188394588651.
[I 2026-03-17 00:20:58,658] Trial 447 finished with value: 4.631442553485089 and parameters: {'n_estimators': 681, 'lambda': 5.809166897963515e-05, 'subsample': 0.8669935960251381, 'colsample_bytree': 0.27130582862174335, 'learning_rate': 0.06794047812531687, 'max_depth': 6, 'min_child_weight': 10}. Best is trial 311 with value: 5.101188394588651.
[I 2026-03-17 00:22:07,100] Trial 448 finished with value: 4.035516294210838 and parameters: {'n_estimators': 610, 'lambda': 1.5246743050465659e-05, 'subsample': 0.875879016598412, 'colsample_bytree': 0.27312830698199814, 'learning_rate': 0.5521476126405512, 'max_depth': 6, 'min_child_weight': 10}. Best is trial 311 with value: 5.101188394588651.
[I 2026-03-17 00:22:17,836] Trial 451 finished with value: 4.816622194562879 and parameters: {'n_estimators': 544, 'lambda': 7.21744521544581e-05, 'subsample': 0.8730053230828488, 'colsample_bytree': 0.2579567383243865, 'learning_rate': 0.06792260276523096, 'max_depth': 6, 'min_child_weight': 10}. Best is trial 311 with value: 5.101188394588651.
[I 2026-03-17 00:22:18,903] Trial 450 finished with value: 4.660684944580019 and parameters: {'n_estimators': 549, 'lambda': 6.962524259547584e-05, 'subsample': 0.8776435579396649, 'colsample_bytree': 0.27274940767149874, 'learning_rate': 0.06973451462224847, 'max_depth': 6, 'min_child_weight': 10}. Best is trial 311 with value: 5.101188394588651.
[I 2026-03-17 00:22:25,180] Trial 449 finished with value: 4.902613067460839 and parameters: {'n_estimators': 674, 'lambda': 7.809192107005704e-05, 'subsample': 0.8752330233938495, 'colsample_bytree': 0.274590842486157, 'learning_rate': 0.06422837935946206, 'max_depth': 6, 'min_child_weight': 10}. Best is trial 311 with value: 5.101188394588651.
[I 2026-03-17 00:22:28,166] Trial 452 finished with value: 4.885586740691996 and parameters: {'n_estimators': 549, 'lambda': 8.579669064350716e-05, 'subsample': 0.872023549638297, 'colsample_bytree': 0.2536510370322474, 'learning_rate': 0.06681774482086641, 'max_depth': 6, 'min_child_weight': 10}. Best is trial 311 with value: 5.101188394588651.
[I 2026-03-17 00:22:54,346] Trial 453 finished with value: 4.935865610663678 and parameters: {'n_estimators': 486, 'lambda': 8.269319529110222e-05, 'subsample': 0.8348711981445252, 'colsample_bytree': 0.25438876100671437, 'learning_rate': 0.044699263064086066, 'max_depth': 6, 'min_child_weight': 9}. Best is trial 311 with value: 5.101188394588651.
[I 2026-03-17 00:24:20,726] Trial 454 finished with value: 4.943024800319048 and parameters: {'n_estimators': 551, 'lambda': 8.127808180541046e-05, 'subsample': 0.8350897798974972, 'colsample_bytree': 0.25370538391976893, 'learning_rate': 0.04333173220288489, 'max_depth': 6, 'min_child_weight': 9}. Best is trial 311 with value: 5.101188394588651.
[I 2026-03-17 00:24:22,076] Trial 455 finished with value: 4.967080378047439 and parameters: {'n_estimators': 496, 'lambda': 0.0007734317621022266, 'subsample': 0.8959534355730912, 'colsample_bytree': 0.24574691447319003, 'learning_rate': 0.042257901626864006, 'max_depth': 6, 'min_child_weight': 9}. Best is trial 311 with value: 5.101188394588651.
[I 2026-03-17 00:24:27,403] Trial 457 finished with value: 4.7494501406006115 and parameters: {'n_estimators': 482, 'lambda': 0.000795932277878591, 'subsample': 0.83887990083242, 'colsample_bytree': 0.24015203633026694, 'learning_rate': 0.042448256307383, 'max_depth': 6, 'min_child_weight': 9}. Best is trial 311 with value: 5.101188394588651.
[I 2026-03-17 00:24:28,998] Trial 458 finished with value: 5.057797810115095 and parameters: {'n_estimators': 483, 'lambda': 0.0008907878401859059, 'subsample': 0.8281196537265055, 'colsample_bytree': 0.24365886066973053, 'learning_rate': 0.03050765620669922, 'max_depth': 6, 'min_child_weight': 9}. Best is trial 311 with value: 5.101188394588651.
[I 2026-03-17 00:24:55,379] Trial 456 finished with value: 4.758009533794421 and parameters: {'n_estimators': 633, 'lambda': 0.0008042290329736804, 'subsample': 0.8285940426063853, 'colsample_bytree': 0.24702814480008584, 'learning_rate': 0.042258789938559624, 'max_depth': 6, 'min_child_weight': 9}. Best is trial 311 with value: 5.101188394588651.
[I 2026-03-17 00:25:33,141] Trial 459 finished with value: 4.946916185177196 and parameters: {'n_estimators': 633, 'lambda': 0.0007632128961498411, 'subsample': 0.897189340820732, 'colsample_bytree': 0.24264257318124888, 'learning_rate': 0.041354659235370995, 'max_depth': 6, 'min_child_weight': 10}. Best is trial 311 with value: 5.101188394588651.
[I 2026-03-17 00:26:37,444] Trial 463 finished with value: 4.650704903017534 and parameters: {'n_estimators': 515, 'lambda': 0.0015630064918771812, 'subsample': 0.8484462205269888, 'colsample_bytree': 0.21530052234413585, 'learning_rate': 0.03000295099997173, 'max_depth': 6, 'min_child_weight': 8}. Best is trial 311 with value: 5.101188394588651.
[I 2026-03-17 00:26:46,405] Trial 461 finished with value: 4.266561184425781 and parameters: {'n_estimators': 603, 'lambda': 0.0007031003243530628, 'subsample': 0.8974768225835782, 'colsample_bytree': 0.2397104852761806, 'learning_rate': 0.3808939602941485, 'max_depth': 6, 'min_child_weight': 10}. Best is trial 311 with value: 5.101188394588651.
[I 2026-03-17 00:26:51,508] Trial 462 finished with value: 4.927815689843442 and parameters: {'n_estimators': 610, 'lambda': 0.001040271134055097, 'subsample': 0.8165693233557749, 'colsample_bytree': 0.2200778314141946, 'learning_rate': 0.04115543273874191, 'max_depth': 6, 'min_child_weight': 10}. Best is trial 311 with value: 5.101188394588651.
[I 2026-03-17 00:26:55,725] Trial 464 finished with value: 4.673993458679455 and parameters: {'n_estimators': 515, 'lambda': 0.001397638204036203, 'subsample': 0.8453763429530207, 'colsample_bytree': 0.21533755239146285, 'learning_rate': 0.030571579121839405, 'max_depth': 6, 'min_child_weight': 10}. Best is trial 311 with value: 5.101188394588651.
[I 2026-03-17 00:27:43,840] Trial 465 finished with value: 4.68032993725426 and parameters: {'n_estimators': 532, 'lambda': 0.0016487361692257313, 'subsample': 0.8106681916353055, 'colsample_bytree': 0.21670045483643469, 'learning_rate': 0.0303786584239845, 'max_depth': 6, 'min_child_weight': 8}. Best is trial 311 with value: 5.101188394588651.
[I 2026-03-17 00:28:32,926] Trial 460 finished with value: 4.461564745632126 and parameters: {'n_estimators': 631, 'lambda': 0.0006963898855684854, 'subsample': 0.8934978351358434, 'colsample_bytree': 0.24039652908962927, 'learning_rate': 0.042162803313207924, 'max_depth': 8, 'min_child_weight': 10}. Best is trial 311 with value: 5.101188394588651.
[I 2026-03-17 00:28:46,920] Trial 466 finished with value: 4.6998254129976935 and parameters: {'n_estimators': 522, 'lambda': 0.001225591291735353, 'subsample': 0.5045704606793406, 'colsample_bytree': 0.2256776558064654, 'learning_rate': 0.03033851472734479, 'max_depth': 6, 'min_child_weight': 10}. Best is trial 311 with value: 5.101188394588651.
[I 2026-03-17 00:28:47,118] Trial 467 finished with value: 5.041681771224834 and parameters: {'n_estimators': 509, 'lambda': 0.0015929748533423604, 'subsample': 0.8263126636783747, 'colsample_bytree': 0.22513753878813703, 'learning_rate': 0.030823361229573906, 'max_depth': 6, 'min_child_weight': 10}. Best is trial 311 with value: 5.101188394588651.
[I 2026-03-17 00:28:55,719] Trial 468 finished with value: 5.004824055517971 and parameters: {'n_estimators': 514, 'lambda': 0.0017036037757911966, 'subsample': 0.7804683714060132, 'colsample_bytree': 0.2003970510560515, 'learning_rate': 0.031692413303143305, 'max_depth': 6, 'min_child_weight': 7}. Best is trial 311 with value: 5.101188394588651.
[I 2026-03-17 00:30:01,425] Trial 470 finished with value: 4.938683206751726 and parameters: {'n_estimators': 576, 'lambda': 0.002721885664474063, 'subsample': 0.8271932081930785, 'colsample_bytree': 0.20077230075756772, 'learning_rate': 0.05069510768404369, 'max_depth': 6, 'min_child_weight': 7}. Best is trial 311 with value: 5.101188394588651.
[I 2026-03-17 00:30:32,056] Trial 471 finished with value: 4.969355476136143 and parameters: {'n_estimators': 503, 'lambda': 0.07807071397677559, 'subsample': 0.773348618999885, 'colsample_bytree': 0.2277290165978647, 'learning_rate': 0.05414830608568206, 'max_depth': 6, 'min_child_weight': 10}. Best is trial 311 with value: 5.101188394588651.
[I 2026-03-17 00:30:36,333] Trial 469 finished with value: 4.667510405772157 and parameters: {'n_estimators': 582, 'lambda': 0.001071483482507186, 'subsample': 0.8585128492591972, 'colsample_bytree': 0.7797379857845644, 'learning_rate': 0.030819806475821675, 'max_depth': 8, 'min_child_weight': 7}. Best is trial 311 with value: 5.101188394588651.
[I 2026-03-17 00:31:04,760] Trial 473 finished with value: 4.639683316682383 and parameters: {'n_estimators': 578, 'lambda': 0.0010763297201285345, 'subsample': 0.8521597600936622, 'colsample_bytree': 0.9918837263717677, 'learning_rate': 0.050058887919071815, 'max_depth': 6, 'min_child_weight': 10}. Best is trial 311 with value: 5.101188394588651.
[I 2026-03-17 00:31:15,332] Trial 472 finished with value: 4.876017320542717 and parameters: {'n_estimators': 581, 'lambda': 0.002786012956132317, 'subsample': 0.8558869592095918, 'colsample_bytree': 0.23402798174457168, 'learning_rate': 0.053209706508894325, 'max_depth': 6, 'min_child_weight': 10}. Best is trial 311 with value: 5.101188394588651.
[I 2026-03-17 00:31:20,018] Trial 474 finished with value: 4.474461827099682 and parameters: {'n_estimators': 578, 'lambda': 0.002687562829469954, 'subsample': 0.47065923828645856, 'colsample_bytree': 0.23122391387091962, 'learning_rate': 0.05310131902092781, 'max_depth': 6, 'min_child_weight': 10}. Best is trial 311 with value: 5.101188394588651.
[I 2026-03-17 00:32:28,398] Trial 475 finished with value: 4.939187085096709 and parameters: {'n_estimators': 610, 'lambda': 4.213450639097413e-06, 'subsample': 0.8540502856150526, 'colsample_bytree': 0.23145668155585963, 'learning_rate': 0.05480682499819883, 'max_depth': 6, 'min_child_weight': 10}. Best is trial 311 with value: 5.101188394588651.
[I 2026-03-17 00:33:01,087] Trial 476 finished with value: 4.240214202965737 and parameters: {'n_estimators': 616, 'lambda': 0.001056964813204437, 'subsample': 0.8545686944354719, 'colsample_bytree': 0.23758417588035713, 'learning_rate': 0.32955632447540534, 'max_depth': 6, 'min_child_weight': 10}. Best is trial 311 with value: 5.101188394588651.
[I 2026-03-17 00:33:03,184] Trial 477 finished with value: 0.0 and parameters: {'n_estimators': 611, 'lambda': 0.0001232019832083269, 'subsample': 0.4611986997595829, 'colsample_bytree': 0.23497581215713148, 'learning_rate': 0.07706463913560738, 'max_depth': 6, 'min_child_weight': 10}. Best is trial 311 with value: 5.101188394588651.
[I 2026-03-17 00:33:21,407] Trial 480 finished with value: 4.786525462175195 and parameters: {'n_estimators': 611, 'lambda': 0.0005719236016082333, 'subsample': 0.8794978786207693, 'colsample_bytree': 0.2567887544526197, 'learning_rate': 0.08242657663875631, 'max_depth': 5, 'min_child_weight': 9}. Best is trial 311 with value: 5.101188394588651.
[I 2026-03-17 00:33:28,179] Trial 478 finished with value: 4.9188762790114104 and parameters: {'n_estimators': 610, 'lambda': 0.0005435205552938176, 'subsample': 0.877594330807344, 'colsample_bytree': 0.23658703048466403, 'learning_rate': 0.053192637742624616, 'max_depth': 6, 'min_child_weight': 9}. Best is trial 311 with value: 5.101188394588651.
[I 2026-03-17 00:33:46,671] Trial 479 finished with value: 4.673313537779634 and parameters: {'n_estimators': 611, 'lambda': 4.943393566076237e-06, 'subsample': 0.8811024616658365, 'colsample_bytree': 0.29078230071460126, 'learning_rate': 0.0727641714225161, 'max_depth': 6, 'min_child_weight': 9}. Best is trial 311 with value: 5.101188394588651.
[I 2026-03-17 00:35:11,108] Trial 483 finished with value: 5.01906106604668 and parameters: {'n_estimators': 646, 'lambda': 0.0005375470920842288, 'subsample': 0.8757881734224005, 'colsample_bytree': 0.25449200963090407, 'learning_rate': 0.04285701219049317, 'max_depth': 5, 'min_child_weight': 9}. Best is trial 311 with value: 5.101188394588651.
[I 2026-03-17 00:35:12,935] Trial 482 finished with value: 4.845850927005467 and parameters: {'n_estimators': 645, 'lambda': 0.0001166482247315337, 'subsample': 0.8814473804599563, 'colsample_bytree': 0.2578024808530739, 'learning_rate': 0.08051966056637577, 'max_depth': 5, 'min_child_weight': 9}. Best is trial 311 with value: 5.101188394588651.
[I 2026-03-17 00:35:14,237] Trial 481 finished with value: 4.83986036243451 and parameters: {'n_estimators': 652, 'lambda': 1.2519639771719933e-07, 'subsample': 0.8763294842884015, 'colsample_bytree': 0.2579650626945676, 'learning_rate': 0.07793605727595541, 'max_depth': 6, 'min_child_weight': 9}. Best is trial 311 with value: 5.101188394588651.
[I 2026-03-17 00:36:00,202] Trial 484 finished with value: 4.534011150365908 and parameters: {'n_estimators': 649, 'lambda': 0.00022266969950244706, 'subsample': 0.8830910689302576, 'colsample_bytree': 0.29215310196864247, 'learning_rate': 0.042745227599342225, 'max_depth': 6, 'min_child_weight': 10}. Best is trial 311 with value: 5.101188394588651.
[I 2026-03-17 00:36:04,486] Trial 485 finished with value: 4.986049804227048 and parameters: {'n_estimators': 643, 'lambda': 5.6494342810380766e-08, 'subsample': 0.9122293480892543, 'colsample_bytree': 0.2595254236221281, 'learning_rate': 0.04271382603332766, 'max_depth': 6, 'min_child_weight': 10}. Best is trial 311 with value: 5.101188394588651.
[I 2026-03-17 00:36:27,754] Trial 486 finished with value: 5.032603404142085 and parameters: {'n_estimators': 647, 'lambda': 0.00018964747677665002, 'subsample': 0.9109722871709857, 'colsample_bytree': 0.2588950728158204, 'learning_rate': 0.04116834341700296, 'max_depth': 6, 'min_child_weight': 10}. Best is trial 311 with value: 5.101188394588651.
[I 2026-03-17 00:37:15,519] Trial 488 finished with value: 4.725875130040291 and parameters: {'n_estimators': 480, 'lambda': 0.00022010129820431213, 'subsample': 0.9083987169111007, 'colsample_bytree': 0.21321340223605845, 'learning_rate': 0.042470395912793696, 'max_depth': 6, 'min_child_weight': 10}. Best is trial 311 with value: 5.101188394588651.
[I 2026-03-17 00:37:38,055] Trial 489 finished with value: 4.940510536219762 and parameters: {'n_estimators': 561, 'lambda': 0.00022674602305846565, 'subsample': 0.9103990588454667, 'colsample_bytree': 0.21140460342660822, 'learning_rate': 0.04166593032965013, 'max_depth': 6, 'min_child_weight': 10}. Best is trial 311 with value: 5.101188394588651.
[I 2026-03-17 00:37:46,206] Trial 487 finished with value: 4.860953703132317 and parameters: {'n_estimators': 642, 'lambda': 0.00021183035489258557, 'subsample': 0.9092627302283929, 'colsample_bytree': 0.21280028310243201, 'learning_rate': 0.04306402021726939, 'max_depth': 6, 'min_child_weight': 10}. Best is trial 311 with value: 5.101188394588651.
[I 2026-03-17 00:38:16,272] Trial 491 finished with value: 4.9275998117953 and parameters: {'n_estimators': 538, 'lambda': 0.0003664415721891466, 'subsample': 0.910526573483126, 'colsample_bytree': 0.2183957970131024, 'learning_rate': 0.06371758241767937, 'max_depth': 6, 'min_child_weight': 10}. Best is trial 311 with value: 5.101188394588651.
[I 2026-03-17 00:38:19,339] Trial 490 finished with value: 4.933793571874164 and parameters: {'n_estimators': 559, 'lambda': 3.1852093275696154e-08, 'subsample': 0.9126262711946357, 'colsample_bytree': 0.21177327689661662, 'learning_rate': 0.041911460743843776, 'max_depth': 6, 'min_child_weight': 10}. Best is trial 311 with value: 5.101188394588651.
[I 2026-03-17 00:38:49,674] Trial 492 finished with value: 5.086149120806136 and parameters: {'n_estimators': 555, 'lambda': 2.3683795791902918e-05, 'subsample': 0.8171481546026547, 'colsample_bytree': 0.2175571174073372, 'learning_rate': 0.030629832485708223, 'max_depth': 6, 'min_child_weight': 10}. Best is trial 311 with value: 5.101188394588651.
[I 2026-03-17 00:39:33,009] Trial 493 finished with value: 4.549072952481769 and parameters: {'n_estimators': 559, 'lambda': 0.00034430677939641796, 'subsample': 0.8921387711000655, 'colsample_bytree': 0.21207137407857216, 'learning_rate': 0.1380729286248117, 'max_depth': 6, 'min_child_weight': 10}. Best is trial 311 with value: 5.101188394588651.
[I 2026-03-17 00:39:53,259] Trial 495 finished with value: 4.751513975927271 and parameters: {'n_estimators': 532, 'lambda': 0.000351733728240025, 'subsample': 0.813265572680795, 'colsample_bytree': 0.22616019826448047, 'learning_rate': 0.059778532731653414, 'max_depth': 6, 'min_child_weight': 10}. Best is trial 311 with value: 5.101188394588651.
[I 2026-03-17 00:40:02,321] Trial 494 finished with value: 5.064894521276713 and parameters: {'n_estimators': 592, 'lambda': 0.00039837200201681556, 'subsample': 0.8192262016510405, 'colsample_bytree': 0.21769468332255396, 'learning_rate': 0.03054043754424032, 'max_depth': 6, 'min_child_weight': 10}. Best is trial 311 with value: 5.101188394588651.
[I 2026-03-17 00:40:33,878] Trial 496 finished with value: 4.723460572460437 and parameters: {'n_estimators': 588, 'lambda': 2.6705058638126417e-08, 'subsample': 0.8642988448311703, 'colsample_bytree': 0.7469213281469471, 'learning_rate': 0.030683954349189798, 'max_depth': 6, 'min_child_weight': 10}. Best is trial 311 with value: 5.101188394588651.
[I 2026-03-17 00:40:49,126] Trial 497 finished with value: 4.2860451204242045 and parameters: {'n_estimators': 596, 'lambda': 0.0003997984504665029, 'subsample': 0.8425810326829217, 'colsample_bytree': 0.2446490062335279, 'learning_rate': 0.26122159116861987, 'max_depth': 6, 'min_child_weight': 10}. Best is trial 311 with value: 5.101188394588651.
[I 2026-03-17 00:41:01,054] Trial 498 finished with value: 4.727293680492522 and parameters: {'n_estimators': 541, 'lambda': 0.0007715323048675514, 'subsample': 0.8085077490088028, 'colsample_bytree': 0.24593462481923803, 'learning_rate': 0.06080025016180422, 'max_depth': 6, 'min_child_weight': 10}. Best is trial 311 with value: 5.101188394588651.
[I 2026-03-17 00:42:15,416] Trial 501 finished with value: 4.780713485440534 and parameters: {'n_estimators': 539, 'lambda': 1.982098325136951e-05, 'subsample': 0.8107418052332328, 'colsample_bytree': 0.20062792572347588, 'learning_rate': 0.06405564151953629, 'max_depth': 6, 'min_child_weight': 10}. Best is trial 311 with value: 5.101188394588651.
