[I 2026-03-16 12:52:59,224] Trial 1163 finished with value: 7.258678772496776 and parameters: {'n_estimators': 280, 'lambda': 0.000174452515783524, 'subsample': 0.9993715998922814, 'colsample_bytree': 0.8406046588239354, 'learning_rate': 0.5587622921349996, 'max_depth': 3, 'min_child_weight': 6}. Best is trial 830 with value: 7.454100209461071.
[I 2026-03-16 12:53:10,537] Trial 1164 finished with value: 7.22836287157762 and parameters: {'n_estimators': 310, 'lambda': 0.0003537249575769316, 'subsample': 0.9506949583241403, 'colsample_bytree': 0.8180072030154333, 'learning_rate': 0.6173884561806604, 'max_depth': 3, 'min_child_weight': 7}. Best is trial 830 with value: 7.454100209461071.
[I 2026-03-16 12:53:12,002] Trial 1167 finished with value: 7.253939466069808 and parameters: {'n_estimators': 315, 'lambda': 0.00040812789121164907, 'subsample': 0.9499850433255109, 'colsample_bytree': 0.8827165890281291, 'learning_rate': 0.6188172983653104, 'max_depth': 3, 'min_child_weight': 7}. Best is trial 830 with value: 7.454100209461071.
[I 2026-03-16 12:53:14,755] Trial 1165 finished with value: 7.207323235033181 and parameters: {'n_estimators': 313, 'lambda': 0.0004598036539565285, 'subsample': 0.9592395373681405, 'colsample_bytree': 0.835712990093001, 'learning_rate': 0.5553373568347616, 'max_depth': 3, 'min_child_weight': 7}. Best is trial 830 with value: 7.454100209461071.
[I 2026-03-16 12:54:28,440] Trial 1168 finished with value: 7.218469879337488 and parameters: {'n_estimators': 242, 'lambda': 0.0005272323484719283, 'subsample': 0.9537925311593992, 'colsample_bytree': 0.8160253917123361, 'learning_rate': 0.6190086108681665, 'max_depth': 3, 'min_child_weight': 6}. Best is trial 830 with value: 7.454100209461071.
[I 2026-03-16 12:54:49,973] Trial 1169 finished with value: 7.242532450430654 and parameters: {'n_estimators': 314, 'lambda': 0.00046704626238290093, 'subsample': 0.9517002625701054, 'colsample_bytree': 0.8190089702513637, 'learning_rate': 0.6193047949711349, 'max_depth': 3, 'min_child_weight': 6}. Best is trial 830 with value: 7.454100209461071.
[I 2026-03-16 12:54:52,690] Trial 1170 finished with value: 7.278640811472003 and parameters: {'n_estimators': 313, 'lambda': 0.0003807661595854776, 'subsample': 0.9510908917776443, 'colsample_bytree': 0.8852703064332536, 'learning_rate': 0.6234269616797091, 'max_depth': 3, 'min_child_weight': 6}. Best is trial 830 with value: 7.454100209461071.
[I 2026-03-16 12:54:56,975] Trial 1171 finished with value: 7.3615358493355 and parameters: {'n_estimators': 331, 'lambda': 0.000579802810896843, 'subsample': 0.969921148830609, 'colsample_bytree': 0.8009142401977837, 'learning_rate': 0.6023200867634023, 'max_depth': 3, 'min_child_weight': 6}. Best is trial 830 with value: 7.454100209461071.
[I 2026-03-16 12:54:57,652] Trial 1172 finished with value: 7.227635118739371 and parameters: {'n_estimators': 330, 'lambda': 0.0005227894977562175, 'subsample': 0.9656590742096447, 'colsample_bytree': 0.7986762966342876, 'learning_rate': 0.5993272599468109, 'max_depth': 3, 'min_child_weight': 6}. Best is trial 830 with value: 7.454100209461071.
[I 2026-03-16 12:55:01,518] Trial 1173 finished with value: 7.264461900172787 and parameters: {'n_estimators': 323, 'lambda': 0.0005791539527892411, 'subsample': 0.9666542861234857, 'colsample_bytree': 0.8029343769724941, 'learning_rate': 0.5984223279892643, 'max_depth': 3, 'min_child_weight': 6}. Best is trial 830 with value: 7.454100209461071.
[I 2026-03-16 12:55:51,993] Trial 1174 finished with value: 7.328504857254659 and parameters: {'n_estimators': 330, 'lambda': 0.0005260970734427763, 'subsample': 0.9644598574719169, 'colsample_bytree': 0.8834371344733897, 'learning_rate': 0.5985155948919736, 'max_depth': 3, 'min_child_weight': 6}. Best is trial 830 with value: 7.454100209461071.
[I 2026-03-16 12:56:18,018] Trial 1175 finished with value: 7.223347494241839 and parameters: {'n_estimators': 338, 'lambda': 0.005707000599029789, 'subsample': 0.9698668005637011, 'colsample_bytree': 0.7989195725611017, 'learning_rate': 0.6004798011522754, 'max_depth': 3, 'min_child_weight': 6}. Best is trial 830 with value: 7.454100209461071.
[I 2026-03-16 12:56:24,887] Trial 1176 finished with value: 7.4304356615247755 and parameters: {'n_estimators': 338, 'lambda': 0.0007100582984130003, 'subsample': 0.9691198808282122, 'colsample_bytree': 0.7975377046689296, 'learning_rate': 0.5976547072955589, 'max_depth': 3, 'min_child_weight': 6}. Best is trial 830 with value: 7.454100209461071.
[I 2026-03-16 12:56:37,457] Trial 1177 finished with value: 7.295514755647584 and parameters: {'n_estimators': 339, 'lambda': 0.0006710969306874928, 'subsample': 0.9806542094108708, 'colsample_bytree': 0.7902114407293428, 'learning_rate': 0.6011745029316555, 'max_depth': 3, 'min_child_weight': 6}. Best is trial 830 with value: 7.454100209461071.
[I 2026-03-16 12:56:50,411] Trial 1178 finished with value: 7.204809741063209 and parameters: {'n_estimators': 381, 'lambda': 0.0007445959216534072, 'subsample': 0.9744754626602964, 'colsample_bytree': 0.8027821672017359, 'learning_rate': 0.6040607188332702, 'max_depth': 3, 'min_child_weight': 6}. Best is trial 830 with value: 7.454100209461071.
[I 2026-03-16 12:56:55,781] Trial 1179 finished with value: 7.2596493239178335 and parameters: {'n_estimators': 396, 'lambda': 0.0006984784663735593, 'subsample': 0.9767618923341647, 'colsample_bytree': 0.7981463408722599, 'learning_rate': 0.6085302956472757, 'max_depth': 3, 'min_child_weight': 6}. Best is trial 830 with value: 7.454100209461071.
[I 2026-03-16 12:57:42,481] Trial 1180 finished with value: 7.361468562576109 and parameters: {'n_estimators': 386, 'lambda': 0.0002909762393756224, 'subsample': 0.981783286577524, 'colsample_bytree': 0.7928121016815016, 'learning_rate': 0.6089437298038394, 'max_depth': 3, 'min_child_weight': 6}. Best is trial 830 with value: 7.454100209461071.
[I 2026-03-16 12:58:04,455] Trial 1181 finished with value: 7.233453565057591 and parameters: {'n_estimators': 387, 'lambda': 0.0007540726511775941, 'subsample': 0.9865750050667929, 'colsample_bytree': 0.7753886435522489, 'learning_rate': 0.5867357665498495, 'max_depth': 3, 'min_child_weight': 6}. Best is trial 830 with value: 7.454100209461071.
[I 2026-03-16 12:58:15,111] Trial 1182 finished with value: 7.28074984244362 and parameters: {'n_estimators': 379, 'lambda': 0.00031521495629358124, 'subsample': 0.9850208915562683, 'colsample_bytree': 0.7947186862760498, 'learning_rate': 0.6335311492428385, 'max_depth': 3, 'min_child_weight': 6}. Best is trial 830 with value: 7.454100209461071.
[I 2026-03-16 12:58:23,270] Trial 1183 finished with value: 7.12137074172312 and parameters: {'n_estimators': 385, 'lambda': 0.0007043588127019127, 'subsample': 0.9993812870129196, 'colsample_bytree': 0.7643810559127583, 'learning_rate': 0.6353777838708978, 'max_depth': 3, 'min_child_weight': 6}. Best is trial 830 with value: 7.454100209461071.
[I 2026-03-16 12:58:36,741] Trial 1184 finished with value: 7.295815314224791 and parameters: {'n_estimators': 377, 'lambda': 0.000323764542022808, 'subsample': 0.9874664906025887, 'colsample_bytree': 0.8201722213955092, 'learning_rate': 0.6359914745291967, 'max_depth': 3, 'min_child_weight': 6}. Best is trial 830 with value: 7.454100209461071.
[I 2026-03-16 12:58:39,626] Trial 1185 finished with value: 7.378245660336242 and parameters: {'n_estimators': 361, 'lambda': 0.0002929077804744129, 'subsample': 0.9983254669530753, 'colsample_bytree': 0.7690668783843341, 'learning_rate': 0.639934470686461, 'max_depth': 3, 'min_child_weight': 6}. Best is trial 830 with value: 7.454100209461071.
[I 2026-03-16 12:59:32,887] Trial 1186 finished with value: 7.2651849847724925 and parameters: {'n_estimators': 391, 'lambda': 0.0004607409726073744, 'subsample': 0.9987366024290417, 'colsample_bytree': 0.7703052407619901, 'learning_rate': 0.6297918249420953, 'max_depth': 3, 'min_child_weight': 6}. Best is trial 830 with value: 7.454100209461071.
[I 2026-03-16 13:00:01,222] Trial 1187 finished with value: 7.204016366352871 and parameters: {'n_estimators': 389, 'lambda': 0.0003052641925760434, 'subsample': 0.9832833095913022, 'colsample_bytree': 0.7845467382102966, 'learning_rate': 0.6204208384330275, 'max_depth': 3, 'min_child_weight': 6}. Best is trial 830 with value: 7.454100209461071.
[I 2026-03-16 13:00:08,628] Trial 1188 finished with value: 7.11892741633002 and parameters: {'n_estimators': 409, 'lambda': 0.00025781925130298906, 'subsample': 0.9891364665504622, 'colsample_bytree': 0.7680951246238744, 'learning_rate': 0.6313348849541954, 'max_depth': 3, 'min_child_weight': 6}. Best is trial 830 with value: 7.454100209461071.
[I 2026-03-16 13:00:17,467] Trial 1189 finished with value: 7.3248187192047265 and parameters: {'n_estimators': 411, 'lambda': 0.0002729116947551004, 'subsample': 0.9985899135454096, 'colsample_bytree': 0.7908576933979499, 'learning_rate': 0.6303629736685449, 'max_depth': 3, 'min_child_weight': 6}. Best is trial 830 with value: 7.454100209461071.
[I 2026-03-16 13:00:31,989] Trial 1191 finished with value: 7.314762195265031 and parameters: {'n_estimators': 406, 'lambda': 0.00029815410508599234, 'subsample': 0.988532277362711, 'colsample_bytree': 0.7723215724008311, 'learning_rate': 0.6345974449828851, 'max_depth': 3, 'min_child_weight': 6}. Best is trial 830 with value: 7.454100209461071.
[I 2026-03-16 13:00:34,808] Trial 1190 finished with value: 7.219714168750926 and parameters: {'n_estimators': 409, 'lambda': 0.00024132585382579644, 'subsample': 0.9885107203394953, 'colsample_bytree': 0.7712743086592491, 'learning_rate': 0.6248449593500135, 'max_depth': 3, 'min_child_weight': 6}. Best is trial 830 with value: 7.454100209461071.
[I 2026-03-16 13:01:26,291] Trial 1192 finished with value: 7.217428699440211 and parameters: {'n_estimators': 409, 'lambda': 0.00015274063379165762, 'subsample': 0.9978005516058736, 'colsample_bytree': 0.7714299502726576, 'learning_rate': 0.6420164830114499, 'max_depth': 3, 'min_child_weight': 6}. Best is trial 830 with value: 7.454100209461071.
[I 2026-03-16 13:01:50,845] Trial 1194 finished with value: 7.282127132794772 and parameters: {'n_estimators': 362, 'lambda': 0.0001462438079123552, 'subsample': 0.9975533770911553, 'colsample_bytree': 0.7781925484754761, 'learning_rate': 0.63370825283596, 'max_depth': 3, 'min_child_weight': 6}. Best is trial 830 with value: 7.454100209461071.
[I 2026-03-16 13:01:53,252] Trial 1193 finished with value: 7.199421340278805 and parameters: {'n_estimators': 398, 'lambda': 0.00020194819106485556, 'subsample': 0.9979081208317323, 'colsample_bytree': 0.7826066571317511, 'learning_rate': 0.6452845880608996, 'max_depth': 3, 'min_child_weight': 6}. Best is trial 830 with value: 7.454100209461071.
[I 2026-03-16 13:02:01,191] Trial 1195 finished with value: 7.271142317625458 and parameters: {'n_estimators': 360, 'lambda': 0.0001554845046795123, 'subsample': 0.9994237588876419, 'colsample_bytree': 0.7784516770243459, 'learning_rate': 0.6176620599852458, 'max_depth': 3, 'min_child_weight': 6}. Best is trial 830 with value: 7.454100209461071.
[I 2026-03-16 13:02:14,358] Trial 1196 finished with value: 7.234352086993334 and parameters: {'n_estimators': 362, 'lambda': 0.00012050584436774216, 'subsample': 0.998445622052975, 'colsample_bytree': 0.7797382941523144, 'learning_rate': 0.6146113688011579, 'max_depth': 3, 'min_child_weight': 6}. Best is trial 830 with value: 7.454100209461071.
[I 2026-03-16 13:02:26,402] Trial 1197 finished with value: 7.245961021538703 and parameters: {'n_estimators': 362, 'lambda': 0.00020876164948362835, 'subsample': 0.9990781567619146, 'colsample_bytree': 0.7801971739881824, 'learning_rate': 0.6107192940064741, 'max_depth': 3, 'min_child_weight': 6}. Best is trial 830 with value: 7.454100209461071.
[I 2026-03-16 13:03:01,250] Trial 1198 finished with value: 7.223089518922329 and parameters: {'n_estimators': 361, 'lambda': 0.00037523283123321196, 'subsample': 0.9986027391414027, 'colsample_bytree': 0.7881844356926112, 'learning_rate': 0.6424516383666933, 'max_depth': 3, 'min_child_weight': 6}. Best is trial 830 with value: 7.454100209461071.
[I 2026-03-16 13:03:33,108] Trial 1199 finished with value: 7.352675015940006 and parameters: {'n_estimators': 365, 'lambda': 0.0001703076561513768, 'subsample': 0.9736709324528194, 'colsample_bytree': 0.7887629768908122, 'learning_rate': 0.6412456297062021, 'max_depth': 3, 'min_child_weight': 6}. Best is trial 830 with value: 7.454100209461071.
[I 2026-03-16 13:03:33,141] Trial 1200 finished with value: 7.230894941316853 and parameters: {'n_estimators': 362, 'lambda': 0.0003594133610358676, 'subsample': 0.9741615379153606, 'colsample_bytree': 0.7965812636073841, 'learning_rate': 0.6119320540575678, 'max_depth': 3, 'min_child_weight': 6}. Best is trial 830 with value: 7.454100209461071.
[I 2026-03-16 13:03:38,347] Trial 1201 finished with value: 7.1724966844973075 and parameters: {'n_estimators': 361, 'lambda': 0.0003727637999470723, 'subsample': 0.9728225444399367, 'colsample_bytree': 0.7899500855923817, 'learning_rate': 0.6189183909653339, 'max_depth': 3, 'min_child_weight': 5}. Best is trial 830 with value: 7.454100209461071.
[I 2026-03-16 13:04:04,315] Trial 1202 finished with value: 7.245642178024716 and parameters: {'n_estimators': 377, 'lambda': 0.00036166734799777467, 'subsample': 0.9739793539971324, 'colsample_bytree': 0.790372882208858, 'learning_rate': 0.6101644891739976, 'max_depth': 3, 'min_child_weight': 5}. Best is trial 830 with value: 7.454100209461071.
[I 2026-03-16 13:04:11,485] Trial 1203 finished with value: 7.254917744656682 and parameters: {'n_estimators': 378, 'lambda': 0.00037822197510533625, 'subsample': 0.9724252956013875, 'colsample_bytree': 0.7982996731458761, 'learning_rate': 0.6419789942858112, 'max_depth': 3, 'min_child_weight': 5}. Best is trial 830 with value: 7.454100209461071.
[I 2026-03-16 13:04:39,285] Trial 1204 finished with value: 7.240621647913361 and parameters: {'n_estimators': 352, 'lambda': 0.0003248906055710572, 'subsample': 0.9732765251017029, 'colsample_bytree': 0.8055246108084999, 'learning_rate': 0.6115119887676189, 'max_depth': 3, 'min_child_weight': 5}. Best is trial 830 with value: 7.454100209461071.
[I 2026-03-16 13:05:09,493] Trial 1206 finished with value: 7.150247119871294 and parameters: {'n_estimators': 340, 'lambda': 0.00044906220141065483, 'subsample': 0.9698214071220763, 'colsample_bytree': 0.8058751398182696, 'learning_rate': 0.6165054979551372, 'max_depth': 3, 'min_child_weight': 5}. Best is trial 830 with value: 7.454100209461071.
[I 2026-03-16 13:05:15,256] Trial 1205 finished with value: 7.2564298579927 and parameters: {'n_estimators': 350, 'lambda': 0.00036474194880001026, 'subsample': 0.9707102661503886, 'colsample_bytree': 0.819153936985078, 'learning_rate': 0.6125031236303934, 'max_depth': 3, 'min_child_weight': 5}. Best is trial 830 with value: 7.454100209461071.
[I 2026-03-16 13:05:18,961] Trial 1207 finished with value: 7.2303672519064905 and parameters: {'n_estimators': 346, 'lambda': 0.0004885490837569075, 'subsample': 0.9690962047277741, 'colsample_bytree': 0.8081809734723062, 'learning_rate': 0.6159928830230117, 'max_depth': 3, 'min_child_weight': 6}. Best is trial 830 with value: 7.454100209461071.
[I 2026-03-16 13:05:48,383] Trial 1208 finished with value: 7.198239255099608 and parameters: {'n_estimators': 383, 'lambda': 0.0005065780119340915, 'subsample': 0.965283514764617, 'colsample_bytree': 0.8013852843986139, 'learning_rate': 0.6077685818778079, 'max_depth': 3, 'min_child_weight': 6}. Best is trial 830 with value: 7.454100209461071.
[I 2026-03-16 13:05:51,685] Trial 1209 finished with value: 7.275130730186053 and parameters: {'n_estimators': 349, 'lambda': 0.0005451216930128159, 'subsample': 0.9669237008480359, 'colsample_bytree': 0.8028659576852779, 'learning_rate': 0.6042578809612715, 'max_depth': 3, 'min_child_weight': 6}. Best is trial 830 with value: 7.454100209461071.
[I 2026-03-16 13:06:21,922] Trial 1210 finished with value: 7.220617745032062 and parameters: {'n_estimators': 346, 'lambda': 0.0005246464647793513, 'subsample': 0.9633904005453181, 'colsample_bytree': 0.8126907257987309, 'learning_rate': 0.6013478655054095, 'max_depth': 3, 'min_child_weight': 6}. Best is trial 830 with value: 7.454100209461071.
[I 2026-03-16 13:06:56,663] Trial 1211 finished with value: 7.235585481853262 and parameters: {'n_estimators': 384, 'lambda': 0.00025194476708995507, 'subsample': 0.9637787739683857, 'colsample_bytree': 0.8168039477915077, 'learning_rate': 0.6006071307030321, 'max_depth': 3, 'min_child_weight': 6}. Best is trial 830 with value: 7.454100209461071.
[I 2026-03-16 13:06:57,924] Trial 1215 finished with value: 7.204835058672926 and parameters: {'n_estimators': 225, 'lambda': 0.00027586172166227954, 'subsample': 0.9849730912140919, 'colsample_bytree': 0.8235387829365723, 'learning_rate': 0.5976115813095201, 'max_depth': 3, 'min_child_weight': 6}. Best is trial 830 with value: 7.454100209461071.
[I 2026-03-16 13:07:04,126] Trial 1212 finished with value: 7.2801245950484965 and parameters: {'n_estimators': 380, 'lambda': 0.0005466478671070476, 'subsample': 0.9597691583109653, 'colsample_bytree': 0.807313931429397, 'learning_rate': 0.5958124877886789, 'max_depth': 3, 'min_child_weight': 6}. Best is trial 830 with value: 7.454100209461071.
[I 2026-03-16 13:07:08,821] Trial 1213 finished with value: 7.209060436943981 and parameters: {'n_estimators': 383, 'lambda': 0.0005750231728532181, 'subsample': 0.9575580786244586, 'colsample_bytree': 0.8165417580139769, 'learning_rate': 0.5995679721830024, 'max_depth': 3, 'min_child_weight': 6}. Best is trial 830 with value: 7.454100209461071.
[I 2026-03-16 13:07:21,642] Trial 1214 finished with value: 7.275176009015505 and parameters: {'n_estimators': 334, 'lambda': 0.00022172460499282685, 'subsample': 0.9821043747799488, 'colsample_bytree': 0.8108546355114106, 'learning_rate': 0.5959434150658867, 'max_depth': 3, 'min_child_weight': 6}. Best is trial 830 with value: 7.454100209461071.
[I 2026-03-16 13:07:22,649] Trial 1216 finished with value: 7.163437494946418 and parameters: {'n_estimators': 216, 'lambda': 0.000710450585781174, 'subsample': 0.9809835302647025, 'colsample_bytree': 0.8209992849253639, 'learning_rate': 0.593443358949305, 'max_depth': 3, 'min_child_weight': 6}. Best is trial 830 with value: 7.454100209461071.
[I 2026-03-16 13:08:12,311] Trial 1217 finished with value: 7.225410304243617 and parameters: {'n_estimators': 334, 'lambda': 0.0007857166958148452, 'subsample': 0.9820705953561688, 'colsample_bytree': 0.82291386606151, 'learning_rate': 0.59157984807534, 'max_depth': 3, 'min_child_weight': 6}. Best is trial 830 with value: 7.454100209461071.
[I 2026-03-16 13:08:23,752] Trial 1218 finished with value: 7.370777497058095 and parameters: {'n_estimators': 336, 'lambda': 0.0007350933445365735, 'subsample': 0.982864111157935, 'colsample_bytree': 0.9328155694195273, 'learning_rate': 0.6253371934116331, 'max_depth': 3, 'min_child_weight': 6}. Best is trial 830 with value: 7.454100209461071.
[I 2026-03-16 13:08:47,351] Trial 1219 finished with value: 7.161175482281898 and parameters: {'n_estimators': 337, 'lambda': 0.000219181769300821, 'subsample': 0.9848492866737538, 'colsample_bytree': 0.8241085872816298, 'learning_rate': 0.5880184662974808, 'max_depth': 3, 'min_child_weight': 6}. Best is trial 830 with value: 7.454100209461071.
[I 2026-03-16 13:08:52,103] Trial 1220 finished with value: 7.1194882059660936 and parameters: {'n_estimators': 336, 'lambda': 0.0006576273407870224, 'subsample': 0.9801639128937666, 'colsample_bytree': 0.9283953920632922, 'learning_rate': 0.6263461273021453, 'max_depth': 3, 'min_child_weight': 6}. Best is trial 830 with value: 7.454100209461071.
[I 2026-03-16 13:08:59,358] Trial 1221 finished with value: 7.17288537130475 and parameters: {'n_estimators': 334, 'lambda': 0.0007227307350222832, 'subsample': 0.9832679318197421, 'colsample_bytree': 0.9272398169855065, 'learning_rate': 0.6219406231978087, 'max_depth': 3, 'min_child_weight': 7}. Best is trial 830 with value: 7.454100209461071.
[I 2026-03-16 13:09:06,079] Trial 1222 finished with value: 7.263536936056925 and parameters: {'n_estimators': 331, 'lambda': 0.000778792284757708, 'subsample': 0.9863898768251284, 'colsample_bytree': 0.9293611638387981, 'learning_rate': 0.5837648661583333, 'max_depth': 3, 'min_child_weight': 7}. Best is trial 830 with value: 7.454100209461071.
[I 2026-03-16 13:09:47,060] Trial 1223 finished with value: 7.267702393998221 and parameters: {'n_estimators': 336, 'lambda': 0.0002147270434695797, 'subsample': 0.9842803775141183, 'colsample_bytree': 0.923237553109173, 'learning_rate': 0.5882487339124526, 'max_depth': 3, 'min_child_weight': 6}. Best is trial 830 with value: 7.454100209461071.
[I 2026-03-16 13:09:55,347] Trial 1224 finished with value: 7.404469840441683 and parameters: {'n_estimators': 333, 'lambda': 0.0007863667152239004, 'subsample': 0.9994094464178318, 'colsample_bytree': 0.9241330755989731, 'learning_rate': 0.624624022039934, 'max_depth': 3, 'min_child_weight': 7}. Best is trial 830 with value: 7.454100209461071.
[I 2026-03-16 13:10:17,654] Trial 1225 finished with value: 7.380292181825832 and parameters: {'n_estimators': 331, 'lambda': 0.0006963786518860295, 'subsample': 0.9487281239503822, 'colsample_bytree': 0.9021619120240435, 'learning_rate': 0.6315851224131803, 'max_depth': 3, 'min_child_weight': 6}. Best is trial 830 with value: 7.454100209461071.
[I 2026-03-16 13:10:22,189] Trial 1226 finished with value: 7.26043077865693 and parameters: {'n_estimators': 328, 'lambda': 0.0009161868320080878, 'subsample': 0.9517046580843256, 'colsample_bytree': 0.9340126016008476, 'learning_rate': 0.6292133828031553, 'max_depth': 3, 'min_child_weight': 6}. Best is trial 830 with value: 7.454100209461071.
