[I 2026-03-17 01:27:23,177] Trial 625 finished with value: 4.875526899874747 and parameters: {'n_estimators': 465, 'lambda': 8.976916958879326e-06, 'subsample': 0.9363526204733056, 'colsample_bytree': 0.20027180840315445, 'learning_rate': 0.03003515957340731, 'max_depth': 5, 'min_child_weight': 8}. Best is trial 605 with value: 5.112889304716095.
[I 2026-03-17 01:27:27,613] Trial 627 finished with value: 4.928609838359795 and parameters: {'n_estimators': 451, 'lambda': 1.7284542532220283e-05, 'subsample': 0.9367809290155487, 'colsample_bytree': 0.24556130974848842, 'learning_rate': 0.04125002855622504, 'max_depth': 5, 'min_child_weight': 5}. Best is trial 605 with value: 5.112889304716095.
[I 2026-03-17 01:27:41,450] Trial 626 finished with value: 4.918892027847953 and parameters: {'n_estimators': 528, 'lambda': 1.7684062680478062e-05, 'subsample': 0.9229040306789499, 'colsample_bytree': 0.24480702274855395, 'learning_rate': 0.06587410299468602, 'max_depth': 5, 'min_child_weight': 5}. Best is trial 605 with value: 5.112889304716095.
[I 2026-03-17 01:28:00,356] Trial 628 finished with value: 4.9737097329106765 and parameters: {'n_estimators': 530, 'lambda': 7.3270185648162995e-06, 'subsample': 0.9357492239589988, 'colsample_bytree': 0.24131302682448366, 'learning_rate': 0.04211372122640624, 'max_depth': 5, 'min_child_weight': 8}. Best is trial 605 with value: 5.112889304716095.
[I 2026-03-17 01:28:07,305] Trial 630 finished with value: 4.939986911475804 and parameters: {'n_estimators': 526, 'lambda': 2.7266217502614644e-06, 'subsample': 0.965215988530868, 'colsample_bytree': 0.24087489991093897, 'learning_rate': 0.04233623726824421, 'max_depth': 5, 'min_child_weight': 5}. Best is trial 605 with value: 5.112889304716095.
[I 2026-03-17 01:28:09,077] Trial 629 finished with value: 5.012463596867004 and parameters: {'n_estimators': 534, 'lambda': 8.184010528633478e-06, 'subsample': 0.8882601506245467, 'colsample_bytree': 0.24552407420263497, 'learning_rate': 0.030130247310736786, 'max_depth': 5, 'min_child_weight': 7}. Best is trial 605 with value: 5.112889304716095.
[I 2026-03-17 01:29:17,686] Trial 631 finished with value: 4.64833594193951 and parameters: {'n_estimators': 530, 'lambda': 5.559596625148884e-06, 'subsample': 0.24366539870125925, 'colsample_bytree': 0.4754582107931088, 'learning_rate': 0.041672776805658805, 'max_depth': 5, 'min_child_weight': 9}. Best is trial 605 with value: 5.112889304716095.
[I 2026-03-17 01:29:18,847] Trial 632 finished with value: 4.934941034999168 and parameters: {'n_estimators': 526, 'lambda': 7.453463776483033e-06, 'subsample': 0.891849217970185, 'colsample_bytree': 0.24502464535359314, 'learning_rate': 0.04372246080024651, 'max_depth': 5, 'min_child_weight': 7}. Best is trial 605 with value: 5.112889304716095.
[I 2026-03-17 01:29:28,647] Trial 633 finished with value: 5.017356928821064 and parameters: {'n_estimators': 529, 'lambda': 3.028710419195612e-06, 'subsample': 0.8881933631306997, 'colsample_bytree': 0.2318519002014707, 'learning_rate': 0.030080199455059006, 'max_depth': 5, 'min_child_weight': 6}. Best is trial 605 with value: 5.112889304716095.
[I 2026-03-17 01:30:09,601] Trial 634 finished with value: 4.994391230842847 and parameters: {'n_estimators': 519, 'lambda': 2.719314665260122e-06, 'subsample': 0.8849825405946139, 'colsample_bytree': 0.7299025112405868, 'learning_rate': 0.04220663143586204, 'max_depth': 6, 'min_child_weight': 9}. Best is trial 605 with value: 5.112889304716095.
[I 2026-03-17 01:30:13,106] Trial 636 finished with value: 5.07231319193209 and parameters: {'n_estimators': 504, 'lambda': 2.914911688418604e-05, 'subsample': 0.8888595750243117, 'colsample_bytree': 0.22703980344868338, 'learning_rate': 0.030074117085018715, 'max_depth': 6, 'min_child_weight': 9}. Best is trial 605 with value: 5.112889304716095.
[I 2026-03-17 01:30:17,437] Trial 635 finished with value: 4.713525356310767 and parameters: {'n_estimators': 523, 'lambda': 6.563823433407692e-06, 'subsample': 0.8881849600356904, 'colsample_bytree': 0.2857304332592617, 'learning_rate': 0.041950374727529285, 'max_depth': 6, 'min_child_weight': 7}. Best is trial 605 with value: 5.112889304716095.
[I 2026-03-17 01:31:49,635] Trial 639 finished with value: 4.898546637875691 and parameters: {'n_estimators': 511, 'lambda': 1.748955596531323e-05, 'subsample': 0.9109879560292451, 'colsample_bytree': 0.26641036188809875, 'learning_rate': 0.052486313212932054, 'max_depth': 7, 'min_child_weight': 10}. Best is trial 605 with value: 5.112889304716095.
[I 2026-03-17 01:32:14,250] Trial 642 finished with value: 4.9542108971117145 and parameters: {'n_estimators': 498, 'lambda': 1.905871192772253e-05, 'subsample': 0.9170784754878495, 'colsample_bytree': 0.22246035045774099, 'learning_rate': 0.05312877007323806, 'max_depth': 6, 'min_child_weight': 9}. Best is trial 605 with value: 5.112889304716095.
[I 2026-03-17 01:32:17,668] Trial 640 finished with value: 4.727021384936886 and parameters: {'n_estimators': 421, 'lambda': 3.0111944739771514e-05, 'subsample': 0.8508338609852754, 'colsample_bytree': 0.2829961562504226, 'learning_rate': 0.030079404221994187, 'max_depth': 7, 'min_child_weight': 10}. Best is trial 605 with value: 5.112889304716095.
[I 2026-03-17 01:32:24,811] Trial 637 finished with value: 4.705310853916831 and parameters: {'n_estimators': 506, 'lambda': 2.069619267699392e-05, 'subsample': 0.7092634418564725, 'colsample_bytree': 0.22677303237864363, 'learning_rate': 0.030089404256660044, 'max_depth': 8, 'min_child_weight': 6}. Best is trial 605 with value: 5.112889304716095.
[I 2026-03-17 01:32:39,839] Trial 641 finished with value: 4.93906001195543 and parameters: {'n_estimators': 503, 'lambda': 2.8403038725693888e-05, 'subsample': 0.9136631516793496, 'colsample_bytree': 0.22278970636745968, 'learning_rate': 0.05134032916926154, 'max_depth': 7, 'min_child_weight': 9}. Best is trial 605 with value: 5.112889304716095.
[I 2026-03-17 01:32:42,178] Trial 638 finished with value: 4.996803091005285 and parameters: {'n_estimators': 510, 'lambda': 3.19199548296228e-05, 'subsample': 0.8531248113761146, 'colsample_bytree': 0.2289126814368556, 'learning_rate': 0.03094824623053702, 'max_depth': 8, 'min_child_weight': 9}. Best is trial 605 with value: 5.112889304716095.
[I 2026-03-17 01:33:27,671] Trial 643 finished with value: 5.074129322220994 and parameters: {'n_estimators': 415, 'lambda': 1.0668399948870841e-05, 'subsample': 0.909230701816145, 'colsample_bytree': 0.2245907568214304, 'learning_rate': 0.030468577890970863, 'max_depth': 6, 'min_child_weight': 9}. Best is trial 605 with value: 5.112889304716095.
[I 2026-03-17 01:34:18,967] Trial 645 finished with value: 4.884096782211012 and parameters: {'n_estimators': 491, 'lambda': 3.7667514420157205e-05, 'subsample': 0.90771963168765, 'colsample_bytree': 0.22536582743520822, 'learning_rate': 0.07109996871495132, 'max_depth': 6, 'min_child_weight': 10}. Best is trial 605 with value: 5.112889304716095.
[I 2026-03-17 01:34:20,485] Trial 644 finished with value: 4.696710967304549 and parameters: {'n_estimators': 499, 'lambda': 2.7463052802451333e-05, 'subsample': 0.9052116598460456, 'colsample_bytree': 0.7002281931125434, 'learning_rate': 0.06969377434138456, 'max_depth': 6, 'min_child_weight': 9}. Best is trial 605 with value: 5.112889304716095.
[I 2026-03-17 01:34:25,867] Trial 646 finished with value: 4.909975166511453 and parameters: {'n_estimators': 492, 'lambda': 1.21654495301221e-05, 'subsample': 0.9117319890871998, 'colsample_bytree': 0.2277445169923582, 'learning_rate': 0.07058728580709425, 'max_depth': 6, 'min_child_weight': 9}. Best is trial 605 with value: 5.112889304716095.
[I 2026-03-17 01:34:35,205] Trial 648 finished with value: 4.974648727551239 and parameters: {'n_estimators': 450, 'lambda': 3.272910913262512e-05, 'subsample': 0.9081009769671307, 'colsample_bytree': 0.25404671762110886, 'learning_rate': 0.06776816163990072, 'max_depth': 6, 'min_child_weight': 9}. Best is trial 605 with value: 5.112889304716095.
[I 2026-03-17 01:34:36,617] Trial 647 finished with value: 5.067435315355076 and parameters: {'n_estimators': 464, 'lambda': 3.361988784910722e-05, 'subsample': 0.9059439421717485, 'colsample_bytree': 0.227055138472318, 'learning_rate': 0.03001639623280391, 'max_depth': 6, 'min_child_weight': 9}. Best is trial 605 with value: 5.112889304716095.
[I 2026-03-17 01:34:55,542] Trial 649 finished with value: 4.956239466409753 and parameters: {'n_estimators': 368, 'lambda': 1.4436112308465533e-05, 'subsample': 0.9102869333680126, 'colsample_bytree': 0.2584382574102789, 'learning_rate': 0.06766774701477307, 'max_depth': 6, 'min_child_weight': 9}. Best is trial 605 with value: 5.112889304716095.
[I 2026-03-17 01:35:52,021] Trial 652 finished with value: 5.0800843367716 and parameters: {'n_estimators': 356, 'lambda': 1.510034801435818e-05, 'subsample': 0.9091210266431834, 'colsample_bytree': 0.2567644838049534, 'learning_rate': 0.030134375270992355, 'max_depth': 6, 'min_child_weight': 9}. Best is trial 605 with value: 5.112889304716095.
[I 2026-03-17 01:35:58,677] Trial 651 finished with value: 4.983319795148931 and parameters: {'n_estimators': 399, 'lambda': 1.052219627559374e-05, 'subsample': 0.9236786268547921, 'colsample_bytree': 0.25804700772993344, 'learning_rate': 0.05304967142538446, 'max_depth': 6, 'min_child_weight': 9}. Best is trial 605 with value: 5.112889304716095.
[I 2026-03-17 01:36:04,920] Trial 650 finished with value: 4.940883010877437 and parameters: {'n_estimators': 427, 'lambda': 2.2900087949528063e-05, 'subsample': 0.9117045472223904, 'colsample_bytree': 0.2573799074353327, 'learning_rate': 0.05263747617012697, 'max_depth': 6, 'min_child_weight': 9}. Best is trial 605 with value: 5.112889304716095.
[I 2026-03-17 01:36:12,002] Trial 653 finished with value: 4.978272601904807 and parameters: {'n_estimators': 366, 'lambda': 9.194520949201837e-06, 'subsample': 0.9241036984152655, 'colsample_bytree': 0.25771964875529274, 'learning_rate': 0.05188229508111418, 'max_depth': 6, 'min_child_weight': 9}. Best is trial 605 with value: 5.112889304716095.
[I 2026-03-17 01:36:25,793] Trial 654 finished with value: 4.97182786197824 and parameters: {'n_estimators': 421, 'lambda': 4.908906908318566e-05, 'subsample': 0.9225900476296511, 'colsample_bytree': 0.2639065495315528, 'learning_rate': 0.04959622218506955, 'max_depth': 6, 'min_child_weight': 9}. Best is trial 605 with value: 5.112889304716095.
[I 2026-03-17 01:36:34,431] Trial 655 finished with value: 4.978267621344138 and parameters: {'n_estimators': 400, 'lambda': 4.788789892407658e-05, 'subsample': 0.9612126755129049, 'colsample_bytree': 0.25892693026734065, 'learning_rate': 0.05153497373235422, 'max_depth': 6, 'min_child_weight': 9}. Best is trial 605 with value: 5.112889304716095.
[I 2026-03-17 01:37:26,533] Trial 656 finished with value: 4.936560507482248 and parameters: {'n_estimators': 383, 'lambda': 9.269422690450769e-06, 'subsample': 0.9291252494358844, 'colsample_bytree': 0.2597848819112267, 'learning_rate': 0.05188665455943864, 'max_depth': 6, 'min_child_weight': 9}. Best is trial 605 with value: 5.112889304716095.
[I 2026-03-17 01:37:33,119] Trial 658 finished with value: 4.715720024156029 and parameters: {'n_estimators': 343, 'lambda': 1.0273136300359164e-05, 'subsample': 0.9609501892839742, 'colsample_bytree': 0.2753875301541591, 'learning_rate': 0.030016910111307728, 'max_depth': 6, 'min_child_weight': 9}. Best is trial 605 with value: 5.112889304716095.
[I 2026-03-17 01:37:34,783] Trial 657 finished with value: 4.690117735442582 and parameters: {'n_estimators': 388, 'lambda': 2.541655381085983e-05, 'subsample': 0.9530797269766698, 'colsample_bytree': 0.26600374095974455, 'learning_rate': 0.04922200470486282, 'max_depth': 6, 'min_child_weight': 9}. Best is trial 605 with value: 5.112889304716095.
[I 2026-03-17 01:37:54,842] Trial 659 finished with value: 5.014804878902862 and parameters: {'n_estimators': 390, 'lambda': 4.203246431136145e-05, 'subsample': 0.9545704893077668, 'colsample_bytree': 0.28341946514142363, 'learning_rate': 0.042596259372411446, 'max_depth': 6, 'min_child_weight': 9}. Best is trial 605 with value: 5.112889304716095.
[I 2026-03-17 01:38:11,739] Trial 661 finished with value: 4.701146151064787 and parameters: {'n_estimators': 400, 'lambda': 2.3290495647740006e-05, 'subsample': 0.9560270693540119, 'colsample_bytree': 0.2800830215867214, 'learning_rate': 0.03009140275988643, 'max_depth': 6, 'min_child_weight': 9}. Best is trial 605 with value: 5.112889304716095.
[I 2026-03-17 01:38:13,606] Trial 660 finished with value: 5.017908593112006 and parameters: {'n_estimators': 431, 'lambda': 3.879776338756828e-05, 'subsample': 0.9533022178362569, 'colsample_bytree': 0.28309470916026824, 'learning_rate': 0.04326633524482463, 'max_depth': 6, 'min_child_weight': 9}. Best is trial 605 with value: 5.112889304716095.
[I 2026-03-17 01:38:48,708] Trial 662 finished with value: 4.735703786418471 and parameters: {'n_estimators': 342, 'lambda': 2.6494285126221316e-05, 'subsample': 0.9479894132119023, 'colsample_bytree': 0.2926159214434838, 'learning_rate': 0.04238553453762388, 'max_depth': 6, 'min_child_weight': 9}. Best is trial 605 with value: 5.112889304716095.
[I 2026-03-17 01:39:03,612] Trial 663 finished with value: 4.70425670998029 and parameters: {'n_estimators': 352, 'lambda': 1.3568628469619854e-05, 'subsample': 0.8916211605060426, 'colsample_bytree': 0.8909018347045161, 'learning_rate': 0.041534265056200226, 'max_depth': 6, 'min_child_weight': 9}. Best is trial 605 with value: 5.112889304716095.
[I 2026-03-17 01:39:14,916] Trial 664 finished with value: 4.3244736540527615 and parameters: {'n_estimators': 411, 'lambda': 3.4330873859590813e-05, 'subsample': 0.8938209533991739, 'colsample_bytree': 0.31975948254754977, 'learning_rate': 0.3495173357308652, 'max_depth': 6, 'min_child_weight': 9}. Best is trial 605 with value: 5.112889304716095.
[I 2026-03-17 01:39:41,345] Trial 665 finished with value: 4.3602041915521355 and parameters: {'n_estimators': 429, 'lambda': 2.454763711667377e-05, 'subsample': 0.8927542510497212, 'colsample_bytree': 0.23336162902781118, 'learning_rate': 0.366627334217013, 'max_depth': 6, 'min_child_weight': 9}. Best is trial 605 with value: 5.112889304716095.
[I 2026-03-17 01:39:54,254] Trial 666 finished with value: 4.975801181184965 and parameters: {'n_estimators': 419, 'lambda': 1.3069618001767472e-05, 'subsample': 0.8903403865061902, 'colsample_bytree': 0.23606979648139995, 'learning_rate': 0.04284967493230238, 'max_depth': 6, 'min_child_weight': 9}. Best is trial 605 with value: 5.112889304716095.
[I 2026-03-17 01:40:08,408] Trial 667 finished with value: 4.958212647045617 and parameters: {'n_estimators': 461, 'lambda': 1.3414372505841234e-05, 'subsample': 0.8883764542140374, 'colsample_bytree': 0.23597927512509326, 'learning_rate': 0.040564885087574956, 'max_depth': 6, 'min_child_weight': 9}. Best is trial 605 with value: 5.112889304716095.
[I 2026-03-17 01:40:16,888] Trial 668 finished with value: 5.077398257068939 and parameters: {'n_estimators': 364, 'lambda': 3.94943076095472e-06, 'subsample': 0.8963902780752997, 'colsample_bytree': 0.23577403825500554, 'learning_rate': 0.04286898742657885, 'max_depth': 6, 'min_child_weight': 9}. Best is trial 605 with value: 5.112889304716095.
[I 2026-03-17 01:40:28,609] Trial 670 finished with value: 4.696872430715988 and parameters: {'n_estimators': 295, 'lambda': 1.3239372666308287e-05, 'subsample': 0.8885571312056477, 'colsample_bytree': 0.2348994134346273, 'learning_rate': 0.06087751576822502, 'max_depth': 6, 'min_child_weight': 9}. Best is trial 605 with value: 5.112889304716095.
[I 2026-03-17 01:40:35,357] Trial 669 finished with value: 4.991162256813707 and parameters: {'n_estimators': 361, 'lambda': 1.3281589072655074e-05, 'subsample': 0.8907802530505762, 'colsample_bytree': 0.2344607526078426, 'learning_rate': 0.041991229835955456, 'max_depth': 6, 'min_child_weight': 9}. Best is trial 605 with value: 5.112889304716095.
[I 2026-03-17 01:41:15,969] Trial 671 finished with value: 4.922363084738102 and parameters: {'n_estimators': 376, 'lambda': 0.08534759421251556, 'subsample': 0.8832895509346788, 'colsample_bytree': 0.2154006063506475, 'learning_rate': 0.06193024217592019, 'max_depth': 6, 'min_child_weight': 9}. Best is trial 605 with value: 5.112889304716095.
[I 2026-03-17 01:41:22,548] Trial 672 finished with value: 5.045863582371444 and parameters: {'n_estimators': 357, 'lambda': 6.808201957881602e-05, 'subsample': 0.928586269587041, 'colsample_bytree': 0.21771547285963527, 'learning_rate': 0.030429862560707323, 'max_depth': 6, 'min_child_weight': 9}. Best is trial 605 with value: 5.112889304716095.
[I 2026-03-17 01:41:42,755] Trial 674 finished with value: 4.741126337561314 and parameters: {'n_estimators': 358, 'lambda': 5.355538748181434e-06, 'subsample': 0.9059421235295135, 'colsample_bytree': 0.21337468274761892, 'learning_rate': 0.06262946252922917, 'max_depth': 6, 'min_child_weight': 9}. Best is trial 605 with value: 5.112889304716095.
[I 2026-03-17 01:42:00,818] Trial 676 finished with value: 4.703918658816541 and parameters: {'n_estimators': 325, 'lambda': 4.62104770482009e-06, 'subsample': 0.9358426513902914, 'colsample_bytree': 0.21721095067951232, 'learning_rate': 0.06296620247299684, 'max_depth': 6, 'min_child_weight': 9}. Best is trial 605 with value: 5.112889304716095.
[I 2026-03-17 01:42:02,086] Trial 673 finished with value: 4.97094506326612 and parameters: {'n_estimators': 446, 'lambda': 0.0994397439380404, 'subsample': 0.9376967129711156, 'colsample_bytree': 0.2176541782792753, 'learning_rate': 0.05726991525927829, 'max_depth': 6, 'min_child_weight': 9}. Best is trial 605 with value: 5.112889304716095.
[I 2026-03-17 01:42:16,649] Trial 675 finished with value: 4.387010112423095 and parameters: {'n_estimators': 445, 'lambda': 8.382151352940542e-06, 'subsample': 0.9273811635266462, 'colsample_bytree': 0.21482074533021686, 'learning_rate': 0.2682458350056106, 'max_depth': 6, 'min_child_weight': 9}. Best is trial 605 with value: 5.112889304716095.
[I 2026-03-17 01:42:31,910] Trial 677 finished with value: 5.043003938199355 and parameters: {'n_estimators': 311, 'lambda': 4.416723224628124e-06, 'subsample': 0.9337582700170654, 'colsample_bytree': 0.24940823733467035, 'learning_rate': 0.030678283110350264, 'max_depth': 6, 'min_child_weight': 9}. Best is trial 605 with value: 5.112889304716095.
[I 2026-03-17 01:42:42,129] Trial 678 finished with value: 4.2173033652799 and parameters: {'n_estimators': 332, 'lambda': 5.374279487730756e-06, 'subsample': 0.9107329216211264, 'colsample_bytree': 0.2489317219773298, 'learning_rate': 0.263588203964452, 'max_depth': 6, 'min_child_weight': 9}. Best is trial 605 with value: 5.112889304716095.
[I 2026-03-17 01:43:10,709] Trial 679 finished with value: 4.542440114604814 and parameters: {'n_estimators': 373, 'lambda': 1.8013178182766293e-05, 'subsample': 0.9142182163674761, 'colsample_bytree': 0.24344285766320384, 'learning_rate': 0.29846753965989753, 'max_depth': 6, 'min_child_weight': 9}. Best is trial 605 with value: 5.112889304716095.
[I 2026-03-17 01:43:36,282] Trial 681 finished with value: 4.662625538819988 and parameters: {'n_estimators': 377, 'lambda': 3.6185589593923853e-06, 'subsample': 0.660592174426504, 'colsample_bytree': 0.24688757626897692, 'learning_rate': 0.04178061414412278, 'max_depth': 6, 'min_child_weight': 9}. Best is trial 605 with value: 5.112889304716095.
[I 2026-03-17 01:43:38,455] Trial 680 finished with value: 5.010533355480024 and parameters: {'n_estimators': 382, 'lambda': 1.9922252127014205e-06, 'subsample': 0.9147493716863406, 'colsample_bytree': 0.24916258291045965, 'learning_rate': 0.04238583903666823, 'max_depth': 6, 'min_child_weight': 9}. Best is trial 605 with value: 5.112889304716095.
[I 2026-03-17 01:43:51,630] Trial 682 finished with value: 5.063863043119954 and parameters: {'n_estimators': 375, 'lambda': 1.4806385826674377e-06, 'subsample': 0.9069634980900809, 'colsample_bytree': 0.24819150845910237, 'learning_rate': 0.030254641911149394, 'max_depth': 6, 'min_child_weight': 9}. Best is trial 605 with value: 5.112889304716095.
[I 2026-03-17 01:44:07,676] Trial 684 finished with value: 5.011216195777541 and parameters: {'n_estimators': 346, 'lambda': 5.9233336347863924e-08, 'subsample': 0.9086778063998031, 'colsample_bytree': 0.2465807158936569, 'learning_rate': 0.042618972120309656, 'max_depth': 6, 'min_child_weight': 9}. Best is trial 605 with value: 5.112889304716095.
[I 2026-03-17 01:44:07,772] Trial 683 finished with value: 4.656998376074254 and parameters: {'n_estimators': 365, 'lambda': 8.916795594481776e-08, 'subsample': 0.908807080072757, 'colsample_bytree': 0.24856881927082372, 'learning_rate': 0.0826503981273471, 'max_depth': 6, 'min_child_weight': 9}. Best is trial 605 with value: 5.112889304716095.
[I 2026-03-17 01:44:45,713] Trial 685 finished with value: 4.719063830019996 and parameters: {'n_estimators': 386, 'lambda': 7.865936133298031e-06, 'subsample': 0.9011957120606964, 'colsample_bytree': 0.2679284678451984, 'learning_rate': 0.03009907909435234, 'max_depth': 6, 'min_child_weight': 9}. Best is trial 605 with value: 5.112889304716095.
[I 2026-03-17 01:45:18,479] Trial 687 finished with value: 4.664873305329291 and parameters: {'n_estimators': 407, 'lambda': 3.971690454928068e-08, 'subsample': 0.8976394973415002, 'colsample_bytree': 0.8256269266578327, 'learning_rate': 0.08375153006615638, 'max_depth': 6, 'min_child_weight': 9}. Best is trial 605 with value: 5.112889304716095.
[I 2026-03-17 01:45:30,311] Trial 688 finished with value: 4.730183222024323 and parameters: {'n_estimators': 396, 'lambda': 4.77516486599866e-06, 'subsample': 0.9000880018587373, 'colsample_bytree': 0.4026616766903288, 'learning_rate': 0.042003068582751046, 'max_depth': 6, 'min_child_weight': 9}. Best is trial 605 with value: 5.112889304716095.
