[I 2026-03-18 22:25:11,605] Trial 571 finished with value: 2.2352432104503337 and parameters: {'n_estimators': 824, 'lambda': 2.6314460142423416e-08, 'subsample': 0.4357261335647984, 'colsample_bytree': 0.9610390079665544, 'learning_rate': 0.03031757636390959, 'max_depth': 9, 'min_child_weight': 5}. Best is trial 557 with value: 2.2610117988072185.
[I 2026-03-18 22:25:33,155] Trial 572 finished with value: 1.9492791096526805 and parameters: {'n_estimators': 827, 'lambda': 2.5616476695726332e-08, 'subsample': 0.45044073325801615, 'colsample_bytree': 0.9613311738512108, 'learning_rate': 0.08143226838942175, 'max_depth': 9, 'min_child_weight': 5}. Best is trial 557 with value: 2.2610117988072185.
[I 2026-03-18 22:28:28,080] Trial 573 finished with value: 0.0 and parameters: {'n_estimators': 906, 'lambda': 2.6480564823572418e-08, 'subsample': 0.7792941825039699, 'colsample_bytree': 0.9604497647069621, 'learning_rate': 0.04141410914445012, 'max_depth': 9, 'min_child_weight': 5}. Best is trial 557 with value: 2.2610117988072185.
[I 2026-03-18 22:30:02,036] Trial 574 finished with value: 2.2336068491515686 and parameters: {'n_estimators': 903, 'lambda': 1.3453186505080722e-08, 'subsample': 0.7792270865085403, 'colsample_bytree': 0.9540765159784488, 'learning_rate': 0.04332204550602499, 'max_depth': 9, 'min_child_weight': 5}. Best is trial 557 with value: 2.2610117988072185.
[I 2026-03-18 22:30:23,925] Trial 575 finished with value: 2.2553070515339715 and parameters: {'n_estimators': 900, 'lambda': 1.161148174584391e-08, 'subsample': 0.8863597085506616, 'colsample_bytree': 0.8536292685208359, 'learning_rate': 0.04379427942389548, 'max_depth': 9, 'min_child_weight': 5}. Best is trial 557 with value: 2.2610117988072185.
[I 2026-03-18 22:31:06,494] Trial 576 finished with value: 2.2588734689474705 and parameters: {'n_estimators': 907, 'lambda': 1.0082678292326014e-08, 'subsample': 0.8849465037756225, 'colsample_bytree': 0.8511480466624438, 'learning_rate': 0.04277498352987537, 'max_depth': 9, 'min_child_weight': 5}. Best is trial 557 with value: 2.2610117988072185.
[I 2026-03-18 22:31:46,062] Trial 579 finished with value: 2.133201467798398 and parameters: {'n_estimators': 890, 'lambda': 1.087350855179508e-07, 'subsample': 0.8873830708929664, 'colsample_bytree': 0.9066932179738835, 'learning_rate': 0.04037344598919587, 'max_depth': 5, 'min_child_weight': 5}. Best is trial 557 with value: 2.2610117988072185.
[I 2026-03-18 22:33:02,912] Trial 578 finished with value: 2.1249978826305895 and parameters: {'n_estimators': 893, 'lambda': 1.1360312003181857e-08, 'subsample': 0.20845747864474623, 'colsample_bytree': 0.9240468812222853, 'learning_rate': 0.04440418943094701, 'max_depth': 9, 'min_child_weight': 5}. Best is trial 557 with value: 2.2610117988072185.
[I 2026-03-18 22:33:12,419] Trial 577 finished with value: 2.251044180505666 and parameters: {'n_estimators': 903, 'lambda': 1.0233330080913701e-08, 'subsample': 0.7844633433120071, 'colsample_bytree': 0.920779951095596, 'learning_rate': 0.04282128822950232, 'max_depth': 9, 'min_child_weight': 5}. Best is trial 557 with value: 2.2610117988072185.
[I 2026-03-18 22:33:47,670] Trial 581 finished with value: 2.1386168610465637 and parameters: {'n_estimators': 893, 'lambda': 1.0372084971000873e-08, 'subsample': 0.8844586440115163, 'colsample_bytree': 0.84695388828881, 'learning_rate': 0.04255941563446293, 'max_depth': 5, 'min_child_weight': 5}. Best is trial 557 with value: 2.2610117988072185.
[I 2026-03-18 22:37:47,001] Trial 580 finished with value: 2.1623803557825383 and parameters: {'n_estimators': 886, 'lambda': 1.0922456289837906e-08, 'subsample': 0.8858148951240302, 'colsample_bytree': 0.9262060508673549, 'learning_rate': 0.06482581156603077, 'max_depth': 9, 'min_child_weight': 5}. Best is trial 557 with value: 2.2610117988072185.
[I 2026-03-18 22:39:24,128] Trial 582 finished with value: 2.246949756756564 and parameters: {'n_estimators': 920, 'lambda': 1.0456097199226843e-08, 'subsample': 0.8845475854265854, 'colsample_bytree': 0.8636517553370162, 'learning_rate': 0.030231660155863246, 'max_depth': 9, 'min_child_weight': 5}. Best is trial 557 with value: 2.2610117988072185.
[I 2026-03-18 22:40:02,411] Trial 583 finished with value: 2.2471913274402118 and parameters: {'n_estimators': 914, 'lambda': 1.1127444034588945e-08, 'subsample': 0.886748808226929, 'colsample_bytree': 0.8587379723812686, 'learning_rate': 0.030483645359282645, 'max_depth': 9, 'min_child_weight': 5}. Best is trial 557 with value: 2.2610117988072185.
[I 2026-03-18 22:41:20,364] Trial 584 finished with value: 2.245429141936258 and parameters: {'n_estimators': 914, 'lambda': 1.162361643929467e-08, 'subsample': 0.8823230576925783, 'colsample_bytree': 0.8590262902196962, 'learning_rate': 0.030344740915405653, 'max_depth': 9, 'min_child_weight': 5}. Best is trial 557 with value: 2.2610117988072185.
[I 2026-03-18 22:41:28,547] Trial 585 finished with value: 2.2531406681680357 and parameters: {'n_estimators': 912, 'lambda': 1.3229049247491734e-08, 'subsample': 0.8873187581156656, 'colsample_bytree': 0.8696959065871994, 'learning_rate': 0.039892857148126085, 'max_depth': 9, 'min_child_weight': 5}. Best is trial 557 with value: 2.2610117988072185.
[I 2026-03-18 22:42:11,738] Trial 586 finished with value: 0.0 and parameters: {'n_estimators': 917, 'lambda': 1.3459617305759498e-08, 'subsample': 0.6931485010450134, 'colsample_bytree': 0.8319234941016608, 'learning_rate': 0.051800097106178625, 'max_depth': 9, 'min_child_weight': 5}. Best is trial 557 with value: 2.2610117988072185.
[I 2026-03-18 22:44:52,010] Trial 589 finished with value: 2.2182671405136087 and parameters: {'n_estimators': 918, 'lambda': 1.5369385000985834e-08, 'subsample': 0.7481382272092966, 'colsample_bytree': 0.8428104325830206, 'learning_rate': 0.05237401146960156, 'max_depth': 7, 'min_child_weight': 5}. Best is trial 557 with value: 2.2610117988072185.
[I 2026-03-18 22:45:17,980] Trial 592 finished with value: 2.1164727535079617 and parameters: {'n_estimators': 972, 'lambda': 1.8293636533644996e-08, 'subsample': 0.8501116654976856, 'colsample_bytree': 0.8299382024814299, 'learning_rate': 0.05340385730816872, 'max_depth': 4, 'min_child_weight': 5}. Best is trial 557 with value: 2.2610117988072185.
[I 2026-03-18 22:46:02,592] Trial 587 finished with value: 2.249269371678391 and parameters: {'n_estimators': 915, 'lambda': 1.137024926159127e-08, 'subsample': 0.7108175275799209, 'colsample_bytree': 0.8541418102352925, 'learning_rate': 0.03022631311062529, 'max_depth': 9, 'min_child_weight': 5}. Best is trial 557 with value: 2.2610117988072185.
[I 2026-03-18 22:47:38,124] Trial 588 finished with value: 2.254707932572356 and parameters: {'n_estimators': 921, 'lambda': 1.5408682264544285e-08, 'subsample': 0.849288168693504, 'colsample_bytree': 0.8892067174065209, 'learning_rate': 0.03110474477251734, 'max_depth': 9, 'min_child_weight': 5}. Best is trial 557 with value: 2.2610117988072185.
[I 2026-03-18 22:49:07,333] Trial 590 finished with value: 2.2304629204089643 and parameters: {'n_estimators': 880, 'lambda': 1.5329427670229743e-08, 'subsample': 0.8460658406513556, 'colsample_bytree': 0.8862798653275333, 'learning_rate': 0.04908957850741623, 'max_depth': 9, 'min_child_weight': 5}. Best is trial 557 with value: 2.2610117988072185.
[I 2026-03-18 22:49:17,837] Trial 591 finished with value: 2.2242111065990624 and parameters: {'n_estimators': 879, 'lambda': 1.5453504340268204e-08, 'subsample': 0.8548214915578327, 'colsample_bytree': 0.8903728102796999, 'learning_rate': 0.051493136994379844, 'max_depth': 9, 'min_child_weight': 5}. Best is trial 557 with value: 2.2610117988072185.
[I 2026-03-18 22:52:52,227] Trial 593 finished with value: 2.250971523477576 and parameters: {'n_estimators': 883, 'lambda': 1.9610343524964797e-08, 'subsample': 0.8464539107368461, 'colsample_bytree': 0.8903216174903604, 'learning_rate': 0.05044292367305937, 'max_depth': 9, 'min_child_weight': 5}. Best is trial 557 with value: 2.2610117988072185.
[I 2026-03-18 22:53:20,847] Trial 594 finished with value: 2.165319404335162 and parameters: {'n_estimators': 879, 'lambda': 3.667779312550003e-08, 'subsample': 0.5446089260768479, 'colsample_bytree': 0.9004531358790303, 'learning_rate': 0.051395176245460236, 'max_depth': 9, 'min_child_weight': 5}. Best is trial 557 with value: 2.2610117988072185.
[I 2026-03-18 22:53:55,422] Trial 595 finished with value: 2.1608833827367366 and parameters: {'n_estimators': 880, 'lambda': 3.52359880717323e-08, 'subsample': 0.8468033913915469, 'colsample_bytree': 0.8890094265425398, 'learning_rate': 0.06361752895372794, 'max_depth': 9, 'min_child_weight': 5}. Best is trial 557 with value: 2.2610117988072185.
[I 2026-03-18 22:55:33,213] Trial 596 finished with value: 2.141922381988518 and parameters: {'n_estimators': 882, 'lambda': 3.548181158692755e-08, 'subsample': 0.8091596988786135, 'colsample_bytree': 0.9076174246741257, 'learning_rate': 0.06231053407213015, 'max_depth': 9, 'min_child_weight': 5}. Best is trial 557 with value: 2.2610117988072185.
[I 2026-03-18 22:56:28,302] Trial 597 finished with value: 2.2122814630909784 and parameters: {'n_estimators': 827, 'lambda': 3.297546965825606e-08, 'subsample': 0.8593799082980358, 'colsample_bytree': 0.8974918944277274, 'learning_rate': 0.06252595376912007, 'max_depth': 9, 'min_child_weight': 6}. Best is trial 557 with value: 2.2610117988072185.
[I 2026-03-18 22:56:58,619] Trial 598 finished with value: 2.134337988709306 and parameters: {'n_estimators': 861, 'lambda': 3.474351837623991e-08, 'subsample': 0.8103171771707471, 'colsample_bytree': 0.9047554920160942, 'learning_rate': 0.061881956449726855, 'max_depth': 9, 'min_child_weight': 6}. Best is trial 557 with value: 2.2610117988072185.
[I 2026-03-18 22:59:54,505] Trial 599 finished with value: 1.6506563568444612 and parameters: {'n_estimators': 856, 'lambda': 3.6648620076357225e-08, 'subsample': 0.8123780961721202, 'colsample_bytree': 0.9063747523652016, 'learning_rate': 0.6669374747223317, 'max_depth': 9, 'min_child_weight': 6}. Best is trial 557 with value: 2.2610117988072185.
[I 2026-03-18 23:01:02,672] Trial 600 finished with value: 2.1276788359576404 and parameters: {'n_estimators': 856, 'lambda': 3.5617179148336104e-08, 'subsample': 0.8306796633294019, 'colsample_bytree': 0.9075259861152714, 'learning_rate': 0.06525661330018798, 'max_depth': 9, 'min_child_weight': 6}. Best is trial 557 with value: 2.2610117988072185.
[I 2026-03-18 23:01:26,237] Trial 601 finished with value: 2.1540290119875856 and parameters: {'n_estimators': 852, 'lambda': 6.629943166287338e-08, 'subsample': 0.8166087131781686, 'colsample_bytree': 0.9282338065572079, 'learning_rate': 0.06379459507484062, 'max_depth': 9, 'min_child_weight': 6}. Best is trial 557 with value: 2.2610117988072185.
[I 2026-03-18 23:03:16,044] Trial 602 finished with value: 2.2526845811245115 and parameters: {'n_estimators': 860, 'lambda': 2.1073211762386004e-08, 'subsample': 0.8229395992971275, 'colsample_bytree': 0.985037804400762, 'learning_rate': 0.04207667110625957, 'max_depth': 9, 'min_child_weight': 6}. Best is trial 557 with value: 2.2610117988072185.
[I 2026-03-18 23:04:07,668] Trial 603 finished with value: 2.2582382893471697 and parameters: {'n_estimators': 855, 'lambda': 7.021552793800375e-08, 'subsample': 0.827004471457801, 'colsample_bytree': 0.983280058509535, 'learning_rate': 0.040962459867314845, 'max_depth': 9, 'min_child_weight': 7}. Best is trial 557 with value: 2.2610117988072185.
[I 2026-03-18 23:04:29,070] Trial 604 finished with value: 1.8404952480648276 and parameters: {'n_estimators': 858, 'lambda': 7.030374698265341e-08, 'subsample': 0.8254253089586093, 'colsample_bytree': 0.9785827641716246, 'learning_rate': 0.1710947205757115, 'max_depth': 9, 'min_child_weight': 5}. Best is trial 557 with value: 2.2610117988072185.
[I 2026-03-18 23:08:57,086] Trial 605 finished with value: 2.2265423308138748 and parameters: {'n_estimators': 997, 'lambda': 6.489202799751422e-08, 'subsample': 0.823953660613578, 'colsample_bytree': 0.9847466804763958, 'learning_rate': 0.040938873956702995, 'max_depth': 9, 'min_child_weight': 5}. Best is trial 557 with value: 2.2610117988072185.
[I 2026-03-18 23:10:04,349] Trial 606 finished with value: 2.2385030344375103 and parameters: {'n_estimators': 996, 'lambda': 7.371859843288696e-08, 'subsample': 0.8703226050129085, 'colsample_bytree': 0.9785932889682901, 'learning_rate': 0.04329097142038973, 'max_depth': 9, 'min_child_weight': 5}. Best is trial 557 with value: 2.2610117988072185.
[I 2026-03-18 23:10:20,893] Trial 607 finished with value: 2.2480042512011478 and parameters: {'n_estimators': 989, 'lambda': 1.0420206370902572e-07, 'subsample': 0.869118298644017, 'colsample_bytree': 0.9817508578705522, 'learning_rate': 0.040910338955230746, 'max_depth': 9, 'min_child_weight': 5}. Best is trial 557 with value: 2.2610117988072185.
[I 2026-03-18 23:11:30,644] Trial 609 finished with value: 2.254859135793338 and parameters: {'n_estimators': 830, 'lambda': 1.1895437355198711e-07, 'subsample': 0.83733222124109, 'colsample_bytree': 0.9803019197658832, 'learning_rate': 0.041398651159807835, 'max_depth': 9, 'min_child_weight': 8}. Best is trial 557 with value: 2.2610117988072185.
[I 2026-03-18 23:11:54,552] Trial 610 finished with value: 2.2411538371259256 and parameters: {'n_estimators': 821, 'lambda': 8.431668622527917e-08, 'subsample': 0.8624801433438548, 'colsample_bytree': 0.9500565140886112, 'learning_rate': 0.03033152200816758, 'max_depth': 9, 'min_child_weight': 8}. Best is trial 557 with value: 2.2610117988072185.
[I 2026-03-18 23:12:14,763] Trial 608 finished with value: 2.2401624403548945 and parameters: {'n_estimators': 989, 'lambda': 7.088077512386458e-08, 'subsample': 0.8685684987469713, 'colsample_bytree': 0.9828656165088268, 'learning_rate': 0.04309898491993733, 'max_depth': 9, 'min_child_weight': 5}. Best is trial 557 with value: 2.2610117988072185.
[I 2026-03-18 23:16:20,620] Trial 611 finished with value: 2.1762825273969906 and parameters: {'n_estimators': 821, 'lambda': 1.028055238172203e-07, 'subsample': 0.3385176628281567, 'colsample_bytree': 0.9561322058415936, 'learning_rate': 0.04183464302968909, 'max_depth': 9, 'min_child_weight': 5}. Best is trial 557 with value: 2.2610117988072185.
[I 2026-03-18 23:17:50,085] Trial 613 finished with value: 2.2514036710515204 and parameters: {'n_estimators': 833, 'lambda': 8.654313157123361e-08, 'subsample': 0.8342003190423799, 'colsample_bytree': 0.9529596614702663, 'learning_rate': 0.042049138575183345, 'max_depth': 9, 'min_child_weight': 8}. Best is trial 557 with value: 2.2610117988072185.
[I 2026-03-18 23:17:52,547] Trial 612 finished with value: 2.200615143416246 and parameters: {'n_estimators': 826, 'lambda': 1.1972140449728047e-07, 'subsample': 0.8354740379469389, 'colsample_bytree': 0.20820101249671086, 'learning_rate': 0.04120031573945278, 'max_depth': 9, 'min_child_weight': 7}. Best is trial 557 with value: 2.2610117988072185.
[I 2026-03-18 23:18:50,346] Trial 614 finished with value: 2.24138877035936 and parameters: {'n_estimators': 820, 'lambda': 1.2753323440641327e-07, 'subsample': 0.83210112422014, 'colsample_bytree': 0.9988094159379328, 'learning_rate': 0.03129724223049389, 'max_depth': 9, 'min_child_weight': 9}. Best is trial 557 with value: 2.2610117988072185.
[I 2026-03-18 23:19:14,206] Trial 616 finished with value: 1.8119349247835481 and parameters: {'n_estimators': 834, 'lambda': 1.370995173497091e-07, 'subsample': 0.838063529143816, 'colsample_bytree': 0.9572587094975965, 'learning_rate': 0.21779018828684416, 'max_depth': 9, 'min_child_weight': 7}. Best is trial 557 with value: 2.2610117988072185.
[I 2026-03-18 23:19:17,062] Trial 615 finished with value: 0.0 and parameters: {'n_estimators': 838, 'lambda': 1.1892302607266075e-07, 'subsample': 0.8046810888288891, 'colsample_bytree': 0.965405734627067, 'learning_rate': 0.04125570344693198, 'max_depth': 9, 'min_child_weight': 9}. Best is trial 557 with value: 2.2610117988072185.
[I 2026-03-18 23:23:39,497] Trial 617 finished with value: 2.228662720500147 and parameters: {'n_estimators': 831, 'lambda': 1.6175491854810478e-07, 'subsample': 0.8407487615719227, 'colsample_bytree': 0.9666076232838802, 'learning_rate': 0.05145307242602051, 'max_depth': 9, 'min_child_weight': 7}. Best is trial 557 with value: 2.2610117988072185.
[I 2026-03-18 23:24:35,951] Trial 619 finished with value: 1.8165204509354573 and parameters: {'n_estimators': 805, 'lambda': 1.5123346074122812e-07, 'subsample': 0.7991777940731388, 'colsample_bytree': 0.963775870353357, 'learning_rate': 0.22567984931618632, 'max_depth': 9, 'min_child_weight': 8}. Best is trial 557 with value: 2.2610117988072185.
[I 2026-03-18 23:24:51,385] Trial 618 finished with value: 1.8037104477950239 and parameters: {'n_estimators': 813, 'lambda': 1.4849458124139308e-07, 'subsample': 0.8377852866072667, 'colsample_bytree': 0.9686400576810548, 'learning_rate': 0.22636498653288828, 'max_depth': 9, 'min_child_weight': 5}. Best is trial 557 with value: 2.2610117988072185.
[I 2026-03-18 23:27:14,578] Trial 620 finished with value: 2.09080144438102 and parameters: {'n_estimators': 957, 'lambda': 1.5223831338854856e-07, 'subsample': 0.3702648861095348, 'colsample_bytree': 0.9707607801540026, 'learning_rate': 0.05320991650265617, 'max_depth': 9, 'min_child_weight': 7}. Best is trial 557 with value: 2.2610117988072185.
[I 2026-03-18 23:27:29,640] Trial 622 finished with value: 2.188455200740595 and parameters: {'n_estimators': 955, 'lambda': 2.2186730085734798e-08, 'subsample': 0.8916392274967598, 'colsample_bytree': 0.9722643551365399, 'learning_rate': 0.054096048275354955, 'max_depth': 9, 'min_child_weight': 9}. Best is trial 557 with value: 2.2610117988072185.
[I 2026-03-18 23:27:34,626] Trial 624 finished with value: 2.200142828304309 and parameters: {'n_estimators': 322, 'lambda': 1.908103252132628e-08, 'subsample': 0.8915793002341075, 'colsample_bytree': 0.9991908437031767, 'learning_rate': 0.05337546609864945, 'max_depth': 9, 'min_child_weight': 8}. Best is trial 557 with value: 2.2610117988072185.
[I 2026-03-18 23:27:39,258] Trial 621 finished with value: 2.2140338012815537 and parameters: {'n_estimators': 957, 'lambda': 1.8866619640928e-07, 'subsample': 0.795924372340043, 'colsample_bytree': 0.9680038879745113, 'learning_rate': 0.0507577182794824, 'max_depth': 9, 'min_child_weight': 7}. Best is trial 557 with value: 2.2610117988072185.
[I 2026-03-18 23:32:17,509] Trial 623 finished with value: 2.1991942934556854 and parameters: {'n_estimators': 960, 'lambda': 2.081156812843353e-08, 'subsample': 0.8895890029517878, 'colsample_bytree': 0.9300361408559468, 'learning_rate': 0.05468193895038045, 'max_depth': 9, 'min_child_weight': 5}. Best is trial 557 with value: 2.2610117988072185.
[I 2026-03-18 23:32:59,212] Trial 625 finished with value: 2.2443907331444555 and parameters: {'n_estimators': 901, 'lambda': 2.1570566469743544e-08, 'subsample': 0.8948455668063914, 'colsample_bytree': 0.9311279315781856, 'learning_rate': 0.03011436585150648, 'max_depth': 9, 'min_child_weight': 8}. Best is trial 557 with value: 2.2610117988072185.
[I 2026-03-18 23:35:21,525] Trial 626 finished with value: 2.246222644814579 and parameters: {'n_estimators': 899, 'lambda': 5.0040780110470805e-08, 'subsample': 0.892910968910547, 'colsample_bytree': 0.9313760442352393, 'learning_rate': 0.031004817174549077, 'max_depth': 9, 'min_child_weight': 8}. Best is trial 557 with value: 2.2610117988072185.
[I 2026-03-18 23:35:25,055] Trial 627 finished with value: 1.9844069086429115 and parameters: {'n_estimators': 902, 'lambda': 1.9798759074725597e-08, 'subsample': 0.29389217826225233, 'colsample_bytree': 0.931572518623144, 'learning_rate': 0.07259606110298131, 'max_depth': 9, 'min_child_weight': 7}. Best is trial 557 with value: 2.2610117988072185.
[I 2026-03-18 23:35:47,591] Trial 629 finished with value: 2.2449826511656505 and parameters: {'n_estimators': 904, 'lambda': 4.954491956562819e-08, 'subsample': 0.8586115785633117, 'colsample_bytree': 0.9302627591943, 'learning_rate': 0.030989698445814173, 'max_depth': 9, 'min_child_weight': 8}. Best is trial 557 with value: 2.2610117988072185.
[I 2026-03-18 23:35:50,324] Trial 628 finished with value: 2.2478036582008585 and parameters: {'n_estimators': 896, 'lambda': 4.7249743868441537e-08, 'subsample': 0.8577457631292134, 'colsample_bytree': 0.9340905255584128, 'learning_rate': 0.030758876477603298, 'max_depth': 9, 'min_child_weight': 5}. Best is trial 557 with value: 2.2610117988072185.
[I 2026-03-18 23:40:28,910] Trial 630 finished with value: 2.247963219922343 and parameters: {'n_estimators': 890, 'lambda': 3.0280491027861646e-07, 'subsample': 0.8572972552421523, 'colsample_bytree': 0.9264763656683914, 'learning_rate': 0.030176359899940844, 'max_depth': 9, 'min_child_weight': 5}. Best is trial 557 with value: 2.2610117988072185.
[I 2026-03-18 23:40:56,374] Trial 631 finished with value: 2.066503609683493 and parameters: {'n_estimators': 896, 'lambda': 2.7036747462522493e-07, 'subsample': 0.8570332703198702, 'colsample_bytree': 0.9834536277218938, 'learning_rate': 0.07208333090809413, 'max_depth': 9, 'min_child_weight': 5}. Best is trial 557 with value: 2.2610117988072185.
[I 2026-03-18 23:42:49,602] Trial 632 finished with value: 2.110896771758429 and parameters: {'n_estimators': 869, 'lambda': 2.6514461149671177e-07, 'subsample': 0.8580150994832592, 'colsample_bytree': 0.9829361036890056, 'learning_rate': 0.07278045847231582, 'max_depth': 9, 'min_child_weight': 8}. Best is trial 557 with value: 2.2610117988072185.
