[I 2026-03-18 13:35:32,957] Trial 70 finished with value: 2.1629025699866635 and parameters: {'n_estimators': 320, 'lambda': 0.005220116323239807, 'subsample': 0.9008858607488424, 'colsample_bytree': 0.7364699771618493, 'learning_rate': 0.04786998196679483, 'max_depth': 8, 'min_child_weight': 4}. Best is trial 48 with value: 2.2406709683737405.
[I 2026-03-18 13:37:57,498] Trial 72 finished with value: 2.146597800328147 and parameters: {'n_estimators': 445, 'lambda': 0.0011278674740906106, 'subsample': 0.2492023732643, 'colsample_bytree': 0.7040780137354992, 'learning_rate': 0.0707669210074871, 'max_depth': 9, 'min_child_weight': 4}. Best is trial 48 with value: 2.2406709683737405.
[I 2026-03-18 13:38:12,042] Trial 73 finished with value: 2.202242179127497 and parameters: {'n_estimators': 453, 'lambda': 0.0009821485617617465, 'subsample': 0.2144560267731381, 'colsample_bytree': 0.719345737245102, 'learning_rate': 0.04696694675590507, 'max_depth': 9, 'min_child_weight': 4}. Best is trial 48 with value: 2.2406709683737405.
[I 2026-03-18 13:38:17,019] Trial 66 finished with value: 2.039171888499011 and parameters: {'n_estimators': 981, 'lambda': 0.004710252212222838, 'subsample': 0.9135935396922507, 'colsample_bytree': 0.6540311371480848, 'learning_rate': 0.12175446870022985, 'max_depth': 8, 'min_child_weight': 8}. Best is trial 48 with value: 2.2406709683737405.
[I 2026-03-18 13:38:49,610] Trial 74 finished with value: 2.241843853170911 and parameters: {'n_estimators': 450, 'lambda': 0.0011804890543402596, 'subsample': 0.9195829670234107, 'colsample_bytree': 0.6815017104993598, 'learning_rate': 0.07116437801080015, 'max_depth': 9, 'min_child_weight': 4}. Best is trial 74 with value: 2.241843853170911.
[I 2026-03-18 13:42:18,464] Trial 71 finished with value: 1.982924020195287 and parameters: {'n_estimators': 997, 'lambda': 0.004392139426298677, 'subsample': 0.22916821385226116, 'colsample_bytree': 0.9110211272571938, 'learning_rate': 0.05658284149068181, 'max_depth': 9, 'min_child_weight': 4}. Best is trial 74 with value: 2.241843853170911.
[I 2026-03-18 13:43:56,321] Trial 78 finished with value: 2.2019640599561785 and parameters: {'n_estimators': 584, 'lambda': 0.0004233058461393742, 'subsample': 0.4743359962555978, 'colsample_bytree': 0.3428217280357945, 'learning_rate': 0.03286323518658878, 'max_depth': 9, 'min_child_weight': 4}. Best is trial 74 with value: 2.241843853170911.
[I 2026-03-18 13:44:42,591] Trial 75 finished with value: 1.9730037074858853 and parameters: {'n_estimators': 999, 'lambda': 0.0012557191738035165, 'subsample': 0.4860434956812097, 'colsample_bytree': 0.6949022442593722, 'learning_rate': 0.07533959404959029, 'max_depth': 9, 'min_child_weight': 4}. Best is trial 74 with value: 2.241843853170911.
[I 2026-03-18 13:45:10,131] Trial 79 finished with value: 1.6148006916905413 and parameters: {'n_estimators': 716, 'lambda': 0.000384837608360737, 'subsample': 0.4708200499496876, 'colsample_bytree': 0.7627624568964718, 'learning_rate': 0.5655744661047428, 'max_depth': 9, 'min_child_weight': 4}. Best is trial 74 with value: 2.241843853170911.
[I 2026-03-18 13:47:05,408] Trial 76 finished with value: 2.2424354258949446 and parameters: {'n_estimators': 999, 'lambda': 7.45341419556451e-06, 'subsample': 0.4775272420007839, 'colsample_bytree': 0.4782019939791233, 'learning_rate': 0.030215045504206423, 'max_depth': 9, 'min_child_weight': 10}. Best is trial 76 with value: 2.2424354258949446.
[I 2026-03-18 13:47:18,380] Trial 77 finished with value: 2.102974496280507 and parameters: {'n_estimators': 985, 'lambda': 0.0004189007152778116, 'subsample': 0.47281031063062706, 'colsample_bytree': 0.24814650586054937, 'learning_rate': 0.07580195697240115, 'max_depth': 9, 'min_child_weight': 4}. Best is trial 76 with value: 2.2424354258949446.
[I 2026-03-18 13:47:21,722] Trial 81 finished with value: 2.240013319135287 and parameters: {'n_estimators': 368, 'lambda': 0.04894165655219848, 'subsample': 0.7952574908700347, 'colsample_bytree': 0.7820745628260531, 'learning_rate': 0.0778280483203393, 'max_depth': 9, 'min_child_weight': 6}. Best is trial 76 with value: 2.2424354258949446.
[I 2026-03-18 13:47:25,789] Trial 80 finished with value: 2.216094914498454 and parameters: {'n_estimators': 565, 'lambda': 0.0004698066589285027, 'subsample': 0.4582094844670445, 'colsample_bytree': 0.7813956742222351, 'learning_rate': 0.031453692817011214, 'max_depth': 9, 'min_child_weight': 10}. Best is trial 76 with value: 2.2424354258949446.
[I 2026-03-18 13:47:37,468] Trial 82 finished with value: 1.7592528832682417 and parameters: {'n_estimators': 359, 'lambda': 0.05103074023492081, 'subsample': 0.9306011407889534, 'colsample_bytree': 0.7837082633925797, 'learning_rate': 0.5536308058592493, 'max_depth': 9, 'min_child_weight': 7}. Best is trial 76 with value: 2.2424354258949446.
[I 2026-03-18 13:48:32,854] Trial 83 finished with value: 2.113563540411471 and parameters: {'n_estimators': 354, 'lambda': 0.03451012587880519, 'subsample': 0.9794128998772238, 'colsample_bytree': 0.2439810698381628, 'learning_rate': 0.03059000741988751, 'max_depth': 9, 'min_child_weight': 10}. Best is trial 76 with value: 2.2424354258949446.
[I 2026-03-18 13:51:54,553] Trial 86 finished with value: 2.241557635102454 and parameters: {'n_estimators': 513, 'lambda': 1.852972709062879e-06, 'subsample': 0.9726793711763192, 'colsample_bytree': 0.47915773737353046, 'learning_rate': 0.08148992345721288, 'max_depth': 9, 'min_child_weight': 10}. Best is trial 76 with value: 2.2424354258949446.
[I 2026-03-18 13:54:48,151] Trial 85 finished with value: 1.9863980892011543 and parameters: {'n_estimators': 921, 'lambda': 3.784015583417451e-06, 'subsample': 0.9779054558628443, 'colsample_bytree': 0.4645288419086081, 'learning_rate': 0.1407429001065738, 'max_depth': 9, 'min_child_weight': 10}. Best is trial 76 with value: 2.2424354258949446.
[I 2026-03-18 13:55:01,709] Trial 84 finished with value: 2.140848779491143 and parameters: {'n_estimators': 951, 'lambda': 3.573335814779535e-06, 'subsample': 0.9516619267770638, 'colsample_bytree': 0.48043046499920544, 'learning_rate': 0.07922267520198106, 'max_depth': 9, 'min_child_weight': 10}. Best is trial 76 with value: 2.2424354258949446.
[I 2026-03-18 13:55:11,548] Trial 87 finished with value: 2.1758313933891786 and parameters: {'n_estimators': 934, 'lambda': 0.05097446673456182, 'subsample': 0.9979594136851847, 'colsample_bytree': 0.4780035707012168, 'learning_rate': 0.07726988219877215, 'max_depth': 9, 'min_child_weight': 10}. Best is trial 76 with value: 2.2424354258949446.
[I 2026-03-18 13:55:22,585] Trial 88 finished with value: 2.160971528935141 and parameters: {'n_estimators': 924, 'lambda': 9.278745893717591e-06, 'subsample': 0.980313026622671, 'colsample_bytree': 0.479068864430934, 'learning_rate': 0.08207269304666587, 'max_depth': 9, 'min_child_weight': 10}. Best is trial 76 with value: 2.2424354258949446.
[I 2026-03-18 13:56:18,958] Trial 90 finished with value: 2.098722718252772 and parameters: {'n_estimators': 518, 'lambda': 2.8080519658414476e-06, 'subsample': 0.95974151094509, 'colsample_bytree': 0.47350835540328307, 'learning_rate': 0.14740998843748687, 'max_depth': 9, 'min_child_weight': 10}. Best is trial 76 with value: 2.2424354258949446.
[I 2026-03-18 13:56:59,484] Trial 89 finished with value: 1.948579207030761 and parameters: {'n_estimators': 947, 'lambda': 5.326358179203019e-06, 'subsample': 0.5805318380988973, 'colsample_bytree': 0.9743698121875186, 'learning_rate': 0.0807296843297586, 'max_depth': 9, 'min_child_weight': 5}. Best is trial 76 with value: 2.2424354258949446.
[I 2026-03-18 13:58:38,805] Trial 96 finished with value: 1.9003156842063351 and parameters: {'n_estimators': 237, 'lambda': 3.758355611435847e-07, 'subsample': 0.7921149284923668, 'colsample_bytree': 0.5110554164155288, 'learning_rate': 0.4421924954582466, 'max_depth': 8, 'min_child_weight': 5}. Best is trial 76 with value: 2.2424354258949446.
[I 2026-03-18 13:58:45,821] Trial 94 finished with value: 1.7957496935324118 and parameters: {'n_estimators': 506, 'lambda': 5.15750638095152e-07, 'subsample': 0.8046698203345044, 'colsample_bytree': 0.4036566224476399, 'learning_rate': 0.4604212449108727, 'max_depth': 8, 'min_child_weight': 6}. Best is trial 76 with value: 2.2424354258949446.
[I 2026-03-18 13:59:00,880] Trial 91 finished with value: 2.240200516466622 and parameters: {'n_estimators': 466, 'lambda': 1.4490529993523686e-06, 'subsample': 0.6847443528666408, 'colsample_bytree': 0.487873533772182, 'learning_rate': 0.08369903394925468, 'max_depth': 9, 'min_child_weight': 6}. Best is trial 76 with value: 2.2424354258949446.
[I 2026-03-18 13:59:36,336] Trial 95 finished with value: 2.2267323980556153 and parameters: {'n_estimators': 472, 'lambda': 1.818184929427374e-07, 'subsample': 0.7345085821802699, 'colsample_bytree': 0.40246448059784057, 'learning_rate': 0.10601931215038247, 'max_depth': 8, 'min_child_weight': 5}. Best is trial 76 with value: 2.2424354258949446.
[I 2026-03-18 13:59:40,024] Trial 92 finished with value: 2.2187966457649386 and parameters: {'n_estimators': 519, 'lambda': 4.354532681586931e-07, 'subsample': 0.6828931253738542, 'colsample_bytree': 0.5113983617954295, 'learning_rate': 0.08242266407705812, 'max_depth': 9, 'min_child_weight': 6}. Best is trial 76 with value: 2.2424354258949446.
[I 2026-03-18 13:59:44,212] Trial 93 finished with value: 2.1877093476650114 and parameters: {'n_estimators': 514, 'lambda': 3.800850501817921e-07, 'subsample': 0.7938152625817438, 'colsample_bytree': 0.506899177166431, 'learning_rate': 0.10463658809547496, 'max_depth': 9, 'min_child_weight': 6}. Best is trial 76 with value: 2.2424354258949446.
[I 2026-03-18 14:02:06,630] Trial 100 finished with value: 2.2053289483947065 and parameters: {'n_estimators': 468, 'lambda': 8.967819115731217e-08, 'subsample': 0.7375393154407421, 'colsample_bytree': 0.4491873867515965, 'learning_rate': 0.10681477090992172, 'max_depth': 7, 'min_child_weight': 6}. Best is trial 76 with value: 2.2424354258949446.
[I 2026-03-18 14:02:15,322] Trial 101 finished with value: 2.2038486222233105 and parameters: {'n_estimators': 489, 'lambda': 1.4643334439272423e-07, 'subsample': 0.7353070010537964, 'colsample_bytree': 0.4383027634191159, 'learning_rate': 0.10211751270745847, 'max_depth': 7, 'min_child_weight': 6}. Best is trial 76 with value: 2.2424354258949446.
[I 2026-03-18 14:03:02,501] Trial 97 finished with value: 2.219064939898113 and parameters: {'n_estimators': 467, 'lambda': 1.1177799640628489e-06, 'subsample': 0.8593180838569823, 'colsample_bytree': 0.40754581513232496, 'learning_rate': 0.1023533722095988, 'max_depth': 9, 'min_child_weight': 2}. Best is trial 76 with value: 2.2424354258949446.
[I 2026-03-18 14:03:11,028] Trial 99 finished with value: 2.2076762075355694 and parameters: {'n_estimators': 464, 'lambda': 1.312434640666346e-06, 'subsample': 0.6800499795079827, 'colsample_bytree': 0.4483138973202232, 'learning_rate': 0.10195670079526428, 'max_depth': 9, 'min_child_weight': 6}. Best is trial 76 with value: 2.2424354258949446.
[I 2026-03-18 14:03:33,477] Trial 102 finished with value: 1.6731785737016331 and parameters: {'n_estimators': 463, 'lambda': 1.536926346564946e-07, 'subsample': 0.7316327720090929, 'colsample_bytree': 0.4432948491408194, 'learning_rate': 0.6818748934343357, 'max_depth': 9, 'min_child_weight': 7}. Best is trial 76 with value: 2.2424354258949446.
[I 2026-03-18 14:04:52,695] Trial 98 finished with value: 2.2431106457854466 and parameters: {'n_estimators': 658, 'lambda': 1.8228155385072673e-06, 'subsample': 0.8781257805196795, 'colsample_bytree': 0.5890827023722487, 'learning_rate': 0.06227625674697357, 'max_depth': 9, 'min_child_weight': 2}. Best is trial 98 with value: 2.2431106457854466.
[I 2026-03-18 14:05:51,231] Trial 103 finished with value: 2.2018770285225227 and parameters: {'n_estimators': 417, 'lambda': 1.2976829834930626e-06, 'subsample': 0.8767814930467505, 'colsample_bytree': 0.4499881640762649, 'learning_rate': 0.13035714133461546, 'max_depth': 9, 'min_child_weight': 7}. Best is trial 98 with value: 2.2431106457854466.
[I 2026-03-18 14:06:52,043] Trial 105 finished with value: 2.1283415846333833 and parameters: {'n_estimators': 417, 'lambda': 1.2202114420493721e-08, 'subsample': 0.6834182423886631, 'colsample_bytree': 0.5573442163640386, 'learning_rate': 0.1325188355262013, 'max_depth': 9, 'min_child_weight': 7}. Best is trial 98 with value: 2.2431106457854466.
[I 2026-03-18 14:07:00,980] Trial 106 finished with value: 2.123108654725198 and parameters: {'n_estimators': 410, 'lambda': 2.3009906918587096e-08, 'subsample': 0.7285563380656203, 'colsample_bytree': 0.5474191797371009, 'learning_rate': 0.1305035698053348, 'max_depth': 9, 'min_child_weight': 5}. Best is trial 98 with value: 2.2431106457854466.
[I 2026-03-18 14:07:35,996] Trial 107 finished with value: 2.20409569883525 and parameters: {'n_estimators': 427, 'lambda': 1.8037317756608375e-06, 'subsample': 0.6351411604173467, 'colsample_bytree': 0.36303041278531706, 'learning_rate': 0.044147416886354214, 'max_depth': 9, 'min_child_weight': 5}. Best is trial 98 with value: 2.2431106457854466.
[I 2026-03-18 14:07:54,703] Trial 104 finished with value: 2.045016657870167 and parameters: {'n_estimators': 652, 'lambda': 1.3769405409713014e-06, 'subsample': 0.8445313852932437, 'colsample_bytree': 0.41288749371302275, 'learning_rate': 0.13140929190349177, 'max_depth': 9, 'min_child_weight': 7}. Best is trial 98 with value: 2.2431106457854466.
[I 2026-03-18 14:10:01,464] Trial 108 finished with value: 2.232704450575017 and parameters: {'n_estimators': 565, 'lambda': 2.240773418002618e-06, 'subsample': 0.8800771307131992, 'colsample_bytree': 0.6641401264669692, 'learning_rate': 0.046913128824588576, 'max_depth': 9, 'min_child_weight': 5}. Best is trial 98 with value: 2.2431106457854466.
[I 2026-03-18 14:12:01,814] Trial 109 finished with value: 2.2355414657778203 and parameters: {'n_estimators': 656, 'lambda': 2.696264613897456e-06, 'subsample': 0.9170444529600366, 'colsample_bytree': 0.5439760614390707, 'learning_rate': 0.04237106287203532, 'max_depth': 9, 'min_child_weight': 2}. Best is trial 98 with value: 2.2431106457854466.
[I 2026-03-18 14:12:06,075] Trial 113 finished with value: 2.2325567680015297 and parameters: {'n_estimators': 600, 'lambda': 6.620139369800685e-07, 'subsample': 0.9146966043152667, 'colsample_bytree': 0.6541137083791225, 'learning_rate': 0.06756097498647319, 'max_depth': 8, 'min_child_weight': 2}. Best is trial 98 with value: 2.2431106457854466.
[I 2026-03-18 14:12:08,978] Trial 112 finished with value: 2.232290091857773 and parameters: {'n_estimators': 651, 'lambda': 1.2196341352103733e-05, 'subsample': 0.9339537840677673, 'colsample_bytree': 0.6560624347211461, 'learning_rate': 0.0690364626108553, 'max_depth': 8, 'min_child_weight': 2}. Best is trial 98 with value: 2.2431106457854466.
[I 2026-03-18 14:13:01,478] Trial 110 finished with value: 2.195096596824257 and parameters: {'n_estimators': 650, 'lambda': 1.81836699895751e-06, 'subsample': 0.6344388736291282, 'colsample_bytree': 0.5923724710958991, 'learning_rate': 0.06515629418411036, 'max_depth': 9, 'min_child_weight': 2}. Best is trial 98 with value: 2.2431106457854466.
[I 2026-03-18 14:13:07,938] Trial 111 finished with value: 1.8310983873946074 and parameters: {'n_estimators': 661, 'lambda': 1.6235790721385755e-06, 'subsample': 0.6402973199814695, 'colsample_bytree': 0.6535947968099396, 'learning_rate': 0.1789361998121036, 'max_depth': 9, 'min_child_weight': 2}. Best is trial 98 with value: 2.2431106457854466.
[I 2026-03-18 14:14:06,035] Trial 116 finished with value: 2.116840625072868 and parameters: {'n_estimators': 600, 'lambda': 1.0754925036049002e-05, 'subsample': 0.9146940205545712, 'colsample_bytree': 0.5949865664915712, 'learning_rate': 0.06538203056292799, 'max_depth': 4, 'min_child_weight': 2}. Best is trial 98 with value: 2.2431106457854466.
[I 2026-03-18 14:14:06,040] Trial 114 finished with value: 2.2345708556734345 and parameters: {'n_estimators': 600, 'lambda': 9.614922370891576e-06, 'subsample': 0.9255681164840076, 'colsample_bytree': 0.6558781024302109, 'learning_rate': 0.06883969644036243, 'max_depth': 8, 'min_child_weight': 2}. Best is trial 98 with value: 2.2431106457854466.
[I 2026-03-18 14:15:34,517] Trial 115 finished with value: 2.0617332114252935 and parameters: {'n_estimators': 560, 'lambda': 9.560950650094379e-06, 'subsample': 0.9081852289837846, 'colsample_bytree': 0.5854622435060478, 'learning_rate': 0.1758180951351661, 'max_depth': 8, 'min_child_weight': 2}. Best is trial 98 with value: 2.2431106457854466.
[I 2026-03-18 14:16:00,702] Trial 117 finished with value: 2.226333431207449 and parameters: {'n_estimators': 595, 'lambda': 2.001994799072395e-06, 'subsample': 0.9296886951921318, 'colsample_bytree': 0.5929726885869844, 'learning_rate': 0.06451712837666519, 'max_depth': 8, 'min_child_weight': 2}. Best is trial 98 with value: 2.2431106457854466.
[I 2026-03-18 14:16:47,327] Trial 119 finished with value: 2.2052724731040856 and parameters: {'n_estimators': 552, 'lambda': 1.2551271652248126e-05, 'subsample': 0.92305419106574, 'colsample_bytree': 0.6723381765225765, 'learning_rate': 0.04560775504781177, 'max_depth': 8, 'min_child_weight': 2}. Best is trial 98 with value: 2.2431106457854466.
[I 2026-03-18 14:16:49,877] Trial 118 finished with value: 2.2001239575205567 and parameters: {'n_estimators': 551, 'lambda': 1.0816919850739863e-05, 'subsample': 0.9273966054246239, 'colsample_bytree': 0.6725484398930671, 'learning_rate': 0.04495342976176644, 'max_depth': 8, 'min_child_weight': 2}. Best is trial 98 with value: 2.2431106457854466.
[I 2026-03-18 14:17:01,397] Trial 121 finished with value: 2.1692502690704947 and parameters: {'n_estimators': 557, 'lambda': 6.072759311652354e-07, 'subsample': 0.8828336847952948, 'colsample_bytree': 0.6879302925122591, 'learning_rate': 0.042806332884756326, 'max_depth': 7, 'min_child_weight': 2}. Best is trial 98 with value: 2.2431106457854466.
[I 2026-03-18 14:17:04,799] Trial 120 finished with value: 2.1778626452985277 and parameters: {'n_estimators': 565, 'lambda': 6.679207251091903e-07, 'subsample': 0.8827462019051394, 'colsample_bytree': 0.619984338170636, 'learning_rate': 0.0451554271140755, 'max_depth': 7, 'min_child_weight': 2}. Best is trial 98 with value: 2.2431106457854466.
[I 2026-03-18 14:18:45,939] Trial 123 finished with value: 2.1758204081446793 and parameters: {'n_estimators': 534, 'lambda': 5.615697669844024e-06, 'subsample': 0.8864262188260155, 'colsample_bytree': 0.6840710634591383, 'learning_rate': 0.04819325778021913, 'max_depth': 7, 'min_child_weight': 2}. Best is trial 98 with value: 2.2431106457854466.
[I 2026-03-18 14:19:37,703] Trial 124 finished with value: 2.1748618705610796 and parameters: {'n_estimators': 538, 'lambda': 7.103850484604128e-07, 'subsample': 0.8713073000810446, 'colsample_bytree': 0.6208307567764921, 'learning_rate': 0.0482270075505804, 'max_depth': 7, 'min_child_weight': 2}. Best is trial 98 with value: 2.2431106457854466.
[I 2026-03-18 14:20:41,863] Trial 122 finished with value: 2.233581243164097 and parameters: {'n_estimators': 536, 'lambda': 7.590536508463434e-07, 'subsample': 0.8851314257767968, 'colsample_bytree': 0.6315478645661657, 'learning_rate': 0.046635036765621446, 'max_depth': 9, 'min_child_weight': 2}. Best is trial 98 with value: 2.2431106457854466.
[I 2026-03-18 14:20:42,479] Trial 125 finished with value: 2.2287241138915466 and parameters: {'n_estimators': 720, 'lambda': 6.619066084351291e-07, 'subsample': 0.8670048940921834, 'colsample_bytree': 0.6288934809202164, 'learning_rate': 0.09171166705019365, 'max_depth': 7, 'min_child_weight': 2}. Best is trial 98 with value: 2.2431106457854466.
[I 2026-03-18 14:21:53,492] Trial 127 finished with value: 2.177271830887953 and parameters: {'n_estimators': 534, 'lambda': 4.564687468613087e-06, 'subsample': 0.8998887829026037, 'colsample_bytree': 0.6152691616052622, 'learning_rate': 0.09072316921893614, 'max_depth': 9, 'min_child_weight': 2}. Best is trial 98 with value: 2.2431106457854466.
[I 2026-03-18 14:23:26,093] Trial 126 finished with value: 2.0734826360392473 and parameters: {'n_estimators': 716, 'lambda': 4.568909123587666e-06, 'subsample': 0.8642934945505583, 'colsample_bytree': 0.7242014978812955, 'learning_rate': 0.08915675195608777, 'max_depth': 9, 'min_child_weight': 3}. Best is trial 98 with value: 2.2431106457854466.
[I 2026-03-18 14:25:10,233] Trial 129 finished with value: 2.2445292326368476 and parameters: {'n_estimators': 607, 'lambda': 2.577661392255553e-06, 'subsample': 0.9470298996151808, 'colsample_bytree': 0.7371050141910944, 'learning_rate': 0.08682638556763453, 'max_depth': 9, 'min_child_weight': 3}. Best is trial 129 with value: 2.2445292326368476.
[I 2026-03-18 14:25:26,988] Trial 128 finished with value: 2.129240702264509 and parameters: {'n_estimators': 730, 'lambda': 2.2974820840318538e-06, 'subsample': 0.9460511250770685, 'colsample_bytree': 0.6332772018447049, 'learning_rate': 0.08537504393615236, 'max_depth': 9, 'min_child_weight': 2}. Best is trial 129 with value: 2.2445292326368476.
[I 2026-03-18 14:25:29,345] Trial 130 finished with value: 2.2371870220928374 and parameters: {'n_estimators': 496, 'lambda': 2.4262019456997686e-06, 'subsample': 0.9532583504475345, 'colsample_bytree': 0.49668716387882117, 'learning_rate': 0.0867250516619974, 'max_depth': 9, 'min_child_weight': 3}. Best is trial 129 with value: 2.2445292326368476.
[I 2026-03-18 14:26:05,779] Trial 136 finished with value: 2.0448700560172854 and parameters: {'n_estimators': 51, 'lambda': 6.972126033350808e-06, 'subsample': 0.9939756302999024, 'colsample_bytree': 0.4943157662884856, 'learning_rate': 0.03252944174707797, 'max_depth': 9, 'min_child_weight': 3}. Best is trial 129 with value: 2.2445292326368476.
