[I 2026-03-18 21:08:13,759] Trial 514 finished with value: 2.0644899829660543 and parameters: {'n_estimators': 874, 'lambda': 6.765610281087039e-08, 'subsample': 0.8784444279835322, 'colsample_bytree': 0.979702907067799, 'learning_rate': 0.030386492917222188, 'max_depth': 3, 'min_child_weight': 5}. Best is trial 422 with value: 2.2597913539274477.
[I 2026-03-18 21:08:51,380] Trial 508 finished with value: 2.204095342042274 and parameters: {'n_estimators': 899, 'lambda': 2.288785798848311e-08, 'subsample': 0.8177972391856038, 'colsample_bytree': 0.9776833271096373, 'learning_rate': 0.0527520461772981, 'max_depth': 9, 'min_child_weight': 5}. Best is trial 422 with value: 2.2597913539274477.
[I 2026-03-18 21:08:59,949] Trial 509 finished with value: 2.19781638330229 and parameters: {'n_estimators': 902, 'lambda': 2.373695413030167e-07, 'subsample': 0.8692474489155408, 'colsample_bytree': 0.9471002679578067, 'learning_rate': 0.0549806931596276, 'max_depth': 9, 'min_child_weight': 5}. Best is trial 422 with value: 2.2597913539274477.
[I 2026-03-18 21:09:07,888] Trial 510 finished with value: 2.1899420013654503 and parameters: {'n_estimators': 907, 'lambda': 2.087425486085315e-07, 'subsample': 0.875760892493553, 'colsample_bytree': 0.9772228064190821, 'learning_rate': 0.056305800572311104, 'max_depth': 9, 'min_child_weight': 5}. Best is trial 422 with value: 2.2597913539274477.
[I 2026-03-18 21:11:29,227] Trial 512 finished with value: 2.2431568650164415 and parameters: {'n_estimators': 911, 'lambda': 2.1004621073723315e-07, 'subsample': 0.8758897602747799, 'colsample_bytree': 0.9474549493535076, 'learning_rate': 0.03009464598849984, 'max_depth': 9, 'min_child_weight': 5}. Best is trial 422 with value: 2.2597913539274477.
[I 2026-03-18 21:13:04,622] Trial 513 finished with value: 2.1656077754917398 and parameters: {'n_estimators': 846, 'lambda': 2.2392540331772952e-08, 'subsample': 0.8734495297169241, 'colsample_bytree': 0.9510019928810046, 'learning_rate': 0.06012621159859875, 'max_depth': 9, 'min_child_weight': 5}. Best is trial 422 with value: 2.2597913539274477.
[I 2026-03-18 21:14:57,914] Trial 518 finished with value: 2.230914763698814 and parameters: {'n_estimators': 843, 'lambda': 4.900158077459163e-07, 'subsample': 0.8400084865258824, 'colsample_bytree': 0.9519596582570438, 'learning_rate': 0.06339123784146218, 'max_depth': 8, 'min_child_weight': 5}. Best is trial 422 with value: 2.2597913539274477.
[I 2026-03-18 21:15:51,766] Trial 515 finished with value: 2.1615764431122857 and parameters: {'n_estimators': 856, 'lambda': 2.496128775660752e-08, 'subsample': 0.8684887207097142, 'colsample_bytree': 0.9490081465479586, 'learning_rate': 0.06176614088260606, 'max_depth': 9, 'min_child_weight': 5}. Best is trial 422 with value: 2.2597913539274477.
[I 2026-03-18 21:16:26,552] Trial 516 finished with value: 2.1407527244058495 and parameters: {'n_estimators': 847, 'lambda': 5.291292862477398e-07, 'subsample': 0.840656030461702, 'colsample_bytree': 0.9520483196219405, 'learning_rate': 0.06383766814930686, 'max_depth': 9, 'min_child_weight': 5}. Best is trial 422 with value: 2.2597913539274477.
[I 2026-03-18 21:16:30,378] Trial 517 finished with value: 2.133913007533123 and parameters: {'n_estimators': 842, 'lambda': 7.809667722436274e-08, 'subsample': 0.8612994513359451, 'colsample_bytree': 0.9534074479231717, 'learning_rate': 0.06496939827581093, 'max_depth': 9, 'min_child_weight': 5}. Best is trial 422 with value: 2.2597913539274477.
[I 2026-03-18 21:19:13,663] Trial 519 finished with value: 2.1139987825310973 and parameters: {'n_estimators': 862, 'lambda': 4.855341226866444e-08, 'subsample': 0.8365152426207134, 'colsample_bytree': 0.9552667385012209, 'learning_rate': 0.06654340539249322, 'max_depth': 9, 'min_child_weight': 5}. Best is trial 422 with value: 2.2597913539274477.
[I 2026-03-18 21:20:55,648] Trial 520 finished with value: 2.258550045419072 and parameters: {'n_estimators': 864, 'lambda': 3.4152201709659187e-08, 'subsample': 0.8396470088025925, 'colsample_bytree': 0.9303749640269983, 'learning_rate': 0.041476010183337186, 'max_depth': 9, 'min_child_weight': 5}. Best is trial 422 with value: 2.2597913539274477.
[I 2026-03-18 21:22:54,963] Trial 521 finished with value: 2.2559618849956204 and parameters: {'n_estimators': 873, 'lambda': 3.382041111843885e-08, 'subsample': 0.8382561201093212, 'colsample_bytree': 0.9286856397312563, 'learning_rate': 0.04266794742260265, 'max_depth': 9, 'min_child_weight': 5}. Best is trial 422 with value: 2.2597913539274477.
[I 2026-03-18 21:23:53,234] Trial 522 finished with value: 2.2534691930172195 and parameters: {'n_estimators': 877, 'lambda': 3.443978276026053e-08, 'subsample': 0.8466331652731955, 'colsample_bytree': 0.9303336472533565, 'learning_rate': 0.0427008455865367, 'max_depth': 9, 'min_child_weight': 5}. Best is trial 422 with value: 2.2597913539274477.
[I 2026-03-18 21:24:22,818] Trial 523 finished with value: 2.2561999937109594 and parameters: {'n_estimators': 869, 'lambda': 3.633742877378749e-08, 'subsample': 0.8516907511459589, 'colsample_bytree': 0.9252837511095602, 'learning_rate': 0.042718406823691366, 'max_depth': 9, 'min_child_weight': 5}. Best is trial 422 with value: 2.2597913539274477.
[I 2026-03-18 21:24:56,640] Trial 524 finished with value: 2.2438628195834625 and parameters: {'n_estimators': 929, 'lambda': 3.5971844452418855e-08, 'subsample': 0.7693214429923466, 'colsample_bytree': 0.9721844158634023, 'learning_rate': 0.04239114658336053, 'max_depth': 9, 'min_child_weight': 5}. Best is trial 422 with value: 2.2597913539274477.
[I 2026-03-18 21:27:19,380] Trial 525 finished with value: 2.2418940551838835 and parameters: {'n_estimators': 884, 'lambda': 3.3762976148561176e-08, 'subsample': 0.8531546829852842, 'colsample_bytree': 0.9290786659660228, 'learning_rate': 0.04247460515712178, 'max_depth': 9, 'min_child_weight': 5}. Best is trial 422 with value: 2.2597913539274477.
[I 2026-03-18 21:28:52,970] Trial 526 finished with value: 2.25036144443166 and parameters: {'n_estimators': 875, 'lambda': 6.764351415448398e-08, 'subsample': 0.8562990426324377, 'colsample_bytree': 0.9257221789810359, 'learning_rate': 0.041838960764552825, 'max_depth': 9, 'min_child_weight': 5}. Best is trial 422 with value: 2.2597913539274477.
[I 2026-03-18 21:31:17,170] Trial 527 finished with value: 2.2484188802192686 and parameters: {'n_estimators': 917, 'lambda': 3.8950348065711075e-08, 'subsample': 0.8514587501835169, 'colsample_bytree': 0.9326483573672313, 'learning_rate': 0.04176969971740151, 'max_depth': 9, 'min_child_weight': 5}. Best is trial 422 with value: 2.2597913539274477.
[I 2026-03-18 21:31:55,359] Trial 528 finished with value: 2.249705712754282 and parameters: {'n_estimators': 872, 'lambda': 3.818296986675881e-08, 'subsample': 0.8578410883081582, 'colsample_bytree': 0.9246496280565972, 'learning_rate': 0.04246353031956461, 'max_depth': 9, 'min_child_weight': 5}. Best is trial 422 with value: 2.2597913539274477.
[I 2026-03-18 21:32:53,395] Trial 530 finished with value: 2.257583670673247 and parameters: {'n_estimators': 871, 'lambda': 6.047443531968226e-08, 'subsample': 0.8572755314282259, 'colsample_bytree': 0.928379566865649, 'learning_rate': 0.04269910621449058, 'max_depth': 9, 'min_child_weight': 5}. Best is trial 422 with value: 2.2597913539274477.
[I 2026-03-18 21:33:38,095] Trial 529 finished with value: 2.2513866476563913 and parameters: {'n_estimators': 999, 'lambda': 3.8528124556776315e-08, 'subsample': 0.857110642410397, 'colsample_bytree': 0.9355329485552676, 'learning_rate': 0.030062928979900407, 'max_depth': 9, 'min_child_weight': 5}. Best is trial 422 with value: 2.2597913539274477.
[I 2026-03-18 21:35:22,959] Trial 531 finished with value: 2.2432244168067905 and parameters: {'n_estimators': 870, 'lambda': 5.555868233859796e-08, 'subsample': 0.8583939465811515, 'colsample_bytree': 0.9305846841036555, 'learning_rate': 0.030447776379479596, 'max_depth': 9, 'min_child_weight': 5}. Best is trial 422 with value: 2.2597913539274477.
[I 2026-03-18 21:36:51,675] Trial 532 finished with value: 2.253044251700967 and parameters: {'n_estimators': 865, 'lambda': 5.4306856550723066e-08, 'subsample': 0.7999368576745531, 'colsample_bytree': 0.9311677809508064, 'learning_rate': 0.03750429248623846, 'max_depth': 9, 'min_child_weight': 5}. Best is trial 422 with value: 2.2597913539274477.
[I 2026-03-18 21:39:20,939] Trial 533 finished with value: 2.248326328515499 and parameters: {'n_estimators': 868, 'lambda': 2.6016450491586454e-08, 'subsample': 0.838828936168263, 'colsample_bytree': 0.9164115643188729, 'learning_rate': 0.03114468173172562, 'max_depth': 9, 'min_child_weight': 5}. Best is trial 422 with value: 2.2597913539274477.
[I 2026-03-18 21:39:59,084] Trial 534 finished with value: 2.2460425781457847 and parameters: {'n_estimators': 862, 'lambda': 4.9187079038023485e-08, 'subsample': 0.7984000759339087, 'colsample_bytree': 0.9794152974665478, 'learning_rate': 0.030395443291984396, 'max_depth': 9, 'min_child_weight': 5}. Best is trial 422 with value: 2.2597913539274477.
[I 2026-03-18 21:40:51,628] Trial 535 finished with value: 2.2419292281351764 and parameters: {'n_estimators': 855, 'lambda': 4.823458590123988e-08, 'subsample': 0.833892853176199, 'colsample_bytree': 0.915081796414545, 'learning_rate': 0.030013911431891478, 'max_depth': 9, 'min_child_weight': 5}. Best is trial 422 with value: 2.2597913539274477.
[I 2026-03-18 21:41:23,590] Trial 536 finished with value: 2.237588438702385 and parameters: {'n_estimators': 851, 'lambda': 6.298948024892767e-08, 'subsample': 0.8012424944581833, 'colsample_bytree': 0.9130292225889466, 'learning_rate': 0.0510583766717593, 'max_depth': 9, 'min_child_weight': 5}. Best is trial 422 with value: 2.2597913539274477.
[I 2026-03-18 21:43:11,926] Trial 537 finished with value: 2.2165896409906063 and parameters: {'n_estimators': 858, 'lambda': 2.3829474285624397e-08, 'subsample': 0.7980319142943655, 'colsample_bytree': 0.9110913579877298, 'learning_rate': 0.05023003226918031, 'max_depth': 9, 'min_child_weight': 5}. Best is trial 422 with value: 2.2597913539274477.
[I 2026-03-18 21:44:26,480] Trial 538 finished with value: 2.207477230189445 and parameters: {'n_estimators': 837, 'lambda': 2.5280232357956858e-08, 'subsample': 0.8316323064557865, 'colsample_bytree': 0.9166351052710254, 'learning_rate': 0.052934878034193215, 'max_depth': 9, 'min_child_weight': 5}. Best is trial 422 with value: 2.2597913539274477.
[I 2026-03-18 21:46:47,638] Trial 539 finished with value: 2.232445787776825 and parameters: {'n_estimators': 838, 'lambda': 8.786174318773907e-08, 'subsample': 0.8346617440381836, 'colsample_bytree': 0.9146992980085544, 'learning_rate': 0.052226855392712324, 'max_depth': 9, 'min_child_weight': 6}. Best is trial 422 with value: 2.2597913539274477.
[I 2026-03-18 21:47:30,731] Trial 540 finished with value: 2.224175438630132 and parameters: {'n_estimators': 837, 'lambda': 8.11718503796733e-08, 'subsample': 0.8810354566237074, 'colsample_bytree': 0.9143374745718175, 'learning_rate': 0.05481458018851075, 'max_depth': 9, 'min_child_weight': 6}. Best is trial 422 with value: 2.2597913539274477.
[I 2026-03-18 21:48:18,254] Trial 541 finished with value: 2.2279190515960217 and parameters: {'n_estimators': 838, 'lambda': 8.547159897709926e-08, 'subsample': 0.8323103148842337, 'colsample_bytree': 0.9695311797204671, 'learning_rate': 0.05426429014284201, 'max_depth': 9, 'min_child_weight': 6}. Best is trial 422 with value: 2.2597913539274477.
[I 2026-03-18 21:49:14,410] Trial 542 finished with value: 2.1800776241879403 and parameters: {'n_estimators': 890, 'lambda': 1.8749468691200254e-08, 'subsample': 0.8801682210077016, 'colsample_bytree': 0.9701763287621411, 'learning_rate': 0.05607808085230773, 'max_depth': 9, 'min_child_weight': 5}. Best is trial 422 with value: 2.2597913539274477.
[I 2026-03-18 21:50:15,630] Trial 544 finished with value: 1.711012552966447 and parameters: {'n_estimators': 898, 'lambda': 9.871527850808154e-08, 'subsample': 0.8337034300858682, 'colsample_bytree': 0.9738012042767362, 'learning_rate': 0.5216980079490544, 'max_depth': 8, 'min_child_weight': 6}. Best is trial 422 with value: 2.2597913539274477.
[I 2026-03-18 21:50:27,864] Trial 543 finished with value: 2.154489283572114 and parameters: {'n_estimators': 833, 'lambda': 1.7243311882766158e-08, 'subsample': 0.8821369909572312, 'colsample_bytree': 0.9734942368608863, 'learning_rate': 0.07013342182248054, 'max_depth': 9, 'min_child_weight': 6}. Best is trial 422 with value: 2.2597913539274477.
[I 2026-03-18 21:52:42,175] Trial 545 finished with value: 2.197111023538833 and parameters: {'n_estimators': 892, 'lambda': 1.9361446327977944e-08, 'subsample': 0.8860444671224285, 'colsample_bytree': 0.9727207017823977, 'learning_rate': 0.07363625681313772, 'max_depth': 8, 'min_child_weight': 5}. Best is trial 422 with value: 2.2597913539274477.
[I 2026-03-18 21:53:28,430] Trial 546 finished with value: 2.2005183406564406 and parameters: {'n_estimators': 896, 'lambda': 1.7094136983156963e-08, 'subsample': 0.8630481989777509, 'colsample_bytree': 0.9788974294556182, 'learning_rate': 0.07155214475067674, 'max_depth': 8, 'min_child_weight': 5}. Best is trial 422 with value: 2.2597913539274477.
[I 2026-03-18 21:54:12,319] Trial 547 finished with value: 2.227985924188716 and parameters: {'n_estimators': 892, 'lambda': 1.6158169659166994e-08, 'subsample': 0.8786894963879421, 'colsample_bytree': 0.9695191804894323, 'learning_rate': 0.07005614392439957, 'max_depth': 8, 'min_child_weight': 5}. Best is trial 422 with value: 2.2597913539274477.
[I 2026-03-18 21:55:24,042] Trial 548 finished with value: 2.234832519174652 and parameters: {'n_estimators': 923, 'lambda': 1.6893385401092138e-08, 'subsample': 0.8144345938622997, 'colsample_bytree': 0.9416929833760735, 'learning_rate': 0.07062391090082588, 'max_depth': 8, 'min_child_weight': 5}. Best is trial 422 with value: 2.2597913539274477.
[I 2026-03-18 21:58:25,459] Trial 550 finished with value: 2.131615698634097 and parameters: {'n_estimators': 910, 'lambda': 1.5643824017530996e-08, 'subsample': 0.8577540307377506, 'colsample_bytree': 0.9401866177723124, 'learning_rate': 0.06544076576689022, 'max_depth': 9, 'min_child_weight': 7}. Best is trial 422 with value: 2.2597913539274477.
[I 2026-03-18 21:58:32,446] Trial 549 finished with value: 2.1066868557473217 and parameters: {'n_estimators': 937, 'lambda': 1.8079627542359535e-08, 'subsample': 0.8144106824061014, 'colsample_bytree': 0.9369707654427515, 'learning_rate': 0.06532930958908144, 'max_depth': 9, 'min_child_weight': 5}. Best is trial 422 with value: 2.2597913539274477.
[I 2026-03-18 22:01:03,175] Trial 551 finished with value: 2.246723066032245 and parameters: {'n_estimators': 918, 'lambda': 2.7347856945399242e-08, 'subsample': 0.8595665332015665, 'colsample_bytree': 0.9415409430967675, 'learning_rate': 0.04389490099547433, 'max_depth': 9, 'min_child_weight': 5}. Best is trial 422 with value: 2.2597913539274477.
[I 2026-03-18 22:02:04,056] Trial 552 finished with value: 2.2535032088982994 and parameters: {'n_estimators': 942, 'lambda': 3.185715145294944e-08, 'subsample': 0.8463768131693062, 'colsample_bytree': 0.9418705595432164, 'learning_rate': 0.042412584703258, 'max_depth': 9, 'min_child_weight': 5}. Best is trial 422 with value: 2.2597913539274477.
[I 2026-03-18 22:02:28,049] Trial 553 finished with value: 2.2305449785301414 and parameters: {'n_estimators': 912, 'lambda': 6.088434668944496e-08, 'subsample': 0.8154979459134102, 'colsample_bytree': 0.941371879333246, 'learning_rate': 0.04551306349593209, 'max_depth': 9, 'min_child_weight': 5}. Best is trial 422 with value: 2.2597913539274477.
[I 2026-03-18 22:03:57,316] Trial 554 finished with value: 2.2492360385353662 and parameters: {'n_estimators': 938, 'lambda': 3.407432883240849e-08, 'subsample': 0.8404130679763897, 'colsample_bytree': 0.9465189438468381, 'learning_rate': 0.04156966725772026, 'max_depth': 9, 'min_child_weight': 5}. Best is trial 422 with value: 2.2597913539274477.
[I 2026-03-18 22:06:32,490] Trial 556 finished with value: 2.2583132360082017 and parameters: {'n_estimators': 879, 'lambda': 3.3327783769732356e-08, 'subsample': 0.8511779377913654, 'colsample_bytree': 0.9466869736786464, 'learning_rate': 0.04233663363714537, 'max_depth': 9, 'min_child_weight': 5}. Best is trial 422 with value: 2.2597913539274477.
[I 2026-03-18 22:07:04,825] Trial 555 finished with value: 2.241720347793577 and parameters: {'n_estimators': 948, 'lambda': 3.319050351054203e-08, 'subsample': 0.8442926288636627, 'colsample_bytree': 0.940735082756197, 'learning_rate': 0.04296215855259601, 'max_depth': 9, 'min_child_weight': 5}. Best is trial 422 with value: 2.2597913539274477.
[I 2026-03-18 22:08:58,014] Trial 557 finished with value: 2.2610117988072185 and parameters: {'n_estimators': 874, 'lambda': 6.902488926527057e-08, 'subsample': 0.8453337709212091, 'colsample_bytree': 0.99673797465705, 'learning_rate': 0.04333991136683042, 'max_depth': 9, 'min_child_weight': 5}. Best is trial 557 with value: 2.2610117988072185.
[I 2026-03-18 22:10:07,273] Trial 558 finished with value: 2.2510664141463623 and parameters: {'n_estimators': 885, 'lambda': 5.3076050987783037e-08, 'subsample': 0.8480378440884839, 'colsample_bytree': 0.9894769042776077, 'learning_rate': 0.04301280961424954, 'max_depth': 9, 'min_child_weight': 5}. Best is trial 557 with value: 2.2610117988072185.
[I 2026-03-18 22:10:31,212] Trial 559 finished with value: 2.2379976859320623 and parameters: {'n_estimators': 874, 'lambda': 7.999782423725279e-08, 'subsample': 0.8448558839882487, 'colsample_bytree': 0.9909679269147231, 'learning_rate': 0.03031164975702103, 'max_depth': 9, 'min_child_weight': 5}. Best is trial 557 with value: 2.2610117988072185.
[I 2026-03-18 22:11:44,716] Trial 560 finished with value: 2.1769717399703388 and parameters: {'n_estimators': 875, 'lambda': 9.798844141865915e-08, 'subsample': 0.8449731266343431, 'colsample_bytree': 0.9992505117135093, 'learning_rate': 0.05288591758932393, 'max_depth': 9, 'min_child_weight': 5}. Best is trial 557 with value: 2.2610117988072185.
[I 2026-03-18 22:12:48,800] Trial 563 finished with value: 2.1871470833891404 and parameters: {'n_estimators': 873, 'lambda': 4.9050242200653976e-08, 'subsample': 0.8647206818666354, 'colsample_bytree': 0.9964534141994706, 'learning_rate': 0.057581157428753776, 'max_depth': 6, 'min_child_weight': 5}. Best is trial 557 with value: 2.2610117988072185.
[I 2026-03-18 22:14:18,403] Trial 561 finished with value: 2.2358553944295494 and parameters: {'n_estimators': 872, 'lambda': 4.863040495734111e-08, 'subsample': 0.8691595510874627, 'colsample_bytree': 0.9244425021032082, 'learning_rate': 0.056054450613674575, 'max_depth': 9, 'min_child_weight': 5}. Best is trial 557 with value: 2.2610117988072185.
[I 2026-03-18 22:14:44,034] Trial 562 finished with value: 2.1827684732079637 and parameters: {'n_estimators': 873, 'lambda': 5.468778050909496e-08, 'subsample': 0.8692537849518738, 'colsample_bytree': 0.8801360389582774, 'learning_rate': 0.05811201348853906, 'max_depth': 9, 'min_child_weight': 5}. Best is trial 557 with value: 2.2610117988072185.
[I 2026-03-18 22:15:24,421] Trial 566 finished with value: 2.203873567446033 and parameters: {'n_estimators': 849, 'lambda': 4.6558369741491544e-08, 'subsample': 0.8714554680225941, 'colsample_bytree': 0.8782980396395036, 'learning_rate': 0.08203831210340487, 'max_depth': 6, 'min_child_weight': 5}. Best is trial 557 with value: 2.2610117988072185.
[I 2026-03-18 22:17:37,563] Trial 564 finished with value: 2.17132899839101 and parameters: {'n_estimators': 864, 'lambda': 8.841525785099421e-08, 'subsample': 0.8639509613127497, 'colsample_bytree': 0.9980908497402261, 'learning_rate': 0.05921406978043645, 'max_depth': 9, 'min_child_weight': 5}. Best is trial 557 with value: 2.2610117988072185.
[I 2026-03-18 22:18:08,160] Trial 565 finished with value: 2.173364260318773 and parameters: {'n_estimators': 878, 'lambda': 4.090531104483921e-08, 'subsample': 0.8604140214841847, 'colsample_bytree': 0.9952667811982104, 'learning_rate': 0.059969045002185944, 'max_depth': 9, 'min_child_weight': 5}. Best is trial 557 with value: 2.2610117988072185.
[I 2026-03-18 22:20:12,912] Trial 567 finished with value: 2.0849249748155976 and parameters: {'n_estimators': 851, 'lambda': 2.39008000058018e-08, 'subsample': 0.8679491532579349, 'colsample_bytree': 0.8778641750560597, 'learning_rate': 0.08183793988429626, 'max_depth': 9, 'min_child_weight': 5}. Best is trial 557 with value: 2.2610117988072185.
[I 2026-03-18 22:21:48,564] Trial 568 finished with value: 2.0209769269320823 and parameters: {'n_estimators': 852, 'lambda': 2.5935761362036703e-08, 'subsample': 0.8221097339799339, 'colsample_bytree': 0.9622897303842189, 'learning_rate': 0.08671077503361953, 'max_depth': 9, 'min_child_weight': 5}. Best is trial 557 with value: 2.2610117988072185.
[I 2026-03-18 22:22:16,601] Trial 569 finished with value: 2.046485760082981 and parameters: {'n_estimators': 847, 'lambda': 2.3173146041945424e-08, 'subsample': 0.8246482574974081, 'colsample_bytree': 0.9006293672462399, 'learning_rate': 0.08252578679296212, 'max_depth': 9, 'min_child_weight': 5}. Best is trial 557 with value: 2.2610117988072185.
[I 2026-03-18 22:22:59,763] Trial 570 finished with value: 2.0764364983271966 and parameters: {'n_estimators': 851, 'lambda': 2.6107834077737687e-08, 'subsample': 0.8260954330651953, 'colsample_bytree': 0.9571442670626514, 'learning_rate': 0.07537961772087333, 'max_depth': 9, 'min_child_weight': 5}. Best is trial 557 with value: 2.2610117988072185.
