[I 2026-03-17 12:14:15,103] Using an existing study with name 'qqH_separate_v2' instead of creating a new one.
[I 2026-03-17 12:16:57,306] Trial 56 finished with value: 4.6708023927383495 and parameters: {'n_estimators': 464, 'lambda': 8.384301652057632e-07, 'subsample': 0.2563073536836106, 'colsample_bytree': 0.640882773392158, 'learning_rate': 0.07255936906642663, 'max_depth': 4, 'min_child_weight': 7}. Best is trial 32 with value: 4.821982256942409.
[I 2026-03-17 12:18:15,214] Trial 58 finished with value: 4.648955512560951 and parameters: {'n_estimators': 705, 'lambda': 6.46867862533386e-07, 'subsample': 0.6393882964617402, 'colsample_bytree': 0.6409782788892426, 'learning_rate': 0.06445767649863111, 'max_depth': 4, 'min_child_weight': 7}. Best is trial 32 with value: 4.821982256942409.
[I 2026-03-17 12:18:42,000] Trial 55 finished with value: 4.653515736173889 and parameters: {'n_estimators': 784, 'lambda': 7.832703916642597e-07, 'subsample': 0.25714177160669655, 'colsample_bytree': 0.6528162004252341, 'learning_rate': 0.06898157732385968, 'max_depth': 4, 'min_child_weight': 7}. Best is trial 32 with value: 4.821982256942409.
[I 2026-03-17 12:18:45,099] Trial 54 finished with value: 4.451718254111783 and parameters: {'n_estimators': 798, 'lambda': 4.829451970674786e-06, 'subsample': 0.2696263941225914, 'colsample_bytree': 0.6452689685683266, 'learning_rate': 0.06728506035550734, 'max_depth': 4, 'min_child_weight': 7}. Best is trial 32 with value: 4.821982256942409.
[I 2026-03-17 12:18:47,647] Trial 57 finished with value: 4.6362701854948 and parameters: {'n_estimators': 790, 'lambda': 5.525186962072243e-07, 'subsample': 0.2519761134437401, 'colsample_bytree': 0.6548048706569977, 'learning_rate': 0.07603655172597286, 'max_depth': 4, 'min_child_weight': 7}. Best is trial 32 with value: 4.821982256942409.
[I 2026-03-17 12:18:49,977] Trial 53 finished with value: 4.463634502947172 and parameters: {'n_estimators': 804, 'lambda': 6.427150318025482e-07, 'subsample': 0.261437497298, 'colsample_bytree': 0.6383947795263347, 'learning_rate': 0.062064174716024094, 'max_depth': 4, 'min_child_weight': 7}. Best is trial 32 with value: 4.821982256942409.
[I 2026-03-17 12:20:43,746] Trial 59 finished with value: 4.576550452816651 and parameters: {'n_estimators': 795, 'lambda': 5.0281908999505375e-06, 'subsample': 0.6961523532275617, 'colsample_bytree': 0.34358966166302607, 'learning_rate': 0.49150150362285394, 'max_depth': 3, 'min_child_weight': 8}. Best is trial 32 with value: 4.821982256942409.
[I 2026-03-17 12:22:08,705] Trial 60 finished with value: 4.675235375003472 and parameters: {'n_estimators': 810, 'lambda': 0.9888284283450788, 'subsample': 0.7091898989185424, 'colsample_bytree': 0.5509548645774611, 'learning_rate': 0.18017161129086307, 'max_depth': 3, 'min_child_weight': 8}. Best is trial 32 with value: 4.821982256942409.
[I 2026-03-17 12:22:18,965] Trial 63 finished with value: 4.3794985989862045 and parameters: {'n_estimators': 735, 'lambda': 7.05862640114089e-05, 'subsample': 0.21167965407487743, 'colsample_bytree': 0.5483799389131505, 'learning_rate': 0.1693512094074404, 'max_depth': 3, 'min_child_weight': 6}. Best is trial 32 with value: 4.821982256942409.
[I 2026-03-17 12:22:25,689] Trial 62 finished with value: 4.258739487909704 and parameters: {'n_estimators': 743, 'lambda': 8.190958258053703e-05, 'subsample': 0.2353544498576489, 'colsample_bytree': 0.3340735077135646, 'learning_rate': 0.4315042663222598, 'max_depth': 3, 'min_child_weight': 6}. Best is trial 32 with value: 4.821982256942409.
[I 2026-03-17 12:22:27,888] Trial 61 finished with value: 4.285429448463786 and parameters: {'n_estimators': 892, 'lambda': 4.594401725923242e-06, 'subsample': 0.710939855613419, 'colsample_bytree': 0.5499982500915221, 'learning_rate': 0.4916735820748011, 'max_depth': 3, 'min_child_weight': 6}. Best is trial 32 with value: 4.821982256942409.
[I 2026-03-17 12:22:28,403] Trial 64 finished with value: 0.0 and parameters: {'n_estimators': 731, 'lambda': 5.499524876375076e-05, 'subsample': 0.7119925045989247, 'colsample_bytree': 0.4714207732589014, 'learning_rate': 0.42339804125276476, 'max_depth': 3, 'min_child_weight': 8}. Best is trial 32 with value: 4.821982256942409.
[I 2026-03-17 12:23:11,739] Trial 69 finished with value: 0.0 and parameters: {'n_estimators': 149, 'lambda': 0.00015040100424251846, 'subsample': 0.347574702198782, 'colsample_bytree': 0.26855548401519413, 'learning_rate': 0.21580232683055783, 'max_depth': 3, 'min_child_weight': 5}. Best is trial 32 with value: 4.821982256942409.
[I 2026-03-17 12:23:50,862] Trial 65 finished with value: 4.375379211171968 and parameters: {'n_estimators': 737, 'lambda': 8.454076245624994e-05, 'subsample': 0.21950340895122403, 'colsample_bytree': 0.4760033148753261, 'learning_rate': 0.17425614515838778, 'max_depth': 3, 'min_child_weight': 6}. Best is trial 32 with value: 4.821982256942409.
[I 2026-03-17 12:24:43,029] Trial 70 finished with value: 4.403089397941345 and parameters: {'n_estimators': 469, 'lambda': 2.9394898947567506e-08, 'subsample': 0.3388122208178649, 'colsample_bytree': 0.2687970854680784, 'learning_rate': 0.2382364653637784, 'max_depth': 3, 'min_child_weight': 5}. Best is trial 32 with value: 4.821982256942409.
[I 2026-03-17 12:25:47,573] Trial 66 finished with value: 4.539108245048833 and parameters: {'n_estimators': 732, 'lambda': 5.176998331768389e-05, 'subsample': 0.220297088204841, 'colsample_bytree': 0.4889108960759869, 'learning_rate': 0.21577499715023493, 'max_depth': 3, 'min_child_weight': 6}. Best is trial 32 with value: 4.821982256942409.
[I 2026-03-17 12:26:24,862] Trial 68 finished with value: 4.403268128360197 and parameters: {'n_estimators': 857, 'lambda': 0.09151508388954877, 'subsample': 0.35058683950632696, 'colsample_bytree': 0.4798095410189315, 'learning_rate': 0.31486866817129944, 'max_depth': 3, 'min_child_weight': 6}. Best is trial 32 with value: 4.821982256942409.
[I 2026-03-17 12:26:30,650] Trial 67 finished with value: 4.434307875038176 and parameters: {'n_estimators': 866, 'lambda': 3.365327406295592e-05, 'subsample': 0.5840523228191344, 'colsample_bytree': 0.4602898178949223, 'learning_rate': 0.22804710364885905, 'max_depth': 3, 'min_child_weight': 6}. Best is trial 32 with value: 4.821982256942409.
[I 2026-03-17 12:27:51,028] Trial 72 finished with value: 4.423675039821285 and parameters: {'n_estimators': 856, 'lambda': 0.784964565163551, 'subsample': 0.8250201959088463, 'colsample_bytree': 0.5516674734579505, 'learning_rate': 0.3133824501858301, 'max_depth': 3, 'min_child_weight': 8}. Best is trial 32 with value: 4.821982256942409.
[I 2026-03-17 12:28:47,385] Trial 73 finished with value: 4.577946313235303 and parameters: {'n_estimators': 871, 'lambda': 0.1028791014228319, 'subsample': 0.8208373132546641, 'colsample_bytree': 0.5137779914055919, 'learning_rate': 0.3078875865566697, 'max_depth': 3, 'min_child_weight': 9}. Best is trial 32 with value: 4.821982256942409.
[I 2026-03-17 12:29:47,663] Trial 74 finished with value: 4.803121796025533 and parameters: {'n_estimators': 852, 'lambda': 0.7106751833660157, 'subsample': 0.8489470987142118, 'colsample_bytree': 0.7569139271128054, 'learning_rate': 0.08997897172699548, 'max_depth': 3, 'min_child_weight': 9}. Best is trial 32 with value: 4.821982256942409.
[I 2026-03-17 12:29:53,563] Trial 71 finished with value: 4.554828928833768 and parameters: {'n_estimators': 873, 'lambda': 0.07855195154598879, 'subsample': 0.960900063843579, 'colsample_bytree': 0.45942416644758843, 'learning_rate': 0.09000457579319782, 'max_depth': 6, 'min_child_weight': 5}. Best is trial 32 with value: 4.821982256942409.
[I 2026-03-17 12:30:28,220] Trial 79 finished with value: 4.5996116292953895 and parameters: {'n_estimators': 58, 'lambda': 1.799498244216459e-07, 'subsample': 0.9002586385127631, 'colsample_bytree': 0.7698757235793593, 'learning_rate': 0.0931376395129913, 'max_depth': 7, 'min_child_weight': 9}. Best is trial 32 with value: 4.821982256942409.
[I 2026-03-17 12:30:42,417] Trial 77 finished with value: 4.644181055518158 and parameters: {'n_estimators': 623, 'lambda': 0.4483606458675319, 'subsample': 0.2924598505430769, 'colsample_bytree': 0.5170212290894846, 'learning_rate': 0.09136083500077335, 'max_depth': 3, 'min_child_weight': 4}. Best is trial 32 with value: 4.821982256942409.
[I 2026-03-17 12:31:14,035] Trial 76 finished with value: 4.553334937969119 and parameters: {'n_estimators': 630, 'lambda': 0.43355352918715634, 'subsample': 0.8292546635014066, 'colsample_bytree': 0.7738920329230298, 'learning_rate': 0.09022355936651832, 'max_depth': 6, 'min_child_weight': 9}. Best is trial 32 with value: 4.821982256942409.
[I 2026-03-17 12:34:01,938] Trial 78 finished with value: 4.7397446486112145 and parameters: {'n_estimators': 641, 'lambda': 1.3055002785358362e-07, 'subsample': 0.2898686876432592, 'colsample_bytree': 0.3663638230550672, 'learning_rate': 0.08919934102446431, 'max_depth': 6, 'min_child_weight': 4}. Best is trial 32 with value: 4.821982256942409.
[I 2026-03-17 12:34:01,960] Trial 82 finished with value: 4.889383324752792 and parameters: {'n_estimators': 698, 'lambda': 0.4384712598194541, 'subsample': 0.8505580972903882, 'colsample_bytree': 0.7664026491382845, 'learning_rate': 0.04736198428970562, 'max_depth': 3, 'min_child_weight': 10}. Best is trial 82 with value: 4.889383324752792.
[I 2026-03-17 12:34:02,352] Trial 75 finished with value: 4.5877598097506755 and parameters: {'n_estimators': 853, 'lambda': 0.5436108937490809, 'subsample': 0.863255827668632, 'colsample_bytree': 0.5093155963665505, 'learning_rate': 0.089207795819228, 'max_depth': 7, 'min_child_weight': 9}. Best is trial 82 with value: 4.889383324752792.
[I 2026-03-17 12:34:02,354] Trial 81 finished with value: 0.0 and parameters: {'n_estimators': 620, 'lambda': 0.4373651419124769, 'subsample': 0.28919915255573775, 'colsample_bytree': 0.6872525844213644, 'learning_rate': 0.5554028332491175, 'max_depth': 4, 'min_child_weight': 4}. Best is trial 82 with value: 4.889383324752792.
[I 2026-03-17 12:34:14,861] Trial 83 finished with value: 4.87529967156259 and parameters: {'n_estimators': 706, 'lambda': 0.6985679682189674, 'subsample': 0.7470621020738639, 'colsample_bytree': 0.6917885853055006, 'learning_rate': 0.0530347283606902, 'max_depth': 3, 'min_child_weight': 8}. Best is trial 82 with value: 4.889383324752792.
[I 2026-03-17 12:35:16,302] Trial 80 finished with value: 4.662224998783072 and parameters: {'n_estimators': 616, 'lambda': 2.1763046401477375e-05, 'subsample': 0.8670686208351711, 'colsample_bytree': 0.7772025384156376, 'learning_rate': 0.04506016905047623, 'max_depth': 7, 'min_child_weight': 10}. Best is trial 82 with value: 4.889383324752792.
[I 2026-03-17 12:37:24,759] Trial 88 finished with value: 4.829672284841438 and parameters: {'n_estimators': 681, 'lambda': 0.04486040730889444, 'subsample': 0.7496913404831178, 'colsample_bytree': 0.7151845019306982, 'learning_rate': 0.04318724922155717, 'max_depth': 3, 'min_child_weight': 10}. Best is trial 82 with value: 4.889383324752792.
[I 2026-03-17 12:38:26,349] Trial 89 finished with value: 4.826294922650234 and parameters: {'n_estimators': 684, 'lambda': 0.24677311505436716, 'subsample': 0.9201605766981831, 'colsample_bytree': 0.7202694657507747, 'learning_rate': 0.11689768449636044, 'max_depth': 3, 'min_child_weight': 10}. Best is trial 82 with value: 4.889383324752792.
[I 2026-03-17 12:39:10,428] Trial 87 finished with value: 4.603376655331245 and parameters: {'n_estimators': 677, 'lambda': 5.0737925506278375e-08, 'subsample': 0.9373052254944938, 'colsample_bytree': 0.8380355569088298, 'learning_rate': 0.11655389512414999, 'max_depth': 6, 'min_child_weight': 10}. Best is trial 82 with value: 4.889383324752792.
[I 2026-03-17 12:39:14,962] Trial 86 finished with value: 4.655773859182914 and parameters: {'n_estimators': 684, 'lambda': 5.351017371005267e-08, 'subsample': 0.7450774344993764, 'colsample_bytree': 0.8639407825319978, 'learning_rate': 0.045264788969023466, 'max_depth': 6, 'min_child_weight': 10}. Best is trial 82 with value: 4.889383324752792.
[I 2026-03-17 12:40:40,090] Trial 90 finished with value: 4.621021352427471 and parameters: {'n_estimators': 690, 'lambda': 0.21684843914253818, 'subsample': 0.7480967266111616, 'colsample_bytree': 0.7407282113722158, 'learning_rate': 0.11901878691721648, 'max_depth': 3, 'min_child_weight': 10}. Best is trial 82 with value: 4.889383324752792.
[I 2026-03-17 12:41:38,779] Trial 91 finished with value: 4.7705427560070675 and parameters: {'n_estimators': 688, 'lambda': 0.25981564488606484, 'subsample': 0.9184052142424777, 'colsample_bytree': 0.7139205049638282, 'learning_rate': 0.1186741592785786, 'max_depth': 3, 'min_child_weight': 10}. Best is trial 82 with value: 4.889383324752792.
[I 2026-03-17 12:41:47,690] Trial 84 finished with value: 4.85897075163723 and parameters: {'n_estimators': 679, 'lambda': 7.422160378168955e-08, 'subsample': 0.7452306980552122, 'colsample_bytree': 0.9007793933936934, 'learning_rate': 0.04980637226620308, 'max_depth': 8, 'min_child_weight': 10}. Best is trial 82 with value: 4.889383324752792.
[I 2026-03-17 12:41:55,249] Trial 85 finished with value: 4.592297453894604 and parameters: {'n_estimators': 701, 'lambda': 5.2729370363273354e-08, 'subsample': 0.9237207441258587, 'colsample_bytree': 0.8541413572941742, 'learning_rate': 0.0501038752751168, 'max_depth': 8, 'min_child_weight': 10}. Best is trial 82 with value: 4.889383324752792.
[I 2026-03-17 12:42:25,048] Trial 92 finished with value: 4.900486716062533 and parameters: {'n_estimators': 706, 'lambda': 0.23481422397586105, 'subsample': 0.7476281620342523, 'colsample_bytree': 0.7333250777795103, 'learning_rate': 0.04993488358772063, 'max_depth': 3, 'min_child_weight': 10}. Best is trial 92 with value: 4.900486716062533.
[I 2026-03-17 12:42:25,066] Trial 93 finished with value: 4.898360542940544 and parameters: {'n_estimators': 702, 'lambda': 0.2191339216156353, 'subsample': 0.744924013356654, 'colsample_bytree': 0.7215748911206809, 'learning_rate': 0.05250849280816647, 'max_depth': 3, 'min_child_weight': 10}. Best is trial 92 with value: 4.900486716062533.
[I 2026-03-17 12:43:11,623] Trial 94 finished with value: 4.73832101529838 and parameters: {'n_estimators': 540, 'lambda': 0.045112037771383375, 'subsample': 0.7876017875162937, 'colsample_bytree': 0.7234038072218816, 'learning_rate': 0.15594046398941686, 'max_depth': 3, 'min_child_weight': 9}. Best is trial 92 with value: 4.900486716062533.
[I 2026-03-17 12:44:40,203] Trial 95 finished with value: 4.594910648430137 and parameters: {'n_estimators': 658, 'lambda': 0.14648029781251073, 'subsample': 0.9936342758367442, 'colsample_bytree': 0.7290623386187229, 'learning_rate': 0.15918245613587956, 'max_depth': 3, 'min_child_weight': 10}. Best is trial 92 with value: 4.900486716062533.
[I 2026-03-17 12:46:57,247] Trial 100 finished with value: 4.5070319910914325 and parameters: {'n_estimators': 661, 'lambda': 0.14738284176361371, 'subsample': 0.6538605832161642, 'colsample_bytree': 0.9046183247318128, 'learning_rate': 0.03227619918583, 'max_depth': 4, 'min_child_weight': 10}. Best is trial 92 with value: 4.900486716062533.
[I 2026-03-17 12:49:09,145] Trial 97 finished with value: 4.099945249529094 and parameters: {'n_estimators': 519, 'lambda': 0.05849176852222755, 'subsample': 0.7939999152671849, 'colsample_bytree': 0.7456684046885087, 'learning_rate': 0.16005741529505302, 'max_depth': 9, 'min_child_weight': 9}. Best is trial 92 with value: 4.900486716062533.
[I 2026-03-17 12:50:08,156] Trial 98 finished with value: 4.456381671147916 and parameters: {'n_estimators': 551, 'lambda': 0.13793669406376488, 'subsample': 0.7939866950444515, 'colsample_bytree': 0.8999568697721755, 'learning_rate': 0.14463792598054684, 'max_depth': 9, 'min_child_weight': 9}. Best is trial 92 with value: 4.900486716062533.
[I 2026-03-17 12:51:33,341] Trial 99 finished with value: 4.19416735327809 and parameters: {'n_estimators': 661, 'lambda': 0.04360805748408412, 'subsample': 0.664943510544702, 'colsample_bytree': 0.8944538618952216, 'learning_rate': 0.1581991686185536, 'max_depth': 9, 'min_child_weight': 9}. Best is trial 92 with value: 4.900486716062533.
[I 2026-03-17 12:52:31,515] Trial 103 finished with value: 4.933656705341903 and parameters: {'n_estimators': 713, 'lambda': 0.23501573984333493, 'subsample': 0.8415241317470696, 'colsample_bytree': 0.8037878701314416, 'learning_rate': 0.05769458506749429, 'max_depth': 3, 'min_child_weight': 10}. Best is trial 103 with value: 4.933656705341903.
[I 2026-03-17 12:52:43,503] Trial 96 finished with value: 4.554539467018845 and parameters: {'n_estimators': 772, 'lambda': 0.0359886324516344, 'subsample': 0.7800833680364235, 'colsample_bytree': 0.9358874980290106, 'learning_rate': 0.05254305033616951, 'max_depth': 9, 'min_child_weight': 9}. Best is trial 103 with value: 4.933656705341903.
[I 2026-03-17 12:53:39,405] Trial 104 finished with value: 4.9037777867408145 and parameters: {'n_estimators': 769, 'lambda': 0.32899678639793184, 'subsample': 0.7332886189230712, 'colsample_bytree': 0.8020231575604697, 'learning_rate': 0.05269815299690264, 'max_depth': 3, 'min_child_weight': 10}. Best is trial 103 with value: 4.933656705341903.
[I 2026-03-17 12:54:31,726] Trial 101 finished with value: 4.377430229393731 and parameters: {'n_estimators': 716, 'lambda': 0.04898164013346118, 'subsample': 0.6656395603108521, 'colsample_bytree': 0.8889685530567187, 'learning_rate': 0.14185081599510613, 'max_depth': 9, 'min_child_weight': 10}. Best is trial 103 with value: 4.933656705341903.
[I 2026-03-17 12:55:10,442] Trial 105 finished with value: 4.856981707826517 and parameters: {'n_estimators': 772, 'lambda': 1.0415142064350062e-08, 'subsample': 0.841370671092516, 'colsample_bytree': 0.9475453105493119, 'learning_rate': 0.05434865591181514, 'max_depth': 3, 'min_child_weight': 10}. Best is trial 103 with value: 4.933656705341903.
[I 2026-03-17 12:55:51,071] Trial 106 finished with value: 4.8975180360846995 and parameters: {'n_estimators': 720, 'lambda': 0.23841840953482987, 'subsample': 0.848455191549025, 'colsample_bytree': 0.9689553213858493, 'learning_rate': 0.05593785853246381, 'max_depth': 3, 'min_child_weight': 10}. Best is trial 103 with value: 4.933656705341903.
[I 2026-03-17 12:55:58,381] Trial 107 finished with value: 4.831910796836388 and parameters: {'n_estimators': 718, 'lambda': 0.7435093349139149, 'subsample': 0.8468430100771115, 'colsample_bytree': 0.8024340230935607, 'learning_rate': 0.056695634215353875, 'max_depth': 3, 'min_child_weight': 10}. Best is trial 103 with value: 4.933656705341903.
[I 2026-03-17 12:57:37,331] Trial 108 finished with value: 4.685563062328567 and parameters: {'n_estimators': 722, 'lambda': 0.2333391608289212, 'subsample': 0.7315601253871508, 'colsample_bytree': 0.7991609915356759, 'learning_rate': 0.05582995700294826, 'max_depth': 4, 'min_child_weight': 10}. Best is trial 103 with value: 4.933656705341903.
[I 2026-03-17 12:58:06,535] Trial 102 finished with value: 4.524620369331245 and parameters: {'n_estimators': 770, 'lambda': 0.28863416427025573, 'subsample': 0.8435902327386215, 'colsample_bytree': 0.7494666246996009, 'learning_rate': 0.05487078154687964, 'max_depth': 9, 'min_child_weight': 9}. Best is trial 103 with value: 4.933656705341903.
[I 2026-03-17 12:58:43,770] Trial 110 finished with value: 4.896568200295685 and parameters: {'n_estimators': 770, 'lambda': 1.0561532816779179e-08, 'subsample': 0.7347910511629098, 'colsample_bytree': 0.8015006825439269, 'learning_rate': 0.05557340751863978, 'max_depth': 3, 'min_child_weight': 10}. Best is trial 103 with value: 4.933656705341903.
[I 2026-03-17 12:58:59,228] Trial 109 finished with value: 4.893074550283281 and parameters: {'n_estimators': 828, 'lambda': 0.2719027513937142, 'subsample': 0.7330002311403105, 'colsample_bytree': 0.7983390349390483, 'learning_rate': 0.05671451664904025, 'max_depth': 4, 'min_child_weight': 10}. Best is trial 103 with value: 4.933656705341903.
[I 2026-03-17 12:59:41,346] Trial 112 finished with value: 4.888914931637858 and parameters: {'n_estimators': 826, 'lambda': 0.26705703831387706, 'subsample': 0.8443782336076782, 'colsample_bytree': 0.9927722353841044, 'learning_rate': 0.06190909996948586, 'max_depth': 3, 'min_child_weight': 10}. Best is trial 103 with value: 4.933656705341903.
[I 2026-03-17 13:01:07,125] Trial 113 finished with value: 4.645475586902636 and parameters: {'n_estimators': 760, 'lambda': 0.3178382024060756, 'subsample': 0.76444880529068, 'colsample_bytree': 0.9772612850037313, 'learning_rate': 0.05679724431806061, 'max_depth': 3, 'min_child_weight': 10}. Best is trial 103 with value: 4.933656705341903.
[I 2026-03-17 13:01:31,499] Trial 114 finished with value: 4.951274335763869 and parameters: {'n_estimators': 713, 'lambda': 0.011469177795805592, 'subsample': 0.8888007092551512, 'colsample_bytree': 0.9255769003025861, 'learning_rate': 0.0782878773990151, 'max_depth': 3, 'min_child_weight': 10}. Best is trial 114 with value: 4.951274335763869.
[I 2026-03-17 13:02:39,638] Trial 115 finished with value: 4.608950952746179 and parameters: {'n_estimators': 824, 'lambda': 1.5981870523287587e-08, 'subsample': 0.8048872464611991, 'colsample_bytree': 0.9874407720710543, 'learning_rate': 0.07664865335988244, 'max_depth': 3, 'min_child_weight': 10}. Best is trial 114 with value: 4.951274335763869.
[I 2026-03-17 13:02:51,898] Trial 116 finished with value: 4.756479307182392 and parameters: {'n_estimators': 832, 'lambda': 1.1039129645581424e-08, 'subsample': 0.7337248718884154, 'colsample_bytree': 0.9998954999442148, 'learning_rate': 0.030034939470840155, 'max_depth': 3, 'min_child_weight': 10}. Best is trial 114 with value: 4.951274335763869.
