[I 2026-03-18 14:26:45,611] Trial 131 finished with value: 2.209597794565969 and parameters: {'n_estimators': 604, 'lambda': 2.760623445458531e-06, 'subsample': 0.8216923829662829, 'colsample_bytree': 0.4968110944532103, 'learning_rate': 0.03130283811856935, 'max_depth': 9, 'min_child_weight': 3}. Best is trial 129 with value: 2.2445292326368476.
[I 2026-03-18 14:27:28,802] Trial 133 finished with value: 2.1655041549903364 and parameters: {'n_estimators': 380, 'lambda': 2.6929797843317276e-06, 'subsample': 0.9478195291220252, 'colsample_bytree': 0.6414064423111444, 'learning_rate': 0.030668850483495984, 'max_depth': 9, 'min_child_weight': 3}. Best is trial 132 with value: 2.2492484543020286.
[I 2026-03-18 14:27:28,807] Trial 132 finished with value: 2.2492484543020286 and parameters: {'n_estimators': 574, 'lambda': 2.4559527289298888e-06, 'subsample': 0.8153876629038965, 'colsample_bytree': 0.5776596220602228, 'learning_rate': 0.05891212184840254, 'max_depth': 9, 'min_child_weight': 3}. Best is trial 132 with value: 2.2492484543020286.
[I 2026-03-18 14:30:09,068] Trial 135 finished with value: 2.194842039894196 and parameters: {'n_estimators': 491, 'lambda': 6.76486384728655e-06, 'subsample': 0.8221456413528774, 'colsample_bytree': 0.5378877059545651, 'learning_rate': 0.03207915858480233, 'max_depth': 9, 'min_child_weight': 3}. Best is trial 132 with value: 2.2492484543020286.
[I 2026-03-18 14:30:43,698] Trial 134 finished with value: 2.2043711577665643 and parameters: {'n_estimators': 585, 'lambda': 2.539112190697372e-06, 'subsample': 0.9450931870797467, 'colsample_bytree': 0.5434934547097331, 'learning_rate': 0.032636583858444874, 'max_depth': 9, 'min_child_weight': 3}. Best is trial 132 with value: 2.2492484543020286.
[I 2026-03-18 14:31:25,190] Trial 137 finished with value: 2.246815263287999 and parameters: {'n_estimators': 576, 'lambda': 2.8223288385715167e-06, 'subsample': 0.9610553324714444, 'colsample_bytree': 0.7424652001817503, 'learning_rate': 0.05583241094802113, 'max_depth': 9, 'min_child_weight': 3}. Best is trial 132 with value: 2.2492484543020286.
[I 2026-03-18 14:31:49,302] Trial 142 finished with value: 2.1354707963143142 and parameters: {'n_estimators': 102, 'lambda': 9.959857612026825e-07, 'subsample': 0.9688718663046365, 'colsample_bytree': 0.7423738353597502, 'learning_rate': 0.06396941775920516, 'max_depth': 9, 'min_child_weight': 3}. Best is trial 132 with value: 2.2492484543020286.
[I 2026-03-18 14:32:02,461] Trial 138 finished with value: 2.254628480235008 and parameters: {'n_estimators': 578, 'lambda': 9.49436790547225e-07, 'subsample': 0.8981097556178977, 'colsample_bytree': 0.7443987032825014, 'learning_rate': 0.06009690843861306, 'max_depth': 9, 'min_child_weight': 3}. Best is trial 138 with value: 2.254628480235008.
[I 2026-03-18 14:32:13,205] Trial 139 finished with value: 2.2263307978008555 and parameters: {'n_estimators': 499, 'lambda': 3.007530355367675e-07, 'subsample': 0.9647311638583004, 'colsample_bytree': 0.5382730372061761, 'learning_rate': 0.0571533248543567, 'max_depth': 9, 'min_child_weight': 3}. Best is trial 138 with value: 2.254628480235008.
[I 2026-03-18 14:34:45,827] Trial 140 finished with value: 2.2439968217486186 and parameters: {'n_estimators': 790, 'lambda': 0.00011560244901907571, 'subsample': 0.9531787488414596, 'colsample_bytree': 0.7573225428023503, 'learning_rate': 0.05990103393632646, 'max_depth': 9, 'min_child_weight': 3}. Best is trial 138 with value: 2.254628480235008.
[I 2026-03-18 14:34:57,253] Trial 141 finished with value: 2.2466948302272534 and parameters: {'n_estimators': 499, 'lambda': 2.5956637778749254e-07, 'subsample': 0.956845532852324, 'colsample_bytree': 0.5757795058743027, 'learning_rate': 0.06018579757760967, 'max_depth': 9, 'min_child_weight': 3}. Best is trial 138 with value: 2.254628480235008.
[I 2026-03-18 14:36:39,907] Trial 145 finished with value: 2.1359207428335534 and parameters: {'n_estimators': 503, 'lambda': 9.837010983760095e-07, 'subsample': 0.9584595800231537, 'colsample_bytree': 0.7573910621968098, 'learning_rate': 0.11484330838111959, 'max_depth': 9, 'min_child_weight': 3}. Best is trial 138 with value: 2.254628480235008.
[I 2026-03-18 14:37:14,020] Trial 144 finished with value: 2.2341807048857136 and parameters: {'n_estimators': 580, 'lambda': 0.00012089804177633605, 'subsample': 0.9621944110490112, 'colsample_bytree': 0.521114727175286, 'learning_rate': 0.08205744033420458, 'max_depth': 9, 'min_child_weight': 3}. Best is trial 138 with value: 2.254628480235008.
[I 2026-03-18 14:37:44,617] Trial 143 finished with value: 2.25267108766121 and parameters: {'n_estimators': 693, 'lambda': 0.1101318062312297, 'subsample': 0.9673443275080212, 'colsample_bytree': 0.5736274647057104, 'learning_rate': 0.05964183364122931, 'max_depth': 9, 'min_child_weight': 3}. Best is trial 138 with value: 2.254628480235008.
[I 2026-03-18 14:39:27,064] Trial 146 finished with value: 2.066896349778794 and parameters: {'n_estimators': 792, 'lambda': 0.11251506330742657, 'subsample': 0.7826053913260993, 'colsample_bytree': 0.8126334952381814, 'learning_rate': 0.07667553688060849, 'max_depth': 9, 'min_child_weight': 3}. Best is trial 138 with value: 2.254628480235008.
[I 2026-03-18 14:42:30,854] Trial 148 finished with value: 1.9663498387034712 and parameters: {'n_estimators': 847, 'lambda': 9.513486312135933e-07, 'subsample': 0.9607444423880214, 'colsample_bytree': 0.7665332344702132, 'learning_rate': 0.11624483674479102, 'max_depth': 9, 'min_child_weight': 3}. Best is trial 138 with value: 2.254628480235008.
[I 2026-03-18 14:42:32,974] Trial 147 finished with value: 2.002511973362778 and parameters: {'n_estimators': 854, 'lambda': 0.00011359342879548666, 'subsample': 0.76016872178458, 'colsample_bytree': 0.753186203854255, 'learning_rate': 0.08518413521042185, 'max_depth': 9, 'min_child_weight': 3}. Best is trial 138 with value: 2.254628480235008.
[I 2026-03-18 14:44:12,266] Trial 149 finished with value: 2.11557391904846 and parameters: {'n_estimators': 856, 'lambda': 0.1461329351524764, 'subsample': 0.9845701442710725, 'colsample_bytree': 0.8031270245325934, 'learning_rate': 0.07732106868659143, 'max_depth': 9, 'min_child_weight': 3}. Best is trial 138 with value: 2.254628480235008.
[I 2026-03-18 14:44:16,089] Trial 150 finished with value: 2.150961627951851 and parameters: {'n_estimators': 777, 'lambda': 2.5350511487760365e-07, 'subsample': 0.9874344071946641, 'colsample_bytree': 0.7553481591031043, 'learning_rate': 0.07599863527874937, 'max_depth': 9, 'min_child_weight': 3}. Best is trial 138 with value: 2.254628480235008.
[I 2026-03-18 14:45:24,685] Trial 151 finished with value: 2.1449753482172516 and parameters: {'n_estimators': 865, 'lambda': 0.11254483085968468, 'subsample': 0.9836920562521065, 'colsample_bytree': 0.7656184161724818, 'learning_rate': 0.07536842739267588, 'max_depth': 9, 'min_child_weight': 3}. Best is trial 138 with value: 2.254628480235008.
[I 2026-03-18 14:46:37,873] Trial 154 finished with value: 2.2193959257692244 and parameters: {'n_estimators': 447, 'lambda': 0.2759716415593213, 'subsample': 0.9870101385444421, 'colsample_bytree': 0.7129774638345668, 'learning_rate': 0.057880548520017505, 'max_depth': 9, 'min_child_weight': 4}. Best is trial 138 with value: 2.254628480235008.
[I 2026-03-18 14:47:21,430] Trial 152 finished with value: 2.2210889180275006 and parameters: {'n_estimators': 887, 'lambda': 0.3284561482489071, 'subsample': 0.9894071174723409, 'colsample_bytree': 0.7536672503116296, 'learning_rate': 0.059089975158132454, 'max_depth': 9, 'min_child_weight': 3}. Best is trial 138 with value: 2.254628480235008.
[I 2026-03-18 14:48:49,564] Trial 153 finished with value: 2.243982070749258 and parameters: {'n_estimators': 701, 'lambda': 0.015048786335633458, 'subsample': 0.9926166440709413, 'colsample_bytree': 0.8045096048844597, 'learning_rate': 0.05722518553333884, 'max_depth': 9, 'min_child_weight': 3}. Best is trial 138 with value: 2.254628480235008.
[I 2026-03-18 14:49:30,467] Trial 157 finished with value: 2.2362863111685103 and parameters: {'n_estimators': 444, 'lambda': 0.2254638666580061, 'subsample': 0.9394017100212158, 'colsample_bytree': 0.5774280144312127, 'learning_rate': 0.05935977296150356, 'max_depth': 9, 'min_child_weight': 4}. Best is trial 138 with value: 2.254628480235008.
[I 2026-03-18 14:50:17,917] Trial 155 finished with value: 2.2458693346662066 and parameters: {'n_estimators': 676, 'lambda': 0.23071560551290285, 'subsample': 0.9966734690654495, 'colsample_bytree': 0.7154365868753386, 'learning_rate': 0.0570843314779267, 'max_depth': 9, 'min_child_weight': 4}. Best is trial 138 with value: 2.254628480235008.
[I 2026-03-18 14:50:26,200] Trial 156 finished with value: 2.2538046603105855 and parameters: {'n_estimators': 676, 'lambda': 0.0016863356281308472, 'subsample': 0.9420727980248798, 'colsample_bytree': 0.5724348579282709, 'learning_rate': 0.06015323490526492, 'max_depth': 9, 'min_child_weight': 4}. Best is trial 138 with value: 2.254628480235008.
[I 2026-03-18 14:51:26,027] Trial 158 finished with value: 2.1842358126868557 and parameters: {'n_estimators': 518, 'lambda': 6.82498934479229e-08, 'subsample': 0.9397587477482574, 'colsample_bytree': 0.5712728301595217, 'learning_rate': 0.09623083562660135, 'max_depth': 9, 'min_child_weight': 3}. Best is trial 138 with value: 2.254628480235008.
[I 2026-03-18 14:52:08,448] Trial 159 finished with value: 2.2138521614986715 and parameters: {'n_estimators': 521, 'lambda': 3.612723159434589e-06, 'subsample': 0.9002727302295531, 'colsample_bytree': 0.5777877744655419, 'learning_rate': 0.0916746035941338, 'max_depth': 9, 'min_child_weight': 4}. Best is trial 138 with value: 2.254628480235008.
[I 2026-03-18 14:55:14,234] Trial 160 finished with value: 2.246930423369365 and parameters: {'n_estimators': 698, 'lambda': 0.003156881638021347, 'subsample': 0.9360954560764156, 'colsample_bytree': 0.5704321355347498, 'learning_rate': 0.056407812258057646, 'max_depth': 9, 'min_child_weight': 4}. Best is trial 138 with value: 2.254628480235008.
[I 2026-03-18 14:55:20,907] Trial 161 finished with value: 2.140794454808831 and parameters: {'n_estimators': 685, 'lambda': 0.008915048513572253, 'subsample': 0.9397468351716689, 'colsample_bytree': 0.8372970540194922, 'learning_rate': 0.09663224044112445, 'max_depth': 9, 'min_child_weight': 10}. Best is trial 138 with value: 2.254628480235008.
[I 2026-03-18 14:56:18,095] Trial 162 finished with value: 2.134336979771528 and parameters: {'n_estimators': 685, 'lambda': 0.07007524846312713, 'subsample': 0.9990490164619713, 'colsample_bytree': 0.8614548206024467, 'learning_rate': 0.09876982999139523, 'max_depth': 9, 'min_child_weight': 4}. Best is trial 138 with value: 2.254628480235008.
[I 2026-03-18 14:56:30,846] Trial 163 finished with value: 2.099295890695702 and parameters: {'n_estimators': 697, 'lambda': 0.01597804439298655, 'subsample': 0.998331837466347, 'colsample_bytree': 0.8540173304373844, 'learning_rate': 0.09976576428845163, 'max_depth': 9, 'min_child_weight': 4}. Best is trial 138 with value: 2.254628480235008.
[I 2026-03-18 14:57:34,699] Trial 164 finished with value: 2.2470960437442233 and parameters: {'n_estimators': 689, 'lambda': 0.8468091550317743, 'subsample': 0.9744305036724538, 'colsample_bytree': 0.7328374245369459, 'learning_rate': 0.05566182749967943, 'max_depth': 9, 'min_child_weight': 4}. Best is trial 138 with value: 2.254628480235008.
[I 2026-03-18 14:58:19,478] Trial 165 finished with value: 2.2495100451341052 and parameters: {'n_estimators': 687, 'lambda': 0.003161264008594375, 'subsample': 0.97020244267615, 'colsample_bytree': 0.7025272366398888, 'learning_rate': 0.057286559440446624, 'max_depth': 9, 'min_child_weight': 4}. Best is trial 138 with value: 2.254628480235008.
[I 2026-03-18 15:01:21,730] Trial 167 finished with value: 1.8129709131858656 and parameters: {'n_estimators': 698, 'lambda': 0.0032420280975883177, 'subsample': 0.9675962355654538, 'colsample_bytree': 0.7280758713152956, 'learning_rate': 0.2849756531086983, 'max_depth': 9, 'min_child_weight': 4}. Best is trial 138 with value: 2.254628480235008.
[I 2026-03-18 15:01:29,519] Trial 166 finished with value: 2.240833738830492 and parameters: {'n_estimators': 696, 'lambda': 0.7541051383561781, 'subsample': 0.972848009110722, 'colsample_bytree': 0.7326942378395901, 'learning_rate': 0.05328893068422208, 'max_depth': 9, 'min_child_weight': 4}. Best is trial 138 with value: 2.254628480235008.
[I 2026-03-18 15:02:24,893] Trial 168 finished with value: 2.249846742250932 and parameters: {'n_estimators': 671, 'lambda': 0.0026425704679844146, 'subsample': 0.9707144128920598, 'colsample_bytree': 0.722145962569013, 'learning_rate': 0.057402901719728894, 'max_depth': 9, 'min_child_weight': 4}. Best is trial 138 with value: 2.254628480235008.
[I 2026-03-18 15:02:30,567] Trial 169 finished with value: 0.0 and parameters: {'n_estimators': 674, 'lambda': 0.7037269855439277, 'subsample': 0.9697302971293786, 'colsample_bytree': 0.7337912845670195, 'learning_rate': 0.05339649718706027, 'max_depth': 9, 'min_child_weight': 4}. Best is trial 138 with value: 2.254628480235008.
[I 2026-03-18 15:04:07,720] Trial 170 finished with value: 2.2541187120155515 and parameters: {'n_estimators': 740, 'lambda': 0.6623820265992564, 'subsample': 0.964437854993687, 'colsample_bytree': 0.724315280905764, 'learning_rate': 0.054701521854655426, 'max_depth': 9, 'min_child_weight': 4}. Best is trial 138 with value: 2.254628480235008.
[I 2026-03-18 15:04:56,122] Trial 171 finished with value: 2.2475421322064695 and parameters: {'n_estimators': 748, 'lambda': 0.9645586654985991, 'subsample': 0.9724742553223835, 'colsample_bytree': 0.7314556477879126, 'learning_rate': 0.054233636505591064, 'max_depth': 9, 'min_child_weight': 4}. Best is trial 138 with value: 2.254628480235008.
[I 2026-03-18 15:07:22,665] Trial 172 finished with value: 2.2485287957108167 and parameters: {'n_estimators': 665, 'lambda': 0.4691331085097981, 'subsample': 0.9717290811109633, 'colsample_bytree': 0.7397003952846464, 'learning_rate': 0.0575629380671125, 'max_depth': 9, 'min_child_weight': 4}. Best is trial 138 with value: 2.254628480235008.
[I 2026-03-18 15:07:30,313] Trial 173 finished with value: 2.2509390362039294 and parameters: {'n_estimators': 671, 'lambda': 0.5545672502519247, 'subsample': 0.9533742294867193, 'colsample_bytree': 0.7173059823545168, 'learning_rate': 0.05804739889513716, 'max_depth': 9, 'min_child_weight': 4}. Best is trial 138 with value: 2.254628480235008.
[I 2026-03-18 15:09:17,320] Trial 174 finished with value: 2.2525443645271928 and parameters: {'n_estimators': 749, 'lambda': 0.0012904757035076, 'subsample': 0.952654764352862, 'colsample_bytree': 0.7093907658025619, 'learning_rate': 0.05616158859880263, 'max_depth': 9, 'min_child_weight': 4}. Best is trial 138 with value: 2.254628480235008.
[I 2026-03-18 15:09:19,445] Trial 175 finished with value: 2.253448720471276 and parameters: {'n_estimators': 741, 'lambda': 0.0016934870072867507, 'subsample': 0.9530431958464558, 'colsample_bytree': 0.7032666971180271, 'learning_rate': 0.05572608773593145, 'max_depth': 9, 'min_child_weight': 4}. Best is trial 138 with value: 2.254628480235008.
[I 2026-03-18 15:10:47,372] Trial 176 finished with value: 2.243429743882406 and parameters: {'n_estimators': 742, 'lambda': 0.9536346355660971, 'subsample': 0.948300268881886, 'colsample_bytree': 0.7046527614232021, 'learning_rate': 0.058059299852043854, 'max_depth': 9, 'min_child_weight': 4}. Best is trial 138 with value: 2.254628480235008.
[I 2026-03-18 15:11:30,332] Trial 177 finished with value: 2.2467473328223786 and parameters: {'n_estimators': 741, 'lambda': 0.9088046762967233, 'subsample': 0.9512218880108224, 'colsample_bytree': 0.7146907267963986, 'learning_rate': 0.05652657108168342, 'max_depth': 9, 'min_child_weight': 4}. Best is trial 138 with value: 2.254628480235008.
[I 2026-03-18 15:13:57,267] Trial 178 finished with value: 2.2532341355717693 and parameters: {'n_estimators': 737, 'lambda': 0.4717826692879444, 'subsample': 0.9506821088523958, 'colsample_bytree': 0.7123171827143906, 'learning_rate': 0.05489382899811434, 'max_depth': 9, 'min_child_weight': 4}. Best is trial 138 with value: 2.254628480235008.
[I 2026-03-18 15:14:02,496] Trial 179 finished with value: 2.2504775322638793 and parameters: {'n_estimators': 741, 'lambda': 0.949505404970685, 'subsample': 0.9529982722846057, 'colsample_bytree': 0.7050130939194105, 'learning_rate': 0.05555486030180688, 'max_depth': 9, 'min_child_weight': 4}. Best is trial 138 with value: 2.254628480235008.
[I 2026-03-18 15:15:29,783] Trial 180 finished with value: 1.6978670397064934 and parameters: {'n_estimators': 740, 'lambda': 0.9439500325030667, 'subsample': 0.9448926957721921, 'colsample_bytree': 0.6982261663099572, 'learning_rate': 0.6150139143456573, 'max_depth': 9, 'min_child_weight': 4}. Best is trial 138 with value: 2.254628480235008.
[I 2026-03-18 15:15:37,869] Trial 181 finished with value: 1.7799322227264849 and parameters: {'n_estimators': 747, 'lambda': 0.4738559945381107, 'subsample': 0.9517982733906453, 'colsample_bytree': 0.7003544294518927, 'learning_rate': 0.34147251230404185, 'max_depth': 9, 'min_child_weight': 4}. Best is trial 138 with value: 2.254628480235008.
[I 2026-03-18 15:16:57,224] Trial 185 finished with value: 2.1295369782712084 and parameters: {'n_estimators': 744, 'lambda': 0.5599109520252481, 'subsample': 0.9350033415655307, 'colsample_bytree': 0.6995967017340606, 'learning_rate': 0.04503173868076183, 'max_depth': 5, 'min_child_weight': 4}. Best is trial 138 with value: 2.254628480235008.
[I 2026-03-18 15:17:24,174] Trial 182 finished with value: 2.23819102915078 and parameters: {'n_estimators': 745, 'lambda': 0.5483430626895648, 'subsample': 0.9733112059438486, 'colsample_bytree': 0.7120475584808982, 'learning_rate': 0.04342394029313783, 'max_depth': 9, 'min_child_weight': 4}. Best is trial 138 with value: 2.254628480235008.
[I 2026-03-18 15:18:00,785] Trial 183 finished with value: 2.2397379316483015 and parameters: {'n_estimators': 735, 'lambda': 0.4721686544421235, 'subsample': 0.972941342943329, 'colsample_bytree': 0.7102655022424144, 'learning_rate': 0.04227656898945381, 'max_depth': 9, 'min_child_weight': 4}. Best is trial 138 with value: 2.254628480235008.
[I 2026-03-18 15:20:37,816] Trial 184 finished with value: 2.2446762651484415 and parameters: {'n_estimators': 750, 'lambda': 0.4658244741697182, 'subsample': 0.9325717812629646, 'colsample_bytree': 0.6964746041655715, 'learning_rate': 0.04572777606493739, 'max_depth': 9, 'min_child_weight': 4}. Best is trial 138 with value: 2.254628480235008.
[I 2026-03-18 15:22:21,356] Trial 186 finished with value: 2.245014039287753 and parameters: {'n_estimators': 755, 'lambda': 0.5298143882187061, 'subsample': 0.9293530973341962, 'colsample_bytree': 0.7071801838791698, 'learning_rate': 0.040161302575108845, 'max_depth': 9, 'min_child_weight': 4}. Best is trial 138 with value: 2.254628480235008.
[I 2026-03-18 15:22:24,237] Trial 187 finished with value: 2.244858421107371 and parameters: {'n_estimators': 759, 'lambda': 0.46638325520173307, 'subsample': 0.9732091582672837, 'colsample_bytree': 0.7116065131257665, 'learning_rate': 0.04389903049954298, 'max_depth': 9, 'min_child_weight': 4}. Best is trial 138 with value: 2.254628480235008.
[I 2026-03-18 15:23:31,685] Trial 188 finished with value: 2.235473074430928 and parameters: {'n_estimators': 721, 'lambda': 0.6225832873756292, 'subsample': 0.9730174311870142, 'colsample_bytree': 0.7187303298520431, 'learning_rate': 0.04079240034663149, 'max_depth': 9, 'min_child_weight': 4}. Best is trial 138 with value: 2.254628480235008.
[I 2026-03-18 15:24:12,105] Trial 189 finished with value: 2.2157973261169603 and parameters: {'n_estimators': 764, 'lambda': 0.3395540178648578, 'subsample': 0.9674096962711115, 'colsample_bytree': 0.7196661740126294, 'learning_rate': 0.07402397547193995, 'max_depth': 9, 'min_child_weight': 4}. Best is trial 138 with value: 2.254628480235008.
[I 2026-03-18 15:24:48,713] Trial 190 finished with value: 2.1856993689736446 and parameters: {'n_estimators': 766, 'lambda': 0.32619024334148206, 'subsample': 0.9257055109673341, 'colsample_bytree': 0.7434195424456805, 'learning_rate': 0.07023926263846864, 'max_depth': 9, 'min_child_weight': 4}. Best is trial 138 with value: 2.254628480235008.
[I 2026-03-18 15:27:05,884] Trial 191 finished with value: 2.1689153570115236 and parameters: {'n_estimators': 713, 'lambda': 0.001472870137513039, 'subsample': 0.9059616869490354, 'colsample_bytree': 0.7406824657101447, 'learning_rate': 0.07097873115011682, 'max_depth': 9, 'min_child_weight': 4}. Best is trial 138 with value: 2.254628480235008.
[I 2026-03-18 15:28:50,480] Trial 192 finished with value: 2.202103032686728 and parameters: {'n_estimators': 719, 'lambda': 0.3247811169213207, 'subsample': 0.9603722687040096, 'colsample_bytree': 0.7421345998606692, 'learning_rate': 0.06999823708494649, 'max_depth': 9, 'min_child_weight': 4}. Best is trial 138 with value: 2.254628480235008.
[I 2026-03-18 15:28:52,045] Trial 193 finished with value: 2.254726846350554 and parameters: {'n_estimators': 716, 'lambda': 0.32289586825845795, 'subsample': 0.9675777429417737, 'colsample_bytree': 0.6803736128225376, 'learning_rate': 0.06651355570962823, 'max_depth': 9, 'min_child_weight': 4}. Best is trial 193 with value: 2.254726846350554.
[I 2026-03-18 15:29:47,469] Trial 194 finished with value: 2.2197039630793567 and parameters: {'n_estimators': 711, 'lambda': 0.3111348673065982, 'subsample': 0.9122301120880171, 'colsample_bytree': 0.7456338769015877, 'learning_rate': 0.06989598445080378, 'max_depth': 9, 'min_child_weight': 4}. Best is trial 193 with value: 2.254726846350554.
